[5.258s] Invoking command in '/home/foka/ros2_humble2/src/py_talker': PYTHONPATH=/home/foka/ros2_humble2/build/py_talker/prefix_override:/usr/lib/python3/dist-packages/colcon_core/task/python/colcon_distutils_commands:/home/foka/ros2_humble2/install/py_talker/lib/python3.10/site-packages:${PYTHONPATH} /usr/bin/python3 -W ignore:setup.py install is deprecated -W ignore:easy_install command is deprecated setup.py egg_info --egg-base ../../build/py_talker build --build-base /home/foka/ros2_humble2/build/py_talker/build install --record /home/foka/ros2_humble2/build/py_talker/install.log --single-version-externally-managed install_data
[6.989s] running egg_info
[6.999s] writing ../../build/py_talker/py_talker.egg-info/PKG-INFO
[7.003s] writing dependency_links to ../../build/py_talker/py_talker.egg-info/dependency_links.txt
[7.005s] writing entry points to ../../build/py_talker/py_talker.egg-info/entry_points.txt
[7.008s] writing requirements to ../../build/py_talker/py_talker.egg-info/requires.txt
[7.012s] writing top-level names to ../../build/py_talker/py_talker.egg-info/top_level.txt
[7.026s] reading manifest file '../../build/py_talker/py_talker.egg-info/SOURCES.txt'
[7.031s] writing manifest file '../../build/py_talker/py_talker.egg-info/SOURCES.txt'
[7.033s] running build
[7.034s] running build_py
[7.036s] copying py_talker/talker.py -> /home/foka/ros2_humble2/build/py_talker/build/lib/py_talker
[7.038s] copying py_talker/listener.py -> /home/foka/ros2_humble2/build/py_talker/build/lib/py_talker
[7.040s] running install
[7.041s] running install_lib
[7.045s] copying /home/foka/ros2_humble2/build/py_talker/build/lib/py_talker/talker.py -> /home/foka/ros2_humble2/install/py_talker/lib/python3.10/site-packages/py_talker
[7.047s] copying /home/foka/ros2_humble2/build/py_talker/build/lib/py_talker/listener.py -> /home/foka/ros2_humble2/install/py_talker/lib/python3.10/site-packages/py_talker
[7.054s] byte-compiling /home/foka/ros2_humble2/install/py_talker/lib/python3.10/site-packages/py_talker/talker.py to talker.cpython-310.pyc
[7.057s] byte-compiling /home/foka/ros2_humble2/install/py_talker/lib/python3.10/site-packages/py_talker/listener.py to listener.cpython-310.pyc
[7.060s] running install_data
[7.061s] running install_egg_info
[7.080s] removing '/home/foka/ros2_humble2/install/py_talker/lib/python3.10/site-packages/py_talker-0.0.0-py3.10.egg-info' (and everything under it)
[7.080s] Copying ../../build/py_talker/py_talker.egg-info to /home/foka/ros2_humble2/install/py_talker/lib/python3.10/site-packages/py_talker-0.0.0-py3.10.egg-info
[7.083s] running install_scripts
[7.220s] Installing listener script to /home/foka/ros2_humble2/install/py_talker/lib/py_talker
[7.222s] Installing talker script to /home/foka/ros2_humble2/install/py_talker/lib/py_talker
[7.224s] writing list of installed files to '/home/foka/ros2_humble2/build/py_talker/install.log'
[7.405s] Invoked command in '/home/foka/ros2_humble2/src/py_talker' returned '0': PYTHONPATH=/home/foka/ros2_humble2/build/py_talker/prefix_override:/usr/lib/python3/dist-packages/colcon_core/task/python/colcon_distutils_commands:/home/foka/ros2_humble2/install/py_talker/lib/python3.10/site-packages:${PYTHONPATH} /usr/bin/python3 -W ignore:setup.py install is deprecated -W ignore:easy_install command is deprecated setup.py egg_info --egg-base ../../build/py_talker build --build-base /home/foka/ros2_humble2/build/py_talker/build install --record /home/foka/ros2_humble2/build/py_talker/install.log --single-version-externally-managed install_data
