[3.680s] Invoking command in '/home/foka/ros2_humble2/src/telemetry': PYTHONPATH=/home/foka/ros2_humble2/build/telemetry/prefix_override:/usr/lib/python3/dist-packages/colcon_core/task/python/colcon_distutils_commands:/home/foka/ros2_humble2/install/telemetry/lib/python3.10/site-packages:${PYTHONPATH} /usr/bin/python3 -W ignore:setup.py install is deprecated -W ignore:easy_install command is deprecated setup.py egg_info --egg-base ../../build/telemetry build --build-base /home/foka/ros2_humble2/build/telemetry/build install --record /home/foka/ros2_humble2/build/telemetry/install.log --single-version-externally-managed install_data
[4.896s] running egg_info
[4.899s] writing ../../build/telemetry/telemetry.egg-info/PKG-INFO
[4.900s] writing dependency_links to ../../build/telemetry/telemetry.egg-info/dependency_links.txt
[4.901s] writing entry points to ../../build/telemetry/telemetry.egg-info/entry_points.txt
[4.902s] writing requirements to ../../build/telemetry/telemetry.egg-info/requires.txt
[4.903s] writing top-level names to ../../build/telemetry/telemetry.egg-info/top_level.txt
[4.911s] reading manifest file '../../build/telemetry/telemetry.egg-info/SOURCES.txt'
[4.915s] writing manifest file '../../build/telemetry/telemetry.egg-info/SOURCES.txt'
[4.916s] running build
[4.916s] running build_py
[4.917s] copying telemetry/loraSX1278_driver.py -> /home/foka/ros2_humble2/build/telemetry/build/lib/telemetry
[4.920s] running install
[4.921s] running install_lib
[4.924s] copying /home/foka/ros2_humble2/build/telemetry/build/lib/telemetry/loraSX1278_driver.py -> /home/foka/ros2_humble2/install/telemetry/lib/python3.10/site-packages/telemetry
[4.929s] byte-compiling /home/foka/ros2_humble2/install/telemetry/lib/python3.10/site-packages/telemetry/loraSX1278_driver.py to loraSX1278_driver.cpython-310.pyc
[4.932s] running install_data
[4.933s] running install_egg_info
[4.941s] removing '/home/foka/ros2_humble2/install/telemetry/lib/python3.10/site-packages/telemetry-0.0.0-py3.10.egg-info' (and everything under it)
[4.942s] Copying ../../build/telemetry/telemetry.egg-info to /home/foka/ros2_humble2/install/telemetry/lib/python3.10/site-packages/telemetry-0.0.0-py3.10.egg-info
[4.949s] running install_scripts
[5.038s] Installing telemetry script to /home/foka/ros2_humble2/install/telemetry/lib/telemetry
[5.040s] writing list of installed files to '/home/foka/ros2_humble2/build/telemetry/install.log'
[5.158s] Invoked command in '/home/foka/ros2_humble2/src/telemetry' returned '0': PYTHONPATH=/home/foka/ros2_humble2/build/telemetry/prefix_override:/usr/lib/python3/dist-packages/colcon_core/task/python/colcon_distutils_commands:/home/foka/ros2_humble2/install/telemetry/lib/python3.10/site-packages:${PYTHONPATH} /usr/bin/python3 -W ignore:setup.py install is deprecated -W ignore:easy_install command is deprecated setup.py egg_info --egg-base ../../build/telemetry build --build-base /home/foka/ros2_humble2/build/telemetry/build install --record /home/foka/ros2_humble2/build/telemetry/install.log --single-version-externally-managed install_data
