[1.258s] DEBUG:colcon:Command line arguments: ['/usr/bin/colcon', 'build', '--packages-select', 'sensor_ph']
[1.259s] DEBUG:colcon:Parsed command line arguments: Namespace(log_base=None, log_level=None, verb_name='build', build_base='build', install_base='install', merge_install=False, symlink_install=False, test_result_base=None, continue_on_error=False, executor='parallel', parallel_workers=4, event_handlers=None, ignore_user_meta=False, metas=['./colcon.meta'], base_paths=['.'], packages_ignore=None, packages_ignore_regex=None, paths=None, packages_up_to=None, packages_up_to_regex=None, packages_above=None, packages_above_and_dependencies=None, packages_above_depth=None, packages_select_by_dep=None, packages_skip_by_dep=None, packages_skip_up_to=None, packages_select_build_failed=False, packages_skip_build_finished=False, packages_select_test_failures=False, packages_skip_test_passed=False, packages_select=['sensor_ph'], packages_skip=None, packages_select_regex=None, packages_skip_regex=None, packages_start=None, packages_end=None, allow_overriding=[], cmake_args=None, cmake_target=None, cmake_target_skip_unavailable=False, cmake_clean_cache=False, cmake_clean_first=False, cmake_force_configure=False, ament_cmake_args=None, catkin_cmake_args=None, catkin_skip_building_tests=False, verb_parser=<colcon_defaults.argument_parser.defaults.DefaultArgumentsDecorator object at 0xffffb835ad40>, verb_extension=<colcon_core.verb.build.BuildVerb object at 0xffffb8518bb0>, main=<bound method BuildVerb.main of <colcon_core.verb.build.BuildVerb object at 0xffffb8518bb0>>)
[3.683s] Level 1:colcon.colcon_core.package_discovery:discover_packages(colcon_meta) check parameters
[3.684s] Level 1:colcon.colcon_core.package_discovery:discover_packages(recursive) check parameters
[3.684s] Level 1:colcon.colcon_core.package_discovery:discover_packages(ignore) check parameters
[3.685s] Level 1:colcon.colcon_core.package_discovery:discover_packages(path) check parameters
[3.685s] Level 1:colcon.colcon_core.package_discovery:discover_packages(colcon_meta) discover
[3.686s] Level 1:colcon.colcon_core.package_discovery:discover_packages(recursive) discover
[3.686s] INFO:colcon.colcon_core.package_discovery:Crawling recursively for packages in '/home/foka/ros2_humble2'
[3.689s] Level 1:colcon.colcon_core.package_identification:_identify(.) by extensions ['ignore', 'ignore_ament_install']
[3.689s] Level 1:colcon.colcon_core.package_identification:_identify(.) by extension 'ignore'
[3.690s] Level 1:colcon.colcon_core.package_identification:_identify(.) by extension 'ignore_ament_install'
[3.691s] Level 1:colcon.colcon_core.package_identification:_identify(.) by extensions ['colcon_pkg']
[3.691s] Level 1:colcon.colcon_core.package_identification:_identify(.) by extension 'colcon_pkg'
[3.692s] Level 1:colcon.colcon_core.package_identification:_identify(.) by extensions ['colcon_meta']
[3.692s] Level 1:colcon.colcon_core.package_identification:_identify(.) by extension 'colcon_meta'
[3.693s] Level 1:colcon.colcon_core.package_identification:_identify(.) by extensions ['ros']
[3.693s] Level 1:colcon.colcon_core.package_identification:_identify(.) by extension 'ros'
[3.818s] Level 1:colcon.colcon_core.package_identification:_identify(.) by extensions ['cmake', 'python']
[3.819s] Level 1:colcon.colcon_core.package_identification:_identify(.) by extension 'cmake'
[3.820s] Level 1:colcon.colcon_core.package_identification:_identify(.) by extension 'python'
[3.820s] Level 1:colcon.colcon_core.package_identification:_identify(.) by extensions ['python_setup_py']
[3.820s] Level 1:colcon.colcon_core.package_identification:_identify(.) by extension 'python_setup_py'
[3.822s] Level 1:colcon.colcon_core.package_identification:_identify(build) by extensions ['ignore', 'ignore_ament_install']
[3.823s] Level 1:colcon.colcon_core.package_identification:_identify(build) by extension 'ignore'
[3.824s] Level 1:colcon.colcon_core.package_identification:_identify(build) ignored
[3.826s] Level 1:colcon.colcon_core.package_identification:_identify(data) by extensions ['ignore', 'ignore_ament_install']
[3.827s] Level 1:colcon.colcon_core.package_identification:_identify(data) by extension 'ignore'
[3.827s] Level 1:colcon.colcon_core.package_identification:_identify(data) by extension 'ignore_ament_install'
[3.828s] Level 1:colcon.colcon_core.package_identification:_identify(data) by extensions ['colcon_pkg']
[3.828s] Level 1:colcon.colcon_core.package_identification:_identify(data) by extension 'colcon_pkg'
[3.829s] Level 1:colcon.colcon_core.package_identification:_identify(data) by extensions ['colcon_meta']
[3.829s] Level 1:colcon.colcon_core.package_identification:_identify(data) by extension 'colcon_meta'
[3.830s] Level 1:colcon.colcon_core.package_identification:_identify(data) by extensions ['ros']
[3.830s] Level 1:colcon.colcon_core.package_identification:_identify(data) by extension 'ros'
[3.831s] Level 1:colcon.colcon_core.package_identification:_identify(data) by extensions ['cmake', 'python']
[3.831s] Level 1:colcon.colcon_core.package_identification:_identify(data) by extension 'cmake'
[3.832s] Level 1:colcon.colcon_core.package_identification:_identify(data) by extension 'python'
[3.832s] Level 1:colcon.colcon_core.package_identification:_identify(data) by extensions ['python_setup_py']
[3.833s] Level 1:colcon.colcon_core.package_identification:_identify(data) by extension 'python_setup_py'
[3.835s] Level 1:colcon.colcon_core.package_identification:_identify(install) by extensions ['ignore', 'ignore_ament_install']
[3.836s] Level 1:colcon.colcon_core.package_identification:_identify(install) by extension 'ignore'
[3.836s] Level 1:colcon.colcon_core.package_identification:_identify(install) ignored
[3.842s] Level 1:colcon.colcon_core.package_identification:_identify(log) by extensions ['ignore', 'ignore_ament_install']
[3.843s] Level 1:colcon.colcon_core.package_identification:_identify(log) by extension 'ignore'
[3.844s] Level 1:colcon.colcon_core.package_identification:_identify(log) ignored
[3.845s] Level 1:colcon.colcon_core.package_identification:_identify(src) by extensions ['ignore', 'ignore_ament_install']
[3.846s] Level 1:colcon.colcon_core.package_identification:_identify(src) by extension 'ignore'
[3.847s] Level 1:colcon.colcon_core.package_identification:_identify(src) by extension 'ignore_ament_install'
[3.848s] Level 1:colcon.colcon_core.package_identification:_identify(src) by extensions ['colcon_pkg']
[3.848s] Level 1:colcon.colcon_core.package_identification:_identify(src) by extension 'colcon_pkg'
[3.848s] Level 1:colcon.colcon_core.package_identification:_identify(src) by extensions ['colcon_meta']
[3.849s] Level 1:colcon.colcon_core.package_identification:_identify(src) by extension 'colcon_meta'
[3.849s] Level 1:colcon.colcon_core.package_identification:_identify(src) by extensions ['ros']
[3.850s] Level 1:colcon.colcon_core.package_identification:_identify(src) by extension 'ros'
[3.851s] Level 1:colcon.colcon_core.package_identification:_identify(src) by extensions ['cmake', 'python']
[3.851s] Level 1:colcon.colcon_core.package_identification:_identify(src) by extension 'cmake'
[3.852s] Level 1:colcon.colcon_core.package_identification:_identify(src) by extension 'python'
[3.852s] Level 1:colcon.colcon_core.package_identification:_identify(src) by extensions ['python_setup_py']
[3.853s] Level 1:colcon.colcon_core.package_identification:_identify(src) by extension 'python_setup_py'
[3.854s] Level 1:colcon.colcon_core.package_identification:_identify(src/aggregator) by extensions ['ignore', 'ignore_ament_install']
[3.855s] Level 1:colcon.colcon_core.package_identification:_identify(src/aggregator) by extension 'ignore'
[3.855s] Level 1:colcon.colcon_core.package_identification:_identify(src/aggregator) by extension 'ignore_ament_install'
[3.856s] Level 1:colcon.colcon_core.package_identification:_identify(src/aggregator) by extensions ['colcon_pkg']
[3.856s] Level 1:colcon.colcon_core.package_identification:_identify(src/aggregator) by extension 'colcon_pkg'
[3.857s] Level 1:colcon.colcon_core.package_identification:_identify(src/aggregator) by extensions ['colcon_meta']
[3.857s] Level 1:colcon.colcon_core.package_identification:_identify(src/aggregator) by extension 'colcon_meta'
[3.858s] Level 1:colcon.colcon_core.package_identification:_identify(src/aggregator) by extensions ['ros']
[3.858s] Level 1:colcon.colcon_core.package_identification:_identify(src/aggregator) by extension 'ros'
[3.879s] DEBUG:colcon.colcon_core.package_identification:Package 'src/aggregator' with type 'ros.ament_python' and name 'aggregator'
[3.881s] Level 1:colcon.colcon_core.package_identification:_identify(src/autopilot) by extensions ['ignore', 'ignore_ament_install']
[3.882s] Level 1:colcon.colcon_core.package_identification:_identify(src/autopilot) by extension 'ignore'
[3.883s] Level 1:colcon.colcon_core.package_identification:_identify(src/autopilot) by extension 'ignore_ament_install'
[3.883s] Level 1:colcon.colcon_core.package_identification:_identify(src/autopilot) by extensions ['colcon_pkg']
[3.884s] Level 1:colcon.colcon_core.package_identification:_identify(src/autopilot) by extension 'colcon_pkg'
[3.884s] Level 1:colcon.colcon_core.package_identification:_identify(src/autopilot) by extensions ['colcon_meta']
[3.885s] Level 1:colcon.colcon_core.package_identification:_identify(src/autopilot) by extension 'colcon_meta'
[3.885s] Level 1:colcon.colcon_core.package_identification:_identify(src/autopilot) by extensions ['ros']
[3.886s] Level 1:colcon.colcon_core.package_identification:_identify(src/autopilot) by extension 'ros'
[3.891s] DEBUG:colcon.colcon_core.package_identification:Package 'src/autopilot' with type 'ros.ament_python' and name 'autopilot'
[3.892s] Level 1:colcon.colcon_core.package_identification:_identify(src/msg_interfaces) by extensions ['ignore', 'ignore_ament_install']
[3.893s] Level 1:colcon.colcon_core.package_identification:_identify(src/msg_interfaces) by extension 'ignore'
[3.894s] Level 1:colcon.colcon_core.package_identification:_identify(src/msg_interfaces) by extension 'ignore_ament_install'
[3.895s] Level 1:colcon.colcon_core.package_identification:_identify(src/msg_interfaces) by extensions ['colcon_pkg']
[3.895s] Level 1:colcon.colcon_core.package_identification:_identify(src/msg_interfaces) by extension 'colcon_pkg'
[3.896s] Level 1:colcon.colcon_core.package_identification:_identify(src/msg_interfaces) by extensions ['colcon_meta']
[3.896s] Level 1:colcon.colcon_core.package_identification:_identify(src/msg_interfaces) by extension 'colcon_meta'
[3.897s] Level 1:colcon.colcon_core.package_identification:_identify(src/msg_interfaces) by extensions ['ros']
[3.897s] Level 1:colcon.colcon_core.package_identification:_identify(src/msg_interfaces) by extension 'ros'
[3.904s] DEBUG:colcon.colcon_core.package_identification:Package 'src/msg_interfaces' with type 'ros.ament_cmake' and name 'msg_interfaces'
[3.905s] Level 1:colcon.colcon_core.package_identification:_identify(src/saver) by extensions ['ignore', 'ignore_ament_install']
[3.906s] Level 1:colcon.colcon_core.package_identification:_identify(src/saver) by extension 'ignore'
[3.907s] Level 1:colcon.colcon_core.package_identification:_identify(src/saver) by extension 'ignore_ament_install'
[3.908s] Level 1:colcon.colcon_core.package_identification:_identify(src/saver) by extensions ['colcon_pkg']
[3.908s] Level 1:colcon.colcon_core.package_identification:_identify(src/saver) by extension 'colcon_pkg'
[3.908s] Level 1:colcon.colcon_core.package_identification:_identify(src/saver) by extensions ['colcon_meta']
[3.909s] Level 1:colcon.colcon_core.package_identification:_identify(src/saver) by extension 'colcon_meta'
[3.909s] Level 1:colcon.colcon_core.package_identification:_identify(src/saver) by extensions ['ros']
[3.910s] Level 1:colcon.colcon_core.package_identification:_identify(src/saver) by extension 'ros'
[3.915s] DEBUG:colcon.colcon_core.package_identification:Package 'src/saver' with type 'ros.ament_python' and name 'saver'
[3.916s] Level 1:colcon.colcon_core.package_identification:_identify(src/sensor_current) by extensions ['ignore', 'ignore_ament_install']
[3.917s] Level 1:colcon.colcon_core.package_identification:_identify(src/sensor_current) by extension 'ignore'
[3.918s] Level 1:colcon.colcon_core.package_identification:_identify(src/sensor_current) by extension 'ignore_ament_install'
[3.919s] Level 1:colcon.colcon_core.package_identification:_identify(src/sensor_current) by extensions ['colcon_pkg']
[3.919s] Level 1:colcon.colcon_core.package_identification:_identify(src/sensor_current) by extension 'colcon_pkg'
[3.920s] Level 1:colcon.colcon_core.package_identification:_identify(src/sensor_current) by extensions ['colcon_meta']
[3.920s] Level 1:colcon.colcon_core.package_identification:_identify(src/sensor_current) by extension 'colcon_meta'
[3.921s] Level 1:colcon.colcon_core.package_identification:_identify(src/sensor_current) by extensions ['ros']
[3.921s] Level 1:colcon.colcon_core.package_identification:_identify(src/sensor_current) by extension 'ros'
[3.927s] DEBUG:colcon.colcon_core.package_identification:Package 'src/sensor_current' with type 'ros.ament_python' and name 'sensor_current'
[3.928s] Level 1:colcon.colcon_core.package_identification:_identify(src/sensor_depth) by extensions ['ignore', 'ignore_ament_install']
[3.929s] Level 1:colcon.colcon_core.package_identification:_identify(src/sensor_depth) by extension 'ignore'
[3.930s] Level 1:colcon.colcon_core.package_identification:_identify(src/sensor_depth) by extension 'ignore_ament_install'
[3.930s] Level 1:colcon.colcon_core.package_identification:_identify(src/sensor_depth) by extensions ['colcon_pkg']
[3.931s] Level 1:colcon.colcon_core.package_identification:_identify(src/sensor_depth) by extension 'colcon_pkg'
[3.931s] Level 1:colcon.colcon_core.package_identification:_identify(src/sensor_depth) by extensions ['colcon_meta']
[3.932s] Level 1:colcon.colcon_core.package_identification:_identify(src/sensor_depth) by extension 'colcon_meta'
[3.932s] Level 1:colcon.colcon_core.package_identification:_identify(src/sensor_depth) by extensions ['ros']
[3.933s] Level 1:colcon.colcon_core.package_identification:_identify(src/sensor_depth) by extension 'ros'
[3.938s] DEBUG:colcon.colcon_core.package_identification:Package 'src/sensor_depth' with type 'ros.ament_python' and name 'sensor_depth'
[3.939s] Level 1:colcon.colcon_core.package_identification:_identify(src/sensor_gps) by extensions ['ignore', 'ignore_ament_install']
[3.940s] Level 1:colcon.colcon_core.package_identification:_identify(src/sensor_gps) by extension 'ignore'
[3.941s] Level 1:colcon.colcon_core.package_identification:_identify(src/sensor_gps) by extension 'ignore_ament_install'
[3.942s] Level 1:colcon.colcon_core.package_identification:_identify(src/sensor_gps) by extensions ['colcon_pkg']
[3.942s] Level 1:colcon.colcon_core.package_identification:_identify(src/sensor_gps) by extension 'colcon_pkg'
[3.942s] Level 1:colcon.colcon_core.package_identification:_identify(src/sensor_gps) by extensions ['colcon_meta']
[3.943s] Level 1:colcon.colcon_core.package_identification:_identify(src/sensor_gps) by extension 'colcon_meta'
[3.943s] Level 1:colcon.colcon_core.package_identification:_identify(src/sensor_gps) by extensions ['ros']
[3.944s] Level 1:colcon.colcon_core.package_identification:_identify(src/sensor_gps) by extension 'ros'
[3.949s] DEBUG:colcon.colcon_core.package_identification:Package 'src/sensor_gps' with type 'ros.ament_python' and name 'sensor_gps'
[3.950s] Level 1:colcon.colcon_core.package_identification:_identify(src/sensor_imu_mag) by extensions ['ignore', 'ignore_ament_install']
[3.951s] Level 1:colcon.colcon_core.package_identification:_identify(src/sensor_imu_mag) by extension 'ignore'
[3.952s] Level 1:colcon.colcon_core.package_identification:_identify(src/sensor_imu_mag) by extension 'ignore_ament_install'
[3.953s] Level 1:colcon.colcon_core.package_identification:_identify(src/sensor_imu_mag) by extensions ['colcon_pkg']
[3.953s] Level 1:colcon.colcon_core.package_identification:_identify(src/sensor_imu_mag) by extension 'colcon_pkg'
[3.953s] Level 1:colcon.colcon_core.package_identification:_identify(src/sensor_imu_mag) by extensions ['colcon_meta']
[3.954s] Level 1:colcon.colcon_core.package_identification:_identify(src/sensor_imu_mag) by extension 'colcon_meta'
[3.955s] Level 1:colcon.colcon_core.package_identification:_identify(src/sensor_imu_mag) by extensions ['ros']
[3.955s] Level 1:colcon.colcon_core.package_identification:_identify(src/sensor_imu_mag) by extension 'ros'
[3.960s] DEBUG:colcon.colcon_core.package_identification:Package 'src/sensor_imu_mag' with type 'ros.ament_python' and name 'sensor_imu_mag'
[3.961s] Level 1:colcon.colcon_core.package_identification:_identify(src/sensor_ph) by extensions ['ignore', 'ignore_ament_install']
[3.962s] Level 1:colcon.colcon_core.package_identification:_identify(src/sensor_ph) by extension 'ignore'
[3.963s] Level 1:colcon.colcon_core.package_identification:_identify(src/sensor_ph) by extension 'ignore_ament_install'
[3.964s] Level 1:colcon.colcon_core.package_identification:_identify(src/sensor_ph) by extensions ['colcon_pkg']
[3.964s] Level 1:colcon.colcon_core.package_identification:_identify(src/sensor_ph) by extension 'colcon_pkg'
[3.965s] Level 1:colcon.colcon_core.package_identification:_identify(src/sensor_ph) by extensions ['colcon_meta']
[3.965s] Level 1:colcon.colcon_core.package_identification:_identify(src/sensor_ph) by extension 'colcon_meta'
[3.966s] Level 1:colcon.colcon_core.package_identification:_identify(src/sensor_ph) by extensions ['ros']
[3.966s] Level 1:colcon.colcon_core.package_identification:_identify(src/sensor_ph) by extension 'ros'
[3.971s] DEBUG:colcon.colcon_core.package_identification:Package 'src/sensor_ph' with type 'ros.ament_python' and name 'sensor_ph'
[3.973s] Level 1:colcon.colcon_core.package_identification:_identify(src/sensor_tds) by extensions ['ignore', 'ignore_ament_install']
[3.974s] Level 1:colcon.colcon_core.package_identification:_identify(src/sensor_tds) by extension 'ignore'
[3.974s] Level 1:colcon.colcon_core.package_identification:_identify(src/sensor_tds) by extension 'ignore_ament_install'
[3.975s] Level 1:colcon.colcon_core.package_identification:_identify(src/sensor_tds) by extensions ['colcon_pkg']
[3.975s] Level 1:colcon.colcon_core.package_identification:_identify(src/sensor_tds) by extension 'colcon_pkg'
[3.976s] Level 1:colcon.colcon_core.package_identification:_identify(src/sensor_tds) by extensions ['colcon_meta']
[3.976s] Level 1:colcon.colcon_core.package_identification:_identify(src/sensor_tds) by extension 'colcon_meta'
[3.977s] Level 1:colcon.colcon_core.package_identification:_identify(src/sensor_tds) by extensions ['ros']
[3.977s] Level 1:colcon.colcon_core.package_identification:_identify(src/sensor_tds) by extension 'ros'
[3.985s] DEBUG:colcon.colcon_core.package_identification:Package 'src/sensor_tds' with type 'ros.ament_python' and name 'sensor_tds'
[3.986s] Level 1:colcon.colcon_core.package_identification:_identify(src/sensor_thermometer) by extensions ['ignore', 'ignore_ament_install']
[3.987s] Level 1:colcon.colcon_core.package_identification:_identify(src/sensor_thermometer) by extension 'ignore'
[3.988s] Level 1:colcon.colcon_core.package_identification:_identify(src/sensor_thermometer) by extension 'ignore_ament_install'
[3.989s] Level 1:colcon.colcon_core.package_identification:_identify(src/sensor_thermometer) by extensions ['colcon_pkg']
[3.989s] Level 1:colcon.colcon_core.package_identification:_identify(src/sensor_thermometer) by extension 'colcon_pkg'
[3.990s] Level 1:colcon.colcon_core.package_identification:_identify(src/sensor_thermometer) by extensions ['colcon_meta']
[3.990s] Level 1:colcon.colcon_core.package_identification:_identify(src/sensor_thermometer) by extension 'colcon_meta'
[3.991s] Level 1:colcon.colcon_core.package_identification:_identify(src/sensor_thermometer) by extensions ['ros']
[3.991s] Level 1:colcon.colcon_core.package_identification:_identify(src/sensor_thermometer) by extension 'ros'
[3.996s] DEBUG:colcon.colcon_core.package_identification:Package 'src/sensor_thermometer' with type 'ros.ament_python' and name 'sensor_thermometer'
[3.998s] Level 1:colcon.colcon_core.package_identification:_identify(src/sensor_turbidity) by extensions ['ignore', 'ignore_ament_install']
[3.999s] Level 1:colcon.colcon_core.package_identification:_identify(src/sensor_turbidity) by extension 'ignore'
[3.999s] Level 1:colcon.colcon_core.package_identification:_identify(src/sensor_turbidity) by extension 'ignore_ament_install'
[4.000s] Level 1:colcon.colcon_core.package_identification:_identify(src/sensor_turbidity) by extensions ['colcon_pkg']
[4.000s] Level 1:colcon.colcon_core.package_identification:_identify(src/sensor_turbidity) by extension 'colcon_pkg'
[4.001s] Level 1:colcon.colcon_core.package_identification:_identify(src/sensor_turbidity) by extensions ['colcon_meta']
[4.001s] Level 1:colcon.colcon_core.package_identification:_identify(src/sensor_turbidity) by extension 'colcon_meta'
[4.002s] Level 1:colcon.colcon_core.package_identification:_identify(src/sensor_turbidity) by extensions ['ros']
[4.002s] Level 1:colcon.colcon_core.package_identification:_identify(src/sensor_turbidity) by extension 'ros'
[4.009s] DEBUG:colcon.colcon_core.package_identification:Package 'src/sensor_turbidity' with type 'ros.ament_python' and name 'sensor_turbidity'
[4.010s] Level 1:colcon.colcon_core.package_identification:_identify(src/sensor_voltage) by extensions ['ignore', 'ignore_ament_install']
[4.011s] Level 1:colcon.colcon_core.package_identification:_identify(src/sensor_voltage) by extension 'ignore'
[4.012s] Level 1:colcon.colcon_core.package_identification:_identify(src/sensor_voltage) by extension 'ignore_ament_install'
[4.013s] Level 1:colcon.colcon_core.package_identification:_identify(src/sensor_voltage) by extensions ['colcon_pkg']
[4.013s] Level 1:colcon.colcon_core.package_identification:_identify(src/sensor_voltage) by extension 'colcon_pkg'
[4.014s] Level 1:colcon.colcon_core.package_identification:_identify(src/sensor_voltage) by extensions ['colcon_meta']
[4.014s] Level 1:colcon.colcon_core.package_identification:_identify(src/sensor_voltage) by extension 'colcon_meta'
[4.015s] Level 1:colcon.colcon_core.package_identification:_identify(src/sensor_voltage) by extensions ['ros']
[4.015s] Level 1:colcon.colcon_core.package_identification:_identify(src/sensor_voltage) by extension 'ros'
[4.022s] DEBUG:colcon.colcon_core.package_identification:Package 'src/sensor_voltage' with type 'ros.ament_python' and name 'sensor_voltage'
[4.024s] Level 1:colcon.colcon_core.package_identification:_identify(src/system_launcher) by extensions ['ignore', 'ignore_ament_install']
[4.024s] Level 1:colcon.colcon_core.package_identification:_identify(src/system_launcher) by extension 'ignore'
[4.025s] Level 1:colcon.colcon_core.package_identification:_identify(src/system_launcher) by extension 'ignore_ament_install'
[4.026s] Level 1:colcon.colcon_core.package_identification:_identify(src/system_launcher) by extensions ['colcon_pkg']
[4.026s] Level 1:colcon.colcon_core.package_identification:_identify(src/system_launcher) by extension 'colcon_pkg'
[4.027s] Level 1:colcon.colcon_core.package_identification:_identify(src/system_launcher) by extensions ['colcon_meta']
[4.027s] Level 1:colcon.colcon_core.package_identification:_identify(src/system_launcher) by extension 'colcon_meta'
[4.028s] Level 1:colcon.colcon_core.package_identification:_identify(src/system_launcher) by extensions ['ros']
[4.028s] Level 1:colcon.colcon_core.package_identification:_identify(src/system_launcher) by extension 'ros'
[4.033s] DEBUG:colcon.colcon_core.package_identification:Package 'src/system_launcher' with type 'ros.ament_python' and name 'system_launcher'
[4.035s] Level 1:colcon.colcon_core.package_identification:_identify(src/telemetry) by extensions ['ignore', 'ignore_ament_install']
[4.036s] Level 1:colcon.colcon_core.package_identification:_identify(src/telemetry) by extension 'ignore'
[4.036s] Level 1:colcon.colcon_core.package_identification:_identify(src/telemetry) by extension 'ignore_ament_install'
[4.037s] Level 1:colcon.colcon_core.package_identification:_identify(src/telemetry) by extensions ['colcon_pkg']
[4.037s] Level 1:colcon.colcon_core.package_identification:_identify(src/telemetry) by extension 'colcon_pkg'
[4.038s] Level 1:colcon.colcon_core.package_identification:_identify(src/telemetry) by extensions ['colcon_meta']
[4.038s] Level 1:colcon.colcon_core.package_identification:_identify(src/telemetry) by extension 'colcon_meta'
[4.039s] Level 1:colcon.colcon_core.package_identification:_identify(src/telemetry) by extensions ['ros']
[4.039s] Level 1:colcon.colcon_core.package_identification:_identify(src/telemetry) by extension 'ros'
[4.045s] DEBUG:colcon.colcon_core.package_identification:Package 'src/telemetry' with type 'ros.ament_python' and name 'telemetry'
[4.046s] Level 1:colcon.colcon_core.package_identification:_identify(src/thruster_driver) by extensions ['ignore', 'ignore_ament_install']
[4.047s] Level 1:colcon.colcon_core.package_identification:_identify(src/thruster_driver) by extension 'ignore'
[4.048s] Level 1:colcon.colcon_core.package_identification:_identify(src/thruster_driver) by extension 'ignore_ament_install'
[4.048s] Level 1:colcon.colcon_core.package_identification:_identify(src/thruster_driver) by extensions ['colcon_pkg']
[4.049s] Level 1:colcon.colcon_core.package_identification:_identify(src/thruster_driver) by extension 'colcon_pkg'
[4.049s] Level 1:colcon.colcon_core.package_identification:_identify(src/thruster_driver) by extensions ['colcon_meta']
[4.050s] Level 1:colcon.colcon_core.package_identification:_identify(src/thruster_driver) by extension 'colcon_meta'
[4.050s] Level 1:colcon.colcon_core.package_identification:_identify(src/thruster_driver) by extensions ['ros']
[4.051s] Level 1:colcon.colcon_core.package_identification:_identify(src/thruster_driver) by extension 'ros'
[4.056s] DEBUG:colcon.colcon_core.package_identification:Package 'src/thruster_driver' with type 'ros.ament_python' and name 'thruster_driver'
[4.056s] Level 1:colcon.colcon_core.package_discovery:discover_packages(recursive) using defaults
[4.057s] Level 1:colcon.colcon_core.package_discovery:discover_packages(ignore) discover
[4.057s] Level 1:colcon.colcon_core.package_discovery:discover_packages(ignore) using defaults
[4.058s] Level 1:colcon.colcon_core.package_discovery:discover_packages(path) discover
[4.058s] Level 1:colcon.colcon_core.package_discovery:discover_packages(path) using defaults
[4.395s] INFO:colcon.colcon_core.package_selection:Skipping not selected package 'aggregator' in 'src/aggregator'
[4.395s] INFO:colcon.colcon_core.package_selection:Skipping not selected package 'autopilot' in 'src/autopilot'
[4.399s] INFO:colcon.colcon_core.package_selection:Skipping not selected package 'msg_interfaces' in 'src/msg_interfaces'
[4.399s] INFO:colcon.colcon_core.package_selection:Skipping not selected package 'saver' in 'src/saver'
[4.400s] INFO:colcon.colcon_core.package_selection:Skipping not selected package 'sensor_current' in 'src/sensor_current'
[4.400s] INFO:colcon.colcon_core.package_selection:Skipping not selected package 'sensor_depth' in 'src/sensor_depth'
[4.400s] INFO:colcon.colcon_core.package_selection:Skipping not selected package 'sensor_gps' in 'src/sensor_gps'
[4.401s] INFO:colcon.colcon_core.package_selection:Skipping not selected package 'sensor_imu_mag' in 'src/sensor_imu_mag'
[4.401s] INFO:colcon.colcon_core.package_selection:Skipping not selected package 'sensor_thermometer' in 'src/sensor_thermometer'
[4.401s] INFO:colcon.colcon_core.package_selection:Skipping not selected package 'system_launcher' in 'src/system_launcher'
[4.402s] INFO:colcon.colcon_core.package_selection:Skipping not selected package 'telemetry' in 'src/telemetry'
[4.402s] INFO:colcon.colcon_core.package_selection:Skipping not selected package 'thruster_driver' in 'src/thruster_driver'
[4.402s] INFO:colcon.colcon_core.package_selection:Skipping not selected package 'sensor_tds' in 'src/sensor_tds'
[4.403s] INFO:colcon.colcon_core.package_selection:Skipping not selected package 'sensor_turbidity' in 'src/sensor_turbidity'
[4.403s] INFO:colcon.colcon_core.package_selection:Skipping not selected package 'sensor_voltage' in 'src/sensor_voltage'
[4.407s] Level 1:colcon.colcon_core.package_discovery:discover_packages(prefix_path) check parameters
[4.408s] Level 1:colcon.colcon_core.package_discovery:discover_packages(prefix_path) discover
[4.447s] DEBUG:colcon.colcon_installed_package_information.package_discovery:Found 16 installed packages in /home/foka/ros2_humble2/install
[4.466s] DEBUG:colcon.colcon_installed_package_information.package_discovery:Found 181 installed packages in /opt/ros/humble
[4.478s] Level 1:colcon.colcon_core.package_discovery:discover_packages(prefix_path) using defaults
[4.803s] Level 5:colcon.colcon_core.verb:set package 'sensor_ph' build argument 'cmake_args' from command line to 'None'
[4.803s] Level 5:colcon.colcon_core.verb:set package 'sensor_ph' build argument 'cmake_target' from command line to 'None'
[4.804s] Level 5:colcon.colcon_core.verb:set package 'sensor_ph' build argument 'cmake_target_skip_unavailable' from command line to 'False'
[4.804s] Level 5:colcon.colcon_core.verb:set package 'sensor_ph' build argument 'cmake_clean_cache' from command line to 'False'
[4.804s] Level 5:colcon.colcon_core.verb:set package 'sensor_ph' build argument 'cmake_clean_first' from command line to 'False'
[4.805s] Level 5:colcon.colcon_core.verb:set package 'sensor_ph' build argument 'cmake_force_configure' from command line to 'False'
[4.805s] Level 5:colcon.colcon_core.verb:set package 'sensor_ph' build argument 'ament_cmake_args' from command line to 'None'
[4.805s] Level 5:colcon.colcon_core.verb:set package 'sensor_ph' build argument 'catkin_cmake_args' from command line to 'None'
[4.805s] Level 5:colcon.colcon_core.verb:set package 'sensor_ph' build argument 'catkin_skip_building_tests' from command line to 'False'
[4.806s] DEBUG:colcon.colcon_core.verb:Building package 'sensor_ph' with the following arguments: {'ament_cmake_args': None, 'build_base': '/home/foka/ros2_humble2/build/sensor_ph', 'catkin_cmake_args': None, 'catkin_skip_building_tests': False, 'cmake_args': None, 'cmake_clean_cache': False, 'cmake_clean_first': False, 'cmake_force_configure': False, 'cmake_target': None, 'cmake_target_skip_unavailable': False, 'install_base': '/home/foka/ros2_humble2/install/sensor_ph', 'merge_install': False, 'path': '/home/foka/ros2_humble2/src/sensor_ph', 'symlink_install': False, 'test_result_base': None}
[4.807s] INFO:colcon.colcon_core.executor:Executing jobs using 'parallel' executor
[4.815s] DEBUG:colcon.colcon_parallel_executor.executor.parallel:run_until_complete
[4.816s] INFO:colcon.colcon_ros.task.ament_python.build:Building ROS package in '/home/foka/ros2_humble2/src/sensor_ph' with build type 'ament_python'
[4.818s] Level 1:colcon.colcon_core.shell:create_environment_hook('sensor_ph', 'ament_prefix_path')
[4.853s] INFO:colcon.colcon_core.plugin_system:Skipping extension 'colcon_core.shell.bat': Not used on non-Windows systems
[4.856s] INFO:colcon.colcon_core.shell:Creating environment hook '/home/foka/ros2_humble2/install/sensor_ph/share/sensor_ph/hook/ament_prefix_path.ps1'
[4.862s] INFO:colcon.colcon_core.shell:Creating environment descriptor '/home/foka/ros2_humble2/install/sensor_ph/share/sensor_ph/hook/ament_prefix_path.dsv'
[4.869s] INFO:colcon.colcon_core.shell:Creating environment hook '/home/foka/ros2_humble2/install/sensor_ph/share/sensor_ph/hook/ament_prefix_path.sh'
[4.878s] INFO:colcon.colcon_core.shell:Skip shell extension 'powershell' for command environment: Not usable outside of PowerShell
[4.878s] DEBUG:colcon.colcon_core.shell:Skip shell extension 'dsv' for command environment
[8.582s] INFO:colcon.colcon_core.task.python.build:Building Python package in '/home/foka/ros2_humble2/src/sensor_ph'
[8.584s] INFO:colcon.colcon_core.shell:Skip shell extension 'powershell' for command environment: Not usable outside of PowerShell
[8.585s] DEBUG:colcon.colcon_core.shell:Skip shell extension 'dsv' for command environment
[13.675s] DEBUG:colcon.colcon_core.event_handler.log_command:Invoking command in '/home/foka/ros2_humble2/build/sensor_ph': AMENT_PREFIX_PATH=/home/foka/ros2_humble2/install/system_launcher:/home/foka/ros2_humble2/install/thruster_driver:/home/foka/ros2_humble2/install/telemetry:/home/foka/ros2_humble2/install/sensor_voltage:/home/foka/ros2_humble2/install/sensor_turbidity:/home/foka/ros2_humble2/install/sensor_tds:/home/foka/ros2_humble2/install/sensor_ph:/home/foka/ros2_humble2/install/sensor_thermometer:/home/foka/ros2_humble2/install/sensor_imu_mag:/home/foka/ros2_humble2/install/sensor_gps:/home/foka/ros2_humble2/install/sensor_depth:/home/foka/ros2_humble2/install/sensor_current:/home/foka/ros2_humble2/install/saver:/home/foka/ros2_humble2/install/msg_interfaces:/home/foka/ros2_humble2/install/autopilot:/home/foka/ros2_humble2/install/aggregator:/opt/ros/humble PYTHONPATH=/home/foka/ros2_humble2/build/sensor_ph/prefix_override:/usr/lib/python3/dist-packages/colcon_core/task/python/colcon_distutils_commands:/home/foka/ros2_humble2/install/sensor_ph/lib/python3.10/site-packages:/home/foka/ros2_humble2/install/system_launcher/lib/python3.10/site-packages:/home/foka/ros2_humble2/install/thruster_driver/lib/python3.10/site-packages:/home/foka/ros2_humble2/build/telemetry:/home/foka/ros2_humble2/install/telemetry/lib/python3.10/site-packages:/home/foka/ros2_humble2/install/sensor_voltage/lib/python3.10/site-packages:/home/foka/ros2_humble2/build/sensor_turbidity:/home/foka/ros2_humble2/install/sensor_turbidity/lib/python3.10/site-packages:/home/foka/ros2_humble2/install/sensor_tds/lib/python3.10/site-packages:/home/foka/ros2_humble2/build/sensor_ph:/home/foka/ros2_humble2/install/sensor_ph/lib/python3.10/site-packages:/home/foka/ros2_humble2/build/sensor_thermometer:/home/foka/ros2_humble2/install/sensor_thermometer/lib/python3.10/site-packages:/home/foka/ros2_humble2/install/sensor_imu_mag/lib/python3.10/site-packages:/home/foka/ros2_humble2/install/sensor_gps/lib/python3.10/site-packages:/home/foka/ros2_humble2/build/sensor_depth:/home/foka/ros2_humble2/install/sensor_depth/lib/python3.10/site-packages:/home/foka/ros2_humble2/install/sensor_current/lib/python3.10/site-packages:/home/foka/ros2_humble2/install/saver/lib/python3.10/site-packages:/home/foka/ros2_humble2/install/msg_interfaces/local/lib/python3.10/dist-packages:/home/foka/ros2_humble2/install/autopilot/lib/python3.10/site-packages:/home/foka/ros2_humble2/install/aggregator/lib/python3.10/site-packages:/opt/ros/humble/lib/python3.10/site-packages:/opt/ros/humble/local/lib/python3.10/dist-packages /usr/bin/python3 -W ignore:setup.py install is deprecated -W ignore:easy_install command is deprecated setup.py develop --uninstall --editable --build-directory /home/foka/ros2_humble2/build/sensor_ph/build
[19.749s] DEBUG:colcon.colcon_core.event_handler.log_command:Invoked command in '/home/foka/ros2_humble2/build/sensor_ph' returned '0': AMENT_PREFIX_PATH=/home/foka/ros2_humble2/install/system_launcher:/home/foka/ros2_humble2/install/thruster_driver:/home/foka/ros2_humble2/install/telemetry:/home/foka/ros2_humble2/install/sensor_voltage:/home/foka/ros2_humble2/install/sensor_turbidity:/home/foka/ros2_humble2/install/sensor_tds:/home/foka/ros2_humble2/install/sensor_ph:/home/foka/ros2_humble2/install/sensor_thermometer:/home/foka/ros2_humble2/install/sensor_imu_mag:/home/foka/ros2_humble2/install/sensor_gps:/home/foka/ros2_humble2/install/sensor_depth:/home/foka/ros2_humble2/install/sensor_current:/home/foka/ros2_humble2/install/saver:/home/foka/ros2_humble2/install/msg_interfaces:/home/foka/ros2_humble2/install/autopilot:/home/foka/ros2_humble2/install/aggregator:/opt/ros/humble PYTHONPATH=/home/foka/ros2_humble2/build/sensor_ph/prefix_override:/usr/lib/python3/dist-packages/colcon_core/task/python/colcon_distutils_commands:/home/foka/ros2_humble2/install/sensor_ph/lib/python3.10/site-packages:/home/foka/ros2_humble2/install/system_launcher/lib/python3.10/site-packages:/home/foka/ros2_humble2/install/thruster_driver/lib/python3.10/site-packages:/home/foka/ros2_humble2/build/telemetry:/home/foka/ros2_humble2/install/telemetry/lib/python3.10/site-packages:/home/foka/ros2_humble2/install/sensor_voltage/lib/python3.10/site-packages:/home/foka/ros2_humble2/build/sensor_turbidity:/home/foka/ros2_humble2/install/sensor_turbidity/lib/python3.10/site-packages:/home/foka/ros2_humble2/install/sensor_tds/lib/python3.10/site-packages:/home/foka/ros2_humble2/build/sensor_ph:/home/foka/ros2_humble2/install/sensor_ph/lib/python3.10/site-packages:/home/foka/ros2_humble2/build/sensor_thermometer:/home/foka/ros2_humble2/install/sensor_thermometer/lib/python3.10/site-packages:/home/foka/ros2_humble2/install/sensor_imu_mag/lib/python3.10/site-packages:/home/foka/ros2_humble2/install/sensor_gps/lib/python3.10/site-packages:/home/foka/ros2_humble2/build/sensor_depth:/home/foka/ros2_humble2/install/sensor_depth/lib/python3.10/site-packages:/home/foka/ros2_humble2/install/sensor_current/lib/python3.10/site-packages:/home/foka/ros2_humble2/install/saver/lib/python3.10/site-packages:/home/foka/ros2_humble2/install/msg_interfaces/local/lib/python3.10/dist-packages:/home/foka/ros2_humble2/install/autopilot/lib/python3.10/site-packages:/home/foka/ros2_humble2/install/aggregator/lib/python3.10/site-packages:/opt/ros/humble/lib/python3.10/site-packages:/opt/ros/humble/local/lib/python3.10/dist-packages /usr/bin/python3 -W ignore:setup.py install is deprecated -W ignore:easy_install command is deprecated setup.py develop --uninstall --editable --build-directory /home/foka/ros2_humble2/build/sensor_ph/build
[19.773s] DEBUG:colcon.colcon_core.event_handler.log_command:Invoking command in '/home/foka/ros2_humble2/src/sensor_ph': AMENT_PREFIX_PATH=/home/foka/ros2_humble2/install/system_launcher:/home/foka/ros2_humble2/install/thruster_driver:/home/foka/ros2_humble2/install/telemetry:/home/foka/ros2_humble2/install/sensor_voltage:/home/foka/ros2_humble2/install/sensor_turbidity:/home/foka/ros2_humble2/install/sensor_tds:/home/foka/ros2_humble2/install/sensor_ph:/home/foka/ros2_humble2/install/sensor_thermometer:/home/foka/ros2_humble2/install/sensor_imu_mag:/home/foka/ros2_humble2/install/sensor_gps:/home/foka/ros2_humble2/install/sensor_depth:/home/foka/ros2_humble2/install/sensor_current:/home/foka/ros2_humble2/install/saver:/home/foka/ros2_humble2/install/msg_interfaces:/home/foka/ros2_humble2/install/autopilot:/home/foka/ros2_humble2/install/aggregator:/opt/ros/humble PYTHONPATH=/home/foka/ros2_humble2/build/sensor_ph/prefix_override:/usr/lib/python3/dist-packages/colcon_core/task/python/colcon_distutils_commands:/home/foka/ros2_humble2/install/sensor_ph/lib/python3.10/site-packages:/home/foka/ros2_humble2/install/system_launcher/lib/python3.10/site-packages:/home/foka/ros2_humble2/install/thruster_driver/lib/python3.10/site-packages:/home/foka/ros2_humble2/build/telemetry:/home/foka/ros2_humble2/install/telemetry/lib/python3.10/site-packages:/home/foka/ros2_humble2/install/sensor_voltage/lib/python3.10/site-packages:/home/foka/ros2_humble2/build/sensor_turbidity:/home/foka/ros2_humble2/install/sensor_turbidity/lib/python3.10/site-packages:/home/foka/ros2_humble2/install/sensor_tds/lib/python3.10/site-packages:/home/foka/ros2_humble2/build/sensor_ph:/home/foka/ros2_humble2/install/sensor_ph/lib/python3.10/site-packages:/home/foka/ros2_humble2/build/sensor_thermometer:/home/foka/ros2_humble2/install/sensor_thermometer/lib/python3.10/site-packages:/home/foka/ros2_humble2/install/sensor_imu_mag/lib/python3.10/site-packages:/home/foka/ros2_humble2/install/sensor_gps/lib/python3.10/site-packages:/home/foka/ros2_humble2/build/sensor_depth:/home/foka/ros2_humble2/install/sensor_depth/lib/python3.10/site-packages:/home/foka/ros2_humble2/install/sensor_current/lib/python3.10/site-packages:/home/foka/ros2_humble2/install/saver/lib/python3.10/site-packages:/home/foka/ros2_humble2/install/msg_interfaces/local/lib/python3.10/dist-packages:/home/foka/ros2_humble2/install/autopilot/lib/python3.10/site-packages:/home/foka/ros2_humble2/install/aggregator/lib/python3.10/site-packages:/opt/ros/humble/lib/python3.10/site-packages:/opt/ros/humble/local/lib/python3.10/dist-packages /usr/bin/python3 -W ignore:setup.py install is deprecated -W ignore:easy_install command is deprecated setup.py egg_info --egg-base ../../build/sensor_ph build --build-base /home/foka/ros2_humble2/build/sensor_ph/build install --record /home/foka/ros2_humble2/build/sensor_ph/install.log --single-version-externally-managed install_data --force
[24.176s] DEBUG:colcon.colcon_core.event_handler.log_command:Invoked command in '/home/foka/ros2_humble2/src/sensor_ph' returned '0': AMENT_PREFIX_PATH=/home/foka/ros2_humble2/install/system_launcher:/home/foka/ros2_humble2/install/thruster_driver:/home/foka/ros2_humble2/install/telemetry:/home/foka/ros2_humble2/install/sensor_voltage:/home/foka/ros2_humble2/install/sensor_turbidity:/home/foka/ros2_humble2/install/sensor_tds:/home/foka/ros2_humble2/install/sensor_ph:/home/foka/ros2_humble2/install/sensor_thermometer:/home/foka/ros2_humble2/install/sensor_imu_mag:/home/foka/ros2_humble2/install/sensor_gps:/home/foka/ros2_humble2/install/sensor_depth:/home/foka/ros2_humble2/install/sensor_current:/home/foka/ros2_humble2/install/saver:/home/foka/ros2_humble2/install/msg_interfaces:/home/foka/ros2_humble2/install/autopilot:/home/foka/ros2_humble2/install/aggregator:/opt/ros/humble PYTHONPATH=/home/foka/ros2_humble2/build/sensor_ph/prefix_override:/usr/lib/python3/dist-packages/colcon_core/task/python/colcon_distutils_commands:/home/foka/ros2_humble2/install/sensor_ph/lib/python3.10/site-packages:/home/foka/ros2_humble2/install/system_launcher/lib/python3.10/site-packages:/home/foka/ros2_humble2/install/thruster_driver/lib/python3.10/site-packages:/home/foka/ros2_humble2/build/telemetry:/home/foka/ros2_humble2/install/telemetry/lib/python3.10/site-packages:/home/foka/ros2_humble2/install/sensor_voltage/lib/python3.10/site-packages:/home/foka/ros2_humble2/build/sensor_turbidity:/home/foka/ros2_humble2/install/sensor_turbidity/lib/python3.10/site-packages:/home/foka/ros2_humble2/install/sensor_tds/lib/python3.10/site-packages:/home/foka/ros2_humble2/build/sensor_ph:/home/foka/ros2_humble2/install/sensor_ph/lib/python3.10/site-packages:/home/foka/ros2_humble2/build/sensor_thermometer:/home/foka/ros2_humble2/install/sensor_thermometer/lib/python3.10/site-packages:/home/foka/ros2_humble2/install/sensor_imu_mag/lib/python3.10/site-packages:/home/foka/ros2_humble2/install/sensor_gps/lib/python3.10/site-packages:/home/foka/ros2_humble2/build/sensor_depth:/home/foka/ros2_humble2/install/sensor_depth/lib/python3.10/site-packages:/home/foka/ros2_humble2/install/sensor_current/lib/python3.10/site-packages:/home/foka/ros2_humble2/install/saver/lib/python3.10/site-packages:/home/foka/ros2_humble2/install/msg_interfaces/local/lib/python3.10/dist-packages:/home/foka/ros2_humble2/install/autopilot/lib/python3.10/site-packages:/home/foka/ros2_humble2/install/aggregator/lib/python3.10/site-packages:/opt/ros/humble/lib/python3.10/site-packages:/opt/ros/humble/local/lib/python3.10/dist-packages /usr/bin/python3 -W ignore:setup.py install is deprecated -W ignore:easy_install command is deprecated setup.py egg_info --egg-base ../../build/sensor_ph build --build-base /home/foka/ros2_humble2/build/sensor_ph/build install --record /home/foka/ros2_humble2/build/sensor_ph/install.log --single-version-externally-managed install_data --force
[24.213s] Level 1:colcon.colcon_core.environment:checking '/home/foka/ros2_humble2/install/sensor_ph' for CMake module files
[24.227s] Level 1:colcon.colcon_core.environment:checking '/home/foka/ros2_humble2/install/sensor_ph' for CMake config files
[24.239s] Level 1:colcon.colcon_core.environment:checking '/home/foka/ros2_humble2/install/sensor_ph/lib'
[24.241s] Level 1:colcon.colcon_core.environment:checking '/home/foka/ros2_humble2/install/sensor_ph/bin'
[24.242s] Level 1:colcon.colcon_core.environment:checking '/home/foka/ros2_humble2/install/sensor_ph/lib/pkgconfig/sensor_ph.pc'
[24.248s] Level 1:colcon.colcon_core.environment:checking '/home/foka/ros2_humble2/install/sensor_ph/lib/python3.10/site-packages'
[24.249s] Level 1:colcon.colcon_core.shell:create_environment_hook('sensor_ph', 'pythonpath')
[24.251s] INFO:colcon.colcon_core.shell:Creating environment hook '/home/foka/ros2_humble2/install/sensor_ph/share/sensor_ph/hook/pythonpath.ps1'
[24.257s] INFO:colcon.colcon_core.shell:Creating environment descriptor '/home/foka/ros2_humble2/install/sensor_ph/share/sensor_ph/hook/pythonpath.dsv'
[24.262s] INFO:colcon.colcon_core.shell:Creating environment hook '/home/foka/ros2_humble2/install/sensor_ph/share/sensor_ph/hook/pythonpath.sh'
[24.270s] Level 1:colcon.colcon_core.environment:checking '/home/foka/ros2_humble2/install/sensor_ph/bin'
[24.271s] Level 1:colcon.colcon_core.environment:create_environment_scripts_only(sensor_ph)
[24.275s] INFO:colcon.colcon_core.shell:Creating package script '/home/foka/ros2_humble2/install/sensor_ph/share/sensor_ph/package.ps1'
[24.289s] INFO:colcon.colcon_core.shell:Creating package descriptor '/home/foka/ros2_humble2/install/sensor_ph/share/sensor_ph/package.dsv'
[24.301s] INFO:colcon.colcon_core.shell:Creating package script '/home/foka/ros2_humble2/install/sensor_ph/share/sensor_ph/package.sh'
[24.315s] INFO:colcon.colcon_core.shell:Creating package script '/home/foka/ros2_humble2/install/sensor_ph/share/sensor_ph/package.bash'
[24.332s] INFO:colcon.colcon_core.shell:Creating package script '/home/foka/ros2_humble2/install/sensor_ph/share/sensor_ph/package.zsh'
[24.346s] Level 1:colcon.colcon_core.environment:create_file_with_runtime_dependencies(/home/foka/ros2_humble2/install/sensor_ph/share/colcon-core/packages/sensor_ph)
[24.360s] DEBUG:colcon.colcon_parallel_executor.executor.parallel:closing loop
[24.362s] DEBUG:colcon.colcon_parallel_executor.executor.parallel:loop closed
[24.365s] DEBUG:colcon.colcon_parallel_executor.executor.parallel:run_until_complete finished with '0'
[24.366s] DEBUG:colcon.colcon_core.event_reactor:joining thread
[24.432s] INFO:colcon.colcon_core.plugin_system:Skipping extension 'colcon_notification.desktop_notification.notify_send': Could not find 'notify-send'
[24.433s] INFO:colcon.colcon_core.plugin_system:Skipping extension 'colcon_notification.desktop_notification.terminal_notifier': Not used on non-Darwin systems
[24.435s] INFO:colcon.colcon_core.plugin_system:Skipping extension 'colcon_notification.desktop_notification.win32': Not used on non-Windows systems
[24.435s] INFO:colcon.colcon_notification.desktop_notification:Sending desktop notification using 'notify2'
[24.444s] DEBUG:colcon.colcon_notification.desktop_notification.notify2:Failed to initialize notify2: org.freedesktop.DBus.Error.ServiceUnknown: The name org.freedesktop.Notifications was not provided by any .service files
[24.445s] DEBUG:colcon.colcon_core.event_reactor:joined thread
[24.447s] INFO:colcon.colcon_core.shell:Creating prefix script '/home/foka/ros2_humble2/install/local_setup.ps1'
[24.458s] INFO:colcon.colcon_core.shell:Creating prefix util module '/home/foka/ros2_humble2/install/_local_setup_util_ps1.py'
[24.475s] INFO:colcon.colcon_core.shell:Creating prefix chain script '/home/foka/ros2_humble2/install/setup.ps1'
[24.504s] INFO:colcon.colcon_core.shell:Creating prefix script '/home/foka/ros2_humble2/install/local_setup.sh'
[24.511s] INFO:colcon.colcon_core.shell:Creating prefix util module '/home/foka/ros2_humble2/install/_local_setup_util_sh.py'
[24.519s] INFO:colcon.colcon_core.shell:Creating prefix chain script '/home/foka/ros2_humble2/install/setup.sh'
[24.544s] INFO:colcon.colcon_core.shell:Creating prefix script '/home/foka/ros2_humble2/install/local_setup.bash'
[24.551s] INFO:colcon.colcon_core.shell:Creating prefix chain script '/home/foka/ros2_humble2/install/setup.bash'
[24.575s] INFO:colcon.colcon_core.shell:Creating prefix script '/home/foka/ros2_humble2/install/local_setup.zsh'
[24.584s] INFO:colcon.colcon_core.shell:Creating prefix chain script '/home/foka/ros2_humble2/install/setup.zsh'
