[1.349s] DEBUG:colcon:Command line arguments: ['/usr/bin/colcon', 'build', '--packages-select', 'autopilot']
[1.349s] DEBUG:colcon:Parsed command line arguments: Namespace(log_base=None, log_level=None, verb_name='build', build_base='build', install_base='install', merge_install=False, symlink_install=False, test_result_base=None, continue_on_error=False, executor='parallel', parallel_workers=4, event_handlers=None, ignore_user_meta=False, metas=['./colcon.meta'], base_paths=['.'], packages_ignore=None, packages_ignore_regex=None, paths=None, packages_up_to=None, packages_up_to_regex=None, packages_above=None, packages_above_and_dependencies=None, packages_above_depth=None, packages_select_by_dep=None, packages_skip_by_dep=None, packages_skip_up_to=None, packages_select_build_failed=False, packages_skip_build_finished=False, packages_select_test_failures=False, packages_skip_test_passed=False, packages_select=['autopilot'], packages_skip=None, packages_select_regex=None, packages_skip_regex=None, packages_start=None, packages_end=None, allow_overriding=[], cmake_args=None, cmake_target=None, cmake_target_skip_unavailable=False, cmake_clean_cache=False, cmake_clean_first=False, cmake_force_configure=False, ament_cmake_args=None, catkin_cmake_args=None, catkin_skip_building_tests=False, verb_parser=<colcon_defaults.argument_parser.defaults.DefaultArgumentsDecorator object at 0xffff95726c80>, verb_extension=<colcon_core.verb.build.BuildVerb object at 0xffff958e4af0>, main=<bound method BuildVerb.main of <colcon_core.verb.build.BuildVerb object at 0xffff958e4af0>>)
[3.826s] Level 1:colcon.colcon_core.package_discovery:discover_packages(colcon_meta) check parameters
[3.827s] Level 1:colcon.colcon_core.package_discovery:discover_packages(recursive) check parameters
[3.827s] Level 1:colcon.colcon_core.package_discovery:discover_packages(ignore) check parameters
[3.828s] Level 1:colcon.colcon_core.package_discovery:discover_packages(path) check parameters
[3.828s] Level 1:colcon.colcon_core.package_discovery:discover_packages(colcon_meta) discover
[3.829s] Level 1:colcon.colcon_core.package_discovery:discover_packages(recursive) discover
[3.829s] INFO:colcon.colcon_core.package_discovery:Crawling recursively for packages in '/home/foka/ros2_humble2'
[3.832s] Level 1:colcon.colcon_core.package_identification:_identify(.) by extensions ['ignore', 'ignore_ament_install']
[3.833s] Level 1:colcon.colcon_core.package_identification:_identify(.) by extension 'ignore'
[3.833s] Level 1:colcon.colcon_core.package_identification:_identify(.) by extension 'ignore_ament_install'
[3.834s] Level 1:colcon.colcon_core.package_identification:_identify(.) by extensions ['colcon_pkg']
[3.834s] Level 1:colcon.colcon_core.package_identification:_identify(.) by extension 'colcon_pkg'
[3.835s] Level 1:colcon.colcon_core.package_identification:_identify(.) by extensions ['colcon_meta']
[3.835s] Level 1:colcon.colcon_core.package_identification:_identify(.) by extension 'colcon_meta'
[3.836s] Level 1:colcon.colcon_core.package_identification:_identify(.) by extensions ['ros']
[3.836s] Level 1:colcon.colcon_core.package_identification:_identify(.) by extension 'ros'
[3.962s] Level 1:colcon.colcon_core.package_identification:_identify(.) by extensions ['cmake', 'python']
[3.963s] Level 1:colcon.colcon_core.package_identification:_identify(.) by extension 'cmake'
[3.963s] Level 1:colcon.colcon_core.package_identification:_identify(.) by extension 'python'
[3.964s] Level 1:colcon.colcon_core.package_identification:_identify(.) by extensions ['python_setup_py']
[3.964s] Level 1:colcon.colcon_core.package_identification:_identify(.) by extension 'python_setup_py'
[3.966s] Level 1:colcon.colcon_core.package_identification:_identify(build) by extensions ['ignore', 'ignore_ament_install']
[3.967s] Level 1:colcon.colcon_core.package_identification:_identify(build) by extension 'ignore'
[3.967s] Level 1:colcon.colcon_core.package_identification:_identify(build) ignored
[3.969s] Level 1:colcon.colcon_core.package_identification:_identify(data) by extensions ['ignore', 'ignore_ament_install']
[3.970s] Level 1:colcon.colcon_core.package_identification:_identify(data) by extension 'ignore'
[3.971s] Level 1:colcon.colcon_core.package_identification:_identify(data) by extension 'ignore_ament_install'
[3.972s] Level 1:colcon.colcon_core.package_identification:_identify(data) by extensions ['colcon_pkg']
[3.972s] Level 1:colcon.colcon_core.package_identification:_identify(data) by extension 'colcon_pkg'
[3.973s] Level 1:colcon.colcon_core.package_identification:_identify(data) by extensions ['colcon_meta']
[3.973s] Level 1:colcon.colcon_core.package_identification:_identify(data) by extension 'colcon_meta'
[3.974s] Level 1:colcon.colcon_core.package_identification:_identify(data) by extensions ['ros']
[3.974s] Level 1:colcon.colcon_core.package_identification:_identify(data) by extension 'ros'
[3.975s] Level 1:colcon.colcon_core.package_identification:_identify(data) by extensions ['cmake', 'python']
[3.975s] Level 1:colcon.colcon_core.package_identification:_identify(data) by extension 'cmake'
[3.976s] Level 1:colcon.colcon_core.package_identification:_identify(data) by extension 'python'
[3.976s] Level 1:colcon.colcon_core.package_identification:_identify(data) by extensions ['python_setup_py']
[3.977s] Level 1:colcon.colcon_core.package_identification:_identify(data) by extension 'python_setup_py'
[3.979s] Level 1:colcon.colcon_core.package_identification:_identify(install) by extensions ['ignore', 'ignore_ament_install']
[3.980s] Level 1:colcon.colcon_core.package_identification:_identify(install) by extension 'ignore'
[3.980s] Level 1:colcon.colcon_core.package_identification:_identify(install) ignored
[3.985s] Level 1:colcon.colcon_core.package_identification:_identify(log) by extensions ['ignore', 'ignore_ament_install']
[3.985s] Level 1:colcon.colcon_core.package_identification:_identify(log) by extension 'ignore'
[3.986s] Level 1:colcon.colcon_core.package_identification:_identify(log) ignored
[3.988s] Level 1:colcon.colcon_core.package_identification:_identify(src) by extensions ['ignore', 'ignore_ament_install']
[3.988s] Level 1:colcon.colcon_core.package_identification:_identify(src) by extension 'ignore'
[3.989s] Level 1:colcon.colcon_core.package_identification:_identify(src) by extension 'ignore_ament_install'
[3.990s] Level 1:colcon.colcon_core.package_identification:_identify(src) by extensions ['colcon_pkg']
[3.990s] Level 1:colcon.colcon_core.package_identification:_identify(src) by extension 'colcon_pkg'
[3.991s] Level 1:colcon.colcon_core.package_identification:_identify(src) by extensions ['colcon_meta']
[3.991s] Level 1:colcon.colcon_core.package_identification:_identify(src) by extension 'colcon_meta'
[3.992s] Level 1:colcon.colcon_core.package_identification:_identify(src) by extensions ['ros']
[3.992s] Level 1:colcon.colcon_core.package_identification:_identify(src) by extension 'ros'
[3.993s] Level 1:colcon.colcon_core.package_identification:_identify(src) by extensions ['cmake', 'python']
[3.993s] Level 1:colcon.colcon_core.package_identification:_identify(src) by extension 'cmake'
[3.994s] Level 1:colcon.colcon_core.package_identification:_identify(src) by extension 'python'
[3.994s] Level 1:colcon.colcon_core.package_identification:_identify(src) by extensions ['python_setup_py']
[3.995s] Level 1:colcon.colcon_core.package_identification:_identify(src) by extension 'python_setup_py'
[3.996s] Level 1:colcon.colcon_core.package_identification:_identify(src/aggregator) by extensions ['ignore', 'ignore_ament_install']
[3.997s] Level 1:colcon.colcon_core.package_identification:_identify(src/aggregator) by extension 'ignore'
[3.997s] Level 1:colcon.colcon_core.package_identification:_identify(src/aggregator) by extension 'ignore_ament_install'
[3.998s] Level 1:colcon.colcon_core.package_identification:_identify(src/aggregator) by extensions ['colcon_pkg']
[3.999s] Level 1:colcon.colcon_core.package_identification:_identify(src/aggregator) by extension 'colcon_pkg'
[3.999s] Level 1:colcon.colcon_core.package_identification:_identify(src/aggregator) by extensions ['colcon_meta']
[4.000s] Level 1:colcon.colcon_core.package_identification:_identify(src/aggregator) by extension 'colcon_meta'
[4.000s] Level 1:colcon.colcon_core.package_identification:_identify(src/aggregator) by extensions ['ros']
[4.001s] Level 1:colcon.colcon_core.package_identification:_identify(src/aggregator) by extension 'ros'
[4.022s] DEBUG:colcon.colcon_core.package_identification:Package 'src/aggregator' with type 'ros.ament_python' and name 'aggregator'
[4.023s] Level 1:colcon.colcon_core.package_identification:_identify(src/autopilot) by extensions ['ignore', 'ignore_ament_install']
[4.024s] Level 1:colcon.colcon_core.package_identification:_identify(src/autopilot) by extension 'ignore'
[4.025s] Level 1:colcon.colcon_core.package_identification:_identify(src/autopilot) by extension 'ignore_ament_install'
[4.026s] Level 1:colcon.colcon_core.package_identification:_identify(src/autopilot) by extensions ['colcon_pkg']
[4.026s] Level 1:colcon.colcon_core.package_identification:_identify(src/autopilot) by extension 'colcon_pkg'
[4.027s] Level 1:colcon.colcon_core.package_identification:_identify(src/autopilot) by extensions ['colcon_meta']
[4.027s] Level 1:colcon.colcon_core.package_identification:_identify(src/autopilot) by extension 'colcon_meta'
[4.028s] Level 1:colcon.colcon_core.package_identification:_identify(src/autopilot) by extensions ['ros']
[4.028s] Level 1:colcon.colcon_core.package_identification:_identify(src/autopilot) by extension 'ros'
[4.033s] DEBUG:colcon.colcon_core.package_identification:Package 'src/autopilot' with type 'ros.ament_python' and name 'autopilot'
[4.035s] Level 1:colcon.colcon_core.package_identification:_identify(src/msg_interfaces) by extensions ['ignore', 'ignore_ament_install']
[4.036s] Level 1:colcon.colcon_core.package_identification:_identify(src/msg_interfaces) by extension 'ignore'
[4.036s] Level 1:colcon.colcon_core.package_identification:_identify(src/msg_interfaces) by extension 'ignore_ament_install'
[4.037s] Level 1:colcon.colcon_core.package_identification:_identify(src/msg_interfaces) by extensions ['colcon_pkg']
[4.038s] Level 1:colcon.colcon_core.package_identification:_identify(src/msg_interfaces) by extension 'colcon_pkg'
[4.038s] Level 1:colcon.colcon_core.package_identification:_identify(src/msg_interfaces) by extensions ['colcon_meta']
[4.039s] Level 1:colcon.colcon_core.package_identification:_identify(src/msg_interfaces) by extension 'colcon_meta'
[4.039s] Level 1:colcon.colcon_core.package_identification:_identify(src/msg_interfaces) by extensions ['ros']
[4.040s] Level 1:colcon.colcon_core.package_identification:_identify(src/msg_interfaces) by extension 'ros'
[4.046s] DEBUG:colcon.colcon_core.package_identification:Package 'src/msg_interfaces' with type 'ros.ament_cmake' and name 'msg_interfaces'
[4.048s] Level 1:colcon.colcon_core.package_identification:_identify(src/saver) by extensions ['ignore', 'ignore_ament_install']
[4.049s] Level 1:colcon.colcon_core.package_identification:_identify(src/saver) by extension 'ignore'
[4.050s] Level 1:colcon.colcon_core.package_identification:_identify(src/saver) by extension 'ignore_ament_install'
[4.050s] Level 1:colcon.colcon_core.package_identification:_identify(src/saver) by extensions ['colcon_pkg']
[4.051s] Level 1:colcon.colcon_core.package_identification:_identify(src/saver) by extension 'colcon_pkg'
[4.051s] Level 1:colcon.colcon_core.package_identification:_identify(src/saver) by extensions ['colcon_meta']
[4.052s] Level 1:colcon.colcon_core.package_identification:_identify(src/saver) by extension 'colcon_meta'
[4.052s] Level 1:colcon.colcon_core.package_identification:_identify(src/saver) by extensions ['ros']
[4.053s] Level 1:colcon.colcon_core.package_identification:_identify(src/saver) by extension 'ros'
[4.058s] DEBUG:colcon.colcon_core.package_identification:Package 'src/saver' with type 'ros.ament_python' and name 'saver'
[4.059s] Level 1:colcon.colcon_core.package_identification:_identify(src/sensor_current) by extensions ['ignore', 'ignore_ament_install']
[4.060s] Level 1:colcon.colcon_core.package_identification:_identify(src/sensor_current) by extension 'ignore'
[4.061s] Level 1:colcon.colcon_core.package_identification:_identify(src/sensor_current) by extension 'ignore_ament_install'
[4.061s] Level 1:colcon.colcon_core.package_identification:_identify(src/sensor_current) by extensions ['colcon_pkg']
[4.062s] Level 1:colcon.colcon_core.package_identification:_identify(src/sensor_current) by extension 'colcon_pkg'
[4.062s] Level 1:colcon.colcon_core.package_identification:_identify(src/sensor_current) by extensions ['colcon_meta']
[4.063s] Level 1:colcon.colcon_core.package_identification:_identify(src/sensor_current) by extension 'colcon_meta'
[4.063s] Level 1:colcon.colcon_core.package_identification:_identify(src/sensor_current) by extensions ['ros']
[4.064s] Level 1:colcon.colcon_core.package_identification:_identify(src/sensor_current) by extension 'ros'
[4.069s] DEBUG:colcon.colcon_core.package_identification:Package 'src/sensor_current' with type 'ros.ament_python' and name 'sensor_current'
[4.070s] Level 1:colcon.colcon_core.package_identification:_identify(src/sensor_depth) by extensions ['ignore', 'ignore_ament_install']
[4.071s] Level 1:colcon.colcon_core.package_identification:_identify(src/sensor_depth) by extension 'ignore'
[4.072s] Level 1:colcon.colcon_core.package_identification:_identify(src/sensor_depth) by extension 'ignore_ament_install'
[4.073s] Level 1:colcon.colcon_core.package_identification:_identify(src/sensor_depth) by extensions ['colcon_pkg']
[4.073s] Level 1:colcon.colcon_core.package_identification:_identify(src/sensor_depth) by extension 'colcon_pkg'
[4.074s] Level 1:colcon.colcon_core.package_identification:_identify(src/sensor_depth) by extensions ['colcon_meta']
[4.074s] Level 1:colcon.colcon_core.package_identification:_identify(src/sensor_depth) by extension 'colcon_meta'
[4.075s] Level 1:colcon.colcon_core.package_identification:_identify(src/sensor_depth) by extensions ['ros']
[4.075s] Level 1:colcon.colcon_core.package_identification:_identify(src/sensor_depth) by extension 'ros'
[4.080s] DEBUG:colcon.colcon_core.package_identification:Package 'src/sensor_depth' with type 'ros.ament_python' and name 'sensor_depth'
[4.081s] Level 1:colcon.colcon_core.package_identification:_identify(src/sensor_gps) by extensions ['ignore', 'ignore_ament_install']
[4.082s] Level 1:colcon.colcon_core.package_identification:_identify(src/sensor_gps) by extension 'ignore'
[4.083s] Level 1:colcon.colcon_core.package_identification:_identify(src/sensor_gps) by extension 'ignore_ament_install'
[4.084s] Level 1:colcon.colcon_core.package_identification:_identify(src/sensor_gps) by extensions ['colcon_pkg']
[4.084s] Level 1:colcon.colcon_core.package_identification:_identify(src/sensor_gps) by extension 'colcon_pkg'
[4.085s] Level 1:colcon.colcon_core.package_identification:_identify(src/sensor_gps) by extensions ['colcon_meta']
[4.085s] Level 1:colcon.colcon_core.package_identification:_identify(src/sensor_gps) by extension 'colcon_meta'
[4.086s] Level 1:colcon.colcon_core.package_identification:_identify(src/sensor_gps) by extensions ['ros']
[4.086s] Level 1:colcon.colcon_core.package_identification:_identify(src/sensor_gps) by extension 'ros'
[4.091s] DEBUG:colcon.colcon_core.package_identification:Package 'src/sensor_gps' with type 'ros.ament_python' and name 'sensor_gps'
[4.093s] Level 1:colcon.colcon_core.package_identification:_identify(src/sensor_imu_mag) by extensions ['ignore', 'ignore_ament_install']
[4.093s] Level 1:colcon.colcon_core.package_identification:_identify(src/sensor_imu_mag) by extension 'ignore'
[4.094s] Level 1:colcon.colcon_core.package_identification:_identify(src/sensor_imu_mag) by extension 'ignore_ament_install'
[4.095s] Level 1:colcon.colcon_core.package_identification:_identify(src/sensor_imu_mag) by extensions ['colcon_pkg']
[4.095s] Level 1:colcon.colcon_core.package_identification:_identify(src/sensor_imu_mag) by extension 'colcon_pkg'
[4.096s] Level 1:colcon.colcon_core.package_identification:_identify(src/sensor_imu_mag) by extensions ['colcon_meta']
[4.096s] Level 1:colcon.colcon_core.package_identification:_identify(src/sensor_imu_mag) by extension 'colcon_meta'
[4.097s] Level 1:colcon.colcon_core.package_identification:_identify(src/sensor_imu_mag) by extensions ['ros']
[4.097s] Level 1:colcon.colcon_core.package_identification:_identify(src/sensor_imu_mag) by extension 'ros'
[4.102s] DEBUG:colcon.colcon_core.package_identification:Package 'src/sensor_imu_mag' with type 'ros.ament_python' and name 'sensor_imu_mag'
[4.104s] Level 1:colcon.colcon_core.package_identification:_identify(src/sensor_ph) by extensions ['ignore', 'ignore_ament_install']
[4.105s] Level 1:colcon.colcon_core.package_identification:_identify(src/sensor_ph) by extension 'ignore'
[4.105s] Level 1:colcon.colcon_core.package_identification:_identify(src/sensor_ph) by extension 'ignore_ament_install'
[4.106s] Level 1:colcon.colcon_core.package_identification:_identify(src/sensor_ph) by extensions ['colcon_pkg']
[4.106s] Level 1:colcon.colcon_core.package_identification:_identify(src/sensor_ph) by extension 'colcon_pkg'
[4.107s] Level 1:colcon.colcon_core.package_identification:_identify(src/sensor_ph) by extensions ['colcon_meta']
[4.107s] Level 1:colcon.colcon_core.package_identification:_identify(src/sensor_ph) by extension 'colcon_meta'
[4.108s] Level 1:colcon.colcon_core.package_identification:_identify(src/sensor_ph) by extensions ['ros']
[4.108s] Level 1:colcon.colcon_core.package_identification:_identify(src/sensor_ph) by extension 'ros'
[4.113s] DEBUG:colcon.colcon_core.package_identification:Package 'src/sensor_ph' with type 'ros.ament_python' and name 'sensor_ph'
[4.115s] Level 1:colcon.colcon_core.package_identification:_identify(src/sensor_tds) by extensions ['ignore', 'ignore_ament_install']
[4.116s] Level 1:colcon.colcon_core.package_identification:_identify(src/sensor_tds) by extension 'ignore'
[4.117s] Level 1:colcon.colcon_core.package_identification:_identify(src/sensor_tds) by extension 'ignore_ament_install'
[4.117s] Level 1:colcon.colcon_core.package_identification:_identify(src/sensor_tds) by extensions ['colcon_pkg']
[4.118s] Level 1:colcon.colcon_core.package_identification:_identify(src/sensor_tds) by extension 'colcon_pkg'
[4.118s] Level 1:colcon.colcon_core.package_identification:_identify(src/sensor_tds) by extensions ['colcon_meta']
[4.119s] Level 1:colcon.colcon_core.package_identification:_identify(src/sensor_tds) by extension 'colcon_meta'
[4.119s] Level 1:colcon.colcon_core.package_identification:_identify(src/sensor_tds) by extensions ['ros']
[4.120s] Level 1:colcon.colcon_core.package_identification:_identify(src/sensor_tds) by extension 'ros'
[4.128s] DEBUG:colcon.colcon_core.package_identification:Package 'src/sensor_tds' with type 'ros.ament_python' and name 'sensor_tds'
[4.129s] Level 1:colcon.colcon_core.package_identification:_identify(src/sensor_thermometer) by extensions ['ignore', 'ignore_ament_install']
[4.130s] Level 1:colcon.colcon_core.package_identification:_identify(src/sensor_thermometer) by extension 'ignore'
[4.131s] Level 1:colcon.colcon_core.package_identification:_identify(src/sensor_thermometer) by extension 'ignore_ament_install'
[4.132s] Level 1:colcon.colcon_core.package_identification:_identify(src/sensor_thermometer) by extensions ['colcon_pkg']
[4.132s] Level 1:colcon.colcon_core.package_identification:_identify(src/sensor_thermometer) by extension 'colcon_pkg'
[4.132s] Level 1:colcon.colcon_core.package_identification:_identify(src/sensor_thermometer) by extensions ['colcon_meta']
[4.133s] Level 1:colcon.colcon_core.package_identification:_identify(src/sensor_thermometer) by extension 'colcon_meta'
[4.133s] Level 1:colcon.colcon_core.package_identification:_identify(src/sensor_thermometer) by extensions ['ros']
[4.134s] Level 1:colcon.colcon_core.package_identification:_identify(src/sensor_thermometer) by extension 'ros'
[4.139s] DEBUG:colcon.colcon_core.package_identification:Package 'src/sensor_thermometer' with type 'ros.ament_python' and name 'sensor_thermometer'
[4.141s] Level 1:colcon.colcon_core.package_identification:_identify(src/sensor_turbidity) by extensions ['ignore', 'ignore_ament_install']
[4.142s] Level 1:colcon.colcon_core.package_identification:_identify(src/sensor_turbidity) by extension 'ignore'
[4.142s] Level 1:colcon.colcon_core.package_identification:_identify(src/sensor_turbidity) by extension 'ignore_ament_install'
[4.143s] Level 1:colcon.colcon_core.package_identification:_identify(src/sensor_turbidity) by extensions ['colcon_pkg']
[4.143s] Level 1:colcon.colcon_core.package_identification:_identify(src/sensor_turbidity) by extension 'colcon_pkg'
[4.144s] Level 1:colcon.colcon_core.package_identification:_identify(src/sensor_turbidity) by extensions ['colcon_meta']
[4.144s] Level 1:colcon.colcon_core.package_identification:_identify(src/sensor_turbidity) by extension 'colcon_meta'
[4.145s] Level 1:colcon.colcon_core.package_identification:_identify(src/sensor_turbidity) by extensions ['ros']
[4.145s] Level 1:colcon.colcon_core.package_identification:_identify(src/sensor_turbidity) by extension 'ros'
[4.152s] DEBUG:colcon.colcon_core.package_identification:Package 'src/sensor_turbidity' with type 'ros.ament_python' and name 'sensor_turbidity'
[4.154s] Level 1:colcon.colcon_core.package_identification:_identify(src/sensor_voltage) by extensions ['ignore', 'ignore_ament_install']
[4.155s] Level 1:colcon.colcon_core.package_identification:_identify(src/sensor_voltage) by extension 'ignore'
[4.155s] Level 1:colcon.colcon_core.package_identification:_identify(src/sensor_voltage) by extension 'ignore_ament_install'
[4.156s] Level 1:colcon.colcon_core.package_identification:_identify(src/sensor_voltage) by extensions ['colcon_pkg']
[4.157s] Level 1:colcon.colcon_core.package_identification:_identify(src/sensor_voltage) by extension 'colcon_pkg'
[4.157s] Level 1:colcon.colcon_core.package_identification:_identify(src/sensor_voltage) by extensions ['colcon_meta']
[4.157s] Level 1:colcon.colcon_core.package_identification:_identify(src/sensor_voltage) by extension 'colcon_meta'
[4.158s] Level 1:colcon.colcon_core.package_identification:_identify(src/sensor_voltage) by extensions ['ros']
[4.159s] Level 1:colcon.colcon_core.package_identification:_identify(src/sensor_voltage) by extension 'ros'
[4.165s] DEBUG:colcon.colcon_core.package_identification:Package 'src/sensor_voltage' with type 'ros.ament_python' and name 'sensor_voltage'
[4.167s] Level 1:colcon.colcon_core.package_identification:_identify(src/system_launcher) by extensions ['ignore', 'ignore_ament_install']
[4.168s] Level 1:colcon.colcon_core.package_identification:_identify(src/system_launcher) by extension 'ignore'
[4.168s] Level 1:colcon.colcon_core.package_identification:_identify(src/system_launcher) by extension 'ignore_ament_install'
[4.169s] Level 1:colcon.colcon_core.package_identification:_identify(src/system_launcher) by extensions ['colcon_pkg']
[4.170s] Level 1:colcon.colcon_core.package_identification:_identify(src/system_launcher) by extension 'colcon_pkg'
[4.170s] Level 1:colcon.colcon_core.package_identification:_identify(src/system_launcher) by extensions ['colcon_meta']
[4.171s] Level 1:colcon.colcon_core.package_identification:_identify(src/system_launcher) by extension 'colcon_meta'
[4.171s] Level 1:colcon.colcon_core.package_identification:_identify(src/system_launcher) by extensions ['ros']
[4.172s] Level 1:colcon.colcon_core.package_identification:_identify(src/system_launcher) by extension 'ros'
[4.177s] DEBUG:colcon.colcon_core.package_identification:Package 'src/system_launcher' with type 'ros.ament_python' and name 'system_launcher'
[4.179s] Level 1:colcon.colcon_core.package_identification:_identify(src/telemetry) by extensions ['ignore', 'ignore_ament_install']
[4.180s] Level 1:colcon.colcon_core.package_identification:_identify(src/telemetry) by extension 'ignore'
[4.181s] Level 1:colcon.colcon_core.package_identification:_identify(src/telemetry) by extension 'ignore_ament_install'
[4.182s] Level 1:colcon.colcon_core.package_identification:_identify(src/telemetry) by extensions ['colcon_pkg']
[4.183s] Level 1:colcon.colcon_core.package_identification:_identify(src/telemetry) by extension 'colcon_pkg'
[4.184s] Level 1:colcon.colcon_core.package_identification:_identify(src/telemetry) by extensions ['colcon_meta']
[4.184s] Level 1:colcon.colcon_core.package_identification:_identify(src/telemetry) by extension 'colcon_meta'
[4.185s] Level 1:colcon.colcon_core.package_identification:_identify(src/telemetry) by extensions ['ros']
[4.185s] Level 1:colcon.colcon_core.package_identification:_identify(src/telemetry) by extension 'ros'
[4.190s] DEBUG:colcon.colcon_core.package_identification:Package 'src/telemetry' with type 'ros.ament_python' and name 'telemetry'
[4.192s] Level 1:colcon.colcon_core.package_identification:_identify(src/thruster_driver) by extensions ['ignore', 'ignore_ament_install']
[4.193s] Level 1:colcon.colcon_core.package_identification:_identify(src/thruster_driver) by extension 'ignore'
[4.193s] Level 1:colcon.colcon_core.package_identification:_identify(src/thruster_driver) by extension 'ignore_ament_install'
[4.194s] Level 1:colcon.colcon_core.package_identification:_identify(src/thruster_driver) by extensions ['colcon_pkg']
[4.195s] Level 1:colcon.colcon_core.package_identification:_identify(src/thruster_driver) by extension 'colcon_pkg'
[4.195s] Level 1:colcon.colcon_core.package_identification:_identify(src/thruster_driver) by extensions ['colcon_meta']
[4.195s] Level 1:colcon.colcon_core.package_identification:_identify(src/thruster_driver) by extension 'colcon_meta'
[4.196s] Level 1:colcon.colcon_core.package_identification:_identify(src/thruster_driver) by extensions ['ros']
[4.196s] Level 1:colcon.colcon_core.package_identification:_identify(src/thruster_driver) by extension 'ros'
[4.202s] DEBUG:colcon.colcon_core.package_identification:Package 'src/thruster_driver' with type 'ros.ament_python' and name 'thruster_driver'
[4.202s] Level 1:colcon.colcon_core.package_discovery:discover_packages(recursive) using defaults
[4.203s] Level 1:colcon.colcon_core.package_discovery:discover_packages(ignore) discover
[4.203s] Level 1:colcon.colcon_core.package_discovery:discover_packages(ignore) using defaults
[4.203s] Level 1:colcon.colcon_core.package_discovery:discover_packages(path) discover
[4.204s] Level 1:colcon.colcon_core.package_discovery:discover_packages(path) using defaults
[4.535s] INFO:colcon.colcon_core.package_selection:Skipping not selected package 'aggregator' in 'src/aggregator'
[4.536s] INFO:colcon.colcon_core.package_selection:Skipping not selected package 'msg_interfaces' in 'src/msg_interfaces'
[4.536s] INFO:colcon.colcon_core.package_selection:Skipping not selected package 'saver' in 'src/saver'
[4.536s] INFO:colcon.colcon_core.package_selection:Skipping not selected package 'sensor_current' in 'src/sensor_current'
[4.537s] INFO:colcon.colcon_core.package_selection:Skipping not selected package 'sensor_depth' in 'src/sensor_depth'
[4.537s] INFO:colcon.colcon_core.package_selection:Skipping not selected package 'sensor_gps' in 'src/sensor_gps'
[4.537s] INFO:colcon.colcon_core.package_selection:Skipping not selected package 'sensor_imu_mag' in 'src/sensor_imu_mag'
[4.538s] INFO:colcon.colcon_core.package_selection:Skipping not selected package 'sensor_thermometer' in 'src/sensor_thermometer'
[4.538s] INFO:colcon.colcon_core.package_selection:Skipping not selected package 'system_launcher' in 'src/system_launcher'
[4.539s] INFO:colcon.colcon_core.package_selection:Skipping not selected package 'telemetry' in 'src/telemetry'
[4.539s] INFO:colcon.colcon_core.package_selection:Skipping not selected package 'thruster_driver' in 'src/thruster_driver'
[4.539s] INFO:colcon.colcon_core.package_selection:Skipping not selected package 'sensor_ph' in 'src/sensor_ph'
[4.540s] INFO:colcon.colcon_core.package_selection:Skipping not selected package 'sensor_tds' in 'src/sensor_tds'
[4.540s] INFO:colcon.colcon_core.package_selection:Skipping not selected package 'sensor_turbidity' in 'src/sensor_turbidity'
[4.540s] INFO:colcon.colcon_core.package_selection:Skipping not selected package 'sensor_voltage' in 'src/sensor_voltage'
[4.544s] Level 1:colcon.colcon_core.package_discovery:discover_packages(prefix_path) check parameters
[4.545s] Level 1:colcon.colcon_core.package_discovery:discover_packages(prefix_path) discover
[4.582s] DEBUG:colcon.colcon_installed_package_information.package_discovery:Found 15 installed packages in /home/foka/ros2_humble2/install
[4.602s] DEBUG:colcon.colcon_installed_package_information.package_discovery:Found 181 installed packages in /opt/ros/humble
[4.614s] Level 1:colcon.colcon_core.package_discovery:discover_packages(prefix_path) using defaults
[4.938s] Level 5:colcon.colcon_core.verb:set package 'autopilot' build argument 'cmake_args' from command line to 'None'
[4.938s] Level 5:colcon.colcon_core.verb:set package 'autopilot' build argument 'cmake_target' from command line to 'None'
[4.939s] Level 5:colcon.colcon_core.verb:set package 'autopilot' build argument 'cmake_target_skip_unavailable' from command line to 'False'
[4.939s] Level 5:colcon.colcon_core.verb:set package 'autopilot' build argument 'cmake_clean_cache' from command line to 'False'
[4.940s] Level 5:colcon.colcon_core.verb:set package 'autopilot' build argument 'cmake_clean_first' from command line to 'False'
[4.940s] Level 5:colcon.colcon_core.verb:set package 'autopilot' build argument 'cmake_force_configure' from command line to 'False'
[4.941s] Level 5:colcon.colcon_core.verb:set package 'autopilot' build argument 'ament_cmake_args' from command line to 'None'
[4.941s] Level 5:colcon.colcon_core.verb:set package 'autopilot' build argument 'catkin_cmake_args' from command line to 'None'
[4.941s] Level 5:colcon.colcon_core.verb:set package 'autopilot' build argument 'catkin_skip_building_tests' from command line to 'False'
[4.942s] DEBUG:colcon.colcon_core.verb:Building package 'autopilot' with the following arguments: {'ament_cmake_args': None, 'build_base': '/home/foka/ros2_humble2/build/autopilot', 'catkin_cmake_args': None, 'catkin_skip_building_tests': False, 'cmake_args': None, 'cmake_clean_cache': False, 'cmake_clean_first': False, 'cmake_force_configure': False, 'cmake_target': None, 'cmake_target_skip_unavailable': False, 'install_base': '/home/foka/ros2_humble2/install/autopilot', 'merge_install': False, 'path': '/home/foka/ros2_humble2/src/autopilot', 'symlink_install': False, 'test_result_base': None}
[4.944s] INFO:colcon.colcon_core.executor:Executing jobs using 'parallel' executor
[4.952s] DEBUG:colcon.colcon_parallel_executor.executor.parallel:run_until_complete
[4.954s] INFO:colcon.colcon_ros.task.ament_python.build:Building ROS package in '/home/foka/ros2_humble2/src/autopilot' with build type 'ament_python'
[4.955s] Level 1:colcon.colcon_core.shell:create_environment_hook('autopilot', 'ament_prefix_path')
[4.990s] INFO:colcon.colcon_core.plugin_system:Skipping extension 'colcon_core.shell.bat': Not used on non-Windows systems
[4.993s] INFO:colcon.colcon_core.shell:Creating environment hook '/home/foka/ros2_humble2/install/autopilot/share/autopilot/hook/ament_prefix_path.ps1'
[5.000s] INFO:colcon.colcon_core.shell:Creating environment descriptor '/home/foka/ros2_humble2/install/autopilot/share/autopilot/hook/ament_prefix_path.dsv'
[5.005s] INFO:colcon.colcon_core.shell:Creating environment hook '/home/foka/ros2_humble2/install/autopilot/share/autopilot/hook/ament_prefix_path.sh'
[5.014s] INFO:colcon.colcon_core.shell:Skip shell extension 'powershell' for command environment: Not usable outside of PowerShell
[5.014s] DEBUG:colcon.colcon_core.shell:Skip shell extension 'dsv' for command environment
[8.765s] INFO:colcon.colcon_core.task.python.build:Building Python package in '/home/foka/ros2_humble2/src/autopilot'
[8.768s] INFO:colcon.colcon_core.shell:Skip shell extension 'powershell' for command environment: Not usable outside of PowerShell
[8.769s] DEBUG:colcon.colcon_core.shell:Skip shell extension 'dsv' for command environment
[14.035s] DEBUG:colcon.colcon_core.event_handler.log_command:Invoking command in '/home/foka/ros2_humble2/src/autopilot': PYTHONPATH=/home/foka/ros2_humble2/build/autopilot/prefix_override:/usr/lib/python3/dist-packages/colcon_core/task/python/colcon_distutils_commands:/home/foka/ros2_humble2/install/autopilot/lib/python3.10/site-packages:${PYTHONPATH} /usr/bin/python3 -W ignore:setup.py install is deprecated -W ignore:easy_install command is deprecated setup.py egg_info --egg-base ../../build/autopilot build --build-base /home/foka/ros2_humble2/build/autopilot/build install --record /home/foka/ros2_humble2/build/autopilot/install.log --single-version-externally-managed install_data
[18.185s] DEBUG:colcon.colcon_core.event_handler.log_command:Invoked command in '/home/foka/ros2_humble2/src/autopilot' returned '0': PYTHONPATH=/home/foka/ros2_humble2/build/autopilot/prefix_override:/usr/lib/python3/dist-packages/colcon_core/task/python/colcon_distutils_commands:/home/foka/ros2_humble2/install/autopilot/lib/python3.10/site-packages:${PYTHONPATH} /usr/bin/python3 -W ignore:setup.py install is deprecated -W ignore:easy_install command is deprecated setup.py egg_info --egg-base ../../build/autopilot build --build-base /home/foka/ros2_humble2/build/autopilot/build install --record /home/foka/ros2_humble2/build/autopilot/install.log --single-version-externally-managed install_data
[18.217s] Level 1:colcon.colcon_core.environment:checking '/home/foka/ros2_humble2/install/autopilot' for CMake module files
[18.223s] Level 1:colcon.colcon_core.environment:checking '/home/foka/ros2_humble2/install/autopilot' for CMake config files
[18.233s] Level 1:colcon.colcon_core.environment:checking '/home/foka/ros2_humble2/install/autopilot/lib'
[18.235s] Level 1:colcon.colcon_core.environment:checking '/home/foka/ros2_humble2/install/autopilot/bin'
[18.236s] Level 1:colcon.colcon_core.environment:checking '/home/foka/ros2_humble2/install/autopilot/lib/pkgconfig/autopilot.pc'
[18.238s] Level 1:colcon.colcon_core.environment:checking '/home/foka/ros2_humble2/install/autopilot/lib/python3.10/site-packages'
[18.239s] Level 1:colcon.colcon_core.shell:create_environment_hook('autopilot', 'pythonpath')
[18.241s] INFO:colcon.colcon_core.shell:Creating environment hook '/home/foka/ros2_humble2/install/autopilot/share/autopilot/hook/pythonpath.ps1'
[18.246s] INFO:colcon.colcon_core.shell:Creating environment descriptor '/home/foka/ros2_humble2/install/autopilot/share/autopilot/hook/pythonpath.dsv'
[18.249s] INFO:colcon.colcon_core.shell:Creating environment hook '/home/foka/ros2_humble2/install/autopilot/share/autopilot/hook/pythonpath.sh'
[18.257s] Level 1:colcon.colcon_core.environment:checking '/home/foka/ros2_humble2/install/autopilot/bin'
[18.258s] Level 1:colcon.colcon_core.environment:create_environment_scripts_only(autopilot)
[18.262s] INFO:colcon.colcon_core.shell:Creating package script '/home/foka/ros2_humble2/install/autopilot/share/autopilot/package.ps1'
[18.271s] INFO:colcon.colcon_core.shell:Creating package descriptor '/home/foka/ros2_humble2/install/autopilot/share/autopilot/package.dsv'
[18.278s] INFO:colcon.colcon_core.shell:Creating package script '/home/foka/ros2_humble2/install/autopilot/share/autopilot/package.sh'
[18.289s] INFO:colcon.colcon_core.shell:Creating package script '/home/foka/ros2_humble2/install/autopilot/share/autopilot/package.bash'
[18.298s] INFO:colcon.colcon_core.shell:Creating package script '/home/foka/ros2_humble2/install/autopilot/share/autopilot/package.zsh'
[18.308s] Level 1:colcon.colcon_core.environment:create_file_with_runtime_dependencies(/home/foka/ros2_humble2/install/autopilot/share/colcon-core/packages/autopilot)
[18.312s] DEBUG:colcon.colcon_parallel_executor.executor.parallel:closing loop
[18.315s] DEBUG:colcon.colcon_parallel_executor.executor.parallel:loop closed
[18.317s] DEBUG:colcon.colcon_parallel_executor.executor.parallel:run_until_complete finished with '0'
[18.319s] DEBUG:colcon.colcon_core.event_reactor:joining thread
[18.390s] INFO:colcon.colcon_core.plugin_system:Skipping extension 'colcon_notification.desktop_notification.notify_send': Could not find 'notify-send'
[18.391s] INFO:colcon.colcon_core.plugin_system:Skipping extension 'colcon_notification.desktop_notification.terminal_notifier': Not used on non-Darwin systems
[18.391s] INFO:colcon.colcon_core.plugin_system:Skipping extension 'colcon_notification.desktop_notification.win32': Not used on non-Windows systems
[18.392s] INFO:colcon.colcon_notification.desktop_notification:Sending desktop notification using 'notify2'
[18.399s] DEBUG:colcon.colcon_notification.desktop_notification.notify2:Failed to initialize notify2: org.freedesktop.DBus.Error.ServiceUnknown: The name org.freedesktop.Notifications was not provided by any .service files
[18.400s] DEBUG:colcon.colcon_core.event_reactor:joined thread
[18.402s] INFO:colcon.colcon_core.shell:Creating prefix script '/home/foka/ros2_humble2/install/local_setup.ps1'
[18.411s] INFO:colcon.colcon_core.shell:Creating prefix util module '/home/foka/ros2_humble2/install/_local_setup_util_ps1.py'
[18.427s] INFO:colcon.colcon_core.shell:Creating prefix chain script '/home/foka/ros2_humble2/install/setup.ps1'
[18.452s] INFO:colcon.colcon_core.shell:Creating prefix script '/home/foka/ros2_humble2/install/local_setup.sh'
[18.460s] INFO:colcon.colcon_core.shell:Creating prefix util module '/home/foka/ros2_humble2/install/_local_setup_util_sh.py'
[18.467s] INFO:colcon.colcon_core.shell:Creating prefix chain script '/home/foka/ros2_humble2/install/setup.sh'
[18.488s] INFO:colcon.colcon_core.shell:Creating prefix script '/home/foka/ros2_humble2/install/local_setup.bash'
[18.494s] INFO:colcon.colcon_core.shell:Creating prefix chain script '/home/foka/ros2_humble2/install/setup.bash'
[18.515s] INFO:colcon.colcon_core.shell:Creating prefix script '/home/foka/ros2_humble2/install/local_setup.zsh'
[18.521s] INFO:colcon.colcon_core.shell:Creating prefix chain script '/home/foka/ros2_humble2/install/setup.zsh'
