[3.048s] Invoking command in '/home/foka/ros2_humble2/src/aggregator': PYTHONPATH=/home/foka/ros2_humble2/build/aggregator/prefix_override:/usr/lib/python3/dist-packages/colcon_core/task/python/colcon_distutils_commands:/home/foka/ros2_humble2/install/aggregator/lib/python3.10/site-packages:${PYTHONPATH} /usr/bin/python3 -W ignore:setup.py install is deprecated -W ignore:easy_install command is deprecated setup.py egg_info --egg-base ../../build/aggregator build --build-base /home/foka/ros2_humble2/build/aggregator/build install --record /home/foka/ros2_humble2/build/aggregator/install.log --single-version-externally-managed install_data
[4.196s] running egg_info
[4.198s] writing ../../build/aggregator/aggregator.egg-info/PKG-INFO
[4.199s] writing dependency_links to ../../build/aggregator/aggregator.egg-info/dependency_links.txt
[4.200s] writing entry points to ../../build/aggregator/aggregator.egg-info/entry_points.txt
[4.201s] writing requirements to ../../build/aggregator/aggregator.egg-info/requires.txt
[4.202s] writing top-level names to ../../build/aggregator/aggregator.egg-info/top_level.txt
[4.210s] reading manifest file '../../build/aggregator/aggregator.egg-info/SOURCES.txt'
[4.214s] writing manifest file '../../build/aggregator/aggregator.egg-info/SOURCES.txt'
[4.215s] running build
[4.215s] running build_py
[4.216s] running install
[4.218s] running install_lib
[4.223s] running install_data
[4.224s] running install_egg_info
[4.231s] removing '/home/foka/ros2_humble2/install/aggregator/lib/python3.10/site-packages/aggregator-0.0.0-py3.10.egg-info' (and everything under it)
[4.233s] Copying ../../build/aggregator/aggregator.egg-info to /home/foka/ros2_humble2/install/aggregator/lib/python3.10/site-packages/aggregator-0.0.0-py3.10.egg-info
[4.239s] running install_scripts
[4.322s] Installing aggregator script to /home/foka/ros2_humble2/install/aggregator/lib/aggregator
[4.324s] writing list of installed files to '/home/foka/ros2_humble2/build/aggregator/install.log'
[4.446s] Invoked command in '/home/foka/ros2_humble2/src/aggregator' returned '0': PYTHONPATH=/home/foka/ros2_humble2/build/aggregator/prefix_override:/usr/lib/python3/dist-packages/colcon_core/task/python/colcon_distutils_commands:/home/foka/ros2_humble2/install/aggregator/lib/python3.10/site-packages:${PYTHONPATH} /usr/bin/python3 -W ignore:setup.py install is deprecated -W ignore:easy_install command is deprecated setup.py egg_info --egg-base ../../build/aggregator build --build-base /home/foka/ros2_humble2/build/aggregator/build install --record /home/foka/ros2_humble2/build/aggregator/install.log --single-version-externally-managed install_data
