[9.007s] Invoking command in '/home/foka/ros2_humble2/build/sensor_thermometer': PYTHONPATH=/home/foka/ros2_humble2/build/sensor_thermometer/prefix_override:/usr/lib/python3/dist-packages/colcon_core/task/python/colcon_distutils_commands:/home/foka/ros2_humble2/install/sensor_thermometer/lib/python3.10/site-packages:${PYTHONPATH} /usr/bin/python3 -W ignore:setup.py install is deprecated -W ignore:easy_install command is deprecated setup.py develop --editable --build-directory /home/foka/ros2_humble2/build/sensor_thermometer/build --no-deps symlink_data
[11.836s] running develop
[16.110s] running egg_info
[16.112s] creating sensor_thermometer.egg-info
[16.115s] writing sensor_thermometer.egg-info/PKG-INFO
[16.126s] writing dependency_links to sensor_thermometer.egg-info/dependency_links.txt
[16.134s] writing entry points to sensor_thermometer.egg-info/entry_points.txt
[16.137s] writing requirements to sensor_thermometer.egg-info/requires.txt
[16.141s] writing top-level names to sensor_thermometer.egg-info/top_level.txt
[16.149s] writing manifest file 'sensor_thermometer.egg-info/SOURCES.txt'
[16.177s] reading manifest file 'sensor_thermometer.egg-info/SOURCES.txt'
[16.183s] writing manifest file 'sensor_thermometer.egg-info/SOURCES.txt'
[16.209s] running build_ext
[16.221s] Creating /home/foka/ros2_humble2/install/sensor_thermometer/lib/python3.10/site-packages/sensor-thermometer.egg-link (link to .)
[16.240s] Installing sensor_thermometer script to /home/foka/ros2_humble2/install/sensor_thermometer/lib/sensor_thermometer
[16.244s] 
[16.245s] Installed /home/foka/ros2_humble2/build/sensor_thermometer
[16.247s] running symlink_data
[16.249s] creating /home/foka/ros2_humble2/install/sensor_thermometer/share/ament_index
[16.256s] creating /home/foka/ros2_humble2/install/sensor_thermometer/share/ament_index/resource_index
[16.257s] creating /home/foka/ros2_humble2/install/sensor_thermometer/share/ament_index/resource_index/packages
[16.260s] symbolically linking /home/foka/ros2_humble2/build/sensor_thermometer/resource/sensor_thermometer -> /home/foka/ros2_humble2/install/sensor_thermometer/share/ament_index/resource_index/packages
[16.262s] symbolically linking /home/foka/ros2_humble2/build/sensor_thermometer/package.xml -> /home/foka/ros2_humble2/install/sensor_thermometer/share/sensor_thermometer
[17.080s] Invoked command in '/home/foka/ros2_humble2/build/sensor_thermometer' returned '0': PYTHONPATH=/home/foka/ros2_humble2/build/sensor_thermometer/prefix_override:/usr/lib/python3/dist-packages/colcon_core/task/python/colcon_distutils_commands:/home/foka/ros2_humble2/install/sensor_thermometer/lib/python3.10/site-packages:${PYTHONPATH} /usr/bin/python3 -W ignore:setup.py install is deprecated -W ignore:easy_install command is deprecated setup.py develop --editable --build-directory /home/foka/ros2_humble2/build/sensor_thermometer/build --no-deps symlink_data
