[1.364s] DEBUG:colcon:Command line arguments: ['/usr/bin/colcon', 'build', '--packages-select', 'autopilot']
[1.365s] DEBUG:colcon:Parsed command line arguments: Namespace(log_base=None, log_level=None, verb_name='build', build_base='build', install_base='install', merge_install=False, symlink_install=False, test_result_base=None, continue_on_error=False, executor='parallel', parallel_workers=4, event_handlers=None, ignore_user_meta=False, metas=['./colcon.meta'], base_paths=['.'], packages_ignore=None, packages_ignore_regex=None, paths=None, packages_up_to=None, packages_up_to_regex=None, packages_above=None, packages_above_and_dependencies=None, packages_above_depth=None, packages_select_by_dep=None, packages_skip_by_dep=None, packages_skip_up_to=None, packages_select_build_failed=False, packages_skip_build_finished=False, packages_select_test_failures=False, packages_skip_test_passed=False, packages_select=['autopilot'], packages_skip=None, packages_select_regex=None, packages_skip_regex=None, packages_start=None, packages_end=None, allow_overriding=[], cmake_args=None, cmake_target=None, cmake_target_skip_unavailable=False, cmake_clean_cache=False, cmake_clean_first=False, cmake_force_configure=False, ament_cmake_args=None, catkin_cmake_args=None, catkin_skip_building_tests=False, verb_parser=<colcon_defaults.argument_parser.defaults.DefaultArgumentsDecorator object at 0xffff92236d40>, verb_extension=<colcon_core.verb.build.BuildVerb object at 0xffff923f4bb0>, main=<bound method BuildVerb.main of <colcon_core.verb.build.BuildVerb object at 0xffff923f4bb0>>)
[3.713s] Level 1:colcon.colcon_core.package_discovery:discover_packages(colcon_meta) check parameters
[3.715s] Level 1:colcon.colcon_core.package_discovery:discover_packages(recursive) check parameters
[3.715s] Level 1:colcon.colcon_core.package_discovery:discover_packages(ignore) check parameters
[3.715s] Level 1:colcon.colcon_core.package_discovery:discover_packages(path) check parameters
[3.716s] Level 1:colcon.colcon_core.package_discovery:discover_packages(colcon_meta) discover
[3.716s] Level 1:colcon.colcon_core.package_discovery:discover_packages(recursive) discover
[3.717s] INFO:colcon.colcon_core.package_discovery:Crawling recursively for packages in '/home/foka/ros2_humble2'
[3.719s] Level 1:colcon.colcon_core.package_identification:_identify(.) by extensions ['ignore', 'ignore_ament_install']
[3.720s] Level 1:colcon.colcon_core.package_identification:_identify(.) by extension 'ignore'
[3.721s] Level 1:colcon.colcon_core.package_identification:_identify(.) by extension 'ignore_ament_install'
[3.722s] Level 1:colcon.colcon_core.package_identification:_identify(.) by extensions ['colcon_pkg']
[3.722s] Level 1:colcon.colcon_core.package_identification:_identify(.) by extension 'colcon_pkg'
[3.723s] Level 1:colcon.colcon_core.package_identification:_identify(.) by extensions ['colcon_meta']
[3.723s] Level 1:colcon.colcon_core.package_identification:_identify(.) by extension 'colcon_meta'
[3.724s] Level 1:colcon.colcon_core.package_identification:_identify(.) by extensions ['ros']
[3.724s] Level 1:colcon.colcon_core.package_identification:_identify(.) by extension 'ros'
[3.848s] Level 1:colcon.colcon_core.package_identification:_identify(.) by extensions ['cmake', 'python']
[3.849s] Level 1:colcon.colcon_core.package_identification:_identify(.) by extension 'cmake'
[3.849s] Level 1:colcon.colcon_core.package_identification:_identify(.) by extension 'python'
[3.850s] Level 1:colcon.colcon_core.package_identification:_identify(.) by extensions ['python_setup_py']
[3.850s] Level 1:colcon.colcon_core.package_identification:_identify(.) by extension 'python_setup_py'
[3.852s] Level 1:colcon.colcon_core.package_identification:_identify(build) by extensions ['ignore', 'ignore_ament_install']
[3.853s] Level 1:colcon.colcon_core.package_identification:_identify(build) by extension 'ignore'
[3.854s] Level 1:colcon.colcon_core.package_identification:_identify(build) ignored
[3.856s] Level 1:colcon.colcon_core.package_identification:_identify(data) by extensions ['ignore', 'ignore_ament_install']
[3.857s] Level 1:colcon.colcon_core.package_identification:_identify(data) by extension 'ignore'
[3.857s] Level 1:colcon.colcon_core.package_identification:_identify(data) by extension 'ignore_ament_install'
[3.858s] Level 1:colcon.colcon_core.package_identification:_identify(data) by extensions ['colcon_pkg']
[3.858s] Level 1:colcon.colcon_core.package_identification:_identify(data) by extension 'colcon_pkg'
[3.859s] Level 1:colcon.colcon_core.package_identification:_identify(data) by extensions ['colcon_meta']
[3.859s] Level 1:colcon.colcon_core.package_identification:_identify(data) by extension 'colcon_meta'
[3.860s] Level 1:colcon.colcon_core.package_identification:_identify(data) by extensions ['ros']
[3.860s] Level 1:colcon.colcon_core.package_identification:_identify(data) by extension 'ros'
[3.861s] Level 1:colcon.colcon_core.package_identification:_identify(data) by extensions ['cmake', 'python']
[3.862s] Level 1:colcon.colcon_core.package_identification:_identify(data) by extension 'cmake'
[3.862s] Level 1:colcon.colcon_core.package_identification:_identify(data) by extension 'python'
[3.863s] Level 1:colcon.colcon_core.package_identification:_identify(data) by extensions ['python_setup_py']
[3.863s] Level 1:colcon.colcon_core.package_identification:_identify(data) by extension 'python_setup_py'
[3.865s] Level 1:colcon.colcon_core.package_identification:_identify(install) by extensions ['ignore', 'ignore_ament_install']
[3.866s] Level 1:colcon.colcon_core.package_identification:_identify(install) by extension 'ignore'
[3.866s] Level 1:colcon.colcon_core.package_identification:_identify(install) ignored
[3.872s] Level 1:colcon.colcon_core.package_identification:_identify(log) by extensions ['ignore', 'ignore_ament_install']
[3.873s] Level 1:colcon.colcon_core.package_identification:_identify(log) by extension 'ignore'
[3.874s] Level 1:colcon.colcon_core.package_identification:_identify(log) ignored
[3.875s] Level 1:colcon.colcon_core.package_identification:_identify(src) by extensions ['ignore', 'ignore_ament_install']
[3.876s] Level 1:colcon.colcon_core.package_identification:_identify(src) by extension 'ignore'
[3.877s] Level 1:colcon.colcon_core.package_identification:_identify(src) by extension 'ignore_ament_install'
[3.877s] Level 1:colcon.colcon_core.package_identification:_identify(src) by extensions ['colcon_pkg']
[3.878s] Level 1:colcon.colcon_core.package_identification:_identify(src) by extension 'colcon_pkg'
[3.878s] Level 1:colcon.colcon_core.package_identification:_identify(src) by extensions ['colcon_meta']
[3.879s] Level 1:colcon.colcon_core.package_identification:_identify(src) by extension 'colcon_meta'
[3.879s] Level 1:colcon.colcon_core.package_identification:_identify(src) by extensions ['ros']
[3.880s] Level 1:colcon.colcon_core.package_identification:_identify(src) by extension 'ros'
[3.881s] Level 1:colcon.colcon_core.package_identification:_identify(src) by extensions ['cmake', 'python']
[3.881s] Level 1:colcon.colcon_core.package_identification:_identify(src) by extension 'cmake'
[3.881s] Level 1:colcon.colcon_core.package_identification:_identify(src) by extension 'python'
[3.882s] Level 1:colcon.colcon_core.package_identification:_identify(src) by extensions ['python_setup_py']
[3.882s] Level 1:colcon.colcon_core.package_identification:_identify(src) by extension 'python_setup_py'
[3.884s] Level 1:colcon.colcon_core.package_identification:_identify(src/aggregator) by extensions ['ignore', 'ignore_ament_install']
[3.885s] Level 1:colcon.colcon_core.package_identification:_identify(src/aggregator) by extension 'ignore'
[3.885s] Level 1:colcon.colcon_core.package_identification:_identify(src/aggregator) by extension 'ignore_ament_install'
[3.886s] Level 1:colcon.colcon_core.package_identification:_identify(src/aggregator) by extensions ['colcon_pkg']
[3.886s] Level 1:colcon.colcon_core.package_identification:_identify(src/aggregator) by extension 'colcon_pkg'
[3.887s] Level 1:colcon.colcon_core.package_identification:_identify(src/aggregator) by extensions ['colcon_meta']
[3.887s] Level 1:colcon.colcon_core.package_identification:_identify(src/aggregator) by extension 'colcon_meta'
[3.888s] Level 1:colcon.colcon_core.package_identification:_identify(src/aggregator) by extensions ['ros']
[3.888s] Level 1:colcon.colcon_core.package_identification:_identify(src/aggregator) by extension 'ros'
[3.910s] DEBUG:colcon.colcon_core.package_identification:Package 'src/aggregator' with type 'ros.ament_python' and name 'aggregator'
[3.912s] Level 1:colcon.colcon_core.package_identification:_identify(src/autopilot) by extensions ['ignore', 'ignore_ament_install']
[3.913s] Level 1:colcon.colcon_core.package_identification:_identify(src/autopilot) by extension 'ignore'
[3.914s] Level 1:colcon.colcon_core.package_identification:_identify(src/autopilot) by extension 'ignore_ament_install'
[3.914s] Level 1:colcon.colcon_core.package_identification:_identify(src/autopilot) by extensions ['colcon_pkg']
[3.915s] Level 1:colcon.colcon_core.package_identification:_identify(src/autopilot) by extension 'colcon_pkg'
[3.915s] Level 1:colcon.colcon_core.package_identification:_identify(src/autopilot) by extensions ['colcon_meta']
[3.916s] Level 1:colcon.colcon_core.package_identification:_identify(src/autopilot) by extension 'colcon_meta'
[3.916s] Level 1:colcon.colcon_core.package_identification:_identify(src/autopilot) by extensions ['ros']
[3.917s] Level 1:colcon.colcon_core.package_identification:_identify(src/autopilot) by extension 'ros'
[3.922s] DEBUG:colcon.colcon_core.package_identification:Package 'src/autopilot' with type 'ros.ament_python' and name 'autopilot'
[3.923s] Level 1:colcon.colcon_core.package_identification:_identify(src/msg_interfaces) by extensions ['ignore', 'ignore_ament_install']
[3.924s] Level 1:colcon.colcon_core.package_identification:_identify(src/msg_interfaces) by extension 'ignore'
[3.925s] Level 1:colcon.colcon_core.package_identification:_identify(src/msg_interfaces) by extension 'ignore_ament_install'
[3.925s] Level 1:colcon.colcon_core.package_identification:_identify(src/msg_interfaces) by extensions ['colcon_pkg']
[3.926s] Level 1:colcon.colcon_core.package_identification:_identify(src/msg_interfaces) by extension 'colcon_pkg'
[3.926s] Level 1:colcon.colcon_core.package_identification:_identify(src/msg_interfaces) by extensions ['colcon_meta']
[3.927s] Level 1:colcon.colcon_core.package_identification:_identify(src/msg_interfaces) by extension 'colcon_meta'
[3.928s] Level 1:colcon.colcon_core.package_identification:_identify(src/msg_interfaces) by extensions ['ros']
[3.928s] Level 1:colcon.colcon_core.package_identification:_identify(src/msg_interfaces) by extension 'ros'
[3.935s] DEBUG:colcon.colcon_core.package_identification:Package 'src/msg_interfaces' with type 'ros.ament_cmake' and name 'msg_interfaces'
[3.936s] Level 1:colcon.colcon_core.package_identification:_identify(src/saver) by extensions ['ignore', 'ignore_ament_install']
[3.937s] Level 1:colcon.colcon_core.package_identification:_identify(src/saver) by extension 'ignore'
[3.938s] Level 1:colcon.colcon_core.package_identification:_identify(src/saver) by extension 'ignore_ament_install'
[3.939s] Level 1:colcon.colcon_core.package_identification:_identify(src/saver) by extensions ['colcon_pkg']
[3.939s] Level 1:colcon.colcon_core.package_identification:_identify(src/saver) by extension 'colcon_pkg'
[3.940s] Level 1:colcon.colcon_core.package_identification:_identify(src/saver) by extensions ['colcon_meta']
[3.940s] Level 1:colcon.colcon_core.package_identification:_identify(src/saver) by extension 'colcon_meta'
[3.941s] Level 1:colcon.colcon_core.package_identification:_identify(src/saver) by extensions ['ros']
[3.941s] Level 1:colcon.colcon_core.package_identification:_identify(src/saver) by extension 'ros'
[3.946s] DEBUG:colcon.colcon_core.package_identification:Package 'src/saver' with type 'ros.ament_python' and name 'saver'
[3.948s] Level 1:colcon.colcon_core.package_identification:_identify(src/sensor_current) by extensions ['ignore', 'ignore_ament_install']
[3.948s] Level 1:colcon.colcon_core.package_identification:_identify(src/sensor_current) by extension 'ignore'
[3.949s] Level 1:colcon.colcon_core.package_identification:_identify(src/sensor_current) by extension 'ignore_ament_install'
[3.950s] Level 1:colcon.colcon_core.package_identification:_identify(src/sensor_current) by extensions ['colcon_pkg']
[3.950s] Level 1:colcon.colcon_core.package_identification:_identify(src/sensor_current) by extension 'colcon_pkg'
[3.951s] Level 1:colcon.colcon_core.package_identification:_identify(src/sensor_current) by extensions ['colcon_meta']
[3.951s] Level 1:colcon.colcon_core.package_identification:_identify(src/sensor_current) by extension 'colcon_meta'
[3.952s] Level 1:colcon.colcon_core.package_identification:_identify(src/sensor_current) by extensions ['ros']
[3.952s] Level 1:colcon.colcon_core.package_identification:_identify(src/sensor_current) by extension 'ros'
[3.958s] DEBUG:colcon.colcon_core.package_identification:Package 'src/sensor_current' with type 'ros.ament_python' and name 'sensor_current'
[3.959s] Level 1:colcon.colcon_core.package_identification:_identify(src/sensor_depth) by extensions ['ignore', 'ignore_ament_install']
[3.960s] Level 1:colcon.colcon_core.package_identification:_identify(src/sensor_depth) by extension 'ignore'
[3.961s] Level 1:colcon.colcon_core.package_identification:_identify(src/sensor_depth) by extension 'ignore_ament_install'
[3.962s] Level 1:colcon.colcon_core.package_identification:_identify(src/sensor_depth) by extensions ['colcon_pkg']
[3.963s] Level 1:colcon.colcon_core.package_identification:_identify(src/sensor_depth) by extension 'colcon_pkg'
[3.963s] Level 1:colcon.colcon_core.package_identification:_identify(src/sensor_depth) by extensions ['colcon_meta']
[3.964s] Level 1:colcon.colcon_core.package_identification:_identify(src/sensor_depth) by extension 'colcon_meta'
[3.965s] Level 1:colcon.colcon_core.package_identification:_identify(src/sensor_depth) by extensions ['ros']
[3.965s] Level 1:colcon.colcon_core.package_identification:_identify(src/sensor_depth) by extension 'ros'
[3.971s] DEBUG:colcon.colcon_core.package_identification:Package 'src/sensor_depth' with type 'ros.ament_python' and name 'sensor_depth'
[3.972s] Level 1:colcon.colcon_core.package_identification:_identify(src/sensor_gps) by extensions ['ignore', 'ignore_ament_install']
[3.973s] Level 1:colcon.colcon_core.package_identification:_identify(src/sensor_gps) by extension 'ignore'
[3.974s] Level 1:colcon.colcon_core.package_identification:_identify(src/sensor_gps) by extension 'ignore_ament_install'
[3.975s] Level 1:colcon.colcon_core.package_identification:_identify(src/sensor_gps) by extensions ['colcon_pkg']
[3.975s] Level 1:colcon.colcon_core.package_identification:_identify(src/sensor_gps) by extension 'colcon_pkg'
[3.976s] Level 1:colcon.colcon_core.package_identification:_identify(src/sensor_gps) by extensions ['colcon_meta']
[3.976s] Level 1:colcon.colcon_core.package_identification:_identify(src/sensor_gps) by extension 'colcon_meta'
[3.977s] Level 1:colcon.colcon_core.package_identification:_identify(src/sensor_gps) by extensions ['ros']
[3.978s] Level 1:colcon.colcon_core.package_identification:_identify(src/sensor_gps) by extension 'ros'
[3.983s] DEBUG:colcon.colcon_core.package_identification:Package 'src/sensor_gps' with type 'ros.ament_python' and name 'sensor_gps'
[3.985s] Level 1:colcon.colcon_core.package_identification:_identify(src/sensor_imu_mag) by extensions ['ignore', 'ignore_ament_install']
[3.986s] Level 1:colcon.colcon_core.package_identification:_identify(src/sensor_imu_mag) by extension 'ignore'
[3.987s] Level 1:colcon.colcon_core.package_identification:_identify(src/sensor_imu_mag) by extension 'ignore_ament_install'
[3.988s] Level 1:colcon.colcon_core.package_identification:_identify(src/sensor_imu_mag) by extensions ['colcon_pkg']
[3.988s] Level 1:colcon.colcon_core.package_identification:_identify(src/sensor_imu_mag) by extension 'colcon_pkg'
[3.989s] Level 1:colcon.colcon_core.package_identification:_identify(src/sensor_imu_mag) by extensions ['colcon_meta']
[3.989s] Level 1:colcon.colcon_core.package_identification:_identify(src/sensor_imu_mag) by extension 'colcon_meta'
[3.990s] Level 1:colcon.colcon_core.package_identification:_identify(src/sensor_imu_mag) by extensions ['ros']
[3.990s] Level 1:colcon.colcon_core.package_identification:_identify(src/sensor_imu_mag) by extension 'ros'
[3.996s] DEBUG:colcon.colcon_core.package_identification:Package 'src/sensor_imu_mag' with type 'ros.ament_python' and name 'sensor_imu_mag'
[3.997s] Level 1:colcon.colcon_core.package_identification:_identify(src/sensor_ph) by extensions ['ignore', 'ignore_ament_install']
[3.999s] Level 1:colcon.colcon_core.package_identification:_identify(src/sensor_ph) by extension 'ignore'
[3.999s] Level 1:colcon.colcon_core.package_identification:_identify(src/sensor_ph) by extension 'ignore_ament_install'
[4.000s] Level 1:colcon.colcon_core.package_identification:_identify(src/sensor_ph) by extensions ['colcon_pkg']
[4.001s] Level 1:colcon.colcon_core.package_identification:_identify(src/sensor_ph) by extension 'colcon_pkg'
[4.001s] Level 1:colcon.colcon_core.package_identification:_identify(src/sensor_ph) by extensions ['colcon_meta']
[4.002s] Level 1:colcon.colcon_core.package_identification:_identify(src/sensor_ph) by extension 'colcon_meta'
[4.003s] Level 1:colcon.colcon_core.package_identification:_identify(src/sensor_ph) by extensions ['ros']
[4.003s] Level 1:colcon.colcon_core.package_identification:_identify(src/sensor_ph) by extension 'ros'
[4.009s] DEBUG:colcon.colcon_core.package_identification:Package 'src/sensor_ph' with type 'ros.ament_python' and name 'sensor_ph'
[4.011s] Level 1:colcon.colcon_core.package_identification:_identify(src/sensor_tds) by extensions ['ignore', 'ignore_ament_install']
[4.012s] Level 1:colcon.colcon_core.package_identification:_identify(src/sensor_tds) by extension 'ignore'
[4.012s] Level 1:colcon.colcon_core.package_identification:_identify(src/sensor_tds) by extension 'ignore_ament_install'
[4.013s] Level 1:colcon.colcon_core.package_identification:_identify(src/sensor_tds) by extensions ['colcon_pkg']
[4.013s] Level 1:colcon.colcon_core.package_identification:_identify(src/sensor_tds) by extension 'colcon_pkg'
[4.014s] Level 1:colcon.colcon_core.package_identification:_identify(src/sensor_tds) by extensions ['colcon_meta']
[4.014s] Level 1:colcon.colcon_core.package_identification:_identify(src/sensor_tds) by extension 'colcon_meta'
[4.015s] Level 1:colcon.colcon_core.package_identification:_identify(src/sensor_tds) by extensions ['ros']
[4.015s] Level 1:colcon.colcon_core.package_identification:_identify(src/sensor_tds) by extension 'ros'
[4.023s] DEBUG:colcon.colcon_core.package_identification:Package 'src/sensor_tds' with type 'ros.ament_python' and name 'sensor_tds'
[4.025s] Level 1:colcon.colcon_core.package_identification:_identify(src/sensor_thermometer) by extensions ['ignore', 'ignore_ament_install']
[4.026s] Level 1:colcon.colcon_core.package_identification:_identify(src/sensor_thermometer) by extension 'ignore'
[4.026s] Level 1:colcon.colcon_core.package_identification:_identify(src/sensor_thermometer) by extension 'ignore_ament_install'
[4.027s] Level 1:colcon.colcon_core.package_identification:_identify(src/sensor_thermometer) by extensions ['colcon_pkg']
[4.027s] Level 1:colcon.colcon_core.package_identification:_identify(src/sensor_thermometer) by extension 'colcon_pkg'
[4.028s] Level 1:colcon.colcon_core.package_identification:_identify(src/sensor_thermometer) by extensions ['colcon_meta']
[4.028s] Level 1:colcon.colcon_core.package_identification:_identify(src/sensor_thermometer) by extension 'colcon_meta'
[4.029s] Level 1:colcon.colcon_core.package_identification:_identify(src/sensor_thermometer) by extensions ['ros']
[4.029s] Level 1:colcon.colcon_core.package_identification:_identify(src/sensor_thermometer) by extension 'ros'
[4.034s] DEBUG:colcon.colcon_core.package_identification:Package 'src/sensor_thermometer' with type 'ros.ament_python' and name 'sensor_thermometer'
[4.036s] Level 1:colcon.colcon_core.package_identification:_identify(src/sensor_turbidity) by extensions ['ignore', 'ignore_ament_install']
[4.037s] Level 1:colcon.colcon_core.package_identification:_identify(src/sensor_turbidity) by extension 'ignore'
[4.038s] Level 1:colcon.colcon_core.package_identification:_identify(src/sensor_turbidity) by extension 'ignore_ament_install'
[4.038s] Level 1:colcon.colcon_core.package_identification:_identify(src/sensor_turbidity) by extensions ['colcon_pkg']
[4.039s] Level 1:colcon.colcon_core.package_identification:_identify(src/sensor_turbidity) by extension 'colcon_pkg'
[4.039s] Level 1:colcon.colcon_core.package_identification:_identify(src/sensor_turbidity) by extensions ['colcon_meta']
[4.040s] Level 1:colcon.colcon_core.package_identification:_identify(src/sensor_turbidity) by extension 'colcon_meta'
[4.040s] Level 1:colcon.colcon_core.package_identification:_identify(src/sensor_turbidity) by extensions ['ros']
[4.041s] Level 1:colcon.colcon_core.package_identification:_identify(src/sensor_turbidity) by extension 'ros'
[4.047s] DEBUG:colcon.colcon_core.package_identification:Package 'src/sensor_turbidity' with type 'ros.ament_python' and name 'sensor_turbidity'
[4.049s] Level 1:colcon.colcon_core.package_identification:_identify(src/sensor_voltage) by extensions ['ignore', 'ignore_ament_install']
[4.050s] Level 1:colcon.colcon_core.package_identification:_identify(src/sensor_voltage) by extension 'ignore'
[4.050s] Level 1:colcon.colcon_core.package_identification:_identify(src/sensor_voltage) by extension 'ignore_ament_install'
[4.051s] Level 1:colcon.colcon_core.package_identification:_identify(src/sensor_voltage) by extensions ['colcon_pkg']
[4.051s] Level 1:colcon.colcon_core.package_identification:_identify(src/sensor_voltage) by extension 'colcon_pkg'
[4.052s] Level 1:colcon.colcon_core.package_identification:_identify(src/sensor_voltage) by extensions ['colcon_meta']
[4.052s] Level 1:colcon.colcon_core.package_identification:_identify(src/sensor_voltage) by extension 'colcon_meta'
[4.053s] Level 1:colcon.colcon_core.package_identification:_identify(src/sensor_voltage) by extensions ['ros']
[4.053s] Level 1:colcon.colcon_core.package_identification:_identify(src/sensor_voltage) by extension 'ros'
[4.060s] DEBUG:colcon.colcon_core.package_identification:Package 'src/sensor_voltage' with type 'ros.ament_python' and name 'sensor_voltage'
[4.062s] Level 1:colcon.colcon_core.package_identification:_identify(src/system_launcher) by extensions ['ignore', 'ignore_ament_install']
[4.063s] Level 1:colcon.colcon_core.package_identification:_identify(src/system_launcher) by extension 'ignore'
[4.063s] Level 1:colcon.colcon_core.package_identification:_identify(src/system_launcher) by extension 'ignore_ament_install'
[4.064s] Level 1:colcon.colcon_core.package_identification:_identify(src/system_launcher) by extensions ['colcon_pkg']
[4.064s] Level 1:colcon.colcon_core.package_identification:_identify(src/system_launcher) by extension 'colcon_pkg'
[4.065s] Level 1:colcon.colcon_core.package_identification:_identify(src/system_launcher) by extensions ['colcon_meta']
[4.065s] Level 1:colcon.colcon_core.package_identification:_identify(src/system_launcher) by extension 'colcon_meta'
[4.066s] Level 1:colcon.colcon_core.package_identification:_identify(src/system_launcher) by extensions ['ros']
[4.066s] Level 1:colcon.colcon_core.package_identification:_identify(src/system_launcher) by extension 'ros'
[4.071s] DEBUG:colcon.colcon_core.package_identification:Package 'src/system_launcher' with type 'ros.ament_python' and name 'system_launcher'
[4.073s] Level 1:colcon.colcon_core.package_identification:_identify(src/telemetry) by extensions ['ignore', 'ignore_ament_install']
[4.074s] Level 1:colcon.colcon_core.package_identification:_identify(src/telemetry) by extension 'ignore'
[4.074s] Level 1:colcon.colcon_core.package_identification:_identify(src/telemetry) by extension 'ignore_ament_install'
[4.075s] Level 1:colcon.colcon_core.package_identification:_identify(src/telemetry) by extensions ['colcon_pkg']
[4.076s] Level 1:colcon.colcon_core.package_identification:_identify(src/telemetry) by extension 'colcon_pkg'
[4.076s] Level 1:colcon.colcon_core.package_identification:_identify(src/telemetry) by extensions ['colcon_meta']
[4.077s] Level 1:colcon.colcon_core.package_identification:_identify(src/telemetry) by extension 'colcon_meta'
[4.077s] Level 1:colcon.colcon_core.package_identification:_identify(src/telemetry) by extensions ['ros']
[4.078s] Level 1:colcon.colcon_core.package_identification:_identify(src/telemetry) by extension 'ros'
[4.083s] DEBUG:colcon.colcon_core.package_identification:Package 'src/telemetry' with type 'ros.ament_python' and name 'telemetry'
[4.084s] Level 1:colcon.colcon_core.package_identification:_identify(src/thruster_driver) by extensions ['ignore', 'ignore_ament_install']
[4.085s] Level 1:colcon.colcon_core.package_identification:_identify(src/thruster_driver) by extension 'ignore'
[4.086s] Level 1:colcon.colcon_core.package_identification:_identify(src/thruster_driver) by extension 'ignore_ament_install'
[4.086s] Level 1:colcon.colcon_core.package_identification:_identify(src/thruster_driver) by extensions ['colcon_pkg']
[4.087s] Level 1:colcon.colcon_core.package_identification:_identify(src/thruster_driver) by extension 'colcon_pkg'
[4.087s] Level 1:colcon.colcon_core.package_identification:_identify(src/thruster_driver) by extensions ['colcon_meta']
[4.088s] Level 1:colcon.colcon_core.package_identification:_identify(src/thruster_driver) by extension 'colcon_meta'
[4.088s] Level 1:colcon.colcon_core.package_identification:_identify(src/thruster_driver) by extensions ['ros']
[4.089s] Level 1:colcon.colcon_core.package_identification:_identify(src/thruster_driver) by extension 'ros'
[4.094s] DEBUG:colcon.colcon_core.package_identification:Package 'src/thruster_driver' with type 'ros.ament_python' and name 'thruster_driver'
[4.094s] Level 1:colcon.colcon_core.package_discovery:discover_packages(recursive) using defaults
[4.095s] Level 1:colcon.colcon_core.package_discovery:discover_packages(ignore) discover
[4.095s] Level 1:colcon.colcon_core.package_discovery:discover_packages(ignore) using defaults
[4.096s] Level 1:colcon.colcon_core.package_discovery:discover_packages(path) discover
[4.096s] Level 1:colcon.colcon_core.package_discovery:discover_packages(path) using defaults
[4.427s] INFO:colcon.colcon_core.package_selection:Skipping not selected package 'aggregator' in 'src/aggregator'
[4.428s] INFO:colcon.colcon_core.package_selection:Skipping not selected package 'msg_interfaces' in 'src/msg_interfaces'
[4.428s] INFO:colcon.colcon_core.package_selection:Skipping not selected package 'saver' in 'src/saver'
[4.429s] INFO:colcon.colcon_core.package_selection:Skipping not selected package 'sensor_current' in 'src/sensor_current'
[4.429s] INFO:colcon.colcon_core.package_selection:Skipping not selected package 'sensor_depth' in 'src/sensor_depth'
[4.429s] INFO:colcon.colcon_core.package_selection:Skipping not selected package 'sensor_gps' in 'src/sensor_gps'
[4.429s] INFO:colcon.colcon_core.package_selection:Skipping not selected package 'sensor_imu_mag' in 'src/sensor_imu_mag'
[4.430s] INFO:colcon.colcon_core.package_selection:Skipping not selected package 'sensor_thermometer' in 'src/sensor_thermometer'
[4.430s] INFO:colcon.colcon_core.package_selection:Skipping not selected package 'system_launcher' in 'src/system_launcher'
[4.430s] INFO:colcon.colcon_core.package_selection:Skipping not selected package 'telemetry' in 'src/telemetry'
[4.431s] INFO:colcon.colcon_core.package_selection:Skipping not selected package 'thruster_driver' in 'src/thruster_driver'
[4.431s] INFO:colcon.colcon_core.package_selection:Skipping not selected package 'sensor_ph' in 'src/sensor_ph'
[4.431s] INFO:colcon.colcon_core.package_selection:Skipping not selected package 'sensor_tds' in 'src/sensor_tds'
[4.432s] INFO:colcon.colcon_core.package_selection:Skipping not selected package 'sensor_turbidity' in 'src/sensor_turbidity'
[4.432s] INFO:colcon.colcon_core.package_selection:Skipping not selected package 'sensor_voltage' in 'src/sensor_voltage'
[4.436s] Level 1:colcon.colcon_core.package_discovery:discover_packages(prefix_path) check parameters
[4.437s] Level 1:colcon.colcon_core.package_discovery:discover_packages(prefix_path) discover
[4.475s] DEBUG:colcon.colcon_installed_package_information.package_discovery:Found 16 installed packages in /home/foka/ros2_humble2/install
[4.495s] DEBUG:colcon.colcon_installed_package_information.package_discovery:Found 181 installed packages in /opt/ros/humble
[4.507s] Level 1:colcon.colcon_core.package_discovery:discover_packages(prefix_path) using defaults
[4.832s] Level 5:colcon.colcon_core.verb:set package 'autopilot' build argument 'cmake_args' from command line to 'None'
[4.832s] Level 5:colcon.colcon_core.verb:set package 'autopilot' build argument 'cmake_target' from command line to 'None'
[4.832s] Level 5:colcon.colcon_core.verb:set package 'autopilot' build argument 'cmake_target_skip_unavailable' from command line to 'False'
[4.833s] Level 5:colcon.colcon_core.verb:set package 'autopilot' build argument 'cmake_clean_cache' from command line to 'False'
[4.833s] Level 5:colcon.colcon_core.verb:set package 'autopilot' build argument 'cmake_clean_first' from command line to 'False'
[4.833s] Level 5:colcon.colcon_core.verb:set package 'autopilot' build argument 'cmake_force_configure' from command line to 'False'
[4.834s] Level 5:colcon.colcon_core.verb:set package 'autopilot' build argument 'ament_cmake_args' from command line to 'None'
[4.834s] Level 5:colcon.colcon_core.verb:set package 'autopilot' build argument 'catkin_cmake_args' from command line to 'None'
[4.834s] Level 5:colcon.colcon_core.verb:set package 'autopilot' build argument 'catkin_skip_building_tests' from command line to 'False'
[4.835s] DEBUG:colcon.colcon_core.verb:Building package 'autopilot' with the following arguments: {'ament_cmake_args': None, 'build_base': '/home/foka/ros2_humble2/build/autopilot', 'catkin_cmake_args': None, 'catkin_skip_building_tests': False, 'cmake_args': None, 'cmake_clean_cache': False, 'cmake_clean_first': False, 'cmake_force_configure': False, 'cmake_target': None, 'cmake_target_skip_unavailable': False, 'install_base': '/home/foka/ros2_humble2/install/autopilot', 'merge_install': False, 'path': '/home/foka/ros2_humble2/src/autopilot', 'symlink_install': False, 'test_result_base': None}
[4.836s] INFO:colcon.colcon_core.executor:Executing jobs using 'parallel' executor
[4.844s] DEBUG:colcon.colcon_parallel_executor.executor.parallel:run_until_complete
[4.846s] INFO:colcon.colcon_ros.task.ament_python.build:Building ROS package in '/home/foka/ros2_humble2/src/autopilot' with build type 'ament_python'
[4.847s] Level 1:colcon.colcon_core.shell:create_environment_hook('autopilot', 'ament_prefix_path')
[4.882s] INFO:colcon.colcon_core.plugin_system:Skipping extension 'colcon_core.shell.bat': Not used on non-Windows systems
[4.885s] INFO:colcon.colcon_core.shell:Creating environment hook '/home/foka/ros2_humble2/install/autopilot/share/autopilot/hook/ament_prefix_path.ps1'
[4.891s] INFO:colcon.colcon_core.shell:Creating environment descriptor '/home/foka/ros2_humble2/install/autopilot/share/autopilot/hook/ament_prefix_path.dsv'
[4.897s] INFO:colcon.colcon_core.shell:Creating environment hook '/home/foka/ros2_humble2/install/autopilot/share/autopilot/hook/ament_prefix_path.sh'
[4.905s] INFO:colcon.colcon_core.shell:Skip shell extension 'powershell' for command environment: Not usable outside of PowerShell
[4.906s] DEBUG:colcon.colcon_core.shell:Skip shell extension 'dsv' for command environment
[8.462s] INFO:colcon.colcon_core.task.python.build:Building Python package in '/home/foka/ros2_humble2/src/autopilot'
[8.464s] INFO:colcon.colcon_core.shell:Skip shell extension 'powershell' for command environment: Not usable outside of PowerShell
[8.465s] DEBUG:colcon.colcon_core.shell:Skip shell extension 'dsv' for command environment
[13.555s] DEBUG:colcon.colcon_core.event_handler.log_command:Invoking command in '/home/foka/ros2_humble2/src/autopilot': PYTHONPATH=/home/foka/ros2_humble2/build/autopilot/prefix_override:/usr/lib/python3/dist-packages/colcon_core/task/python/colcon_distutils_commands:/home/foka/ros2_humble2/install/autopilot/lib/python3.10/site-packages:${PYTHONPATH} /usr/bin/python3 -W ignore:setup.py install is deprecated -W ignore:easy_install command is deprecated setup.py egg_info --egg-base ../../build/autopilot build --build-base /home/foka/ros2_humble2/build/autopilot/build install --record /home/foka/ros2_humble2/build/autopilot/install.log --single-version-externally-managed install_data
[17.645s] DEBUG:colcon.colcon_core.event_handler.log_command:Invoked command in '/home/foka/ros2_humble2/src/autopilot' returned '0': PYTHONPATH=/home/foka/ros2_humble2/build/autopilot/prefix_override:/usr/lib/python3/dist-packages/colcon_core/task/python/colcon_distutils_commands:/home/foka/ros2_humble2/install/autopilot/lib/python3.10/site-packages:${PYTHONPATH} /usr/bin/python3 -W ignore:setup.py install is deprecated -W ignore:easy_install command is deprecated setup.py egg_info --egg-base ../../build/autopilot build --build-base /home/foka/ros2_humble2/build/autopilot/build install --record /home/foka/ros2_humble2/build/autopilot/install.log --single-version-externally-managed install_data
[17.658s] Level 1:colcon.colcon_core.environment:checking '/home/foka/ros2_humble2/install/autopilot' for CMake module files
[17.662s] Level 1:colcon.colcon_core.environment:checking '/home/foka/ros2_humble2/install/autopilot' for CMake config files
[17.672s] Level 1:colcon.colcon_core.environment:checking '/home/foka/ros2_humble2/install/autopilot/lib'
[17.674s] Level 1:colcon.colcon_core.environment:checking '/home/foka/ros2_humble2/install/autopilot/bin'
[17.675s] Level 1:colcon.colcon_core.environment:checking '/home/foka/ros2_humble2/install/autopilot/lib/pkgconfig/autopilot.pc'
[17.678s] Level 1:colcon.colcon_core.environment:checking '/home/foka/ros2_humble2/install/autopilot/lib/python3.10/site-packages'
[17.678s] Level 1:colcon.colcon_core.shell:create_environment_hook('autopilot', 'pythonpath')
[17.681s] INFO:colcon.colcon_core.shell:Creating environment hook '/home/foka/ros2_humble2/install/autopilot/share/autopilot/hook/pythonpath.ps1'
[17.685s] INFO:colcon.colcon_core.shell:Creating environment descriptor '/home/foka/ros2_humble2/install/autopilot/share/autopilot/hook/pythonpath.dsv'
[17.690s] INFO:colcon.colcon_core.shell:Creating environment hook '/home/foka/ros2_humble2/install/autopilot/share/autopilot/hook/pythonpath.sh'
[17.696s] Level 1:colcon.colcon_core.environment:checking '/home/foka/ros2_humble2/install/autopilot/bin'
[17.697s] Level 1:colcon.colcon_core.environment:create_environment_scripts_only(autopilot)
[17.700s] INFO:colcon.colcon_core.shell:Creating package script '/home/foka/ros2_humble2/install/autopilot/share/autopilot/package.ps1'
[17.709s] INFO:colcon.colcon_core.shell:Creating package descriptor '/home/foka/ros2_humble2/install/autopilot/share/autopilot/package.dsv'
[17.715s] INFO:colcon.colcon_core.shell:Creating package script '/home/foka/ros2_humble2/install/autopilot/share/autopilot/package.sh'
[17.726s] INFO:colcon.colcon_core.shell:Creating package script '/home/foka/ros2_humble2/install/autopilot/share/autopilot/package.bash'
[17.735s] INFO:colcon.colcon_core.shell:Creating package script '/home/foka/ros2_humble2/install/autopilot/share/autopilot/package.zsh'
[17.745s] Level 1:colcon.colcon_core.environment:create_file_with_runtime_dependencies(/home/foka/ros2_humble2/install/autopilot/share/colcon-core/packages/autopilot)
[17.747s] DEBUG:colcon.colcon_parallel_executor.executor.parallel:closing loop
[17.752s] DEBUG:colcon.colcon_parallel_executor.executor.parallel:loop closed
[17.752s] DEBUG:colcon.colcon_parallel_executor.executor.parallel:run_until_complete finished with '0'
[17.753s] DEBUG:colcon.colcon_core.event_reactor:joining thread
[17.814s] INFO:colcon.colcon_core.plugin_system:Skipping extension 'colcon_notification.desktop_notification.notify_send': Could not find 'notify-send'
[17.815s] INFO:colcon.colcon_core.plugin_system:Skipping extension 'colcon_notification.desktop_notification.terminal_notifier': Not used on non-Darwin systems
[17.816s] INFO:colcon.colcon_core.plugin_system:Skipping extension 'colcon_notification.desktop_notification.win32': Not used on non-Windows systems
[17.817s] INFO:colcon.colcon_notification.desktop_notification:Sending desktop notification using 'notify2'
[17.824s] DEBUG:colcon.colcon_notification.desktop_notification.notify2:Failed to initialize notify2: org.freedesktop.DBus.Error.ServiceUnknown: The name org.freedesktop.Notifications was not provided by any .service files
[17.825s] DEBUG:colcon.colcon_core.event_reactor:joined thread
[17.828s] INFO:colcon.colcon_core.shell:Creating prefix script '/home/foka/ros2_humble2/install/local_setup.ps1'
[17.838s] INFO:colcon.colcon_core.shell:Creating prefix util module '/home/foka/ros2_humble2/install/_local_setup_util_ps1.py'
[17.855s] INFO:colcon.colcon_core.shell:Creating prefix chain script '/home/foka/ros2_humble2/install/setup.ps1'
[17.883s] INFO:colcon.colcon_core.shell:Creating prefix script '/home/foka/ros2_humble2/install/local_setup.sh'
[17.890s] INFO:colcon.colcon_core.shell:Creating prefix util module '/home/foka/ros2_humble2/install/_local_setup_util_sh.py'
[17.897s] INFO:colcon.colcon_core.shell:Creating prefix chain script '/home/foka/ros2_humble2/install/setup.sh'
[17.926s] INFO:colcon.colcon_core.shell:Creating prefix script '/home/foka/ros2_humble2/install/local_setup.bash'
[17.935s] INFO:colcon.colcon_core.shell:Creating prefix chain script '/home/foka/ros2_humble2/install/setup.bash'
[17.960s] INFO:colcon.colcon_core.shell:Creating prefix script '/home/foka/ros2_humble2/install/local_setup.zsh'
[17.968s] INFO:colcon.colcon_core.shell:Creating prefix chain script '/home/foka/ros2_humble2/install/setup.zsh'
