[7.702s] Invoking command in '/home/foka/ros2_humble2/src/system_launcher': PYTHONPATH=/home/foka/ros2_humble2/build/system_launcher/prefix_override:/usr/lib/python3/dist-packages/colcon_core/task/python/colcon_distutils_commands:/home/foka/ros2_humble2/install/system_launcher/lib/python3.10/site-packages:${PYTHONPATH} /usr/bin/python3 -W ignore:setup.py install is deprecated -W ignore:easy_install command is deprecated setup.py egg_info --egg-base ../../build/system_launcher build --build-base /home/foka/ros2_humble2/build/system_launcher/build install --record /home/foka/ros2_humble2/build/system_launcher/install.log --single-version-externally-managed install_data
[11.130s] running egg_info
[11.133s] writing ../../build/system_launcher/system_launcher.egg-info/PKG-INFO
[11.134s] writing dependency_links to ../../build/system_launcher/system_launcher.egg-info/dependency_links.txt
[11.135s] writing entry points to ../../build/system_launcher/system_launcher.egg-info/entry_points.txt
[11.136s] writing requirements to ../../build/system_launcher/system_launcher.egg-info/requires.txt
[11.137s] writing top-level names to ../../build/system_launcher/system_launcher.egg-info/top_level.txt
[11.146s] reading manifest file '../../build/system_launcher/system_launcher.egg-info/SOURCES.txt'
[11.150s] writing manifest file '../../build/system_launcher/system_launcher.egg-info/SOURCES.txt'
[11.150s] running build
[11.151s] running build_py
[11.152s] running install
[11.153s] running install_lib
[11.160s] running install_data
[11.161s] copying launch/launch_all.py -> /home/foka/ros2_humble2/install/system_launcher/share/system_launcher/launch
[11.162s] running install_egg_info
[11.170s] removing '/home/foka/ros2_humble2/install/system_launcher/lib/python3.10/site-packages/system_launcher-0.0.0-py3.10.egg-info' (and everything under it)
[11.172s] Copying ../../build/system_launcher/system_launcher.egg-info to /home/foka/ros2_humble2/install/system_launcher/lib/python3.10/site-packages/system_launcher-0.0.0-py3.10.egg-info
[11.180s] running install_scripts
[11.272s] writing list of installed files to '/home/foka/ros2_humble2/build/system_launcher/install.log'
[11.424s] Invoked command in '/home/foka/ros2_humble2/src/system_launcher' returned '0': PYTHONPATH=/home/foka/ros2_humble2/build/system_launcher/prefix_override:/usr/lib/python3/dist-packages/colcon_core/task/python/colcon_distutils_commands:/home/foka/ros2_humble2/install/system_launcher/lib/python3.10/site-packages:${PYTHONPATH} /usr/bin/python3 -W ignore:setup.py install is deprecated -W ignore:easy_install command is deprecated setup.py egg_info --egg-base ../../build/system_launcher build --build-base /home/foka/ros2_humble2/build/system_launcher/build install --record /home/foka/ros2_humble2/build/system_launcher/install.log --single-version-externally-managed install_data
