[3.898s] Invoking command in '/home/foka/ros2_humble2/src/system_launcher': PYTHONPATH=/home/foka/ros2_humble2/build/system_launcher/prefix_override:/usr/lib/python3/dist-packages/colcon_core/task/python/colcon_distutils_commands:/home/foka/ros2_humble2/install/system_launcher/lib/python3.10/site-packages:${PYTHONPATH} /usr/bin/python3 -W ignore:setup.py install is deprecated -W ignore:easy_install command is deprecated setup.py egg_info --egg-base ../../build/system_launcher build --build-base /home/foka/ros2_humble2/build/system_launcher/build install --record /home/foka/ros2_humble2/build/system_launcher/install.log --single-version-externally-managed install_data
[5.402s] running egg_info
[5.405s] writing ../../build/system_launcher/system_launcher.egg-info/PKG-INFO
[5.406s] writing dependency_links to ../../build/system_launcher/system_launcher.egg-info/dependency_links.txt
[5.409s] writing entry points to ../../build/system_launcher/system_launcher.egg-info/entry_points.txt
[5.410s] writing requirements to ../../build/system_launcher/system_launcher.egg-info/requires.txt
[5.413s] writing top-level names to ../../build/system_launcher/system_launcher.egg-info/top_level.txt
[5.419s] reading manifest file '../../build/system_launcher/system_launcher.egg-info/SOURCES.txt'
[5.423s] writing manifest file '../../build/system_launcher/system_launcher.egg-info/SOURCES.txt'
[5.424s] running build
[5.425s] running build_py
[5.426s] running install
[5.427s] running install_lib
[5.433s] running install_data
[5.434s] running install_egg_info
[5.442s] removing '/home/foka/ros2_humble2/install/system_launcher/lib/python3.10/site-packages/system_launcher-0.0.0-py3.10.egg-info' (and everything under it)
[5.444s] Copying ../../build/system_launcher/system_launcher.egg-info to /home/foka/ros2_humble2/install/system_launcher/lib/python3.10/site-packages/system_launcher-0.0.0-py3.10.egg-info
[5.451s] running install_scripts
[5.549s] Installing launch_all script to /home/foka/ros2_humble2/install/system_launcher/lib/system_launcher
[5.551s] writing list of installed files to '/home/foka/ros2_humble2/build/system_launcher/install.log'
[5.697s] Invoked command in '/home/foka/ros2_humble2/src/system_launcher' returned '0': PYTHONPATH=/home/foka/ros2_humble2/build/system_launcher/prefix_override:/usr/lib/python3/dist-packages/colcon_core/task/python/colcon_distutils_commands:/home/foka/ros2_humble2/install/system_launcher/lib/python3.10/site-packages:${PYTHONPATH} /usr/bin/python3 -W ignore:setup.py install is deprecated -W ignore:easy_install command is deprecated setup.py egg_info --egg-base ../../build/system_launcher build --build-base /home/foka/ros2_humble2/build/system_launcher/build install --record /home/foka/ros2_humble2/build/system_launcher/install.log --single-version-externally-managed install_data
