[12.411s] Invoking command in '/home/foka/ros2_humble2/build/sensor_tds': AMENT_PREFIX_PATH=/home/foka/ros2_humble2/install/system_launcher:/home/foka/ros2_humble2/install/sensor_gps:/home/foka/ros2_humble2/install/telemetry:/home/foka/ros2_humble2/install/sensor_voltage:/home/foka/ros2_humble2/install/sensor_turbidity:/home/foka/ros2_humble2/install/sensor_tds:/home/foka/ros2_humble2/install/sensor_ph:/home/foka/ros2_humble2/install/sensor_thermometer:/home/foka/ros2_humble2/install/saver:/home/foka/ros2_humble2/install/msg_interfaces:/home/foka/ros2_humble2/install/aggregator:/opt/ros/humble PYTHONPATH=/home/foka/ros2_humble2/build/sensor_tds/prefix_override:/usr/lib/python3/dist-packages/colcon_core/task/python/colcon_distutils_commands:/home/foka/ros2_humble2/install/sensor_tds/lib/python3.10/site-packages:/home/foka/ros2_humble2/build/system_launcher:/home/foka/ros2_humble2/install/system_launcher/lib/python3.10/site-packages:/home/foka/ros2_humble2/install/sensor_gps/lib/python3.10/site-packages:/home/foka/ros2_humble2/build/telemetry:/home/foka/ros2_humble2/install/telemetry/lib/python3.10/site-packages:/home/foka/ros2_humble2/build/sensor_voltage:/home/foka/ros2_humble2/install/sensor_voltage/lib/python3.10/site-packages:/home/foka/ros2_humble2/build/sensor_turbidity:/home/foka/ros2_humble2/install/sensor_turbidity/lib/python3.10/site-packages:/home/foka/ros2_humble2/build/sensor_tds:/home/foka/ros2_humble2/install/sensor_tds/lib/python3.10/site-packages:/home/foka/ros2_humble2/build/sensor_ph:/home/foka/ros2_humble2/install/sensor_ph/lib/python3.10/site-packages:/home/foka/ros2_humble2/build/sensor_thermometer:/home/foka/ros2_humble2/install/sensor_thermometer/lib/python3.10/site-packages:/home/foka/ros2_humble2/build/saver:/home/foka/ros2_humble2/install/saver/lib/python3.10/site-packages:/home/foka/ros2_humble2/install/msg_interfaces/local/lib/python3.10/dist-packages:/home/foka/ros2_humble2/build/aggregator:/home/foka/ros2_humble2/install/aggregator/lib/python3.10/site-packages:/opt/ros/humble/lib/python3.10/site-packages:/opt/ros/humble/local/lib/python3.10/dist-packages /usr/bin/python3 -W ignore:setup.py install is deprecated -W ignore:easy_install command is deprecated setup.py develop --editable --build-directory /home/foka/ros2_humble2/build/sensor_tds/build --no-deps symlink_data
[15.688s] running develop
[18.023s] running egg_info
[18.025s] creating sensor_tds.egg-info
[18.028s] writing sensor_tds.egg-info/PKG-INFO
[18.031s] writing dependency_links to sensor_tds.egg-info/dependency_links.txt
[18.041s] writing entry points to sensor_tds.egg-info/entry_points.txt
[18.051s] writing requirements to sensor_tds.egg-info/requires.txt
[18.053s] writing top-level names to sensor_tds.egg-info/top_level.txt
[18.055s] writing manifest file 'sensor_tds.egg-info/SOURCES.txt'
[18.070s] reading manifest file 'sensor_tds.egg-info/SOURCES.txt'
[18.077s] writing manifest file 'sensor_tds.egg-info/SOURCES.txt'
[18.101s] running build_ext
[18.102s] Creating /home/foka/ros2_humble2/install/sensor_tds/lib/python3.10/site-packages/sensor-tds.egg-link (link to .)
[18.130s] Installing sensor_tds script to /home/foka/ros2_humble2/install/sensor_tds/lib/sensor_tds
[18.132s] 
[18.132s] Installed /home/foka/ros2_humble2/build/sensor_tds
[18.133s] running symlink_data
[18.134s] creating /home/foka/ros2_humble2/install/sensor_tds/share/ament_index
[18.135s] creating /home/foka/ros2_humble2/install/sensor_tds/share/ament_index/resource_index
[18.136s] creating /home/foka/ros2_humble2/install/sensor_tds/share/ament_index/resource_index/packages
[18.137s] symbolically linking /home/foka/ros2_humble2/build/sensor_tds/resource/sensor_tds -> /home/foka/ros2_humble2/install/sensor_tds/share/ament_index/resource_index/packages
[18.138s] symbolically linking /home/foka/ros2_humble2/build/sensor_tds/package.xml -> /home/foka/ros2_humble2/install/sensor_tds/share/sensor_tds
[18.367s] Invoked command in '/home/foka/ros2_humble2/build/sensor_tds' returned '0': AMENT_PREFIX_PATH=/home/foka/ros2_humble2/install/system_launcher:/home/foka/ros2_humble2/install/sensor_gps:/home/foka/ros2_humble2/install/telemetry:/home/foka/ros2_humble2/install/sensor_voltage:/home/foka/ros2_humble2/install/sensor_turbidity:/home/foka/ros2_humble2/install/sensor_tds:/home/foka/ros2_humble2/install/sensor_ph:/home/foka/ros2_humble2/install/sensor_thermometer:/home/foka/ros2_humble2/install/saver:/home/foka/ros2_humble2/install/msg_interfaces:/home/foka/ros2_humble2/install/aggregator:/opt/ros/humble PYTHONPATH=/home/foka/ros2_humble2/build/sensor_tds/prefix_override:/usr/lib/python3/dist-packages/colcon_core/task/python/colcon_distutils_commands:/home/foka/ros2_humble2/install/sensor_tds/lib/python3.10/site-packages:/home/foka/ros2_humble2/build/system_launcher:/home/foka/ros2_humble2/install/system_launcher/lib/python3.10/site-packages:/home/foka/ros2_humble2/install/sensor_gps/lib/python3.10/site-packages:/home/foka/ros2_humble2/build/telemetry:/home/foka/ros2_humble2/install/telemetry/lib/python3.10/site-packages:/home/foka/ros2_humble2/build/sensor_voltage:/home/foka/ros2_humble2/install/sensor_voltage/lib/python3.10/site-packages:/home/foka/ros2_humble2/build/sensor_turbidity:/home/foka/ros2_humble2/install/sensor_turbidity/lib/python3.10/site-packages:/home/foka/ros2_humble2/build/sensor_tds:/home/foka/ros2_humble2/install/sensor_tds/lib/python3.10/site-packages:/home/foka/ros2_humble2/build/sensor_ph:/home/foka/ros2_humble2/install/sensor_ph/lib/python3.10/site-packages:/home/foka/ros2_humble2/build/sensor_thermometer:/home/foka/ros2_humble2/install/sensor_thermometer/lib/python3.10/site-packages:/home/foka/ros2_humble2/build/saver:/home/foka/ros2_humble2/install/saver/lib/python3.10/site-packages:/home/foka/ros2_humble2/install/msg_interfaces/local/lib/python3.10/dist-packages:/home/foka/ros2_humble2/build/aggregator:/home/foka/ros2_humble2/install/aggregator/lib/python3.10/site-packages:/opt/ros/humble/lib/python3.10/site-packages:/opt/ros/humble/local/lib/python3.10/dist-packages /usr/bin/python3 -W ignore:setup.py install is deprecated -W ignore:easy_install command is deprecated setup.py develop --editable --build-directory /home/foka/ros2_humble2/build/sensor_tds/build --no-deps symlink_data
