[8.467s] Invoking command in '/home/foka/ros2_humble2/build/sensor_turbidity': AMENT_PREFIX_PATH=/home/foka/ros2_humble2/install/system_launcher:/home/foka/ros2_humble2/install/sensor_gps:/home/foka/ros2_humble2/install/telemetry:/home/foka/ros2_humble2/install/sensor_voltage:/home/foka/ros2_humble2/install/sensor_turbidity:/home/foka/ros2_humble2/install/sensor_tds:/home/foka/ros2_humble2/install/sensor_ph:/home/foka/ros2_humble2/install/sensor_thermometer:/home/foka/ros2_humble2/install/saver:/home/foka/ros2_humble2/install/msg_interfaces:/home/foka/ros2_humble2/install/aggregator:/opt/ros/humble PYTHONPATH=/home/foka/ros2_humble2/build/sensor_turbidity/prefix_override:/usr/lib/python3/dist-packages/colcon_core/task/python/colcon_distutils_commands:/home/foka/ros2_humble2/install/sensor_turbidity/lib/python3.10/site-packages:/home/foka/ros2_humble2/build/system_launcher:/home/foka/ros2_humble2/install/system_launcher/lib/python3.10/site-packages:/home/foka/ros2_humble2/install/sensor_gps/lib/python3.10/site-packages:/home/foka/ros2_humble2/build/telemetry:/home/foka/ros2_humble2/install/telemetry/lib/python3.10/site-packages:/home/foka/ros2_humble2/build/sensor_voltage:/home/foka/ros2_humble2/install/sensor_voltage/lib/python3.10/site-packages:/home/foka/ros2_humble2/build/sensor_turbidity:/home/foka/ros2_humble2/install/sensor_turbidity/lib/python3.10/site-packages:/home/foka/ros2_humble2/build/sensor_tds:/home/foka/ros2_humble2/install/sensor_tds/lib/python3.10/site-packages:/home/foka/ros2_humble2/build/sensor_ph:/home/foka/ros2_humble2/install/sensor_ph/lib/python3.10/site-packages:/home/foka/ros2_humble2/build/sensor_thermometer:/home/foka/ros2_humble2/install/sensor_thermometer/lib/python3.10/site-packages:/home/foka/ros2_humble2/build/saver:/home/foka/ros2_humble2/install/saver/lib/python3.10/site-packages:/home/foka/ros2_humble2/install/msg_interfaces/local/lib/python3.10/dist-packages:/home/foka/ros2_humble2/build/aggregator:/home/foka/ros2_humble2/install/aggregator/lib/python3.10/site-packages:/opt/ros/humble/lib/python3.10/site-packages:/opt/ros/humble/local/lib/python3.10/dist-packages /usr/bin/python3 -W ignore:setup.py install is deprecated -W ignore:easy_install command is deprecated setup.py develop --editable --build-directory /home/foka/ros2_humble2/build/sensor_turbidity/build --no-deps symlink_data
[11.600s] running develop
[13.144s] running egg_info
[13.145s] creating sensor_turbidity.egg-info
[13.146s] writing sensor_turbidity.egg-info/PKG-INFO
[13.147s] writing dependency_links to sensor_turbidity.egg-info/dependency_links.txt
[13.148s] writing entry points to sensor_turbidity.egg-info/entry_points.txt
[13.149s] writing requirements to sensor_turbidity.egg-info/requires.txt
[13.151s] writing top-level names to sensor_turbidity.egg-info/top_level.txt
[13.152s] writing manifest file 'sensor_turbidity.egg-info/SOURCES.txt'
[13.160s] reading manifest file 'sensor_turbidity.egg-info/SOURCES.txt'
[13.163s] writing manifest file 'sensor_turbidity.egg-info/SOURCES.txt'
[13.174s] running build_ext
[13.175s] Creating /home/foka/ros2_humble2/install/sensor_turbidity/lib/python3.10/site-packages/sensor-turbidity.egg-link (link to .)
[13.181s] Installing sensor_turbidity script to /home/foka/ros2_humble2/install/sensor_turbidity/lib/sensor_turbidity
[13.183s] 
[13.184s] Installed /home/foka/ros2_humble2/build/sensor_turbidity
[13.185s] running symlink_data
[13.187s] creating /home/foka/ros2_humble2/install/sensor_turbidity/share/ament_index
[13.188s] creating /home/foka/ros2_humble2/install/sensor_turbidity/share/ament_index/resource_index
[13.189s] creating /home/foka/ros2_humble2/install/sensor_turbidity/share/ament_index/resource_index/packages
[13.191s] symbolically linking /home/foka/ros2_humble2/build/sensor_turbidity/resource/sensor_turbidity -> /home/foka/ros2_humble2/install/sensor_turbidity/share/ament_index/resource_index/packages
[13.192s] symbolically linking /home/foka/ros2_humble2/build/sensor_turbidity/package.xml -> /home/foka/ros2_humble2/install/sensor_turbidity/share/sensor_turbidity
[13.471s] Invoked command in '/home/foka/ros2_humble2/build/sensor_turbidity' returned '0': AMENT_PREFIX_PATH=/home/foka/ros2_humble2/install/system_launcher:/home/foka/ros2_humble2/install/sensor_gps:/home/foka/ros2_humble2/install/telemetry:/home/foka/ros2_humble2/install/sensor_voltage:/home/foka/ros2_humble2/install/sensor_turbidity:/home/foka/ros2_humble2/install/sensor_tds:/home/foka/ros2_humble2/install/sensor_ph:/home/foka/ros2_humble2/install/sensor_thermometer:/home/foka/ros2_humble2/install/saver:/home/foka/ros2_humble2/install/msg_interfaces:/home/foka/ros2_humble2/install/aggregator:/opt/ros/humble PYTHONPATH=/home/foka/ros2_humble2/build/sensor_turbidity/prefix_override:/usr/lib/python3/dist-packages/colcon_core/task/python/colcon_distutils_commands:/home/foka/ros2_humble2/install/sensor_turbidity/lib/python3.10/site-packages:/home/foka/ros2_humble2/build/system_launcher:/home/foka/ros2_humble2/install/system_launcher/lib/python3.10/site-packages:/home/foka/ros2_humble2/install/sensor_gps/lib/python3.10/site-packages:/home/foka/ros2_humble2/build/telemetry:/home/foka/ros2_humble2/install/telemetry/lib/python3.10/site-packages:/home/foka/ros2_humble2/build/sensor_voltage:/home/foka/ros2_humble2/install/sensor_voltage/lib/python3.10/site-packages:/home/foka/ros2_humble2/build/sensor_turbidity:/home/foka/ros2_humble2/install/sensor_turbidity/lib/python3.10/site-packages:/home/foka/ros2_humble2/build/sensor_tds:/home/foka/ros2_humble2/install/sensor_tds/lib/python3.10/site-packages:/home/foka/ros2_humble2/build/sensor_ph:/home/foka/ros2_humble2/install/sensor_ph/lib/python3.10/site-packages:/home/foka/ros2_humble2/build/sensor_thermometer:/home/foka/ros2_humble2/install/sensor_thermometer/lib/python3.10/site-packages:/home/foka/ros2_humble2/build/saver:/home/foka/ros2_humble2/install/saver/lib/python3.10/site-packages:/home/foka/ros2_humble2/install/msg_interfaces/local/lib/python3.10/dist-packages:/home/foka/ros2_humble2/build/aggregator:/home/foka/ros2_humble2/install/aggregator/lib/python3.10/site-packages:/opt/ros/humble/lib/python3.10/site-packages:/opt/ros/humble/local/lib/python3.10/dist-packages /usr/bin/python3 -W ignore:setup.py install is deprecated -W ignore:easy_install command is deprecated setup.py develop --editable --build-directory /home/foka/ros2_humble2/build/sensor_turbidity/build --no-deps symlink_data
