[3.112s] Invoking command in '/home/foka/ros2_humble2/build/system_launcher': PYTHONPATH=/home/foka/ros2_humble2/build/system_launcher/prefix_override:/usr/lib/python3/dist-packages/colcon_core/task/python/colcon_distutils_commands:/home/foka/ros2_humble2/install/system_launcher/lib/python3.10/site-packages:${PYTHONPATH} /usr/bin/python3 -W ignore:setup.py install is deprecated -W ignore:easy_install command is deprecated setup.py develop --editable --build-directory /home/foka/ros2_humble2/build/system_launcher/build --no-deps symlink_data --force
[4.405s] running develop
[5.160s] running egg_info
[5.161s] writing system_launcher.egg-info/PKG-INFO
[5.162s] writing dependency_links to system_launcher.egg-info/dependency_links.txt
[5.162s] writing entry points to system_launcher.egg-info/entry_points.txt
[5.163s] writing requirements to system_launcher.egg-info/requires.txt
[5.164s] writing top-level names to system_launcher.egg-info/top_level.txt
[5.171s] reading manifest file 'system_launcher.egg-info/SOURCES.txt'
[5.176s] writing manifest file 'system_launcher.egg-info/SOURCES.txt'
[5.184s] running build_ext
[5.184s] Creating /home/foka/ros2_humble2/install/system_launcher/lib/python3.10/site-packages/system-launcher.egg-link (link to .)
[5.189s] 
[5.189s] Installed /home/foka/ros2_humble2/build/system_launcher
[5.189s] running symlink_data
[5.190s] symbolically linking /home/foka/ros2_humble2/build/system_launcher/resource/system_launcher -> /home/foka/ros2_humble2/install/system_launcher/share/ament_index/resource_index/packages
[5.190s] symbolically linking /home/foka/ros2_humble2/build/system_launcher/package.xml -> /home/foka/ros2_humble2/install/system_launcher/share/system_launcher
[5.191s] symbolically linking /home/foka/ros2_humble2/build/system_launcher/launch/launch_all.py -> /home/foka/ros2_humble2/install/system_launcher/share/system_launcher/launch
[5.192s] symbolically linking /home/foka/ros2_humble2/build/system_launcher/config/system_config.yaml -> /home/foka/ros2_humble2/install/system_launcher/share/system_launcher/config
[5.324s] Invoked command in '/home/foka/ros2_humble2/build/system_launcher' returned '0': PYTHONPATH=/home/foka/ros2_humble2/build/system_launcher/prefix_override:/usr/lib/python3/dist-packages/colcon_core/task/python/colcon_distutils_commands:/home/foka/ros2_humble2/install/system_launcher/lib/python3.10/site-packages:${PYTHONPATH} /usr/bin/python3 -W ignore:setup.py install is deprecated -W ignore:easy_install command is deprecated setup.py develop --editable --build-directory /home/foka/ros2_humble2/build/system_launcher/build --no-deps symlink_data --force
