[3.261s] Invoking command in '/home/foka/ros2_humble2/src/system_launcher': PYTHONPATH=/home/foka/ros2_humble2/build/system_launcher/prefix_override:/usr/lib/python3/dist-packages/colcon_core/task/python/colcon_distutils_commands:/home/foka/ros2_humble2/install/system_launcher/lib/python3.10/site-packages:${PYTHONPATH} /usr/bin/python3 -W ignore:setup.py install is deprecated -W ignore:easy_install command is deprecated setup.py egg_info --egg-base ../../build/system_launcher build --build-base /home/foka/ros2_humble2/build/system_launcher/build install --record /home/foka/ros2_humble2/build/system_launcher/install.log --single-version-externally-managed install_data
[4.488s] running egg_info
[4.492s] writing ../../build/system_launcher/system_launcher.egg-info/PKG-INFO
[4.493s] writing dependency_links to ../../build/system_launcher/system_launcher.egg-info/dependency_links.txt
[4.494s] writing entry points to ../../build/system_launcher/system_launcher.egg-info/entry_points.txt
[4.495s] writing requirements to ../../build/system_launcher/system_launcher.egg-info/requires.txt
[4.495s] writing top-level names to ../../build/system_launcher/system_launcher.egg-info/top_level.txt
[4.503s] reading manifest file '../../build/system_launcher/system_launcher.egg-info/SOURCES.txt'
[4.506s] writing manifest file '../../build/system_launcher/system_launcher.egg-info/SOURCES.txt'
[4.507s] running build
[4.508s] running build_py
[4.509s] running install
[4.510s] running install_lib
[4.516s] running install_data
[4.517s] copying launch/launch_all.py -> /home/foka/ros2_humble2/install/system_launcher/share/system_launcher/launch
[4.518s] running install_egg_info
[4.526s] removing '/home/foka/ros2_humble2/install/system_launcher/lib/python3.10/site-packages/system_launcher-0.0.0-py3.10.egg-info' (and everything under it)
[4.528s] Copying ../../build/system_launcher/system_launcher.egg-info to /home/foka/ros2_humble2/install/system_launcher/lib/python3.10/site-packages/system_launcher-0.0.0-py3.10.egg-info
[4.534s] running install_scripts
[4.625s] writing list of installed files to '/home/foka/ros2_humble2/build/system_launcher/install.log'
[4.744s] Invoked command in '/home/foka/ros2_humble2/src/system_launcher' returned '0': PYTHONPATH=/home/foka/ros2_humble2/build/system_launcher/prefix_override:/usr/lib/python3/dist-packages/colcon_core/task/python/colcon_distutils_commands:/home/foka/ros2_humble2/install/system_launcher/lib/python3.10/site-packages:${PYTHONPATH} /usr/bin/python3 -W ignore:setup.py install is deprecated -W ignore:easy_install command is deprecated setup.py egg_info --egg-base ../../build/system_launcher build --build-base /home/foka/ros2_humble2/build/system_launcher/build install --record /home/foka/ros2_humble2/build/system_launcher/install.log --single-version-externally-managed install_data
