[3.052s] Invoking command in '/home/foka/ros2_humble2/src/aggregator': PYTHONPATH=/home/foka/ros2_humble2/build/aggregator/prefix_override:/usr/lib/python3/dist-packages/colcon_core/task/python/colcon_distutils_commands:/home/foka/ros2_humble2/install/aggregator/lib/python3.10/site-packages:${PYTHONPATH} /usr/bin/python3 -W ignore:setup.py install is deprecated -W ignore:easy_install command is deprecated setup.py egg_info --egg-base ../../build/aggregator build --build-base /home/foka/ros2_humble2/build/aggregator/build install --record /home/foka/ros2_humble2/build/aggregator/install.log --single-version-externally-managed install_data
[4.175s] running egg_info
[4.177s] writing ../../build/aggregator/aggregator.egg-info/PKG-INFO
[4.179s] writing dependency_links to ../../build/aggregator/aggregator.egg-info/dependency_links.txt
[4.180s] writing entry points to ../../build/aggregator/aggregator.egg-info/entry_points.txt
[4.181s] writing requirements to ../../build/aggregator/aggregator.egg-info/requires.txt
[4.181s] writing top-level names to ../../build/aggregator/aggregator.egg-info/top_level.txt
[4.189s] reading manifest file '../../build/aggregator/aggregator.egg-info/SOURCES.txt'
[4.193s] writing manifest file '../../build/aggregator/aggregator.egg-info/SOURCES.txt'
[4.193s] running build
[4.194s] running build_py
[4.195s] running install
[4.196s] running install_lib
[4.202s] running install_data
[4.203s] running install_egg_info
[4.210s] removing '/home/foka/ros2_humble2/install/aggregator/lib/python3.10/site-packages/aggregator-0.0.0-py3.10.egg-info' (and everything under it)
[4.212s] Copying ../../build/aggregator/aggregator.egg-info to /home/foka/ros2_humble2/install/aggregator/lib/python3.10/site-packages/aggregator-0.0.0-py3.10.egg-info
[4.217s] running install_scripts
[4.298s] Installing aggregator script to /home/foka/ros2_humble2/install/aggregator/lib/aggregator
[4.300s] writing list of installed files to '/home/foka/ros2_humble2/build/aggregator/install.log'
[4.419s] Invoked command in '/home/foka/ros2_humble2/src/aggregator' returned '0': PYTHONPATH=/home/foka/ros2_humble2/build/aggregator/prefix_override:/usr/lib/python3/dist-packages/colcon_core/task/python/colcon_distutils_commands:/home/foka/ros2_humble2/install/aggregator/lib/python3.10/site-packages:${PYTHONPATH} /usr/bin/python3 -W ignore:setup.py install is deprecated -W ignore:easy_install command is deprecated setup.py egg_info --egg-base ../../build/aggregator build --build-base /home/foka/ros2_humble2/build/aggregator/build install --record /home/foka/ros2_humble2/build/aggregator/install.log --single-version-externally-managed install_data
