[3.458s] Invoking command in '/home/foka/ros2_humble2/src/autopilot': PYTHONPATH=/home/foka/ros2_humble2/build/autopilot/prefix_override:/usr/lib/python3/dist-packages/colcon_core/task/python/colcon_distutils_commands:/home/foka/ros2_humble2/install/autopilot/lib/python3.10/site-packages:${PYTHONPATH} /usr/bin/python3 -W ignore:setup.py install is deprecated -W ignore:easy_install command is deprecated setup.py egg_info --egg-base ../../build/autopilot build --build-base /home/foka/ros2_humble2/build/autopilot/build install --record /home/foka/ros2_humble2/build/autopilot/install.log --single-version-externally-managed install_data
[4.739s] running egg_info
[4.743s] writing ../../build/autopilot/autopilot.egg-info/PKG-INFO
[4.744s] writing dependency_links to ../../build/autopilot/autopilot.egg-info/dependency_links.txt
[4.746s] writing entry points to ../../build/autopilot/autopilot.egg-info/entry_points.txt
[4.747s] writing requirements to ../../build/autopilot/autopilot.egg-info/requires.txt
[4.748s] writing top-level names to ../../build/autopilot/autopilot.egg-info/top_level.txt
[4.757s] reading manifest file '../../build/autopilot/autopilot.egg-info/SOURCES.txt'
[4.761s] writing manifest file '../../build/autopilot/autopilot.egg-info/SOURCES.txt'
[4.762s] running build
[4.763s] running build_py
[4.764s] copying autopilot/compass.py -> /home/foka/ros2_humble2/build/autopilot/build/lib/autopilot
[4.764s] copying autopilot/checkpoints.py -> /home/foka/ros2_humble2/build/autopilot/build/lib/autopilot
[4.766s] running install
[4.767s] running install_lib
[4.772s] copying /home/foka/ros2_humble2/build/autopilot/build/lib/autopilot/compass.py -> /home/foka/ros2_humble2/install/autopilot/lib/python3.10/site-packages/autopilot
[4.773s] copying /home/foka/ros2_humble2/build/autopilot/build/lib/autopilot/checkpoints.py -> /home/foka/ros2_humble2/install/autopilot/lib/python3.10/site-packages/autopilot
[4.777s] byte-compiling /home/foka/ros2_humble2/install/autopilot/lib/python3.10/site-packages/autopilot/compass.py to compass.cpython-310.pyc
[4.781s] byte-compiling /home/foka/ros2_humble2/install/autopilot/lib/python3.10/site-packages/autopilot/checkpoints.py to checkpoints.cpython-310.pyc
[4.789s] running install_data
[4.789s] running install_egg_info
[4.798s] removing '/home/foka/ros2_humble2/install/autopilot/lib/python3.10/site-packages/autopilot-0.0.0-py3.10.egg-info' (and everything under it)
[4.802s] Copying ../../build/autopilot/autopilot.egg-info to /home/foka/ros2_humble2/install/autopilot/lib/python3.10/site-packages/autopilot-0.0.0-py3.10.egg-info
[4.808s] running install_scripts
[4.901s] Installing checkpoints script to /home/foka/ros2_humble2/install/autopilot/lib/autopilot
[4.902s] Installing compass script to /home/foka/ros2_humble2/install/autopilot/lib/autopilot
[4.904s] writing list of installed files to '/home/foka/ros2_humble2/build/autopilot/install.log'
[5.018s] Invoked command in '/home/foka/ros2_humble2/src/autopilot' returned '0': PYTHONPATH=/home/foka/ros2_humble2/build/autopilot/prefix_override:/usr/lib/python3/dist-packages/colcon_core/task/python/colcon_distutils_commands:/home/foka/ros2_humble2/install/autopilot/lib/python3.10/site-packages:${PYTHONPATH} /usr/bin/python3 -W ignore:setup.py install is deprecated -W ignore:easy_install command is deprecated setup.py egg_info --egg-base ../../build/autopilot build --build-base /home/foka/ros2_humble2/build/autopilot/build install --record /home/foka/ros2_humble2/build/autopilot/install.log --single-version-externally-managed install_data
