running egg_info
writing ../../build/sensor_ph/sensor_ph.egg-info/PKG-INFO
writing dependency_links to ../../build/sensor_ph/sensor_ph.egg-info/dependency_links.txt
writing entry points to ../../build/sensor_ph/sensor_ph.egg-info/entry_points.txt
writing requirements to ../../build/sensor_ph/sensor_ph.egg-info/requires.txt
writing top-level names to ../../build/sensor_ph/sensor_ph.egg-info/top_level.txt
reading manifest file '../../build/sensor_ph/sensor_ph.egg-info/SOURCES.txt'
writing manifest file '../../build/sensor_ph/sensor_ph.egg-info/SOURCES.txt'
running build
running build_py
copying sensor_ph/sensor_ph.py -> /home/foka/ros2_humble2/build/sensor_ph/build/lib/sensor_ph
running install
running install_lib
copying /home/foka/ros2_humble2/build/sensor_ph/build/lib/sensor_ph/sensor_ph.py -> /home/foka/ros2_humble2/install/sensor_ph/lib/python3.10/site-packages/sensor_ph
byte-compiling /home/foka/ros2_humble2/install/sensor_ph/lib/python3.10/site-packages/sensor_ph/sensor_ph.py to sensor_ph.cpython-310.pyc
running install_data
running install_egg_info
removing '/home/foka/ros2_humble2/install/sensor_ph/lib/python3.10/site-packages/sensor_ph-0.0.0-py3.10.egg-info' (and everything under it)
Copying ../../build/sensor_ph/sensor_ph.egg-info to /home/foka/ros2_humble2/install/sensor_ph/lib/python3.10/site-packages/sensor_ph-0.0.0-py3.10.egg-info
running install_scripts
Installing sensor_ph script to /home/foka/ros2_humble2/install/sensor_ph/lib/sensor_ph
writing list of installed files to '/home/foka/ros2_humble2/build/sensor_ph/install.log'
