[8.820s] Invoking command in '/home/foka/ros2_humble2/src/autopilot': PYTHONPATH=/home/foka/ros2_humble2/build/autopilot/prefix_override:/usr/lib/python3/dist-packages/colcon_core/task/python/colcon_distutils_commands:/home/foka/ros2_humble2/install/autopilot/lib/python3.10/site-packages:${PYTHONPATH} /usr/bin/python3 -W ignore:setup.py install is deprecated -W ignore:easy_install command is deprecated setup.py egg_info --egg-base ../../build/autopilot build --build-base /home/foka/ros2_humble2/build/autopilot/build install --record /home/foka/ros2_humble2/build/autopilot/install.log --single-version-externally-managed install_data
[12.192s] running egg_info
[12.200s] writing ../../build/autopilot/autopilot.egg-info/PKG-INFO
[12.202s] writing dependency_links to ../../build/autopilot/autopilot.egg-info/dependency_links.txt
[12.206s] writing entry points to ../../build/autopilot/autopilot.egg-info/entry_points.txt
[12.209s] writing requirements to ../../build/autopilot/autopilot.egg-info/requires.txt
[12.211s] writing top-level names to ../../build/autopilot/autopilot.egg-info/top_level.txt
[12.230s] reading manifest file '../../build/autopilot/autopilot.egg-info/SOURCES.txt'
[12.240s] writing manifest file '../../build/autopilot/autopilot.egg-info/SOURCES.txt'
[12.242s] running build
[12.243s] running build_py
[12.245s] copying autopilot/compass.py -> /home/foka/ros2_humble2/build/autopilot/build/lib/autopilot
[12.251s] running install
[12.253s] running install_lib
[12.262s] copying /home/foka/ros2_humble2/build/autopilot/build/lib/autopilot/compass.py -> /home/foka/ros2_humble2/install/autopilot/lib/python3.10/site-packages/autopilot
[12.272s] byte-compiling /home/foka/ros2_humble2/install/autopilot/lib/python3.10/site-packages/autopilot/compass.py to compass.cpython-310.pyc
[12.282s] running install_data
[12.284s] running install_egg_info
[12.304s] removing '/home/foka/ros2_humble2/install/autopilot/lib/python3.10/site-packages/autopilot-0.0.0-py3.10.egg-info' (and everything under it)
[12.308s] Copying ../../build/autopilot/autopilot.egg-info to /home/foka/ros2_humble2/install/autopilot/lib/python3.10/site-packages/autopilot-0.0.0-py3.10.egg-info
[12.323s] running install_scripts
[12.562s] Installing azimuth script to /home/foka/ros2_humble2/install/autopilot/lib/autopilot
[12.564s] Installing checkpoints script to /home/foka/ros2_humble2/install/autopilot/lib/autopilot
[12.566s] Installing compass script to /home/foka/ros2_humble2/install/autopilot/lib/autopilot
[12.572s] writing list of installed files to '/home/foka/ros2_humble2/build/autopilot/install.log'
[12.800s] Invoked command in '/home/foka/ros2_humble2/src/autopilot' returned '0': PYTHONPATH=/home/foka/ros2_humble2/build/autopilot/prefix_override:/usr/lib/python3/dist-packages/colcon_core/task/python/colcon_distutils_commands:/home/foka/ros2_humble2/install/autopilot/lib/python3.10/site-packages:${PYTHONPATH} /usr/bin/python3 -W ignore:setup.py install is deprecated -W ignore:easy_install command is deprecated setup.py egg_info --egg-base ../../build/autopilot build --build-base /home/foka/ros2_humble2/build/autopilot/build install --record /home/foka/ros2_humble2/build/autopilot/install.log --single-version-externally-managed install_data
