[2.959s] Invoking command in '/home/foka/ros2_humble2/src/saver': PYTHONPATH=/home/foka/ros2_humble2/build/saver/prefix_override:/usr/lib/python3/dist-packages/colcon_core/task/python/colcon_distutils_commands:/home/foka/ros2_humble2/install/saver/lib/python3.10/site-packages:${PYTHONPATH} /usr/bin/python3 -W ignore:setup.py install is deprecated -W ignore:easy_install command is deprecated setup.py egg_info --egg-base ../../build/saver build --build-base /home/foka/ros2_humble2/build/saver/build install --record /home/foka/ros2_humble2/build/saver/install.log --single-version-externally-managed install_data
[4.079s] running egg_info
[4.081s] creating ../../build/saver/saver.egg-info
[4.082s] writing ../../build/saver/saver.egg-info/PKG-INFO
[4.083s] writing dependency_links to ../../build/saver/saver.egg-info/dependency_links.txt
[4.084s] writing entry points to ../../build/saver/saver.egg-info/entry_points.txt
[4.084s] writing requirements to ../../build/saver/saver.egg-info/requires.txt
[4.085s] writing top-level names to ../../build/saver/saver.egg-info/top_level.txt
[4.086s] writing manifest file '../../build/saver/saver.egg-info/SOURCES.txt'
[4.093s] reading manifest file '../../build/saver/saver.egg-info/SOURCES.txt'
[4.096s] writing manifest file '../../build/saver/saver.egg-info/SOURCES.txt'
[4.096s] running build
[4.097s] running build_py
[4.098s] creating /home/foka/ros2_humble2/build/saver/build
[4.098s] creating /home/foka/ros2_humble2/build/saver/build/lib
[4.099s] creating /home/foka/ros2_humble2/build/saver/build/lib/saver
[4.099s] copying saver/__init__.py -> /home/foka/ros2_humble2/build/saver/build/lib/saver
[4.099s] copying saver/saver.py -> /home/foka/ros2_humble2/build/saver/build/lib/saver
[4.100s] running install
[4.101s] running install_lib
[4.104s] creating /home/foka/ros2_humble2/install/saver/lib/python3.10/site-packages/saver
[4.104s] copying /home/foka/ros2_humble2/build/saver/build/lib/saver/__init__.py -> /home/foka/ros2_humble2/install/saver/lib/python3.10/site-packages/saver
[4.105s] copying /home/foka/ros2_humble2/build/saver/build/lib/saver/saver.py -> /home/foka/ros2_humble2/install/saver/lib/python3.10/site-packages/saver
[4.108s] byte-compiling /home/foka/ros2_humble2/install/saver/lib/python3.10/site-packages/saver/__init__.py to __init__.cpython-310.pyc
[4.110s] byte-compiling /home/foka/ros2_humble2/install/saver/lib/python3.10/site-packages/saver/saver.py to saver.cpython-310.pyc
[4.112s] running install_data
[4.113s] creating /home/foka/ros2_humble2/install/saver/share/ament_index
[4.113s] creating /home/foka/ros2_humble2/install/saver/share/ament_index/resource_index
[4.114s] creating /home/foka/ros2_humble2/install/saver/share/ament_index/resource_index/packages
[4.114s] copying resource/saver -> /home/foka/ros2_humble2/install/saver/share/ament_index/resource_index/packages
[4.115s] copying package.xml -> /home/foka/ros2_humble2/install/saver/share/saver
[4.115s] running install_egg_info
[4.122s] Copying ../../build/saver/saver.egg-info to /home/foka/ros2_humble2/install/saver/lib/python3.10/site-packages/saver-0.0.0-py3.10.egg-info
[4.128s] running install_scripts
[4.210s] Installing saver script to /home/foka/ros2_humble2/install/saver/lib/saver
[4.211s] writing list of installed files to '/home/foka/ros2_humble2/build/saver/install.log'
[4.331s] Invoked command in '/home/foka/ros2_humble2/src/saver' returned '0': PYTHONPATH=/home/foka/ros2_humble2/build/saver/prefix_override:/usr/lib/python3/dist-packages/colcon_core/task/python/colcon_distutils_commands:/home/foka/ros2_humble2/install/saver/lib/python3.10/site-packages:${PYTHONPATH} /usr/bin/python3 -W ignore:setup.py install is deprecated -W ignore:easy_install command is deprecated setup.py egg_info --egg-base ../../build/saver build --build-base /home/foka/ros2_humble2/build/saver/build install --record /home/foka/ros2_humble2/build/saver/install.log --single-version-externally-managed install_data
