[9.017s] Invoking command in '/home/foka/ros2_humble2/src/autopilot': PYTHONPATH=/home/foka/ros2_humble2/build/autopilot/prefix_override:/usr/lib/python3/dist-packages/colcon_core/task/python/colcon_distutils_commands:/home/foka/ros2_humble2/install/autopilot/lib/python3.10/site-packages:${PYTHONPATH} /usr/bin/python3 -W ignore:setup.py install is deprecated -W ignore:easy_install command is deprecated setup.py egg_info --egg-base ../../build/autopilot build --build-base /home/foka/ros2_humble2/build/autopilot/build install --record /home/foka/ros2_humble2/build/autopilot/install.log --single-version-externally-managed install_data
[12.631s] running egg_info
[12.638s] writing ../../build/autopilot/autopilot.egg-info/PKG-INFO
[12.641s] writing dependency_links to ../../build/autopilot/autopilot.egg-info/dependency_links.txt
[12.644s] writing entry points to ../../build/autopilot/autopilot.egg-info/entry_points.txt
[12.645s] writing requirements to ../../build/autopilot/autopilot.egg-info/requires.txt
[12.647s] writing top-level names to ../../build/autopilot/autopilot.egg-info/top_level.txt
[12.666s] reading manifest file '../../build/autopilot/autopilot.egg-info/SOURCES.txt'
[12.676s] writing manifest file '../../build/autopilot/autopilot.egg-info/SOURCES.txt'
[12.678s] running build
[12.679s] running build_py
[12.681s] copying autopilot/compass.py -> /home/foka/ros2_humble2/build/autopilot/build/lib/autopilot
[12.686s] running install
[12.689s] running install_lib
[12.697s] copying /home/foka/ros2_humble2/build/autopilot/build/lib/autopilot/compass.py -> /home/foka/ros2_humble2/install/autopilot/lib/python3.10/site-packages/autopilot
[12.709s] byte-compiling /home/foka/ros2_humble2/install/autopilot/lib/python3.10/site-packages/autopilot/compass.py to compass.cpython-310.pyc
[12.719s] running install_data
[12.721s] running install_egg_info
[12.743s] removing '/home/foka/ros2_humble2/install/autopilot/lib/python3.10/site-packages/autopilot-0.0.0-py3.10.egg-info' (and everything under it)
[12.748s] Copying ../../build/autopilot/autopilot.egg-info to /home/foka/ros2_humble2/install/autopilot/lib/python3.10/site-packages/autopilot-0.0.0-py3.10.egg-info
[12.764s] running install_scripts
[13.007s] Installing azimuth script to /home/foka/ros2_humble2/install/autopilot/lib/autopilot
[13.009s] Installing checkpoints script to /home/foka/ros2_humble2/install/autopilot/lib/autopilot
[13.011s] Installing compass script to /home/foka/ros2_humble2/install/autopilot/lib/autopilot
[13.016s] writing list of installed files to '/home/foka/ros2_humble2/build/autopilot/install.log'
[13.233s] Invoked command in '/home/foka/ros2_humble2/src/autopilot' returned '0': PYTHONPATH=/home/foka/ros2_humble2/build/autopilot/prefix_override:/usr/lib/python3/dist-packages/colcon_core/task/python/colcon_distutils_commands:/home/foka/ros2_humble2/install/autopilot/lib/python3.10/site-packages:${PYTHONPATH} /usr/bin/python3 -W ignore:setup.py install is deprecated -W ignore:easy_install command is deprecated setup.py egg_info --egg-base ../../build/autopilot build --build-base /home/foka/ros2_humble2/build/autopilot/build install --record /home/foka/ros2_humble2/build/autopilot/install.log --single-version-externally-managed install_data
