[3.273s] Invoking command in '/home/foka/ros2_humble2/src/telemetry': PYTHONPATH=/home/foka/ros2_humble2/build/telemetry/prefix_override:/usr/lib/python3/dist-packages/colcon_core/task/python/colcon_distutils_commands:/home/foka/ros2_humble2/install/telemetry/lib/python3.10/site-packages:${PYTHONPATH} /usr/bin/python3 -W ignore:setup.py install is deprecated -W ignore:easy_install command is deprecated setup.py egg_info --egg-base ../../build/telemetry build --build-base /home/foka/ros2_humble2/build/telemetry/build install --record /home/foka/ros2_humble2/build/telemetry/install.log --single-version-externally-managed install_data
[4.526s] running egg_info
[4.530s] writing ../../build/telemetry/telemetry.egg-info/PKG-INFO
[4.531s] writing dependency_links to ../../build/telemetry/telemetry.egg-info/dependency_links.txt
[4.532s] writing entry points to ../../build/telemetry/telemetry.egg-info/entry_points.txt
[4.532s] writing requirements to ../../build/telemetry/telemetry.egg-info/requires.txt
[4.533s] writing top-level names to ../../build/telemetry/telemetry.egg-info/top_level.txt
[4.542s] reading manifest file '../../build/telemetry/telemetry.egg-info/SOURCES.txt'
[4.545s] writing manifest file '../../build/telemetry/telemetry.egg-info/SOURCES.txt'
[4.546s] running build
[4.547s] running build_py
[4.549s] copying telemetry/LoRa_RaspberryPi/loralib.so -> /home/foka/ros2_humble2/build/telemetry/build/lib/telemetry/LoRa_RaspberryPi
[4.552s] running install
[4.553s] running install_lib
[4.558s] copying /home/foka/ros2_humble2/build/telemetry/build/lib/telemetry/LoRa_RaspberryPi/loralib.so -> /home/foka/ros2_humble2/install/telemetry/lib/python3.10/site-packages/telemetry/LoRa_RaspberryPi
[4.562s] running install_data
[4.563s] running install_egg_info
[4.571s] removing '/home/foka/ros2_humble2/install/telemetry/lib/python3.10/site-packages/telemetry-0.0.0-py3.10.egg-info' (and everything under it)
[4.573s] Copying ../../build/telemetry/telemetry.egg-info to /home/foka/ros2_humble2/install/telemetry/lib/python3.10/site-packages/telemetry-0.0.0-py3.10.egg-info
[4.579s] running install_scripts
[4.668s] Installing telemetry script to /home/foka/ros2_humble2/install/telemetry/lib/telemetry
[4.670s] writing list of installed files to '/home/foka/ros2_humble2/build/telemetry/install.log'
[4.784s] Invoked command in '/home/foka/ros2_humble2/src/telemetry' returned '0': PYTHONPATH=/home/foka/ros2_humble2/build/telemetry/prefix_override:/usr/lib/python3/dist-packages/colcon_core/task/python/colcon_distutils_commands:/home/foka/ros2_humble2/install/telemetry/lib/python3.10/site-packages:${PYTHONPATH} /usr/bin/python3 -W ignore:setup.py install is deprecated -W ignore:easy_install command is deprecated setup.py egg_info --egg-base ../../build/telemetry build --build-base /home/foka/ros2_humble2/build/telemetry/build install --record /home/foka/ros2_humble2/build/telemetry/install.log --single-version-externally-managed install_data
