[3.228s] Invoking command in '/home/foka/ros2_humble2/src/sensor_depth': PYTHONPATH=/home/foka/ros2_humble2/build/sensor_depth/prefix_override:/usr/lib/python3/dist-packages/colcon_core/task/python/colcon_distutils_commands:/home/foka/ros2_humble2/install/sensor_depth/lib/python3.10/site-packages:${PYTHONPATH} /usr/bin/python3 -W ignore:setup.py install is deprecated -W ignore:easy_install command is deprecated setup.py egg_info --egg-base ../../build/sensor_depth build --build-base /home/foka/ros2_humble2/build/sensor_depth/build install --record /home/foka/ros2_humble2/build/sensor_depth/install.log --single-version-externally-managed install_data
[4.435s] running egg_info
[4.437s] writing ../../build/sensor_depth/sensor_depth.egg-info/PKG-INFO
[4.438s] writing dependency_links to ../../build/sensor_depth/sensor_depth.egg-info/dependency_links.txt
[4.440s] writing entry points to ../../build/sensor_depth/sensor_depth.egg-info/entry_points.txt
[4.440s] writing requirements to ../../build/sensor_depth/sensor_depth.egg-info/requires.txt
[4.441s] writing top-level names to ../../build/sensor_depth/sensor_depth.egg-info/top_level.txt
[4.449s] reading manifest file '../../build/sensor_depth/sensor_depth.egg-info/SOURCES.txt'
[4.453s] writing manifest file '../../build/sensor_depth/sensor_depth.egg-info/SOURCES.txt'
[4.454s] running build
[4.454s] running build_py
[4.455s] copying sensor_depth/sensor_depth_driver.py -> /home/foka/ros2_humble2/build/sensor_depth/build/lib/sensor_depth
[4.457s] running install
[4.458s] running install_lib
[4.461s] copying /home/foka/ros2_humble2/build/sensor_depth/build/lib/sensor_depth/sensor_depth_driver.py -> /home/foka/ros2_humble2/install/sensor_depth/lib/python3.10/site-packages/sensor_depth
[4.465s] byte-compiling /home/foka/ros2_humble2/install/sensor_depth/lib/python3.10/site-packages/sensor_depth/sensor_depth_driver.py to sensor_depth_driver.cpython-310.pyc
[4.469s] running install_data
[4.469s] running install_egg_info
[4.477s] removing '/home/foka/ros2_humble2/install/sensor_depth/lib/python3.10/site-packages/sensor_depth-0.0.0-py3.10.egg-info' (and everything under it)
[4.478s] Copying ../../build/sensor_depth/sensor_depth.egg-info to /home/foka/ros2_humble2/install/sensor_depth/lib/python3.10/site-packages/sensor_depth-0.0.0-py3.10.egg-info
[4.484s] running install_scripts
[4.571s] Installing sensor_depth script to /home/foka/ros2_humble2/install/sensor_depth/lib/sensor_depth
[4.573s] writing list of installed files to '/home/foka/ros2_humble2/build/sensor_depth/install.log'
[4.684s] Invoked command in '/home/foka/ros2_humble2/src/sensor_depth' returned '0': PYTHONPATH=/home/foka/ros2_humble2/build/sensor_depth/prefix_override:/usr/lib/python3/dist-packages/colcon_core/task/python/colcon_distutils_commands:/home/foka/ros2_humble2/install/sensor_depth/lib/python3.10/site-packages:${PYTHONPATH} /usr/bin/python3 -W ignore:setup.py install is deprecated -W ignore:easy_install command is deprecated setup.py egg_info --egg-base ../../build/sensor_depth build --build-base /home/foka/ros2_humble2/build/sensor_depth/build install --record /home/foka/ros2_humble2/build/sensor_depth/install.log --single-version-externally-managed install_data
