[4.114s] Invoking command in '/home/foka/ros2_humble2/build/msg_interfaces': CMAKE_PREFIX_PATH=${CMAKE_PREFIX_PATH}:/home/foka/ros2_humble2/install/sensor_gps:/home/foka/ros2_humble2/install/telemetry:/home/foka/ros2_humble2/install/sensor_voltage:/home/foka/ros2_humble2/install/sensor_turbidity:/home/foka/ros2_humble2/install/sensor_tds:/home/foka/ros2_humble2/install/sensor_ph:/home/foka/ros2_humble2/install/system_launcher:/home/foka/ros2_humble2/install/sensor_thermometer:/home/foka/ros2_humble2/install/saver:/home/foka/ros2_humble2/install/aggregator:/opt/ros/humble /usr/bin/cmake /home/foka/ros2_humble2/src/msg_interfaces -DAMENT_CMAKE_SYMLINK_INSTALL=1 -DCMAKE_INSTALL_PREFIX=/home/foka/ros2_humble2/install/msg_interfaces
[4.547s] -- The C compiler identification is GNU 11.4.0
[4.900s] -- The CXX compiler identification is GNU 11.4.0
[4.947s] -- Detecting C compiler ABI info
[5.567s] -- Detecting C compiler ABI info - done
[5.600s] -- Check for working C compiler: /usr/bin/cc - skipped
[5.605s] -- Detecting C compile features
[5.610s] -- Detecting C compile features - done
[5.643s] -- Detecting CXX compiler ABI info
[6.227s] -- Detecting CXX compiler ABI info - done
[6.281s] -- Check for working CXX compiler: /usr/bin/c++ - skipped
[6.286s] -- Detecting CXX compile features
[6.291s] -- Detecting CXX compile features - done
[6.351s] -- Found ament_cmake: 1.3.11 (/opt/ros/humble/share/ament_cmake/cmake)
[8.194s] -- Found Python3: /usr/bin/python3 (found version "3.10.12") found components: Interpreter 
[8.863s] -- Override CMake install command with custom implementation using symlinks instead of copying resources
[9.259s] -- Found std_msgs: 4.8.0 (/opt/ros/humble/share/std_msgs/cmake)
[9.735s] -- Found rosidl_generator_c: 3.1.6 (/opt/ros/humble/share/rosidl_generator_c/cmake)
[9.793s] -- Found rosidl_adapter: 3.1.6 (/opt/ros/humble/share/rosidl_adapter/cmake)
[9.879s] -- Found rosidl_generator_cpp: 3.1.6 (/opt/ros/humble/share/rosidl_generator_cpp/cmake)
[10.094s] -- Using all available rosidl_typesupport_c: rosidl_typesupport_fastrtps_c;rosidl_typesupport_introspection_c
[10.421s] -- Using all available rosidl_typesupport_cpp: rosidl_typesupport_fastrtps_cpp;rosidl_typesupport_introspection_cpp
[10.825s] -- Found rosidl_default_generators: 1.2.0 (/opt/ros/humble/share/rosidl_default_generators/cmake)
[13.424s] -- Found ament_cmake_ros: 0.10.0 (/opt/ros/humble/share/ament_cmake_ros/cmake)
[16.521s] -- Using all available rosidl_typesupport_c: rosidl_typesupport_fastrtps_c;rosidl_typesupport_introspection_c
[17.590s] -- Using all available rosidl_typesupport_cpp: rosidl_typesupport_fastrtps_cpp;rosidl_typesupport_introspection_cpp
[17.819s] -- Found PythonInterp: /usr/bin/python3 (found suitable version "3.10.12", minimum required is "3.6") 
[17.843s] -- Found python_cmake_module: 0.10.0 (/opt/ros/humble/share/python_cmake_module/cmake)
[18.154s] -- Found PythonLibs: /usr/lib/aarch64-linux-gnu/libpython3.10.so (found suitable version "3.10.12", minimum required is "3.5") 
[18.157s] -- Using PYTHON_EXECUTABLE: /usr/bin/python3
[18.159s] -- Using PYTHON_INCLUDE_DIRS: /usr/include/python3.10
[18.161s] -- Using PYTHON_LIBRARIES: /usr/lib/aarch64-linux-gnu/libpython3.10.so
[18.437s] -- Found PythonExtra: .so  
[18.817s] -- Found ament_lint_auto: 0.12.12 (/opt/ros/humble/share/ament_lint_auto/cmake)
[19.173s] -- Added test 'lint_cmake' to check CMake code style
[19.189s] -- Added test 'xmllint' to check XML markup files
[19.274s] -- Configuring done
[19.751s] -- Generating done
[19.820s] -- Build files have been written to: /home/foka/ros2_humble2/build/msg_interfaces
[22.142s] Invoked command in '/home/foka/ros2_humble2/build/msg_interfaces' returned '0': CMAKE_PREFIX_PATH=${CMAKE_PREFIX_PATH}:/home/foka/ros2_humble2/install/sensor_gps:/home/foka/ros2_humble2/install/telemetry:/home/foka/ros2_humble2/install/sensor_voltage:/home/foka/ros2_humble2/install/sensor_turbidity:/home/foka/ros2_humble2/install/sensor_tds:/home/foka/ros2_humble2/install/sensor_ph:/home/foka/ros2_humble2/install/system_launcher:/home/foka/ros2_humble2/install/sensor_thermometer:/home/foka/ros2_humble2/install/saver:/home/foka/ros2_humble2/install/aggregator:/opt/ros/humble /usr/bin/cmake /home/foka/ros2_humble2/src/msg_interfaces -DAMENT_CMAKE_SYMLINK_INSTALL=1 -DCMAKE_INSTALL_PREFIX=/home/foka/ros2_humble2/install/msg_interfaces
[22.164s] Invoking command in '/home/foka/ros2_humble2/build/msg_interfaces': CMAKE_PREFIX_PATH=${CMAKE_PREFIX_PATH}:/home/foka/ros2_humble2/install/sensor_gps:/home/foka/ros2_humble2/install/telemetry:/home/foka/ros2_humble2/install/sensor_voltage:/home/foka/ros2_humble2/install/sensor_turbidity:/home/foka/ros2_humble2/install/sensor_tds:/home/foka/ros2_humble2/install/sensor_ph:/home/foka/ros2_humble2/install/system_launcher:/home/foka/ros2_humble2/install/sensor_thermometer:/home/foka/ros2_humble2/install/saver:/home/foka/ros2_humble2/install/aggregator:/opt/ros/humble /usr/bin/cmake --build /home/foka/ros2_humble2/build/msg_interfaces -- -j4 -l4
[22.665s] [  2%] [34m[1mGenerating C code for ROS interfaces[0m
[22.863s] [  5%] [34m[1mGenerating C++ code for ROS interfaces[0m
[23.089s] [  5%] Built target ament_cmake_python_symlink_msg_interfaces
[25.100s] [  5%] Built target msg_interfaces__cpp
[25.236s] [  7%] [34m[1mGenerating C++ type support dispatch for ROS interfaces[0m
[25.329s] [ 10%] [34m[1mGenerating C++ type support for eProsima Fast-RTPS[0m
[28.501s] [ 12%] [32mBuilding C object CMakeFiles/msg_interfaces__rosidl_generator_c.dir/rosidl_generator_c/msg_interfaces/msg/detail/sensor_data__functions.c.o[0m
[28.980s] running egg_info
[28.984s] creating msg_interfaces.egg-info
[28.991s] writing msg_interfaces.egg-info/PKG-INFO
[28.994s] writing dependency_links to msg_interfaces.egg-info/dependency_links.txt
[28.994s] writing top-level names to msg_interfaces.egg-info/top_level.txt
[28.995s] writing manifest file 'msg_interfaces.egg-info/SOURCES.txt'
[29.014s] reading manifest file 'msg_interfaces.egg-info/SOURCES.txt'
[29.021s] writing manifest file 'msg_interfaces.egg-info/SOURCES.txt'
[29.432s] [ 12%] Built target ament_cmake_python_build_msg_interfaces_egg
[29.497s] [ 15%] [32mBuilding C object CMakeFiles/msg_interfaces__rosidl_generator_c.dir/rosidl_generator_c/msg_interfaces/msg/detail/gps_data__functions.c.o[0m
[29.592s] [ 17%] [34m[1mGenerating C++ introspection for ROS interfaces[0m
[29.800s] [ 20%] [32mBuilding CXX object CMakeFiles/msg_interfaces__rosidl_typesupport_fastrtps_cpp.dir/rosidl_typesupport_fastrtps_cpp/msg_interfaces/msg/detail/dds_fastrtps/sensor_data__type_support.cpp.o[0m
[29.884s] [ 23%] [32mBuilding CXX object CMakeFiles/msg_interfaces__rosidl_typesupport_cpp.dir/rosidl_typesupport_cpp/msg_interfaces/msg/sensor_data__type_support.cpp.o[0m
[30.183s] [ 25%] [32m[1mLinking C shared library libmsg_interfaces__rosidl_generator_c.so[0m
[30.853s] [ 25%] Built target msg_interfaces__rosidl_generator_c
[30.958s] [ 28%] [34m[1mGenerating C type support for eProsima Fast-RTPS[0m
[32.283s] [ 30%] [32mBuilding CXX object CMakeFiles/msg_interfaces__rosidl_typesupport_introspection_cpp.dir/rosidl_typesupport_introspection_cpp/msg_interfaces/msg/detail/sensor_data__type_support.cpp.o[0m
[35.964s] [ 33%] [32mBuilding CXX object CMakeFiles/msg_interfaces__rosidl_typesupport_cpp.dir/rosidl_typesupport_cpp/msg_interfaces/msg/gps_data__type_support.cpp.o[0m
[36.428s] [ 35%] [32mBuilding CXX object CMakeFiles/msg_interfaces__rosidl_typesupport_fastrtps_c.dir/rosidl_typesupport_fastrtps_c/msg_interfaces/msg/detail/sensor_data__type_support_c.cpp.o[0m
[37.252s] [ 38%] [32mBuilding CXX object CMakeFiles/msg_interfaces__rosidl_typesupport_introspection_cpp.dir/rosidl_typesupport_introspection_cpp/msg_interfaces/msg/detail/gps_data__type_support.cpp.o[0m
[37.534s] [ 41%] [32mBuilding CXX object CMakeFiles/msg_interfaces__rosidl_typesupport_fastrtps_cpp.dir/rosidl_typesupport_fastrtps_cpp/msg_interfaces/msg/detail/dds_fastrtps/gps_data__type_support.cpp.o[0m
[39.122s] [ 43%] [32m[1mLinking CXX shared library libmsg_interfaces__rosidl_typesupport_cpp.so[0m
[39.921s] [ 43%] Built target msg_interfaces__rosidl_typesupport_cpp
[42.430s] [ 46%] [32mBuilding CXX object CMakeFiles/msg_interfaces__rosidl_typesupport_fastrtps_c.dir/rosidl_typesupport_fastrtps_c/msg_interfaces/msg/detail/gps_data__type_support_c.cpp.o[0m
[42.744s] [ 48%] [32m[1mLinking CXX shared library libmsg_interfaces__rosidl_typesupport_introspection_cpp.so[0m
[43.477s] [ 48%] Built target msg_interfaces__rosidl_typesupport_introspection_cpp
[43.496s] [ 51%] [32m[1mLinking CXX shared library libmsg_interfaces__rosidl_typesupport_fastrtps_cpp.so[0m
[44.262s] [ 51%] Built target msg_interfaces__rosidl_typesupport_fastrtps_cpp
[45.545s] [ 53%] [32m[1mLinking CXX shared library libmsg_interfaces__rosidl_typesupport_fastrtps_c.so[0m
[45.999s] [ 53%] Built target msg_interfaces__rosidl_typesupport_fastrtps_c
[46.122s] [ 56%] [34m[1mGenerating C type support dispatch for ROS interfaces[0m
[48.469s] [ 58%] [32mBuilding CXX object CMakeFiles/msg_interfaces__rosidl_typesupport_c.dir/rosidl_typesupport_c/msg_interfaces/msg/sensor_data__type_support.cpp.o[0m
[48.908s] [ 61%] [32mBuilding CXX object CMakeFiles/msg_interfaces__rosidl_typesupport_c.dir/rosidl_typesupport_c/msg_interfaces/msg/gps_data__type_support.cpp.o[0m
[49.354s] [ 64%] [32m[1mLinking CXX shared library libmsg_interfaces__rosidl_typesupport_c.so[0m
[49.778s] [ 64%] Built target msg_interfaces__rosidl_typesupport_c
[49.918s] [ 66%] [34m[1mGenerating C introspection for ROS interfaces[0m
[52.721s] [ 69%] [32mBuilding C object CMakeFiles/msg_interfaces__rosidl_typesupport_introspection_c.dir/rosidl_typesupport_introspection_c/msg_interfaces/msg/detail/sensor_data__type_support.c.o[0m
[53.203s] [ 71%] [32mBuilding C object CMakeFiles/msg_interfaces__rosidl_typesupport_introspection_c.dir/rosidl_typesupport_introspection_c/msg_interfaces/msg/detail/gps_data__type_support.c.o[0m
[53.637s] [ 74%] [32m[1mLinking C shared library libmsg_interfaces__rosidl_typesupport_introspection_c.so[0m
[53.922s] [ 74%] Built target msg_interfaces__rosidl_typesupport_introspection_c
[54.105s] [ 74%] Built target msg_interfaces
[54.353s] [ 76%] [34m[1mGenerating Python code for ROS interfaces[0m
[58.746s] [ 76%] Built target msg_interfaces__py
[58.844s] [ 79%] [32mBuilding C object CMakeFiles/msg_interfaces__rosidl_generator_py.dir/rosidl_generator_py/msg_interfaces/msg/_sensor_data_s.c.o[0m
[59.492s] [ 82%] [32mBuilding C object CMakeFiles/msg_interfaces__rosidl_generator_py.dir/rosidl_generator_py/msg_interfaces/msg/_gps_data_s.c.o[0m
[60.045s] [ 84%] [32m[1mLinking C shared library rosidl_generator_py/msg_interfaces/libmsg_interfaces__rosidl_generator_py.so[0m
[60.350s] [ 84%] Built target msg_interfaces__rosidl_generator_py
[60.450s] [ 87%] [32mBuilding C object CMakeFiles/msg_interfaces__rosidl_typesupport_fastrtps_c__pyext.dir/rosidl_generator_py/msg_interfaces/_msg_interfaces_s.ep.rosidl_typesupport_fastrtps_c.c.o[0m
[61.056s] [ 89%] [32m[1mLinking C shared library rosidl_generator_py/msg_interfaces/msg_interfaces_s__rosidl_typesupport_fastrtps_c.cpython-310-aarch64-linux-gnu.so[0m
[61.277s] [ 89%] Built target msg_interfaces__rosidl_typesupport_fastrtps_c__pyext
[61.367s] [ 92%] [32mBuilding C object CMakeFiles/msg_interfaces__rosidl_typesupport_c__pyext.dir/rosidl_generator_py/msg_interfaces/_msg_interfaces_s.ep.rosidl_typesupport_c.c.o[0m
[61.928s] [ 94%] [32m[1mLinking C shared library rosidl_generator_py/msg_interfaces/msg_interfaces_s__rosidl_typesupport_c.cpython-310-aarch64-linux-gnu.so[0m
[62.121s] [ 94%] Built target msg_interfaces__rosidl_typesupport_c__pyext
[62.214s] [ 97%] [32mBuilding C object CMakeFiles/msg_interfaces__rosidl_typesupport_introspection_c__pyext.dir/rosidl_generator_py/msg_interfaces/_msg_interfaces_s.ep.rosidl_typesupport_introspection_c.c.o[0m
[63.056s] [100%] [32m[1mLinking C shared library rosidl_generator_py/msg_interfaces/msg_interfaces_s__rosidl_typesupport_introspection_c.cpython-310-aarch64-linux-gnu.so[0m
[63.268s] [100%] Built target msg_interfaces__rosidl_typesupport_introspection_c__pyext
[63.328s] Invoked command in '/home/foka/ros2_humble2/build/msg_interfaces' returned '0': CMAKE_PREFIX_PATH=${CMAKE_PREFIX_PATH}:/home/foka/ros2_humble2/install/sensor_gps:/home/foka/ros2_humble2/install/telemetry:/home/foka/ros2_humble2/install/sensor_voltage:/home/foka/ros2_humble2/install/sensor_turbidity:/home/foka/ros2_humble2/install/sensor_tds:/home/foka/ros2_humble2/install/sensor_ph:/home/foka/ros2_humble2/install/system_launcher:/home/foka/ros2_humble2/install/sensor_thermometer:/home/foka/ros2_humble2/install/saver:/home/foka/ros2_humble2/install/aggregator:/opt/ros/humble /usr/bin/cmake --build /home/foka/ros2_humble2/build/msg_interfaces -- -j4 -l4
[63.373s] Invoking command in '/home/foka/ros2_humble2/build/msg_interfaces': CMAKE_PREFIX_PATH=${CMAKE_PREFIX_PATH}:/home/foka/ros2_humble2/install/sensor_gps:/home/foka/ros2_humble2/install/telemetry:/home/foka/ros2_humble2/install/sensor_voltage:/home/foka/ros2_humble2/install/sensor_turbidity:/home/foka/ros2_humble2/install/sensor_tds:/home/foka/ros2_humble2/install/sensor_ph:/home/foka/ros2_humble2/install/system_launcher:/home/foka/ros2_humble2/install/sensor_thermometer:/home/foka/ros2_humble2/install/saver:/home/foka/ros2_humble2/install/aggregator:/opt/ros/humble /usr/bin/cmake --install /home/foka/ros2_humble2/build/msg_interfaces
[63.406s] -- Install configuration: ""
[63.408s] -- Execute custom install script
[63.409s] -- Symlinking: /home/foka/ros2_humble2/install/msg_interfaces/share/ament_index/resource_index/rosidl_interfaces/msg_interfaces
[63.457s] -- Symlinking: /home/foka/ros2_humble2/install/msg_interfaces/include/msg_interfaces/msg_interfaces/msg/detail/gps_data__functions.h
[63.499s] -- Symlinking: /home/foka/ros2_humble2/install/msg_interfaces/include/msg_interfaces/msg_interfaces/msg/detail/gps_data__struct.h
[63.540s] -- Symlinking: /home/foka/ros2_humble2/install/msg_interfaces/include/msg_interfaces/msg_interfaces/msg/detail/gps_data__type_support.h
[63.576s] -- Symlinking: /home/foka/ros2_humble2/install/msg_interfaces/include/msg_interfaces/msg_interfaces/msg/detail/sensor_data__functions.h
[63.611s] -- Symlinking: /home/foka/ros2_humble2/install/msg_interfaces/include/msg_interfaces/msg_interfaces/msg/detail/sensor_data__struct.h
[63.647s] -- Symlinking: /home/foka/ros2_humble2/install/msg_interfaces/include/msg_interfaces/msg_interfaces/msg/detail/sensor_data__type_support.h
[63.683s] -- Symlinking: /home/foka/ros2_humble2/install/msg_interfaces/include/msg_interfaces/msg_interfaces/msg/gps_data.h
[63.718s] -- Symlinking: /home/foka/ros2_humble2/install/msg_interfaces/include/msg_interfaces/msg_interfaces/msg/rosidl_generator_c__visibility_control.h
[63.758s] -- Symlinking: /home/foka/ros2_humble2/install/msg_interfaces/include/msg_interfaces/msg_interfaces/msg/sensor_data.h
[63.797s] -- Symlinking: /home/foka/ros2_humble2/install/msg_interfaces/share/msg_interfaces/environment/library_path.sh
[63.841s] -- Symlinking: /home/foka/ros2_humble2/install/msg_interfaces/share/msg_interfaces/environment/library_path.dsv
[63.884s] -- Symlinking: /home/foka/ros2_humble2/install/msg_interfaces/include/msg_interfaces/msg_interfaces/msg/detail/gps_data__rosidl_typesupport_fastrtps_c.h
[63.921s] -- Symlinking: /home/foka/ros2_humble2/install/msg_interfaces/include/msg_interfaces/msg_interfaces/msg/detail/sensor_data__rosidl_typesupport_fastrtps_c.h
[63.972s] -- Symlinking: /home/foka/ros2_humble2/install/msg_interfaces/include/msg_interfaces/msg_interfaces/msg/rosidl_typesupport_fastrtps_c__visibility_control.h
[64.009s] -- Symlinking: /home/foka/ros2_humble2/install/msg_interfaces/include/msg_interfaces/msg_interfaces/msg/detail/gps_data__builder.hpp
[64.057s] -- Symlinking: /home/foka/ros2_humble2/install/msg_interfaces/include/msg_interfaces/msg_interfaces/msg/detail/gps_data__struct.hpp
[64.094s] -- Symlinking: /home/foka/ros2_humble2/install/msg_interfaces/include/msg_interfaces/msg_interfaces/msg/detail/gps_data__traits.hpp
[64.132s] -- Symlinking: /home/foka/ros2_humble2/install/msg_interfaces/include/msg_interfaces/msg_interfaces/msg/detail/gps_data__type_support.hpp
[64.168s] -- Symlinking: /home/foka/ros2_humble2/install/msg_interfaces/include/msg_interfaces/msg_interfaces/msg/detail/sensor_data__builder.hpp
[64.208s] -- Symlinking: /home/foka/ros2_humble2/install/msg_interfaces/include/msg_interfaces/msg_interfaces/msg/detail/sensor_data__struct.hpp
[64.246s] -- Symlinking: /home/foka/ros2_humble2/install/msg_interfaces/include/msg_interfaces/msg_interfaces/msg/detail/sensor_data__traits.hpp
[64.325s] -- Symlinking: /home/foka/ros2_humble2/install/msg_interfaces/include/msg_interfaces/msg_interfaces/msg/detail/sensor_data__type_support.hpp
[64.363s] -- Symlinking: /home/foka/ros2_humble2/install/msg_interfaces/include/msg_interfaces/msg_interfaces/msg/gps_data.hpp
[64.403s] -- Symlinking: /home/foka/ros2_humble2/install/msg_interfaces/include/msg_interfaces/msg_interfaces/msg/rosidl_generator_cpp__visibility_control.hpp
[64.441s] -- Symlinking: /home/foka/ros2_humble2/install/msg_interfaces/include/msg_interfaces/msg_interfaces/msg/sensor_data.hpp
[64.497s] -- Symlinking: /home/foka/ros2_humble2/install/msg_interfaces/include/msg_interfaces/msg_interfaces/msg/detail/gps_data__rosidl_typesupport_fastrtps_cpp.hpp
[64.535s] -- Symlinking: /home/foka/ros2_humble2/install/msg_interfaces/include/msg_interfaces/msg_interfaces/msg/detail/sensor_data__rosidl_typesupport_fastrtps_cpp.hpp
[64.578s] -- Symlinking: /home/foka/ros2_humble2/install/msg_interfaces/include/msg_interfaces/msg_interfaces/msg/rosidl_typesupport_fastrtps_cpp__visibility_control.h
[64.637s] -- Symlinking: /home/foka/ros2_humble2/install/msg_interfaces/include/msg_interfaces/msg_interfaces/msg/detail/gps_data__rosidl_typesupport_introspection_c.h
[64.676s] -- Symlinking: /home/foka/ros2_humble2/install/msg_interfaces/include/msg_interfaces/msg_interfaces/msg/detail/sensor_data__rosidl_typesupport_introspection_c.h
[64.730s] -- Symlinking: /home/foka/ros2_humble2/install/msg_interfaces/include/msg_interfaces/msg_interfaces/msg/rosidl_typesupport_introspection_c__visibility_control.h
[64.772s] -- Symlinking: /home/foka/ros2_humble2/install/msg_interfaces/include/msg_interfaces/msg_interfaces/msg/detail/gps_data__rosidl_typesupport_introspection_cpp.hpp
[64.809s] -- Symlinking: /home/foka/ros2_humble2/install/msg_interfaces/include/msg_interfaces/msg_interfaces/msg/detail/sensor_data__rosidl_typesupport_introspection_cpp.hpp
[64.857s] -- Symlinking: /home/foka/ros2_humble2/install/msg_interfaces/share/msg_interfaces/environment/pythonpath.sh
[64.895s] -- Symlinking: /home/foka/ros2_humble2/install/msg_interfaces/share/msg_interfaces/environment/pythonpath.dsv
[64.947s] -- Symlinking: /home/foka/ros2_humble2/install/msg_interfaces/local/lib/python3.10/dist-packages/msg_interfaces-0.0.0-py3.10.egg-info/PKG-INFO
[64.987s] -- Symlinking: /home/foka/ros2_humble2/install/msg_interfaces/local/lib/python3.10/dist-packages/msg_interfaces-0.0.0-py3.10.egg-info/SOURCES.txt
[65.031s] -- Symlinking: /home/foka/ros2_humble2/install/msg_interfaces/local/lib/python3.10/dist-packages/msg_interfaces-0.0.0-py3.10.egg-info/dependency_links.txt
[65.078s] -- Symlinking: /home/foka/ros2_humble2/install/msg_interfaces/local/lib/python3.10/dist-packages/msg_interfaces-0.0.0-py3.10.egg-info/top_level.txt
[65.120s] -- Symlinking: /home/foka/ros2_humble2/install/msg_interfaces/local/lib/python3.10/dist-packages/msg_interfaces/__init__.py
[65.167s] -- Symlinking: /home/foka/ros2_humble2/install/msg_interfaces/local/lib/python3.10/dist-packages/msg_interfaces/_msg_interfaces_s.ep.rosidl_typesupport_c.c
[65.204s] -- Symlinking: /home/foka/ros2_humble2/install/msg_interfaces/local/lib/python3.10/dist-packages/msg_interfaces/_msg_interfaces_s.ep.rosidl_typesupport_fastrtps_c.c
[65.243s] -- Symlinking: /home/foka/ros2_humble2/install/msg_interfaces/local/lib/python3.10/dist-packages/msg_interfaces/_msg_interfaces_s.ep.rosidl_typesupport_introspection_c.c
[65.292s] -- Symlinking: /home/foka/ros2_humble2/install/msg_interfaces/local/lib/python3.10/dist-packages/msg_interfaces/libmsg_interfaces__rosidl_generator_py.so
[65.334s] -- Symlinking: /home/foka/ros2_humble2/install/msg_interfaces/local/lib/python3.10/dist-packages/msg_interfaces/msg/__init__.py
[65.370s] -- Symlinking: /home/foka/ros2_humble2/install/msg_interfaces/local/lib/python3.10/dist-packages/msg_interfaces/msg/_gps_data.py
[65.405s] -- Symlinking: /home/foka/ros2_humble2/install/msg_interfaces/local/lib/python3.10/dist-packages/msg_interfaces/msg/_gps_data_s.c
[65.445s] -- Symlinking: /home/foka/ros2_humble2/install/msg_interfaces/local/lib/python3.10/dist-packages/msg_interfaces/msg/_sensor_data.py
[65.483s] -- Symlinking: /home/foka/ros2_humble2/install/msg_interfaces/local/lib/python3.10/dist-packages/msg_interfaces/msg/_sensor_data_s.c
[65.527s] -- Symlinking: /home/foka/ros2_humble2/install/msg_interfaces/local/lib/python3.10/dist-packages/msg_interfaces/msg_interfaces_s__rosidl_typesupport_c.cpython-310-aarch64-linux-gnu.so
[65.560s] -- Symlinking: /home/foka/ros2_humble2/install/msg_interfaces/local/lib/python3.10/dist-packages/msg_interfaces/msg_interfaces_s__rosidl_typesupport_fastrtps_c.cpython-310-aarch64-linux-gnu.so
[65.593s] -- Symlinking: /home/foka/ros2_humble2/install/msg_interfaces/local/lib/python3.10/dist-packages/msg_interfaces/msg_interfaces_s__rosidl_typesupport_introspection_c.cpython-310-aarch64-linux-gnu.so
[65.632s] -- Up-to-date symlink: /home/foka/ros2_humble2/install/msg_interfaces/local/lib/python3.10/dist-packages/msg_interfaces/msg_interfaces_s__rosidl_typesupport_fastrtps_c.cpython-310-aarch64-linux-gnu.so
[65.634s] -- Up-to-date symlink: /home/foka/ros2_humble2/install/msg_interfaces/local/lib/python3.10/dist-packages/msg_interfaces/msg_interfaces_s__rosidl_typesupport_introspection_c.cpython-310-aarch64-linux-gnu.so
[65.635s] -- Up-to-date symlink: /home/foka/ros2_humble2/install/msg_interfaces/local/lib/python3.10/dist-packages/msg_interfaces/msg_interfaces_s__rosidl_typesupport_c.cpython-310-aarch64-linux-gnu.so
[65.637s] -- Symlinking: /home/foka/ros2_humble2/install/msg_interfaces/share/msg_interfaces/msg/SensorData.idl
[65.675s] -- Symlinking: /home/foka/ros2_humble2/install/msg_interfaces/share/msg_interfaces/msg/GpsData.idl
[65.705s] -- Symlinking: /home/foka/ros2_humble2/install/msg_interfaces/share/msg_interfaces/msg/SensorData.msg
[65.739s] -- Symlinking: /home/foka/ros2_humble2/install/msg_interfaces/share/msg_interfaces/msg/GpsData.msg
[65.783s] -- Symlinking: /home/foka/ros2_humble2/install/msg_interfaces/share/ament_index/resource_index/package_run_dependencies/msg_interfaces
[65.819s] -- Symlinking: /home/foka/ros2_humble2/install/msg_interfaces/share/ament_index/resource_index/parent_prefix_path/msg_interfaces
[65.857s] -- Symlinking: /home/foka/ros2_humble2/install/msg_interfaces/share/msg_interfaces/environment/ament_prefix_path.sh
[65.892s] -- Symlinking: /home/foka/ros2_humble2/install/msg_interfaces/share/msg_interfaces/environment/ament_prefix_path.dsv
[65.929s] -- Symlinking: /home/foka/ros2_humble2/install/msg_interfaces/share/msg_interfaces/environment/path.sh
[66.003s] -- Symlinking: /home/foka/ros2_humble2/install/msg_interfaces/share/msg_interfaces/environment/path.dsv
[66.039s] -- Symlinking: /home/foka/ros2_humble2/install/msg_interfaces/share/msg_interfaces/local_setup.bash
[66.076s] -- Symlinking: /home/foka/ros2_humble2/install/msg_interfaces/share/msg_interfaces/local_setup.sh
[66.117s] -- Symlinking: /home/foka/ros2_humble2/install/msg_interfaces/share/msg_interfaces/local_setup.zsh
[66.153s] -- Symlinking: /home/foka/ros2_humble2/install/msg_interfaces/share/msg_interfaces/local_setup.dsv
[66.189s] -- Symlinking: /home/foka/ros2_humble2/install/msg_interfaces/share/msg_interfaces/package.dsv
[66.228s] -- Symlinking: /home/foka/ros2_humble2/install/msg_interfaces/share/ament_index/resource_index/packages/msg_interfaces
[66.276s] -- Symlinking: /home/foka/ros2_humble2/install/msg_interfaces/share/msg_interfaces/cmake/rosidl_cmake-extras.cmake
[66.311s] -- Symlinking: /home/foka/ros2_humble2/install/msg_interfaces/share/msg_interfaces/cmake/ament_cmake_export_dependencies-extras.cmake
[66.349s] -- Symlinking: /home/foka/ros2_humble2/install/msg_interfaces/share/msg_interfaces/cmake/ament_cmake_export_include_directories-extras.cmake
[66.387s] -- Symlinking: /home/foka/ros2_humble2/install/msg_interfaces/share/msg_interfaces/cmake/ament_cmake_export_libraries-extras.cmake
[66.421s] -- Symlinking: /home/foka/ros2_humble2/install/msg_interfaces/share/msg_interfaces/cmake/ament_cmake_export_targets-extras.cmake
[66.457s] -- Symlinking: /home/foka/ros2_humble2/install/msg_interfaces/share/msg_interfaces/cmake/rosidl_cmake_export_typesupport_targets-extras.cmake
[66.493s] -- Symlinking: /home/foka/ros2_humble2/install/msg_interfaces/share/msg_interfaces/cmake/rosidl_cmake_export_typesupport_libraries-extras.cmake
[66.529s] -- Symlinking: /home/foka/ros2_humble2/install/msg_interfaces/share/msg_interfaces/cmake/msg_interfacesConfig.cmake
[66.579s] -- Symlinking: /home/foka/ros2_humble2/install/msg_interfaces/share/msg_interfaces/cmake/msg_interfacesConfig-version.cmake
[66.623s] -- Symlinking: /home/foka/ros2_humble2/install/msg_interfaces/share/msg_interfaces/package.xml
[66.658s] -- Installing: /home/foka/ros2_humble2/install/msg_interfaces/lib/libmsg_interfaces__rosidl_generator_c.so
[66.663s] -- Set runtime path of "/home/foka/ros2_humble2/install/msg_interfaces/lib/libmsg_interfaces__rosidl_generator_c.so" to ""
[66.665s] -- Installing: /home/foka/ros2_humble2/install/msg_interfaces/lib/libmsg_interfaces__rosidl_typesupport_fastrtps_c.so
[66.671s] -- Set runtime path of "/home/foka/ros2_humble2/install/msg_interfaces/lib/libmsg_interfaces__rosidl_typesupport_fastrtps_c.so" to ""
[66.672s] -- Installing: /home/foka/ros2_humble2/install/msg_interfaces/lib/libmsg_interfaces__rosidl_typesupport_fastrtps_cpp.so
[66.673s] -- Set runtime path of "/home/foka/ros2_humble2/install/msg_interfaces/lib/libmsg_interfaces__rosidl_typesupport_fastrtps_cpp.so" to ""
[66.677s] -- Installing: /home/foka/ros2_humble2/install/msg_interfaces/lib/libmsg_interfaces__rosidl_typesupport_introspection_c.so
[66.678s] -- Set runtime path of "/home/foka/ros2_humble2/install/msg_interfaces/lib/libmsg_interfaces__rosidl_typesupport_introspection_c.so" to ""
[66.679s] -- Installing: /home/foka/ros2_humble2/install/msg_interfaces/lib/libmsg_interfaces__rosidl_typesupport_c.so
[66.690s] -- Set runtime path of "/home/foka/ros2_humble2/install/msg_interfaces/lib/libmsg_interfaces__rosidl_typesupport_c.so" to ""
[66.691s] -- Installing: /home/foka/ros2_humble2/install/msg_interfaces/lib/libmsg_interfaces__rosidl_typesupport_introspection_cpp.so
[66.695s] -- Set runtime path of "/home/foka/ros2_humble2/install/msg_interfaces/lib/libmsg_interfaces__rosidl_typesupport_introspection_cpp.so" to ""
[66.697s] -- Installing: /home/foka/ros2_humble2/install/msg_interfaces/lib/libmsg_interfaces__rosidl_typesupport_cpp.so
[66.701s] -- Set runtime path of "/home/foka/ros2_humble2/install/msg_interfaces/lib/libmsg_interfaces__rosidl_typesupport_cpp.so" to ""
[67.022s] Listing '/home/foka/ros2_humble2/install/msg_interfaces/local/lib/python3.10/dist-packages/msg_interfaces'...
[67.023s] Compiling '/home/foka/ros2_humble2/install/msg_interfaces/local/lib/python3.10/dist-packages/msg_interfaces/__init__.py'...
[67.023s] Listing '/home/foka/ros2_humble2/install/msg_interfaces/local/lib/python3.10/dist-packages/msg_interfaces/msg'...
[67.024s] Compiling '/home/foka/ros2_humble2/install/msg_interfaces/local/lib/python3.10/dist-packages/msg_interfaces/msg/__init__.py'...
[67.024s] Compiling '/home/foka/ros2_humble2/install/msg_interfaces/local/lib/python3.10/dist-packages/msg_interfaces/msg/_gps_data.py'...
[67.025s] Compiling '/home/foka/ros2_humble2/install/msg_interfaces/local/lib/python3.10/dist-packages/msg_interfaces/msg/_sensor_data.py'...
[67.065s] -- Installing: /home/foka/ros2_humble2/install/msg_interfaces/lib/libmsg_interfaces__rosidl_generator_py.so
[67.068s] -- Set runtime path of "/home/foka/ros2_humble2/install/msg_interfaces/lib/libmsg_interfaces__rosidl_generator_py.so" to ""
[67.069s] -- Installing: /home/foka/ros2_humble2/install/msg_interfaces/share/msg_interfaces/cmake/export_msg_interfaces__rosidl_generator_cExport.cmake
[67.070s] -- Installing: /home/foka/ros2_humble2/install/msg_interfaces/share/msg_interfaces/cmake/export_msg_interfaces__rosidl_generator_cExport-noconfig.cmake
[67.072s] -- Installing: /home/foka/ros2_humble2/install/msg_interfaces/share/msg_interfaces/cmake/export_msg_interfaces__rosidl_typesupport_fastrtps_cExport.cmake
[67.073s] -- Installing: /home/foka/ros2_humble2/install/msg_interfaces/share/msg_interfaces/cmake/export_msg_interfaces__rosidl_typesupport_fastrtps_cExport-noconfig.cmake
[67.075s] -- Installing: /home/foka/ros2_humble2/install/msg_interfaces/share/msg_interfaces/cmake/export_msg_interfaces__rosidl_generator_cppExport.cmake
[67.082s] -- Installing: /home/foka/ros2_humble2/install/msg_interfaces/share/msg_interfaces/cmake/export_msg_interfaces__rosidl_typesupport_fastrtps_cppExport.cmake
[67.083s] -- Installing: /home/foka/ros2_humble2/install/msg_interfaces/share/msg_interfaces/cmake/export_msg_interfaces__rosidl_typesupport_fastrtps_cppExport-noconfig.cmake
[67.085s] -- Installing: /home/foka/ros2_humble2/install/msg_interfaces/share/msg_interfaces/cmake/msg_interfaces__rosidl_typesupport_introspection_cExport.cmake
[67.087s] -- Installing: /home/foka/ros2_humble2/install/msg_interfaces/share/msg_interfaces/cmake/msg_interfaces__rosidl_typesupport_introspection_cExport-noconfig.cmake
[67.089s] -- Installing: /home/foka/ros2_humble2/install/msg_interfaces/share/msg_interfaces/cmake/msg_interfaces__rosidl_typesupport_cExport.cmake
[67.091s] -- Installing: /home/foka/ros2_humble2/install/msg_interfaces/share/msg_interfaces/cmake/msg_interfaces__rosidl_typesupport_cExport-noconfig.cmake
[67.092s] -- Installing: /home/foka/ros2_humble2/install/msg_interfaces/share/msg_interfaces/cmake/msg_interfaces__rosidl_typesupport_introspection_cppExport.cmake
[67.094s] -- Installing: /home/foka/ros2_humble2/install/msg_interfaces/share/msg_interfaces/cmake/msg_interfaces__rosidl_typesupport_introspection_cppExport-noconfig.cmake
[67.096s] -- Installing: /home/foka/ros2_humble2/install/msg_interfaces/share/msg_interfaces/cmake/msg_interfaces__rosidl_typesupport_cppExport.cmake
[67.097s] -- Installing: /home/foka/ros2_humble2/install/msg_interfaces/share/msg_interfaces/cmake/msg_interfaces__rosidl_typesupport_cppExport-noconfig.cmake
[67.099s] -- Installing: /home/foka/ros2_humble2/install/msg_interfaces/share/msg_interfaces/cmake/export_msg_interfaces__rosidl_generator_pyExport.cmake
[67.101s] -- Installing: /home/foka/ros2_humble2/install/msg_interfaces/share/msg_interfaces/cmake/export_msg_interfaces__rosidl_generator_pyExport-noconfig.cmake
[67.112s] Invoked command in '/home/foka/ros2_humble2/build/msg_interfaces' returned '0': CMAKE_PREFIX_PATH=${CMAKE_PREFIX_PATH}:/home/foka/ros2_humble2/install/sensor_gps:/home/foka/ros2_humble2/install/telemetry:/home/foka/ros2_humble2/install/sensor_voltage:/home/foka/ros2_humble2/install/sensor_turbidity:/home/foka/ros2_humble2/install/sensor_tds:/home/foka/ros2_humble2/install/sensor_ph:/home/foka/ros2_humble2/install/system_launcher:/home/foka/ros2_humble2/install/sensor_thermometer:/home/foka/ros2_humble2/install/saver:/home/foka/ros2_humble2/install/aggregator:/opt/ros/humble /usr/bin/cmake --install /home/foka/ros2_humble2/build/msg_interfaces
