[8.840s] Invoking command in '/home/foka/ros2_humble2/build/aggregator': PYTHONPATH=/home/foka/ros2_humble2/build/aggregator/prefix_override:/usr/lib/python3/dist-packages/colcon_core/task/python/colcon_distutils_commands:/home/foka/ros2_humble2/install/aggregator/lib/python3.10/site-packages:${PYTHONPATH} /usr/bin/python3 -W ignore:setup.py install is deprecated -W ignore:easy_install command is deprecated setup.py develop --uninstall --editable --build-directory /home/foka/ros2_humble2/build/aggregator/build
[12.260s] running develop
[14.742s] Removing /home/foka/ros2_humble2/install/aggregator/lib/python3.10/site-packages/aggregator.egg-link (link to .)
[15.074s] Invoked command in '/home/foka/ros2_humble2/build/aggregator' returned '0': PYTHONPATH=/home/foka/ros2_humble2/build/aggregator/prefix_override:/usr/lib/python3/dist-packages/colcon_core/task/python/colcon_distutils_commands:/home/foka/ros2_humble2/install/aggregator/lib/python3.10/site-packages:${PYTHONPATH} /usr/bin/python3 -W ignore:setup.py install is deprecated -W ignore:easy_install command is deprecated setup.py develop --uninstall --editable --build-directory /home/foka/ros2_humble2/build/aggregator/build
[15.095s] Invoking command in '/home/foka/ros2_humble2/src/aggregator': PYTHONPATH=/home/foka/ros2_humble2/build/aggregator/prefix_override:/usr/lib/python3/dist-packages/colcon_core/task/python/colcon_distutils_commands:/home/foka/ros2_humble2/install/aggregator/lib/python3.10/site-packages:${PYTHONPATH} /usr/bin/python3 -W ignore:setup.py install is deprecated -W ignore:easy_install command is deprecated setup.py egg_info --egg-base ../../build/aggregator build --build-base /home/foka/ros2_humble2/build/aggregator/build install --record /home/foka/ros2_humble2/build/aggregator/install.log --single-version-externally-managed install_data --force
[19.548s] running egg_info
[19.557s] writing ../../build/aggregator/aggregator.egg-info/PKG-INFO
[19.560s] writing dependency_links to ../../build/aggregator/aggregator.egg-info/dependency_links.txt
[19.563s] writing entry points to ../../build/aggregator/aggregator.egg-info/entry_points.txt
[19.565s] writing requirements to ../../build/aggregator/aggregator.egg-info/requires.txt
[19.567s] writing top-level names to ../../build/aggregator/aggregator.egg-info/top_level.txt
[19.589s] reading manifest file '../../build/aggregator/aggregator.egg-info/SOURCES.txt'
[19.602s] writing manifest file '../../build/aggregator/aggregator.egg-info/SOURCES.txt'
[19.604s] running build
[19.605s] running build_py
[19.607s] copying aggregator/aggregator.py -> /home/foka/ros2_humble2/build/aggregator/build/lib/aggregator
[19.612s] running install
[19.615s] running install_lib
[19.623s] creating /home/foka/ros2_humble2/install/aggregator/lib/python3.10/site-packages/aggregator
[19.630s] copying /home/foka/ros2_humble2/build/aggregator/build/lib/aggregator/__init__.py -> /home/foka/ros2_humble2/install/aggregator/lib/python3.10/site-packages/aggregator
[19.633s] copying /home/foka/ros2_humble2/build/aggregator/build/lib/aggregator/aggregator.py -> /home/foka/ros2_humble2/install/aggregator/lib/python3.10/site-packages/aggregator
[19.638s] byte-compiling /home/foka/ros2_humble2/install/aggregator/lib/python3.10/site-packages/aggregator/__init__.py to __init__.cpython-310.pyc
[19.640s] byte-compiling /home/foka/ros2_humble2/install/aggregator/lib/python3.10/site-packages/aggregator/aggregator.py to aggregator.cpython-310.pyc
[19.652s] running install_data
[19.653s] copying resource/aggregator -> /home/foka/ros2_humble2/install/aggregator/share/ament_index/resource_index/packages
[19.655s] copying package.xml -> /home/foka/ros2_humble2/install/aggregator/share/aggregator
[19.661s] running install_egg_info
[19.678s] Copying ../../build/aggregator/aggregator.egg-info to /home/foka/ros2_humble2/install/aggregator/lib/python3.10/site-packages/aggregator-0.0.0-py3.10.egg-info
[19.701s] running install_scripts
[20.052s] Installing aggregator script to /home/foka/ros2_humble2/install/aggregator/lib/aggregator
[20.060s] writing list of installed files to '/home/foka/ros2_humble2/build/aggregator/install.log'
[20.299s] Invoked command in '/home/foka/ros2_humble2/src/aggregator' returned '0': PYTHONPATH=/home/foka/ros2_humble2/build/aggregator/prefix_override:/usr/lib/python3/dist-packages/colcon_core/task/python/colcon_distutils_commands:/home/foka/ros2_humble2/install/aggregator/lib/python3.10/site-packages:${PYTHONPATH} /usr/bin/python3 -W ignore:setup.py install is deprecated -W ignore:easy_install command is deprecated setup.py egg_info --egg-base ../../build/aggregator build --build-base /home/foka/ros2_humble2/build/aggregator/build install --record /home/foka/ros2_humble2/build/aggregator/install.log --single-version-externally-managed install_data --force
