[3.454s] Invoking command in '/home/foka/ros2_humble2/src/aggregator': PYTHONPATH=/home/foka/ros2_humble2/build/aggregator/prefix_override:/usr/lib/python3/dist-packages/colcon_core/task/python/colcon_distutils_commands:/home/foka/ros2_humble2/install/aggregator/lib/python3.10/site-packages:${PYTHONPATH} /usr/bin/python3 -W ignore:setup.py install is deprecated -W ignore:easy_install command is deprecated setup.py egg_info --egg-base ../../build/aggregator build --build-base /home/foka/ros2_humble2/build/aggregator/build install --record /home/foka/ros2_humble2/build/aggregator/install.log --single-version-externally-managed install_data
[4.660s] running egg_info
[4.663s] writing ../../build/aggregator/aggregator.egg-info/PKG-INFO
[4.664s] writing dependency_links to ../../build/aggregator/aggregator.egg-info/dependency_links.txt
[4.665s] writing entry points to ../../build/aggregator/aggregator.egg-info/entry_points.txt
[4.665s] writing requirements to ../../build/aggregator/aggregator.egg-info/requires.txt
[4.666s] writing top-level names to ../../build/aggregator/aggregator.egg-info/top_level.txt
[4.674s] reading manifest file '../../build/aggregator/aggregator.egg-info/SOURCES.txt'
[4.677s] writing manifest file '../../build/aggregator/aggregator.egg-info/SOURCES.txt'
[4.678s] running build
[4.678s] running build_py
[4.679s] copying aggregator/aggregator.py -> /home/foka/ros2_humble2/build/aggregator/build/lib/aggregator
[4.680s] running install
[4.681s] running install_lib
[4.685s] copying /home/foka/ros2_humble2/build/aggregator/build/lib/aggregator/aggregator.py -> /home/foka/ros2_humble2/install/aggregator/lib/python3.10/site-packages/aggregator
[4.687s] byte-compiling /home/foka/ros2_humble2/install/aggregator/lib/python3.10/site-packages/aggregator/aggregator.py to aggregator.cpython-310.pyc
[4.690s] running install_data
[4.691s] running install_egg_info
[4.698s] removing '/home/foka/ros2_humble2/install/aggregator/lib/python3.10/site-packages/aggregator-0.0.0-py3.10.egg-info' (and everything under it)
[4.700s] Copying ../../build/aggregator/aggregator.egg-info to /home/foka/ros2_humble2/install/aggregator/lib/python3.10/site-packages/aggregator-0.0.0-py3.10.egg-info
[4.706s] running install_scripts
[4.789s] Installing aggregator script to /home/foka/ros2_humble2/install/aggregator/lib/aggregator
[4.790s] writing list of installed files to '/home/foka/ros2_humble2/build/aggregator/install.log'
[4.903s] Invoked command in '/home/foka/ros2_humble2/src/aggregator' returned '0': PYTHONPATH=/home/foka/ros2_humble2/build/aggregator/prefix_override:/usr/lib/python3/dist-packages/colcon_core/task/python/colcon_distutils_commands:/home/foka/ros2_humble2/install/aggregator/lib/python3.10/site-packages:${PYTHONPATH} /usr/bin/python3 -W ignore:setup.py install is deprecated -W ignore:easy_install command is deprecated setup.py egg_info --egg-base ../../build/aggregator build --build-base /home/foka/ros2_humble2/build/aggregator/build install --record /home/foka/ros2_humble2/build/aggregator/install.log --single-version-externally-managed install_data
