[3.240s] Invoking command in '/home/foka/ros2_humble2/src/telemetry': PYTHONPATH=/home/foka/ros2_humble2/build/telemetry/prefix_override:/usr/lib/python3/dist-packages/colcon_core/task/python/colcon_distutils_commands:/home/foka/ros2_humble2/install/telemetry/lib/python3.10/site-packages:${PYTHONPATH} /usr/bin/python3 -W ignore:setup.py install is deprecated -W ignore:easy_install command is deprecated setup.py egg_info --egg-base ../../build/telemetry build --build-base /home/foka/ros2_humble2/build/telemetry/build install --record /home/foka/ros2_humble2/build/telemetry/install.log --single-version-externally-managed install_data
[4.472s] running egg_info
[4.475s] writing ../../build/telemetry/telemetry.egg-info/PKG-INFO
[4.476s] writing dependency_links to ../../build/telemetry/telemetry.egg-info/dependency_links.txt
[4.477s] writing entry points to ../../build/telemetry/telemetry.egg-info/entry_points.txt
[4.478s] writing requirements to ../../build/telemetry/telemetry.egg-info/requires.txt
[4.479s] writing top-level names to ../../build/telemetry/telemetry.egg-info/top_level.txt
[4.487s] reading manifest file '../../build/telemetry/telemetry.egg-info/SOURCES.txt'
[4.491s] writing manifest file '../../build/telemetry/telemetry.egg-info/SOURCES.txt'
[4.492s] running build
[4.492s] running build_py
[4.493s] copying telemetry/loraSX1278_driver.py -> /home/foka/ros2_humble2/build/telemetry/build/lib/telemetry
[4.494s] copying telemetry/telemetry.py -> /home/foka/ros2_humble2/build/telemetry/build/lib/telemetry
[4.497s] running install
[4.499s] running install_lib
[4.502s] copying /home/foka/ros2_humble2/build/telemetry/build/lib/telemetry/loraSX1278_driver.py -> /home/foka/ros2_humble2/install/telemetry/lib/python3.10/site-packages/telemetry
[4.504s] copying /home/foka/ros2_humble2/build/telemetry/build/lib/telemetry/telemetry.py -> /home/foka/ros2_humble2/install/telemetry/lib/python3.10/site-packages/telemetry
[4.507s] byte-compiling /home/foka/ros2_humble2/install/telemetry/lib/python3.10/site-packages/telemetry/loraSX1278_driver.py to loraSX1278_driver.cpython-310.pyc
[4.510s] byte-compiling /home/foka/ros2_humble2/install/telemetry/lib/python3.10/site-packages/telemetry/telemetry.py to telemetry.cpython-310.pyc
[4.513s] running install_data
[4.514s] running install_egg_info
[4.522s] removing '/home/foka/ros2_humble2/install/telemetry/lib/python3.10/site-packages/telemetry-0.0.0-py3.10.egg-info' (and everything under it)
[4.524s] Copying ../../build/telemetry/telemetry.egg-info to /home/foka/ros2_humble2/install/telemetry/lib/python3.10/site-packages/telemetry-0.0.0-py3.10.egg-info
[4.531s] running install_scripts
[4.621s] Installing telemetry script to /home/foka/ros2_humble2/install/telemetry/lib/telemetry
[4.623s] writing list of installed files to '/home/foka/ros2_humble2/build/telemetry/install.log'
[4.742s] Invoked command in '/home/foka/ros2_humble2/src/telemetry' returned '0': PYTHONPATH=/home/foka/ros2_humble2/build/telemetry/prefix_override:/usr/lib/python3/dist-packages/colcon_core/task/python/colcon_distutils_commands:/home/foka/ros2_humble2/install/telemetry/lib/python3.10/site-packages:${PYTHONPATH} /usr/bin/python3 -W ignore:setup.py install is deprecated -W ignore:easy_install command is deprecated setup.py egg_info --egg-base ../../build/telemetry build --build-base /home/foka/ros2_humble2/build/telemetry/build install --record /home/foka/ros2_humble2/build/telemetry/install.log --single-version-externally-managed install_data
