[3.234s] Invoking command in '/home/foka/ros2_humble2/build/sensor_gps': PYTHONPATH=/home/foka/ros2_humble2/build/sensor_gps/prefix_override:/usr/lib/python3/dist-packages/colcon_core/task/python/colcon_distutils_commands:/home/foka/ros2_humble2/install/sensor_gps/lib/python3.10/site-packages:${PYTHONPATH} /usr/bin/python3 -W ignore:setup.py install is deprecated -W ignore:easy_install command is deprecated setup.py develop --uninstall --editable --build-directory /home/foka/ros2_humble2/build/sensor_gps/build
[4.543s] running develop
[5.338s] Removing /home/foka/ros2_humble2/install/sensor_gps/lib/python3.10/site-packages/sensor-gps.egg-link (link to .)
[5.472s] Invoked command in '/home/foka/ros2_humble2/build/sensor_gps' returned '0': PYTHONPATH=/home/foka/ros2_humble2/build/sensor_gps/prefix_override:/usr/lib/python3/dist-packages/colcon_core/task/python/colcon_distutils_commands:/home/foka/ros2_humble2/install/sensor_gps/lib/python3.10/site-packages:${PYTHONPATH} /usr/bin/python3 -W ignore:setup.py install is deprecated -W ignore:easy_install command is deprecated setup.py develop --uninstall --editable --build-directory /home/foka/ros2_humble2/build/sensor_gps/build
[5.482s] Invoking command in '/home/foka/ros2_humble2/src/sensor_gps': PYTHONPATH=/home/foka/ros2_humble2/build/sensor_gps/prefix_override:/usr/lib/python3/dist-packages/colcon_core/task/python/colcon_distutils_commands:/home/foka/ros2_humble2/install/sensor_gps/lib/python3.10/site-packages:${PYTHONPATH} /usr/bin/python3 -W ignore:setup.py install is deprecated -W ignore:easy_install command is deprecated setup.py egg_info --egg-base ../../build/sensor_gps build --build-base /home/foka/ros2_humble2/build/sensor_gps/build install --record /home/foka/ros2_humble2/build/sensor_gps/install.log --single-version-externally-managed install_data --force
[6.714s] running egg_info
[6.718s] writing ../../build/sensor_gps/sensor_gps.egg-info/PKG-INFO
[6.719s] writing dependency_links to ../../build/sensor_gps/sensor_gps.egg-info/dependency_links.txt
[6.720s] writing entry points to ../../build/sensor_gps/sensor_gps.egg-info/entry_points.txt
[6.722s] writing requirements to ../../build/sensor_gps/sensor_gps.egg-info/requires.txt
[6.722s] writing top-level names to ../../build/sensor_gps/sensor_gps.egg-info/top_level.txt
[6.732s] reading manifest file '../../build/sensor_gps/sensor_gps.egg-info/SOURCES.txt'
[6.738s] writing manifest file '../../build/sensor_gps/sensor_gps.egg-info/SOURCES.txt'
[6.740s] running build
[6.743s] running build_py
[6.744s] creating /home/foka/ros2_humble2/build/sensor_gps/build
[6.744s] creating /home/foka/ros2_humble2/build/sensor_gps/build/lib
[6.745s] creating /home/foka/ros2_humble2/build/sensor_gps/build/lib/sensor_gps
[6.746s] copying sensor_gps/__init__.py -> /home/foka/ros2_humble2/build/sensor_gps/build/lib/sensor_gps
[6.748s] copying sensor_gps/sensor_gps_driver.py -> /home/foka/ros2_humble2/build/sensor_gps/build/lib/sensor_gps
[6.749s] copying sensor_gps/L76X.py -> /home/foka/ros2_humble2/build/sensor_gps/build/lib/sensor_gps
[6.749s] copying sensor_gps/main.py -> /home/foka/ros2_humble2/build/sensor_gps/build/lib/sensor_gps
[6.750s] copying sensor_gps/config.py -> /home/foka/ros2_humble2/build/sensor_gps/build/lib/sensor_gps
[6.750s] copying sensor_gps/sensor_gps.py -> /home/foka/ros2_humble2/build/sensor_gps/build/lib/sensor_gps
[6.751s] running install
[6.751s] running install_lib
[6.754s] creating /home/foka/ros2_humble2/install/sensor_gps/lib/python3.10/site-packages/sensor_gps
[6.754s] copying /home/foka/ros2_humble2/build/sensor_gps/build/lib/sensor_gps/__init__.py -> /home/foka/ros2_humble2/install/sensor_gps/lib/python3.10/site-packages/sensor_gps
[6.762s] copying /home/foka/ros2_humble2/build/sensor_gps/build/lib/sensor_gps/sensor_gps_driver.py -> /home/foka/ros2_humble2/install/sensor_gps/lib/python3.10/site-packages/sensor_gps
[6.762s] copying /home/foka/ros2_humble2/build/sensor_gps/build/lib/sensor_gps/L76X.py -> /home/foka/ros2_humble2/install/sensor_gps/lib/python3.10/site-packages/sensor_gps
[6.763s] copying /home/foka/ros2_humble2/build/sensor_gps/build/lib/sensor_gps/main.py -> /home/foka/ros2_humble2/install/sensor_gps/lib/python3.10/site-packages/sensor_gps
[6.764s] copying /home/foka/ros2_humble2/build/sensor_gps/build/lib/sensor_gps/config.py -> /home/foka/ros2_humble2/install/sensor_gps/lib/python3.10/site-packages/sensor_gps
[6.769s] copying /home/foka/ros2_humble2/build/sensor_gps/build/lib/sensor_gps/sensor_gps.py -> /home/foka/ros2_humble2/install/sensor_gps/lib/python3.10/site-packages/sensor_gps
[6.770s] byte-compiling /home/foka/ros2_humble2/install/sensor_gps/lib/python3.10/site-packages/sensor_gps/__init__.py to __init__.cpython-310.pyc
[6.773s] byte-compiling /home/foka/ros2_humble2/install/sensor_gps/lib/python3.10/site-packages/sensor_gps/sensor_gps_driver.py to sensor_gps_driver.cpython-310.pyc
[6.774s] byte-compiling /home/foka/ros2_humble2/install/sensor_gps/lib/python3.10/site-packages/sensor_gps/L76X.py to L76X.cpython-310.pyc
[6.779s] byte-compiling /home/foka/ros2_humble2/install/sensor_gps/lib/python3.10/site-packages/sensor_gps/main.py to main.cpython-310.pyc
[6.781s] byte-compiling /home/foka/ros2_humble2/install/sensor_gps/lib/python3.10/site-packages/sensor_gps/config.py to config.cpython-310.pyc
[6.783s] byte-compiling /home/foka/ros2_humble2/install/sensor_gps/lib/python3.10/site-packages/sensor_gps/sensor_gps.py to sensor_gps.cpython-310.pyc
[6.786s] running install_data
[6.786s] copying resource/sensor_gps -> /home/foka/ros2_humble2/install/sensor_gps/share/ament_index/resource_index/packages
[6.788s] copying package.xml -> /home/foka/ros2_humble2/install/sensor_gps/share/sensor_gps
[6.788s] running install_egg_info
[6.797s] Copying ../../build/sensor_gps/sensor_gps.egg-info to /home/foka/ros2_humble2/install/sensor_gps/lib/python3.10/site-packages/sensor_gps-0.0.0-py3.10.egg-info
[6.805s] running install_scripts
[6.905s] Installing sensor_gps script to /home/foka/ros2_humble2/install/sensor_gps/lib/sensor_gps
[6.907s] writing list of installed files to '/home/foka/ros2_humble2/build/sensor_gps/install.log'
[7.037s] Invoked command in '/home/foka/ros2_humble2/src/sensor_gps' returned '0': PYTHONPATH=/home/foka/ros2_humble2/build/sensor_gps/prefix_override:/usr/lib/python3/dist-packages/colcon_core/task/python/colcon_distutils_commands:/home/foka/ros2_humble2/install/sensor_gps/lib/python3.10/site-packages:${PYTHONPATH} /usr/bin/python3 -W ignore:setup.py install is deprecated -W ignore:easy_install command is deprecated setup.py egg_info --egg-base ../../build/sensor_gps build --build-base /home/foka/ros2_humble2/build/sensor_gps/build install --record /home/foka/ros2_humble2/build/sensor_gps/install.log --single-version-externally-managed install_data --force
