[3.923s] Invoking command in '/home/foka/ros2_humble2/src/autopilot': PYTHONPATH=/home/foka/ros2_humble2/build/autopilot/prefix_override:/usr/lib/python3/dist-packages/colcon_core/task/python/colcon_distutils_commands:/home/foka/ros2_humble2/install/autopilot/lib/python3.10/site-packages:${PYTHONPATH} /usr/bin/python3 -W ignore:setup.py install is deprecated -W ignore:easy_install command is deprecated setup.py egg_info --egg-base ../../build/autopilot build --build-base /home/foka/ros2_humble2/build/autopilot/build install --record /home/foka/ros2_humble2/build/autopilot/install.log --single-version-externally-managed install_data
[5.222s] running egg_info
[5.225s] writing ../../build/autopilot/autopilot.egg-info/PKG-INFO
[5.226s] writing dependency_links to ../../build/autopilot/autopilot.egg-info/dependency_links.txt
[5.227s] writing entry points to ../../build/autopilot/autopilot.egg-info/entry_points.txt
[5.228s] writing requirements to ../../build/autopilot/autopilot.egg-info/requires.txt
[5.229s] writing top-level names to ../../build/autopilot/autopilot.egg-info/top_level.txt
[5.237s] reading manifest file '../../build/autopilot/autopilot.egg-info/SOURCES.txt'
[5.241s] writing manifest file '../../build/autopilot/autopilot.egg-info/SOURCES.txt'
[5.242s] running build
[5.243s] running build_py
[5.244s] copying autopilot/compass.py -> /home/foka/ros2_humble2/build/autopilot/build/lib/autopilot
[5.244s] running install
[5.245s] running install_lib
[5.249s] copying /home/foka/ros2_humble2/build/autopilot/build/lib/autopilot/compass.py -> /home/foka/ros2_humble2/install/autopilot/lib/python3.10/site-packages/autopilot
[5.253s] byte-compiling /home/foka/ros2_humble2/install/autopilot/lib/python3.10/site-packages/autopilot/compass.py to compass.cpython-310.pyc
[5.256s] running install_data
[5.257s] running install_egg_info
[5.267s] removing '/home/foka/ros2_humble2/install/autopilot/lib/python3.10/site-packages/autopilot-0.0.0-py3.10.egg-info' (and everything under it)
[5.273s] Copying ../../build/autopilot/autopilot.egg-info to /home/foka/ros2_humble2/install/autopilot/lib/python3.10/site-packages/autopilot-0.0.0-py3.10.egg-info
[5.279s] running install_scripts
[5.370s] Installing compass script to /home/foka/ros2_humble2/install/autopilot/lib/autopilot
[5.371s] writing list of installed files to '/home/foka/ros2_humble2/build/autopilot/install.log'
[5.491s] Invoked command in '/home/foka/ros2_humble2/src/autopilot' returned '0': PYTHONPATH=/home/foka/ros2_humble2/build/autopilot/prefix_override:/usr/lib/python3/dist-packages/colcon_core/task/python/colcon_distutils_commands:/home/foka/ros2_humble2/install/autopilot/lib/python3.10/site-packages:${PYTHONPATH} /usr/bin/python3 -W ignore:setup.py install is deprecated -W ignore:easy_install command is deprecated setup.py egg_info --egg-base ../../build/autopilot build --build-base /home/foka/ros2_humble2/build/autopilot/build install --record /home/foka/ros2_humble2/build/autopilot/install.log --single-version-externally-managed install_data
