running develop
running egg_info
creating sensor_voltage.egg-info
writing sensor_voltage.egg-info/PKG-INFO
writing dependency_links to sensor_voltage.egg-info/dependency_links.txt
writing entry points to sensor_voltage.egg-info/entry_points.txt
writing requirements to sensor_voltage.egg-info/requires.txt
writing top-level names to sensor_voltage.egg-info/top_level.txt
writing manifest file 'sensor_voltage.egg-info/SOURCES.txt'
reading manifest file 'sensor_voltage.egg-info/SOURCES.txt'
writing manifest file 'sensor_voltage.egg-info/SOURCES.txt'
running build_ext
Creating /home/foka/ros2_humble2/install/sensor_voltage/lib/python3.10/site-packages/sensor-voltage.egg-link (link to .)
Installing sensor_voltage script to /home/foka/ros2_humble2/install/sensor_voltage/lib/sensor_voltage

Installed /home/foka/ros2_humble2/build/sensor_voltage
running symlink_data
creating /home/foka/ros2_humble2/install/sensor_voltage/share/ament_index
creating /home/foka/ros2_humble2/install/sensor_voltage/share/ament_index/resource_index
creating /home/foka/ros2_humble2/install/sensor_voltage/share/ament_index/resource_index/packages
symbolically linking /home/foka/ros2_humble2/build/sensor_voltage/resource/sensor_voltage -> /home/foka/ros2_humble2/install/sensor_voltage/share/ament_index/resource_index/packages
symbolically linking /home/foka/ros2_humble2/build/sensor_voltage/package.xml -> /home/foka/ros2_humble2/install/sensor_voltage/share/sensor_voltage
