[6.422s] Invoking command in '/home/foka/ros2_humble2/build/sensor_voltage': AMENT_PREFIX_PATH=/home/foka/ros2_humble2/install/system_launcher:/home/foka/ros2_humble2/install/sensor_gps:/home/foka/ros2_humble2/install/telemetry:/home/foka/ros2_humble2/install/sensor_voltage:/home/foka/ros2_humble2/install/sensor_turbidity:/home/foka/ros2_humble2/install/sensor_tds:/home/foka/ros2_humble2/install/sensor_ph:/home/foka/ros2_humble2/install/sensor_thermometer:/home/foka/ros2_humble2/install/saver:/home/foka/ros2_humble2/install/msg_interfaces:/home/foka/ros2_humble2/install/aggregator:/opt/ros/humble PYTHONPATH=/home/foka/ros2_humble2/build/sensor_voltage/prefix_override:/usr/lib/python3/dist-packages/colcon_core/task/python/colcon_distutils_commands:/home/foka/ros2_humble2/install/sensor_voltage/lib/python3.10/site-packages:/home/foka/ros2_humble2/build/system_launcher:/home/foka/ros2_humble2/install/system_launcher/lib/python3.10/site-packages:/home/foka/ros2_humble2/install/sensor_gps/lib/python3.10/site-packages:/home/foka/ros2_humble2/build/telemetry:/home/foka/ros2_humble2/install/telemetry/lib/python3.10/site-packages:/home/foka/ros2_humble2/build/sensor_voltage:/home/foka/ros2_humble2/install/sensor_voltage/lib/python3.10/site-packages:/home/foka/ros2_humble2/build/sensor_turbidity:/home/foka/ros2_humble2/install/sensor_turbidity/lib/python3.10/site-packages:/home/foka/ros2_humble2/build/sensor_tds:/home/foka/ros2_humble2/install/sensor_tds/lib/python3.10/site-packages:/home/foka/ros2_humble2/build/sensor_ph:/home/foka/ros2_humble2/install/sensor_ph/lib/python3.10/site-packages:/home/foka/ros2_humble2/build/sensor_thermometer:/home/foka/ros2_humble2/install/sensor_thermometer/lib/python3.10/site-packages:/home/foka/ros2_humble2/build/saver:/home/foka/ros2_humble2/install/saver/lib/python3.10/site-packages:/home/foka/ros2_humble2/install/msg_interfaces/local/lib/python3.10/dist-packages:/home/foka/ros2_humble2/build/aggregator:/home/foka/ros2_humble2/install/aggregator/lib/python3.10/site-packages:/opt/ros/humble/lib/python3.10/site-packages:/opt/ros/humble/local/lib/python3.10/dist-packages /usr/bin/python3 -W ignore:setup.py install is deprecated -W ignore:easy_install command is deprecated setup.py develop --editable --build-directory /home/foka/ros2_humble2/build/sensor_voltage/build --no-deps symlink_data
[9.544s] running develop
[11.048s] running egg_info
[11.050s] creating sensor_voltage.egg-info
[11.053s] writing sensor_voltage.egg-info/PKG-INFO
[11.054s] writing dependency_links to sensor_voltage.egg-info/dependency_links.txt
[11.054s] writing entry points to sensor_voltage.egg-info/entry_points.txt
[11.055s] writing requirements to sensor_voltage.egg-info/requires.txt
[11.059s] writing top-level names to sensor_voltage.egg-info/top_level.txt
[11.059s] writing manifest file 'sensor_voltage.egg-info/SOURCES.txt'
[11.062s] reading manifest file 'sensor_voltage.egg-info/SOURCES.txt'
[11.066s] writing manifest file 'sensor_voltage.egg-info/SOURCES.txt'
[11.076s] running build_ext
[11.079s] Creating /home/foka/ros2_humble2/install/sensor_voltage/lib/python3.10/site-packages/sensor-voltage.egg-link (link to .)
[11.087s] Installing sensor_voltage script to /home/foka/ros2_humble2/install/sensor_voltage/lib/sensor_voltage
[11.090s] 
[11.093s] Installed /home/foka/ros2_humble2/build/sensor_voltage
[11.095s] running symlink_data
[11.096s] creating /home/foka/ros2_humble2/install/sensor_voltage/share/ament_index
[11.098s] creating /home/foka/ros2_humble2/install/sensor_voltage/share/ament_index/resource_index
[11.099s] creating /home/foka/ros2_humble2/install/sensor_voltage/share/ament_index/resource_index/packages
[11.109s] symbolically linking /home/foka/ros2_humble2/build/sensor_voltage/resource/sensor_voltage -> /home/foka/ros2_humble2/install/sensor_voltage/share/ament_index/resource_index/packages
[11.111s] symbolically linking /home/foka/ros2_humble2/build/sensor_voltage/package.xml -> /home/foka/ros2_humble2/install/sensor_voltage/share/sensor_voltage
[11.275s] Invoked command in '/home/foka/ros2_humble2/build/sensor_voltage' returned '0': AMENT_PREFIX_PATH=/home/foka/ros2_humble2/install/system_launcher:/home/foka/ros2_humble2/install/sensor_gps:/home/foka/ros2_humble2/install/telemetry:/home/foka/ros2_humble2/install/sensor_voltage:/home/foka/ros2_humble2/install/sensor_turbidity:/home/foka/ros2_humble2/install/sensor_tds:/home/foka/ros2_humble2/install/sensor_ph:/home/foka/ros2_humble2/install/sensor_thermometer:/home/foka/ros2_humble2/install/saver:/home/foka/ros2_humble2/install/msg_interfaces:/home/foka/ros2_humble2/install/aggregator:/opt/ros/humble PYTHONPATH=/home/foka/ros2_humble2/build/sensor_voltage/prefix_override:/usr/lib/python3/dist-packages/colcon_core/task/python/colcon_distutils_commands:/home/foka/ros2_humble2/install/sensor_voltage/lib/python3.10/site-packages:/home/foka/ros2_humble2/build/system_launcher:/home/foka/ros2_humble2/install/system_launcher/lib/python3.10/site-packages:/home/foka/ros2_humble2/install/sensor_gps/lib/python3.10/site-packages:/home/foka/ros2_humble2/build/telemetry:/home/foka/ros2_humble2/install/telemetry/lib/python3.10/site-packages:/home/foka/ros2_humble2/build/sensor_voltage:/home/foka/ros2_humble2/install/sensor_voltage/lib/python3.10/site-packages:/home/foka/ros2_humble2/build/sensor_turbidity:/home/foka/ros2_humble2/install/sensor_turbidity/lib/python3.10/site-packages:/home/foka/ros2_humble2/build/sensor_tds:/home/foka/ros2_humble2/install/sensor_tds/lib/python3.10/site-packages:/home/foka/ros2_humble2/build/sensor_ph:/home/foka/ros2_humble2/install/sensor_ph/lib/python3.10/site-packages:/home/foka/ros2_humble2/build/sensor_thermometer:/home/foka/ros2_humble2/install/sensor_thermometer/lib/python3.10/site-packages:/home/foka/ros2_humble2/build/saver:/home/foka/ros2_humble2/install/saver/lib/python3.10/site-packages:/home/foka/ros2_humble2/install/msg_interfaces/local/lib/python3.10/dist-packages:/home/foka/ros2_humble2/build/aggregator:/home/foka/ros2_humble2/install/aggregator/lib/python3.10/site-packages:/opt/ros/humble/lib/python3.10/site-packages:/opt/ros/humble/local/lib/python3.10/dist-packages /usr/bin/python3 -W ignore:setup.py install is deprecated -W ignore:easy_install command is deprecated setup.py develop --editable --build-directory /home/foka/ros2_humble2/build/sensor_voltage/build --no-deps symlink_data
