[8.814s] Invoking command in '/home/foka/ros2_humble2/src/sensor_current': PYTHONPATH=/home/foka/ros2_humble2/build/sensor_current/prefix_override:/usr/lib/python3/dist-packages/colcon_core/task/python/colcon_distutils_commands:/home/foka/ros2_humble2/install/sensor_current/lib/python3.10/site-packages:${PYTHONPATH} /usr/bin/python3 -W ignore:setup.py install is deprecated -W ignore:easy_install command is deprecated setup.py egg_info --egg-base ../../build/sensor_current build --build-base /home/foka/ros2_humble2/build/sensor_current/build install --record /home/foka/ros2_humble2/build/sensor_current/install.log --single-version-externally-managed install_data
[12.247s] running egg_info
[12.254s] writing ../../build/sensor_current/sensor_current.egg-info/PKG-INFO
[12.257s] writing dependency_links to ../../build/sensor_current/sensor_current.egg-info/dependency_links.txt
[12.259s] writing entry points to ../../build/sensor_current/sensor_current.egg-info/entry_points.txt
[12.263s] writing requirements to ../../build/sensor_current/sensor_current.egg-info/requires.txt
[12.264s] writing top-level names to ../../build/sensor_current/sensor_current.egg-info/top_level.txt
[12.283s] reading manifest file '../../build/sensor_current/sensor_current.egg-info/SOURCES.txt'
[12.293s] writing manifest file '../../build/sensor_current/sensor_current.egg-info/SOURCES.txt'
[12.295s] running build
[12.296s] running build_py
[12.299s] copying sensor_current/sensor_current_driver.py -> /home/foka/ros2_humble2/build/sensor_current/build/lib/sensor_current
[12.302s] running install
[12.305s] running install_lib
[12.314s] copying /home/foka/ros2_humble2/build/sensor_current/build/lib/sensor_current/sensor_current_driver.py -> /home/foka/ros2_humble2/install/sensor_current/lib/python3.10/site-packages/sensor_current
[12.324s] byte-compiling /home/foka/ros2_humble2/install/sensor_current/lib/python3.10/site-packages/sensor_current/sensor_current_driver.py to sensor_current_driver.cpython-310.pyc
[12.330s] running install_data
[12.332s] running install_egg_info
[12.354s] removing '/home/foka/ros2_humble2/install/sensor_current/lib/python3.10/site-packages/sensor_current-0.0.0-py3.10.egg-info' (and everything under it)
[12.358s] Copying ../../build/sensor_current/sensor_current.egg-info to /home/foka/ros2_humble2/install/sensor_current/lib/python3.10/site-packages/sensor_current-0.0.0-py3.10.egg-info
[12.377s] running install_scripts
[12.617s] Installing sensor_current script to /home/foka/ros2_humble2/install/sensor_current/lib/sensor_current
[12.621s] writing list of installed files to '/home/foka/ros2_humble2/build/sensor_current/install.log'
[12.837s] Invoked command in '/home/foka/ros2_humble2/src/sensor_current' returned '0': PYTHONPATH=/home/foka/ros2_humble2/build/sensor_current/prefix_override:/usr/lib/python3/dist-packages/colcon_core/task/python/colcon_distutils_commands:/home/foka/ros2_humble2/install/sensor_current/lib/python3.10/site-packages:${PYTHONPATH} /usr/bin/python3 -W ignore:setup.py install is deprecated -W ignore:easy_install command is deprecated setup.py egg_info --egg-base ../../build/sensor_current build --build-base /home/foka/ros2_humble2/build/sensor_current/build install --record /home/foka/ros2_humble2/build/sensor_current/install.log --single-version-externally-managed install_data
