[3.507s] Invoking command in '/home/foka/ros2_humble2/src/autopilot': PYTHONPATH=/home/foka/ros2_humble2/build/autopilot/prefix_override:/usr/lib/python3/dist-packages/colcon_core/task/python/colcon_distutils_commands:/home/foka/ros2_humble2/install/autopilot/lib/python3.10/site-packages:${PYTHONPATH} /usr/bin/python3 -W ignore:setup.py install is deprecated -W ignore:easy_install command is deprecated setup.py egg_info --egg-base ../../build/autopilot build --build-base /home/foka/ros2_humble2/build/autopilot/build install --record /home/foka/ros2_humble2/build/autopilot/install.log --single-version-externally-managed install_data
[4.808s] running egg_info
[4.811s] writing ../../build/autopilot/autopilot.egg-info/PKG-INFO
[4.812s] writing dependency_links to ../../build/autopilot/autopilot.egg-info/dependency_links.txt
[4.813s] writing entry points to ../../build/autopilot/autopilot.egg-info/entry_points.txt
[4.814s] writing requirements to ../../build/autopilot/autopilot.egg-info/requires.txt
[4.815s] writing top-level names to ../../build/autopilot/autopilot.egg-info/top_level.txt
[4.822s] reading manifest file '../../build/autopilot/autopilot.egg-info/SOURCES.txt'
[4.827s] writing manifest file '../../build/autopilot/autopilot.egg-info/SOURCES.txt'
[4.828s] running build
[4.829s] running build_py
[4.830s] copying autopilot/azimuth.py -> /home/foka/ros2_humble2/build/autopilot/build/lib/autopilot
[4.832s] running install
[4.833s] running install_lib
[4.837s] copying /home/foka/ros2_humble2/build/autopilot/build/lib/autopilot/azimuth.py -> /home/foka/ros2_humble2/install/autopilot/lib/python3.10/site-packages/autopilot
[4.841s] byte-compiling /home/foka/ros2_humble2/install/autopilot/lib/python3.10/site-packages/autopilot/azimuth.py to azimuth.cpython-310.pyc
[4.845s] running install_data
[4.846s] running install_egg_info
[4.854s] removing '/home/foka/ros2_humble2/install/autopilot/lib/python3.10/site-packages/autopilot-0.0.0-py3.10.egg-info' (and everything under it)
[4.855s] Copying ../../build/autopilot/autopilot.egg-info to /home/foka/ros2_humble2/install/autopilot/lib/python3.10/site-packages/autopilot-0.0.0-py3.10.egg-info
[4.862s] running install_scripts
[4.953s] Installing azimuth script to /home/foka/ros2_humble2/install/autopilot/lib/autopilot
[4.954s] Installing checkpoints script to /home/foka/ros2_humble2/install/autopilot/lib/autopilot
[4.955s] Installing compass script to /home/foka/ros2_humble2/install/autopilot/lib/autopilot
[4.957s] writing list of installed files to '/home/foka/ros2_humble2/build/autopilot/install.log'
[5.081s] Invoked command in '/home/foka/ros2_humble2/src/autopilot' returned '0': PYTHONPATH=/home/foka/ros2_humble2/build/autopilot/prefix_override:/usr/lib/python3/dist-packages/colcon_core/task/python/colcon_distutils_commands:/home/foka/ros2_humble2/install/autopilot/lib/python3.10/site-packages:${PYTHONPATH} /usr/bin/python3 -W ignore:setup.py install is deprecated -W ignore:easy_install command is deprecated setup.py egg_info --egg-base ../../build/autopilot build --build-base /home/foka/ros2_humble2/build/autopilot/build install --record /home/foka/ros2_humble2/build/autopilot/install.log --single-version-externally-managed install_data
