[6.582s] Invoking command in '/home/foka/ros2_humble2/src/sensor_depth': PYTHONPATH=/home/foka/ros2_humble2/build/sensor_depth/prefix_override:/usr/lib/python3/dist-packages/colcon_core/task/python/colcon_distutils_commands:/home/foka/ros2_humble2/install/sensor_depth/lib/python3.10/site-packages:${PYTHONPATH} /usr/bin/python3 -W ignore:setup.py install is deprecated -W ignore:easy_install command is deprecated setup.py egg_info --egg-base ../../build/sensor_depth build --build-base /home/foka/ros2_humble2/build/sensor_depth/build install --record /home/foka/ros2_humble2/build/sensor_depth/install.log --single-version-externally-managed install_data
[8.170s] running egg_info
[8.170s] writing ../../build/sensor_depth/sensor_depth.egg-info/PKG-INFO
[8.172s] writing dependency_links to ../../build/sensor_depth/sensor_depth.egg-info/dependency_links.txt
[8.173s] writing entry points to ../../build/sensor_depth/sensor_depth.egg-info/entry_points.txt
[8.180s] writing requirements to ../../build/sensor_depth/sensor_depth.egg-info/requires.txt
[8.181s] writing top-level names to ../../build/sensor_depth/sensor_depth.egg-info/top_level.txt
[8.186s] reading manifest file '../../build/sensor_depth/sensor_depth.egg-info/SOURCES.txt'
[8.190s] writing manifest file '../../build/sensor_depth/sensor_depth.egg-info/SOURCES.txt'
[8.192s] running build
[8.193s] running build_py
[8.199s] running install
[8.199s] running install_lib
[8.204s] running install_data
[8.205s] running install_egg_info
[8.214s] removing '/home/foka/ros2_humble2/install/sensor_depth/lib/python3.10/site-packages/sensor_depth-0.0.0-py3.10.egg-info' (and everything under it)
[8.216s] Copying ../../build/sensor_depth/sensor_depth.egg-info to /home/foka/ros2_humble2/install/sensor_depth/lib/python3.10/site-packages/sensor_depth-0.0.0-py3.10.egg-info
[8.223s] running install_scripts
[8.332s] Installing sensor_depth script to /home/foka/ros2_humble2/install/sensor_depth/lib/sensor_depth
[8.334s] writing list of installed files to '/home/foka/ros2_humble2/build/sensor_depth/install.log'
[8.701s] Invoked command in '/home/foka/ros2_humble2/src/sensor_depth' returned '0': PYTHONPATH=/home/foka/ros2_humble2/build/sensor_depth/prefix_override:/usr/lib/python3/dist-packages/colcon_core/task/python/colcon_distutils_commands:/home/foka/ros2_humble2/install/sensor_depth/lib/python3.10/site-packages:${PYTHONPATH} /usr/bin/python3 -W ignore:setup.py install is deprecated -W ignore:easy_install command is deprecated setup.py egg_info --egg-base ../../build/sensor_depth build --build-base /home/foka/ros2_humble2/build/sensor_depth/build install --record /home/foka/ros2_humble2/build/sensor_depth/install.log --single-version-externally-managed install_data
