[0.611s] DEBUG:colcon:Command line arguments: ['/usr/bin/colcon', 'build']
[0.611s] DEBUG:colcon:Parsed command line arguments: Namespace(log_base=None, log_level=None, verb_name='build', build_base='build', install_base='install', merge_install=False, symlink_install=False, test_result_base=None, continue_on_error=False, executor='parallel', parallel_workers=4, event_handlers=None, ignore_user_meta=False, metas=['./colcon.meta'], base_paths=['.'], packages_ignore=None, packages_ignore_regex=None, paths=None, packages_up_to=None, packages_up_to_regex=None, packages_above=None, packages_above_and_dependencies=None, packages_above_depth=None, packages_select_by_dep=None, packages_skip_by_dep=None, packages_skip_up_to=None, packages_select_build_failed=False, packages_skip_build_finished=False, packages_select_test_failures=False, packages_skip_test_passed=False, packages_select=None, packages_skip=None, packages_select_regex=None, packages_skip_regex=None, packages_start=None, packages_end=None, allow_overriding=[], cmake_args=None, cmake_target=None, cmake_target_skip_unavailable=False, cmake_clean_cache=False, cmake_clean_first=False, cmake_force_configure=False, ament_cmake_args=None, catkin_cmake_args=None, catkin_skip_building_tests=False, verb_parser=<colcon_defaults.argument_parser.defaults.DefaultArgumentsDecorator object at 0xffff9058ee00>, verb_extension=<colcon_core.verb.build.BuildVerb object at 0xffff906c42b0>, main=<bound method BuildVerb.main of <colcon_core.verb.build.BuildVerb object at 0xffff906c42b0>>)
[1.717s] Level 1:colcon.colcon_core.package_discovery:discover_packages(colcon_meta) check parameters
[1.717s] Level 1:colcon.colcon_core.package_discovery:discover_packages(recursive) check parameters
[1.717s] Level 1:colcon.colcon_core.package_discovery:discover_packages(ignore) check parameters
[1.718s] Level 1:colcon.colcon_core.package_discovery:discover_packages(path) check parameters
[1.718s] Level 1:colcon.colcon_core.package_discovery:discover_packages(colcon_meta) discover
[1.718s] Level 1:colcon.colcon_core.package_discovery:discover_packages(recursive) discover
[1.718s] INFO:colcon.colcon_core.package_discovery:Crawling recursively for packages in '/home/foka/ros2_humble2'
[1.719s] Level 1:colcon.colcon_core.package_identification:_identify(.) by extensions ['ignore', 'ignore_ament_install']
[1.719s] Level 1:colcon.colcon_core.package_identification:_identify(.) by extension 'ignore'
[1.719s] Level 1:colcon.colcon_core.package_identification:_identify(.) by extension 'ignore_ament_install'
[1.720s] Level 1:colcon.colcon_core.package_identification:_identify(.) by extensions ['colcon_pkg']
[1.720s] Level 1:colcon.colcon_core.package_identification:_identify(.) by extension 'colcon_pkg'
[1.720s] Level 1:colcon.colcon_core.package_identification:_identify(.) by extensions ['colcon_meta']
[1.720s] Level 1:colcon.colcon_core.package_identification:_identify(.) by extension 'colcon_meta'
[1.720s] Level 1:colcon.colcon_core.package_identification:_identify(.) by extensions ['ros']
[1.720s] Level 1:colcon.colcon_core.package_identification:_identify(.) by extension 'ros'
[1.767s] Level 1:colcon.colcon_core.package_identification:_identify(.) by extensions ['cmake', 'python']
[1.767s] Level 1:colcon.colcon_core.package_identification:_identify(.) by extension 'cmake'
[1.767s] Level 1:colcon.colcon_core.package_identification:_identify(.) by extension 'python'
[1.768s] Level 1:colcon.colcon_core.package_identification:_identify(.) by extensions ['python_setup_py']
[1.768s] Level 1:colcon.colcon_core.package_identification:_identify(.) by extension 'python_setup_py'
[1.768s] Level 1:colcon.colcon_core.package_identification:_identify(build) by extensions ['ignore', 'ignore_ament_install']
[1.769s] Level 1:colcon.colcon_core.package_identification:_identify(build) by extension 'ignore'
[1.769s] Level 1:colcon.colcon_core.package_identification:_identify(build) ignored
[1.769s] Level 1:colcon.colcon_core.package_identification:_identify(install) by extensions ['ignore', 'ignore_ament_install']
[1.770s] Level 1:colcon.colcon_core.package_identification:_identify(install) by extension 'ignore'
[1.770s] Level 1:colcon.colcon_core.package_identification:_identify(install) ignored
[1.770s] Level 1:colcon.colcon_core.package_identification:_identify(log) by extensions ['ignore', 'ignore_ament_install']
[1.771s] Level 1:colcon.colcon_core.package_identification:_identify(log) by extension 'ignore'
[1.771s] Level 1:colcon.colcon_core.package_identification:_identify(log) ignored
[1.771s] Level 1:colcon.colcon_core.package_identification:_identify(src) by extensions ['ignore', 'ignore_ament_install']
[1.771s] Level 1:colcon.colcon_core.package_identification:_identify(src) by extension 'ignore'
[1.771s] Level 1:colcon.colcon_core.package_identification:_identify(src) by extension 'ignore_ament_install'
[1.772s] Level 1:colcon.colcon_core.package_identification:_identify(src) by extensions ['colcon_pkg']
[1.772s] Level 1:colcon.colcon_core.package_identification:_identify(src) by extension 'colcon_pkg'
[1.772s] Level 1:colcon.colcon_core.package_identification:_identify(src) by extensions ['colcon_meta']
[1.772s] Level 1:colcon.colcon_core.package_identification:_identify(src) by extension 'colcon_meta'
[1.772s] Level 1:colcon.colcon_core.package_identification:_identify(src) by extensions ['ros']
[1.772s] Level 1:colcon.colcon_core.package_identification:_identify(src) by extension 'ros'
[1.773s] Level 1:colcon.colcon_core.package_identification:_identify(src) by extensions ['cmake', 'python']
[1.773s] Level 1:colcon.colcon_core.package_identification:_identify(src) by extension 'cmake'
[1.773s] Level 1:colcon.colcon_core.package_identification:_identify(src) by extension 'python'
[1.773s] Level 1:colcon.colcon_core.package_identification:_identify(src) by extensions ['python_setup_py']
[1.773s] Level 1:colcon.colcon_core.package_identification:_identify(src) by extension 'python_setup_py'
[1.774s] Level 1:colcon.colcon_core.package_identification:_identify(src/msg_interfaces) by extensions ['ignore', 'ignore_ament_install']
[1.774s] Level 1:colcon.colcon_core.package_identification:_identify(src/msg_interfaces) by extension 'ignore'
[1.774s] Level 1:colcon.colcon_core.package_identification:_identify(src/msg_interfaces) by extension 'ignore_ament_install'
[1.774s] Level 1:colcon.colcon_core.package_identification:_identify(src/msg_interfaces) by extensions ['colcon_pkg']
[1.775s] Level 1:colcon.colcon_core.package_identification:_identify(src/msg_interfaces) by extension 'colcon_pkg'
[1.775s] Level 1:colcon.colcon_core.package_identification:_identify(src/msg_interfaces) by extensions ['colcon_meta']
[1.775s] Level 1:colcon.colcon_core.package_identification:_identify(src/msg_interfaces) by extension 'colcon_meta'
[1.775s] Level 1:colcon.colcon_core.package_identification:_identify(src/msg_interfaces) by extensions ['ros']
[1.775s] Level 1:colcon.colcon_core.package_identification:_identify(src/msg_interfaces) by extension 'ros'
[1.786s] DEBUG:colcon.colcon_core.package_identification:Package 'src/msg_interfaces' with type 'ros.ament_cmake' and name 'msg_interfaces'
[1.787s] Level 1:colcon.colcon_core.package_identification:_identify(src/py_talker) by extensions ['ignore', 'ignore_ament_install']
[1.787s] Level 1:colcon.colcon_core.package_identification:_identify(src/py_talker) by extension 'ignore'
[1.788s] Level 1:colcon.colcon_core.package_identification:_identify(src/py_talker) by extension 'ignore_ament_install'
[1.788s] Level 1:colcon.colcon_core.package_identification:_identify(src/py_talker) by extensions ['colcon_pkg']
[1.788s] Level 1:colcon.colcon_core.package_identification:_identify(src/py_talker) by extension 'colcon_pkg'
[1.788s] Level 1:colcon.colcon_core.package_identification:_identify(src/py_talker) by extensions ['colcon_meta']
[1.788s] Level 1:colcon.colcon_core.package_identification:_identify(src/py_talker) by extension 'colcon_meta'
[1.788s] Level 1:colcon.colcon_core.package_identification:_identify(src/py_talker) by extensions ['ros']
[1.789s] Level 1:colcon.colcon_core.package_identification:_identify(src/py_talker) by extension 'ros'
[1.791s] DEBUG:colcon.colcon_core.package_identification:Package 'src/py_talker' with type 'ros.ament_python' and name 'py_talker'
[1.792s] Level 1:colcon.colcon_core.package_discovery:discover_packages(recursive) using defaults
[1.792s] Level 1:colcon.colcon_core.package_discovery:discover_packages(ignore) discover
[1.792s] Level 1:colcon.colcon_core.package_discovery:discover_packages(ignore) using defaults
[1.792s] Level 1:colcon.colcon_core.package_discovery:discover_packages(path) discover
[1.792s] Level 1:colcon.colcon_core.package_discovery:discover_packages(path) using defaults
[1.911s] Level 1:colcon.colcon_core.package_discovery:discover_packages(prefix_path) check parameters
[1.911s] Level 1:colcon.colcon_core.package_discovery:discover_packages(prefix_path) discover
[1.924s] DEBUG:colcon.colcon_installed_package_information.package_discovery:Found 1 installed packages in /home/foka/ros2_humble2/install
[1.931s] DEBUG:colcon.colcon_installed_package_information.package_discovery:Found 181 installed packages in /opt/ros/humble
[1.936s] Level 1:colcon.colcon_core.package_discovery:discover_packages(prefix_path) using defaults
[2.090s] Level 5:colcon.colcon_core.verb:set package 'msg_interfaces' build argument 'cmake_args' from command line to 'None'
[2.091s] Level 5:colcon.colcon_core.verb:set package 'msg_interfaces' build argument 'cmake_target' from command line to 'None'
[2.091s] Level 5:colcon.colcon_core.verb:set package 'msg_interfaces' build argument 'cmake_target_skip_unavailable' from command line to 'False'
[2.091s] Level 5:colcon.colcon_core.verb:set package 'msg_interfaces' build argument 'cmake_clean_cache' from command line to 'False'
[2.091s] Level 5:colcon.colcon_core.verb:set package 'msg_interfaces' build argument 'cmake_clean_first' from command line to 'False'
[2.091s] Level 5:colcon.colcon_core.verb:set package 'msg_interfaces' build argument 'cmake_force_configure' from command line to 'False'
[2.091s] Level 5:colcon.colcon_core.verb:set package 'msg_interfaces' build argument 'ament_cmake_args' from command line to 'None'
[2.091s] Level 5:colcon.colcon_core.verb:set package 'msg_interfaces' build argument 'catkin_cmake_args' from command line to 'None'
[2.091s] Level 5:colcon.colcon_core.verb:set package 'msg_interfaces' build argument 'catkin_skip_building_tests' from command line to 'False'
[2.091s] DEBUG:colcon.colcon_core.verb:Building package 'msg_interfaces' with the following arguments: {'ament_cmake_args': None, 'build_base': '/home/foka/ros2_humble2/build/msg_interfaces', 'catkin_cmake_args': None, 'catkin_skip_building_tests': False, 'cmake_args': None, 'cmake_clean_cache': False, 'cmake_clean_first': False, 'cmake_force_configure': False, 'cmake_target': None, 'cmake_target_skip_unavailable': False, 'install_base': '/home/foka/ros2_humble2/install/msg_interfaces', 'merge_install': False, 'path': '/home/foka/ros2_humble2/src/msg_interfaces', 'symlink_install': False, 'test_result_base': None}
[2.093s] Level 5:colcon.colcon_core.verb:set package 'py_talker' build argument 'cmake_args' from command line to 'None'
[2.093s] Level 5:colcon.colcon_core.verb:set package 'py_talker' build argument 'cmake_target' from command line to 'None'
[2.093s] Level 5:colcon.colcon_core.verb:set package 'py_talker' build argument 'cmake_target_skip_unavailable' from command line to 'False'
[2.093s] Level 5:colcon.colcon_core.verb:set package 'py_talker' build argument 'cmake_clean_cache' from command line to 'False'
[2.093s] Level 5:colcon.colcon_core.verb:set package 'py_talker' build argument 'cmake_clean_first' from command line to 'False'
[2.093s] Level 5:colcon.colcon_core.verb:set package 'py_talker' build argument 'cmake_force_configure' from command line to 'False'
[2.094s] Level 5:colcon.colcon_core.verb:set package 'py_talker' build argument 'ament_cmake_args' from command line to 'None'
[2.094s] Level 5:colcon.colcon_core.verb:set package 'py_talker' build argument 'catkin_cmake_args' from command line to 'None'
[2.094s] Level 5:colcon.colcon_core.verb:set package 'py_talker' build argument 'catkin_skip_building_tests' from command line to 'False'
[2.094s] DEBUG:colcon.colcon_core.verb:Building package 'py_talker' with the following arguments: {'ament_cmake_args': None, 'build_base': '/home/foka/ros2_humble2/build/py_talker', 'catkin_cmake_args': None, 'catkin_skip_building_tests': False, 'cmake_args': None, 'cmake_clean_cache': False, 'cmake_clean_first': False, 'cmake_force_configure': False, 'cmake_target': None, 'cmake_target_skip_unavailable': False, 'install_base': '/home/foka/ros2_humble2/install/py_talker', 'merge_install': False, 'path': '/home/foka/ros2_humble2/src/py_talker', 'symlink_install': False, 'test_result_base': None}
[2.094s] INFO:colcon.colcon_core.executor:Executing jobs using 'parallel' executor
[2.098s] DEBUG:colcon.colcon_parallel_executor.executor.parallel:run_until_complete
[2.099s] INFO:colcon.colcon_ros.task.ament_cmake.build:Building ROS package in '/home/foka/ros2_humble2/src/msg_interfaces' with build type 'ament_cmake'
[2.100s] INFO:colcon.colcon_cmake.task.cmake.build:Building CMake package in '/home/foka/ros2_humble2/src/msg_interfaces'
[2.118s] INFO:colcon.colcon_core.plugin_system:Skipping extension 'colcon_core.shell.bat': Not used on non-Windows systems
[2.119s] INFO:colcon.colcon_core.shell:Skip shell extension 'powershell' for command environment: Not usable outside of PowerShell
[2.119s] DEBUG:colcon.colcon_core.shell:Skip shell extension 'dsv' for command environment
[2.137s] INFO:colcon.colcon_ros.task.ament_python.build:Building ROS package in '/home/foka/ros2_humble2/src/py_talker' with build type 'ament_python'
[2.138s] Level 1:colcon.colcon_core.shell:create_environment_hook('py_talker', 'ament_prefix_path')
[2.139s] INFO:colcon.colcon_core.shell:Creating environment hook '/home/foka/ros2_humble2/install/py_talker/share/py_talker/hook/ament_prefix_path.ps1'
[2.144s] INFO:colcon.colcon_core.shell:Creating environment descriptor '/home/foka/ros2_humble2/install/py_talker/share/py_talker/hook/ament_prefix_path.dsv'
[2.150s] INFO:colcon.colcon_core.shell:Creating environment hook '/home/foka/ros2_humble2/install/py_talker/share/py_talker/hook/ament_prefix_path.sh'
[2.156s] INFO:colcon.colcon_core.shell:Skip shell extension 'powershell' for command environment: Not usable outside of PowerShell
[2.157s] DEBUG:colcon.colcon_core.shell:Skip shell extension 'dsv' for command environment
[2.185s] DEBUG:colcon.colcon_core.event_handler.log_command:Invoking command in '/home/foka/ros2_humble2/build/msg_interfaces': CMAKE_PREFIX_PATH=/home/foka/ros2_humble2/install/py_talker:/opt/ros/humble /usr/bin/cmake /home/foka/ros2_humble2/src/msg_interfaces -DCMAKE_INSTALL_PREFIX=/home/foka/ros2_humble2/install/msg_interfaces
[3.470s] INFO:colcon.colcon_core.task.python.build:Building Python package in '/home/foka/ros2_humble2/src/py_talker'
[3.471s] INFO:colcon.colcon_core.shell:Skip shell extension 'powershell' for command environment: Not usable outside of PowerShell
[3.471s] DEBUG:colcon.colcon_core.shell:Skip shell extension 'dsv' for command environment
[5.916s] DEBUG:colcon.colcon_core.event_handler.log_command:Invoking command in '/home/foka/ros2_humble2/src/py_talker': PYTHONPATH=/home/foka/ros2_humble2/build/py_talker/prefix_override:/usr/lib/python3/dist-packages/colcon_core/task/python/colcon_distutils_commands:/home/foka/ros2_humble2/install/py_talker/lib/python3.10/site-packages:${PYTHONPATH} /usr/bin/python3 -W ignore:setup.py install is deprecated -W ignore:easy_install command is deprecated setup.py egg_info --egg-base ../../build/py_talker build --build-base /home/foka/ros2_humble2/build/py_talker/build install --record /home/foka/ros2_humble2/build/py_talker/install.log --single-version-externally-managed install_data
[7.351s] DEBUG:colcon.colcon_core.event_handler.log_command:Invoked command in '/home/foka/ros2_humble2/src/py_talker' returned '0': PYTHONPATH=/home/foka/ros2_humble2/build/py_talker/prefix_override:/usr/lib/python3/dist-packages/colcon_core/task/python/colcon_distutils_commands:/home/foka/ros2_humble2/install/py_talker/lib/python3.10/site-packages:${PYTHONPATH} /usr/bin/python3 -W ignore:setup.py install is deprecated -W ignore:easy_install command is deprecated setup.py egg_info --egg-base ../../build/py_talker build --build-base /home/foka/ros2_humble2/build/py_talker/build install --record /home/foka/ros2_humble2/build/py_talker/install.log --single-version-externally-managed install_data
[7.374s] Level 1:colcon.colcon_core.environment:checking '/home/foka/ros2_humble2/install/py_talker' for CMake module files
[7.376s] Level 1:colcon.colcon_core.environment:checking '/home/foka/ros2_humble2/install/py_talker' for CMake config files
[7.382s] Level 1:colcon.colcon_core.environment:checking '/home/foka/ros2_humble2/install/py_talker/lib'
[7.384s] Level 1:colcon.colcon_core.environment:checking '/home/foka/ros2_humble2/install/py_talker/bin'
[7.385s] Level 1:colcon.colcon_core.environment:checking '/home/foka/ros2_humble2/install/py_talker/lib/pkgconfig/py_talker.pc'
[7.387s] Level 1:colcon.colcon_core.environment:checking '/home/foka/ros2_humble2/install/py_talker/lib/python3.10/site-packages'
[7.387s] Level 1:colcon.colcon_core.shell:create_environment_hook('py_talker', 'pythonpath')
[7.388s] INFO:colcon.colcon_core.shell:Creating environment hook '/home/foka/ros2_humble2/install/py_talker/share/py_talker/hook/pythonpath.ps1'
[7.392s] INFO:colcon.colcon_core.shell:Creating environment descriptor '/home/foka/ros2_humble2/install/py_talker/share/py_talker/hook/pythonpath.dsv'
[7.395s] INFO:colcon.colcon_core.shell:Creating environment hook '/home/foka/ros2_humble2/install/py_talker/share/py_talker/hook/pythonpath.sh'
[7.398s] Level 1:colcon.colcon_core.environment:checking '/home/foka/ros2_humble2/install/py_talker/bin'
[7.398s] Level 1:colcon.colcon_core.environment:create_environment_scripts_only(py_talker)
[7.400s] INFO:colcon.colcon_core.shell:Creating package script '/home/foka/ros2_humble2/install/py_talker/share/py_talker/package.ps1'
[7.404s] INFO:colcon.colcon_core.shell:Creating package descriptor '/home/foka/ros2_humble2/install/py_talker/share/py_talker/package.dsv'
[7.408s] INFO:colcon.colcon_core.shell:Creating package script '/home/foka/ros2_humble2/install/py_talker/share/py_talker/package.sh'
[7.412s] INFO:colcon.colcon_core.shell:Creating package script '/home/foka/ros2_humble2/install/py_talker/share/py_talker/package.bash'
[7.417s] INFO:colcon.colcon_core.shell:Creating package script '/home/foka/ros2_humble2/install/py_talker/share/py_talker/package.zsh'
[7.421s] Level 1:colcon.colcon_core.environment:create_file_with_runtime_dependencies(/home/foka/ros2_humble2/install/py_talker/share/colcon-core/packages/py_talker)
[7.974s] DEBUG:colcon.colcon_core.event_handler.log_command:Invoked command in '/home/foka/ros2_humble2/build/msg_interfaces' returned '1': CMAKE_PREFIX_PATH=/home/foka/ros2_humble2/install/py_talker:/opt/ros/humble /usr/bin/cmake /home/foka/ros2_humble2/src/msg_interfaces -DCMAKE_INSTALL_PREFIX=/home/foka/ros2_humble2/install/msg_interfaces
[8.018s] Level 1:colcon.colcon_core.environment:create_environment_scripts_only(msg_interfaces)
[8.019s] Level 1:colcon.colcon_core.environment:checking '/home/foka/ros2_humble2/install/msg_interfaces' for CMake module files
[8.021s] Level 1:colcon.colcon_core.environment:checking '/home/foka/ros2_humble2/install/msg_interfaces' for CMake config files
[8.022s] Level 1:colcon.colcon_core.environment:checking '/home/foka/ros2_humble2/install/msg_interfaces/bin'
[8.022s] Level 1:colcon.colcon_core.environment:checking '/home/foka/ros2_humble2/install/msg_interfaces/lib/pkgconfig/msg_interfaces.pc'
[8.024s] Level 1:colcon.colcon_core.environment:checking '/home/foka/ros2_humble2/install/msg_interfaces/lib/python3.10/site-packages'
[8.025s] Level 1:colcon.colcon_core.environment:checking '/home/foka/ros2_humble2/install/msg_interfaces/bin'
[8.026s] INFO:colcon.colcon_core.shell:Creating package script '/home/foka/ros2_humble2/install/msg_interfaces/share/msg_interfaces/package.ps1'
[8.028s] INFO:colcon.colcon_core.shell:Creating package descriptor '/home/foka/ros2_humble2/install/msg_interfaces/share/msg_interfaces/package.dsv'
[8.030s] INFO:colcon.colcon_core.shell:Creating package script '/home/foka/ros2_humble2/install/msg_interfaces/share/msg_interfaces/package.sh'
[8.032s] INFO:colcon.colcon_core.shell:Creating package script '/home/foka/ros2_humble2/install/msg_interfaces/share/msg_interfaces/package.bash'
[8.034s] INFO:colcon.colcon_core.shell:Creating package script '/home/foka/ros2_humble2/install/msg_interfaces/share/msg_interfaces/package.zsh'
[8.036s] Level 1:colcon.colcon_core.environment:create_file_with_runtime_dependencies(/home/foka/ros2_humble2/install/msg_interfaces/share/colcon-core/packages/msg_interfaces)
[8.048s] DEBUG:colcon.colcon_parallel_executor.executor.parallel:closing loop
[8.049s] DEBUG:colcon.colcon_parallel_executor.executor.parallel:loop closed
[8.049s] DEBUG:colcon.colcon_parallel_executor.executor.parallel:run_until_complete finished with '1'
[8.049s] DEBUG:colcon.colcon_core.event_reactor:joining thread
[8.079s] INFO:colcon.colcon_core.plugin_system:Skipping extension 'colcon_notification.desktop_notification.notify_send': Could not find 'notify-send'
[8.079s] INFO:colcon.colcon_core.plugin_system:Skipping extension 'colcon_notification.desktop_notification.terminal_notifier': Not used on non-Darwin systems
[8.079s] INFO:colcon.colcon_core.plugin_system:Skipping extension 'colcon_notification.desktop_notification.win32': Not used on non-Windows systems
[8.079s] INFO:colcon.colcon_notification.desktop_notification:Sending desktop notification using 'notify2'
[8.107s] DEBUG:colcon.colcon_notification.desktop_notification.notify2:Failed to initialize notify2: org.freedesktop.DBus.Error.ServiceUnknown: The name org.freedesktop.Notifications was not provided by any .service files
[8.108s] DEBUG:colcon.colcon_core.event_reactor:joined thread
[8.109s] INFO:colcon.colcon_core.shell:Creating prefix script '/home/foka/ros2_humble2/install/local_setup.ps1'
[8.115s] INFO:colcon.colcon_core.shell:Creating prefix util module '/home/foka/ros2_humble2/install/_local_setup_util_ps1.py'
[8.123s] INFO:colcon.colcon_core.shell:Creating prefix chain script '/home/foka/ros2_humble2/install/setup.ps1'
[8.129s] INFO:colcon.colcon_core.shell:Creating prefix script '/home/foka/ros2_humble2/install/local_setup.sh'
[8.132s] INFO:colcon.colcon_core.shell:Creating prefix util module '/home/foka/ros2_humble2/install/_local_setup_util_sh.py'
[8.135s] INFO:colcon.colcon_core.shell:Creating prefix chain script '/home/foka/ros2_humble2/install/setup.sh'
[8.140s] INFO:colcon.colcon_core.shell:Creating prefix script '/home/foka/ros2_humble2/install/local_setup.bash'
[8.143s] INFO:colcon.colcon_core.shell:Creating prefix chain script '/home/foka/ros2_humble2/install/setup.bash'
[8.147s] INFO:colcon.colcon_core.shell:Creating prefix script '/home/foka/ros2_humble2/install/local_setup.zsh'
[8.150s] INFO:colcon.colcon_core.shell:Creating prefix chain script '/home/foka/ros2_humble2/install/setup.zsh'
