[1.396s] DEBUG:colcon:Command line arguments: ['/usr/bin/colcon', 'build', '--packages-select', 'sensor_current']
[1.397s] DEBUG:colcon:Parsed command line arguments: Namespace(log_base=None, log_level=None, verb_name='build', build_base='build', install_base='install', merge_install=False, symlink_install=False, test_result_base=None, continue_on_error=False, executor='parallel', parallel_workers=4, event_handlers=None, ignore_user_meta=False, metas=['./colcon.meta'], base_paths=['.'], packages_ignore=None, packages_ignore_regex=None, paths=None, packages_up_to=None, packages_up_to_regex=None, packages_above=None, packages_above_and_dependencies=None, packages_above_depth=None, packages_select_by_dep=None, packages_skip_by_dep=None, packages_skip_up_to=None, packages_select_build_failed=False, packages_skip_build_finished=False, packages_select_test_failures=False, packages_skip_test_passed=False, packages_select=['sensor_current'], packages_skip=None, packages_select_regex=None, packages_skip_regex=None, packages_start=None, packages_end=None, allow_overriding=[], cmake_args=None, cmake_target=None, cmake_target_skip_unavailable=False, cmake_clean_cache=False, cmake_clean_first=False, cmake_force_configure=False, ament_cmake_args=None, catkin_cmake_args=None, catkin_skip_building_tests=False, verb_parser=<colcon_defaults.argument_parser.defaults.DefaultArgumentsDecorator object at 0xffffb1c7f3d0>, verb_extension=<colcon_core.verb.build.BuildVerb object at 0xffffb1e41240>, main=<bound method BuildVerb.main of <colcon_core.verb.build.BuildVerb object at 0xffffb1e41240>>)
[3.056s] Level 1:colcon.colcon_core.package_discovery:discover_packages(colcon_meta) check parameters
[3.057s] Level 1:colcon.colcon_core.package_discovery:discover_packages(recursive) check parameters
[3.057s] Level 1:colcon.colcon_core.package_discovery:discover_packages(ignore) check parameters
[3.057s] Level 1:colcon.colcon_core.package_discovery:discover_packages(path) check parameters
[3.057s] Level 1:colcon.colcon_core.package_discovery:discover_packages(colcon_meta) discover
[3.058s] Level 1:colcon.colcon_core.package_discovery:discover_packages(recursive) discover
[3.058s] INFO:colcon.colcon_core.package_discovery:Crawling recursively for packages in '/home/foka/ros2_humble2'
[3.059s] Level 1:colcon.colcon_core.package_identification:_identify(.) by extensions ['ignore', 'ignore_ament_install']
[3.059s] Level 1:colcon.colcon_core.package_identification:_identify(.) by extension 'ignore'
[3.059s] Level 1:colcon.colcon_core.package_identification:_identify(.) by extension 'ignore_ament_install'
[3.060s] Level 1:colcon.colcon_core.package_identification:_identify(.) by extensions ['colcon_pkg']
[3.060s] Level 1:colcon.colcon_core.package_identification:_identify(.) by extension 'colcon_pkg'
[3.060s] Level 1:colcon.colcon_core.package_identification:_identify(.) by extensions ['colcon_meta']
[3.060s] Level 1:colcon.colcon_core.package_identification:_identify(.) by extension 'colcon_meta'
[3.060s] Level 1:colcon.colcon_core.package_identification:_identify(.) by extensions ['ros']
[3.060s] Level 1:colcon.colcon_core.package_identification:_identify(.) by extension 'ros'
[3.108s] Level 1:colcon.colcon_core.package_identification:_identify(.) by extensions ['cmake', 'python']
[3.108s] Level 1:colcon.colcon_core.package_identification:_identify(.) by extension 'cmake'
[3.108s] Level 1:colcon.colcon_core.package_identification:_identify(.) by extension 'python'
[3.109s] Level 1:colcon.colcon_core.package_identification:_identify(.) by extensions ['python_setup_py']
[3.109s] Level 1:colcon.colcon_core.package_identification:_identify(.) by extension 'python_setup_py'
[3.110s] Level 1:colcon.colcon_core.package_identification:_identify(build) by extensions ['ignore', 'ignore_ament_install']
[3.110s] Level 1:colcon.colcon_core.package_identification:_identify(build) by extension 'ignore'
[3.110s] Level 1:colcon.colcon_core.package_identification:_identify(build) ignored
[3.111s] Level 1:colcon.colcon_core.package_identification:_identify(data) by extensions ['ignore', 'ignore_ament_install']
[3.111s] Level 1:colcon.colcon_core.package_identification:_identify(data) by extension 'ignore'
[3.111s] Level 1:colcon.colcon_core.package_identification:_identify(data) by extension 'ignore_ament_install'
[3.112s] Level 1:colcon.colcon_core.package_identification:_identify(data) by extensions ['colcon_pkg']
[3.112s] Level 1:colcon.colcon_core.package_identification:_identify(data) by extension 'colcon_pkg'
[3.112s] Level 1:colcon.colcon_core.package_identification:_identify(data) by extensions ['colcon_meta']
[3.112s] Level 1:colcon.colcon_core.package_identification:_identify(data) by extension 'colcon_meta'
[3.112s] Level 1:colcon.colcon_core.package_identification:_identify(data) by extensions ['ros']
[3.112s] Level 1:colcon.colcon_core.package_identification:_identify(data) by extension 'ros'
[3.113s] Level 1:colcon.colcon_core.package_identification:_identify(data) by extensions ['cmake', 'python']
[3.113s] Level 1:colcon.colcon_core.package_identification:_identify(data) by extension 'cmake'
[3.113s] Level 1:colcon.colcon_core.package_identification:_identify(data) by extension 'python'
[3.113s] Level 1:colcon.colcon_core.package_identification:_identify(data) by extensions ['python_setup_py']
[3.113s] Level 1:colcon.colcon_core.package_identification:_identify(data) by extension 'python_setup_py'
[3.114s] Level 1:colcon.colcon_core.package_identification:_identify(install) by extensions ['ignore', 'ignore_ament_install']
[3.114s] Level 1:colcon.colcon_core.package_identification:_identify(install) by extension 'ignore'
[3.115s] Level 1:colcon.colcon_core.package_identification:_identify(install) ignored
[3.116s] Level 1:colcon.colcon_core.package_identification:_identify(log) by extensions ['ignore', 'ignore_ament_install']
[3.116s] Level 1:colcon.colcon_core.package_identification:_identify(log) by extension 'ignore'
[3.117s] Level 1:colcon.colcon_core.package_identification:_identify(log) ignored
[3.117s] Level 1:colcon.colcon_core.package_identification:_identify(src) by extensions ['ignore', 'ignore_ament_install']
[3.118s] Level 1:colcon.colcon_core.package_identification:_identify(src) by extension 'ignore'
[3.118s] Level 1:colcon.colcon_core.package_identification:_identify(src) by extension 'ignore_ament_install'
[3.118s] Level 1:colcon.colcon_core.package_identification:_identify(src) by extensions ['colcon_pkg']
[3.118s] Level 1:colcon.colcon_core.package_identification:_identify(src) by extension 'colcon_pkg'
[3.118s] Level 1:colcon.colcon_core.package_identification:_identify(src) by extensions ['colcon_meta']
[3.118s] Level 1:colcon.colcon_core.package_identification:_identify(src) by extension 'colcon_meta'
[3.119s] Level 1:colcon.colcon_core.package_identification:_identify(src) by extensions ['ros']
[3.119s] Level 1:colcon.colcon_core.package_identification:_identify(src) by extension 'ros'
[3.119s] Level 1:colcon.colcon_core.package_identification:_identify(src) by extensions ['cmake', 'python']
[3.119s] Level 1:colcon.colcon_core.package_identification:_identify(src) by extension 'cmake'
[3.119s] Level 1:colcon.colcon_core.package_identification:_identify(src) by extension 'python'
[3.120s] Level 1:colcon.colcon_core.package_identification:_identify(src) by extensions ['python_setup_py']
[3.120s] Level 1:colcon.colcon_core.package_identification:_identify(src) by extension 'python_setup_py'
[3.120s] Level 1:colcon.colcon_core.package_identification:_identify(src/aggregator) by extensions ['ignore', 'ignore_ament_install']
[3.121s] Level 1:colcon.colcon_core.package_identification:_identify(src/aggregator) by extension 'ignore'
[3.121s] Level 1:colcon.colcon_core.package_identification:_identify(src/aggregator) by extension 'ignore_ament_install'
[3.121s] Level 1:colcon.colcon_core.package_identification:_identify(src/aggregator) by extensions ['colcon_pkg']
[3.121s] Level 1:colcon.colcon_core.package_identification:_identify(src/aggregator) by extension 'colcon_pkg'
[3.121s] Level 1:colcon.colcon_core.package_identification:_identify(src/aggregator) by extensions ['colcon_meta']
[3.122s] Level 1:colcon.colcon_core.package_identification:_identify(src/aggregator) by extension 'colcon_meta'
[3.122s] Level 1:colcon.colcon_core.package_identification:_identify(src/aggregator) by extensions ['ros']
[3.122s] Level 1:colcon.colcon_core.package_identification:_identify(src/aggregator) by extension 'ros'
[3.130s] DEBUG:colcon.colcon_core.package_identification:Package 'src/aggregator' with type 'ros.ament_python' and name 'aggregator'
[3.131s] Level 1:colcon.colcon_core.package_identification:_identify(src/msg_interfaces) by extensions ['ignore', 'ignore_ament_install']
[3.131s] Level 1:colcon.colcon_core.package_identification:_identify(src/msg_interfaces) by extension 'ignore'
[3.131s] Level 1:colcon.colcon_core.package_identification:_identify(src/msg_interfaces) by extension 'ignore_ament_install'
[3.132s] Level 1:colcon.colcon_core.package_identification:_identify(src/msg_interfaces) by extensions ['colcon_pkg']
[3.132s] Level 1:colcon.colcon_core.package_identification:_identify(src/msg_interfaces) by extension 'colcon_pkg'
[3.132s] Level 1:colcon.colcon_core.package_identification:_identify(src/msg_interfaces) by extensions ['colcon_meta']
[3.132s] Level 1:colcon.colcon_core.package_identification:_identify(src/msg_interfaces) by extension 'colcon_meta'
[3.132s] Level 1:colcon.colcon_core.package_identification:_identify(src/msg_interfaces) by extensions ['ros']
[3.133s] Level 1:colcon.colcon_core.package_identification:_identify(src/msg_interfaces) by extension 'ros'
[3.135s] DEBUG:colcon.colcon_core.package_identification:Package 'src/msg_interfaces' with type 'ros.ament_cmake' and name 'msg_interfaces'
[3.136s] Level 1:colcon.colcon_core.package_identification:_identify(src/saver) by extensions ['ignore', 'ignore_ament_install']
[3.136s] Level 1:colcon.colcon_core.package_identification:_identify(src/saver) by extension 'ignore'
[3.137s] Level 1:colcon.colcon_core.package_identification:_identify(src/saver) by extension 'ignore_ament_install'
[3.137s] Level 1:colcon.colcon_core.package_identification:_identify(src/saver) by extensions ['colcon_pkg']
[3.137s] Level 1:colcon.colcon_core.package_identification:_identify(src/saver) by extension 'colcon_pkg'
[3.137s] Level 1:colcon.colcon_core.package_identification:_identify(src/saver) by extensions ['colcon_meta']
[3.137s] Level 1:colcon.colcon_core.package_identification:_identify(src/saver) by extension 'colcon_meta'
[3.138s] Level 1:colcon.colcon_core.package_identification:_identify(src/saver) by extensions ['ros']
[3.138s] Level 1:colcon.colcon_core.package_identification:_identify(src/saver) by extension 'ros'
[3.140s] DEBUG:colcon.colcon_core.package_identification:Package 'src/saver' with type 'ros.ament_python' and name 'saver'
[3.141s] Level 1:colcon.colcon_core.package_identification:_identify(src/sensor_current) by extensions ['ignore', 'ignore_ament_install']
[3.141s] Level 1:colcon.colcon_core.package_identification:_identify(src/sensor_current) by extension 'ignore'
[3.142s] Level 1:colcon.colcon_core.package_identification:_identify(src/sensor_current) by extension 'ignore_ament_install'
[3.142s] Level 1:colcon.colcon_core.package_identification:_identify(src/sensor_current) by extensions ['colcon_pkg']
[3.142s] Level 1:colcon.colcon_core.package_identification:_identify(src/sensor_current) by extension 'colcon_pkg'
[3.142s] Level 1:colcon.colcon_core.package_identification:_identify(src/sensor_current) by extensions ['colcon_meta']
[3.142s] Level 1:colcon.colcon_core.package_identification:_identify(src/sensor_current) by extension 'colcon_meta'
[3.143s] Level 1:colcon.colcon_core.package_identification:_identify(src/sensor_current) by extensions ['ros']
[3.143s] Level 1:colcon.colcon_core.package_identification:_identify(src/sensor_current) by extension 'ros'
[3.145s] DEBUG:colcon.colcon_core.package_identification:Package 'src/sensor_current' with type 'ros.ament_python' and name 'sensor_current'
[3.145s] Level 1:colcon.colcon_core.package_identification:_identify(src/sensor_depth) by extensions ['ignore', 'ignore_ament_install']
[3.146s] Level 1:colcon.colcon_core.package_identification:_identify(src/sensor_depth) by extension 'ignore'
[3.146s] Level 1:colcon.colcon_core.package_identification:_identify(src/sensor_depth) by extension 'ignore_ament_install'
[3.146s] Level 1:colcon.colcon_core.package_identification:_identify(src/sensor_depth) by extensions ['colcon_pkg']
[3.146s] Level 1:colcon.colcon_core.package_identification:_identify(src/sensor_depth) by extension 'colcon_pkg'
[3.147s] Level 1:colcon.colcon_core.package_identification:_identify(src/sensor_depth) by extensions ['colcon_meta']
[3.147s] Level 1:colcon.colcon_core.package_identification:_identify(src/sensor_depth) by extension 'colcon_meta'
[3.147s] Level 1:colcon.colcon_core.package_identification:_identify(src/sensor_depth) by extensions ['ros']
[3.147s] Level 1:colcon.colcon_core.package_identification:_identify(src/sensor_depth) by extension 'ros'
[3.149s] DEBUG:colcon.colcon_core.package_identification:Package 'src/sensor_depth' with type 'ros.ament_python' and name 'sensor_depth'
[3.150s] Level 1:colcon.colcon_core.package_identification:_identify(src/sensor_gps) by extensions ['ignore', 'ignore_ament_install']
[3.150s] Level 1:colcon.colcon_core.package_identification:_identify(src/sensor_gps) by extension 'ignore'
[3.150s] Level 1:colcon.colcon_core.package_identification:_identify(src/sensor_gps) by extension 'ignore_ament_install'
[3.151s] Level 1:colcon.colcon_core.package_identification:_identify(src/sensor_gps) by extensions ['colcon_pkg']
[3.151s] Level 1:colcon.colcon_core.package_identification:_identify(src/sensor_gps) by extension 'colcon_pkg'
[3.151s] Level 1:colcon.colcon_core.package_identification:_identify(src/sensor_gps) by extensions ['colcon_meta']
[3.151s] Level 1:colcon.colcon_core.package_identification:_identify(src/sensor_gps) by extension 'colcon_meta'
[3.151s] Level 1:colcon.colcon_core.package_identification:_identify(src/sensor_gps) by extensions ['ros']
[3.152s] Level 1:colcon.colcon_core.package_identification:_identify(src/sensor_gps) by extension 'ros'
[3.154s] DEBUG:colcon.colcon_core.package_identification:Package 'src/sensor_gps' with type 'ros.ament_python' and name 'sensor_gps'
[3.154s] Level 1:colcon.colcon_core.package_identification:_identify(src/sensor_imu_mag) by extensions ['ignore', 'ignore_ament_install']
[3.155s] Level 1:colcon.colcon_core.package_identification:_identify(src/sensor_imu_mag) by extension 'ignore'
[3.155s] Level 1:colcon.colcon_core.package_identification:_identify(src/sensor_imu_mag) by extension 'ignore_ament_install'
[3.155s] Level 1:colcon.colcon_core.package_identification:_identify(src/sensor_imu_mag) by extensions ['colcon_pkg']
[3.155s] Level 1:colcon.colcon_core.package_identification:_identify(src/sensor_imu_mag) by extension 'colcon_pkg'
[3.155s] Level 1:colcon.colcon_core.package_identification:_identify(src/sensor_imu_mag) by extensions ['colcon_meta']
[3.156s] Level 1:colcon.colcon_core.package_identification:_identify(src/sensor_imu_mag) by extension 'colcon_meta'
[3.156s] Level 1:colcon.colcon_core.package_identification:_identify(src/sensor_imu_mag) by extensions ['ros']
[3.156s] Level 1:colcon.colcon_core.package_identification:_identify(src/sensor_imu_mag) by extension 'ros'
[3.158s] DEBUG:colcon.colcon_core.package_identification:Package 'src/sensor_imu_mag' with type 'ros.ament_python' and name 'sensor_imu_mag'
[3.159s] Level 1:colcon.colcon_core.package_identification:_identify(src/sensor_ph) by extensions ['ignore', 'ignore_ament_install']
[3.159s] Level 1:colcon.colcon_core.package_identification:_identify(src/sensor_ph) by extension 'ignore'
[3.159s] Level 1:colcon.colcon_core.package_identification:_identify(src/sensor_ph) by extension 'ignore_ament_install'
[3.159s] Level 1:colcon.colcon_core.package_identification:_identify(src/sensor_ph) by extensions ['colcon_pkg']
[3.160s] Level 1:colcon.colcon_core.package_identification:_identify(src/sensor_ph) by extension 'colcon_pkg'
[3.160s] Level 1:colcon.colcon_core.package_identification:_identify(src/sensor_ph) by extensions ['colcon_meta']
[3.160s] Level 1:colcon.colcon_core.package_identification:_identify(src/sensor_ph) by extension 'colcon_meta'
[3.160s] Level 1:colcon.colcon_core.package_identification:_identify(src/sensor_ph) by extensions ['ros']
[3.160s] Level 1:colcon.colcon_core.package_identification:_identify(src/sensor_ph) by extension 'ros'
[3.162s] DEBUG:colcon.colcon_core.package_identification:Package 'src/sensor_ph' with type 'ros.ament_python' and name 'sensor_ph'
[3.163s] Level 1:colcon.colcon_core.package_identification:_identify(src/sensor_tds) by extensions ['ignore', 'ignore_ament_install']
[3.163s] Level 1:colcon.colcon_core.package_identification:_identify(src/sensor_tds) by extension 'ignore'
[3.164s] Level 1:colcon.colcon_core.package_identification:_identify(src/sensor_tds) by extension 'ignore_ament_install'
[3.164s] Level 1:colcon.colcon_core.package_identification:_identify(src/sensor_tds) by extensions ['colcon_pkg']
[3.164s] Level 1:colcon.colcon_core.package_identification:_identify(src/sensor_tds) by extension 'colcon_pkg'
[3.164s] Level 1:colcon.colcon_core.package_identification:_identify(src/sensor_tds) by extensions ['colcon_meta']
[3.164s] Level 1:colcon.colcon_core.package_identification:_identify(src/sensor_tds) by extension 'colcon_meta'
[3.165s] Level 1:colcon.colcon_core.package_identification:_identify(src/sensor_tds) by extensions ['ros']
[3.165s] Level 1:colcon.colcon_core.package_identification:_identify(src/sensor_tds) by extension 'ros'
[3.168s] DEBUG:colcon.colcon_core.package_identification:Package 'src/sensor_tds' with type 'ros.ament_python' and name 'sensor_tds'
[3.168s] Level 1:colcon.colcon_core.package_identification:_identify(src/sensor_thermometer) by extensions ['ignore', 'ignore_ament_install']
[3.169s] Level 1:colcon.colcon_core.package_identification:_identify(src/sensor_thermometer) by extension 'ignore'
[3.169s] Level 1:colcon.colcon_core.package_identification:_identify(src/sensor_thermometer) by extension 'ignore_ament_install'
[3.169s] Level 1:colcon.colcon_core.package_identification:_identify(src/sensor_thermometer) by extensions ['colcon_pkg']
[3.169s] Level 1:colcon.colcon_core.package_identification:_identify(src/sensor_thermometer) by extension 'colcon_pkg'
[3.169s] Level 1:colcon.colcon_core.package_identification:_identify(src/sensor_thermometer) by extensions ['colcon_meta']
[3.170s] Level 1:colcon.colcon_core.package_identification:_identify(src/sensor_thermometer) by extension 'colcon_meta'
[3.170s] Level 1:colcon.colcon_core.package_identification:_identify(src/sensor_thermometer) by extensions ['ros']
[3.170s] Level 1:colcon.colcon_core.package_identification:_identify(src/sensor_thermometer) by extension 'ros'
[3.172s] DEBUG:colcon.colcon_core.package_identification:Package 'src/sensor_thermometer' with type 'ros.ament_python' and name 'sensor_thermometer'
[3.173s] Level 1:colcon.colcon_core.package_identification:_identify(src/sensor_turbidity) by extensions ['ignore', 'ignore_ament_install']
[3.174s] Level 1:colcon.colcon_core.package_identification:_identify(src/sensor_turbidity) by extension 'ignore'
[3.174s] Level 1:colcon.colcon_core.package_identification:_identify(src/sensor_turbidity) by extension 'ignore_ament_install'
[3.174s] Level 1:colcon.colcon_core.package_identification:_identify(src/sensor_turbidity) by extensions ['colcon_pkg']
[3.174s] Level 1:colcon.colcon_core.package_identification:_identify(src/sensor_turbidity) by extension 'colcon_pkg'
[3.174s] Level 1:colcon.colcon_core.package_identification:_identify(src/sensor_turbidity) by extensions ['colcon_meta']
[3.175s] Level 1:colcon.colcon_core.package_identification:_identify(src/sensor_turbidity) by extension 'colcon_meta'
[3.175s] Level 1:colcon.colcon_core.package_identification:_identify(src/sensor_turbidity) by extensions ['ros']
[3.175s] Level 1:colcon.colcon_core.package_identification:_identify(src/sensor_turbidity) by extension 'ros'
[3.177s] DEBUG:colcon.colcon_core.package_identification:Package 'src/sensor_turbidity' with type 'ros.ament_python' and name 'sensor_turbidity'
[3.178s] Level 1:colcon.colcon_core.package_identification:_identify(src/sensor_voltage) by extensions ['ignore', 'ignore_ament_install']
[3.179s] Level 1:colcon.colcon_core.package_identification:_identify(src/sensor_voltage) by extension 'ignore'
[3.179s] Level 1:colcon.colcon_core.package_identification:_identify(src/sensor_voltage) by extension 'ignore_ament_install'
[3.179s] Level 1:colcon.colcon_core.package_identification:_identify(src/sensor_voltage) by extensions ['colcon_pkg']
[3.179s] Level 1:colcon.colcon_core.package_identification:_identify(src/sensor_voltage) by extension 'colcon_pkg'
[3.179s] Level 1:colcon.colcon_core.package_identification:_identify(src/sensor_voltage) by extensions ['colcon_meta']
[3.180s] Level 1:colcon.colcon_core.package_identification:_identify(src/sensor_voltage) by extension 'colcon_meta'
[3.180s] Level 1:colcon.colcon_core.package_identification:_identify(src/sensor_voltage) by extensions ['ros']
[3.180s] Level 1:colcon.colcon_core.package_identification:_identify(src/sensor_voltage) by extension 'ros'
[3.182s] DEBUG:colcon.colcon_core.package_identification:Package 'src/sensor_voltage' with type 'ros.ament_python' and name 'sensor_voltage'
[3.183s] Level 1:colcon.colcon_core.package_identification:_identify(src/system_launcher) by extensions ['ignore', 'ignore_ament_install']
[3.183s] Level 1:colcon.colcon_core.package_identification:_identify(src/system_launcher) by extension 'ignore'
[3.184s] Level 1:colcon.colcon_core.package_identification:_identify(src/system_launcher) by extension 'ignore_ament_install'
[3.184s] Level 1:colcon.colcon_core.package_identification:_identify(src/system_launcher) by extensions ['colcon_pkg']
[3.184s] Level 1:colcon.colcon_core.package_identification:_identify(src/system_launcher) by extension 'colcon_pkg'
[3.184s] Level 1:colcon.colcon_core.package_identification:_identify(src/system_launcher) by extensions ['colcon_meta']
[3.184s] Level 1:colcon.colcon_core.package_identification:_identify(src/system_launcher) by extension 'colcon_meta'
[3.185s] Level 1:colcon.colcon_core.package_identification:_identify(src/system_launcher) by extensions ['ros']
[3.185s] Level 1:colcon.colcon_core.package_identification:_identify(src/system_launcher) by extension 'ros'
[3.187s] DEBUG:colcon.colcon_core.package_identification:Package 'src/system_launcher' with type 'ros.ament_python' and name 'system_launcher'
[3.188s] Level 1:colcon.colcon_core.package_identification:_identify(src/telemetry) by extensions ['ignore', 'ignore_ament_install']
[3.188s] Level 1:colcon.colcon_core.package_identification:_identify(src/telemetry) by extension 'ignore'
[3.188s] Level 1:colcon.colcon_core.package_identification:_identify(src/telemetry) by extension 'ignore_ament_install'
[3.188s] Level 1:colcon.colcon_core.package_identification:_identify(src/telemetry) by extensions ['colcon_pkg']
[3.189s] Level 1:colcon.colcon_core.package_identification:_identify(src/telemetry) by extension 'colcon_pkg'
[3.189s] Level 1:colcon.colcon_core.package_identification:_identify(src/telemetry) by extensions ['colcon_meta']
[3.189s] Level 1:colcon.colcon_core.package_identification:_identify(src/telemetry) by extension 'colcon_meta'
[3.189s] Level 1:colcon.colcon_core.package_identification:_identify(src/telemetry) by extensions ['ros']
[3.189s] Level 1:colcon.colcon_core.package_identification:_identify(src/telemetry) by extension 'ros'
[3.191s] DEBUG:colcon.colcon_core.package_identification:Package 'src/telemetry' with type 'ros.ament_python' and name 'telemetry'
[3.192s] Level 1:colcon.colcon_core.package_identification:_identify(src/thruster_driver) by extensions ['ignore', 'ignore_ament_install']
[3.192s] Level 1:colcon.colcon_core.package_identification:_identify(src/thruster_driver) by extension 'ignore'
[3.193s] Level 1:colcon.colcon_core.package_identification:_identify(src/thruster_driver) by extension 'ignore_ament_install'
[3.193s] Level 1:colcon.colcon_core.package_identification:_identify(src/thruster_driver) by extensions ['colcon_pkg']
[3.193s] Level 1:colcon.colcon_core.package_identification:_identify(src/thruster_driver) by extension 'colcon_pkg'
[3.193s] Level 1:colcon.colcon_core.package_identification:_identify(src/thruster_driver) by extensions ['colcon_meta']
[3.193s] Level 1:colcon.colcon_core.package_identification:_identify(src/thruster_driver) by extension 'colcon_meta'
[3.194s] Level 1:colcon.colcon_core.package_identification:_identify(src/thruster_driver) by extensions ['ros']
[3.194s] Level 1:colcon.colcon_core.package_identification:_identify(src/thruster_driver) by extension 'ros'
[3.196s] DEBUG:colcon.colcon_core.package_identification:Package 'src/thruster_driver' with type 'ros.ament_python' and name 'thruster_driver'
[3.196s] Level 1:colcon.colcon_core.package_discovery:discover_packages(recursive) using defaults
[3.196s] Level 1:colcon.colcon_core.package_discovery:discover_packages(ignore) discover
[3.196s] Level 1:colcon.colcon_core.package_discovery:discover_packages(ignore) using defaults
[3.196s] Level 1:colcon.colcon_core.package_discovery:discover_packages(path) discover
[3.197s] Level 1:colcon.colcon_core.package_discovery:discover_packages(path) using defaults
[3.338s] INFO:colcon.colcon_core.package_selection:Skipping not selected package 'aggregator' in 'src/aggregator'
[3.339s] INFO:colcon.colcon_core.package_selection:Skipping not selected package 'msg_interfaces' in 'src/msg_interfaces'
[3.339s] INFO:colcon.colcon_core.package_selection:Skipping not selected package 'saver' in 'src/saver'
[3.339s] INFO:colcon.colcon_core.package_selection:Skipping not selected package 'sensor_depth' in 'src/sensor_depth'
[3.339s] INFO:colcon.colcon_core.package_selection:Skipping not selected package 'sensor_gps' in 'src/sensor_gps'
[3.339s] INFO:colcon.colcon_core.package_selection:Skipping not selected package 'sensor_imu_mag' in 'src/sensor_imu_mag'
[3.339s] INFO:colcon.colcon_core.package_selection:Skipping not selected package 'sensor_thermometer' in 'src/sensor_thermometer'
[3.339s] INFO:colcon.colcon_core.package_selection:Skipping not selected package 'system_launcher' in 'src/system_launcher'
[3.340s] INFO:colcon.colcon_core.package_selection:Skipping not selected package 'telemetry' in 'src/telemetry'
[3.340s] INFO:colcon.colcon_core.package_selection:Skipping not selected package 'thruster_driver' in 'src/thruster_driver'
[3.340s] INFO:colcon.colcon_core.package_selection:Skipping not selected package 'sensor_ph' in 'src/sensor_ph'
[3.340s] INFO:colcon.colcon_core.package_selection:Skipping not selected package 'sensor_tds' in 'src/sensor_tds'
[3.340s] INFO:colcon.colcon_core.package_selection:Skipping not selected package 'sensor_turbidity' in 'src/sensor_turbidity'
[3.340s] INFO:colcon.colcon_core.package_selection:Skipping not selected package 'sensor_voltage' in 'src/sensor_voltage'
[3.342s] Level 1:colcon.colcon_core.package_discovery:discover_packages(prefix_path) check parameters
[3.342s] Level 1:colcon.colcon_core.package_discovery:discover_packages(prefix_path) discover
[3.359s] DEBUG:colcon.colcon_installed_package_information.package_discovery:Found 15 installed packages in /home/foka/ros2_humble2/install
[3.379s] DEBUG:colcon.colcon_installed_package_information.package_discovery:Found 181 installed packages in /opt/ros/humble
[3.391s] Level 1:colcon.colcon_core.package_discovery:discover_packages(prefix_path) using defaults
[3.740s] Level 5:colcon.colcon_core.verb:set package 'sensor_current' build argument 'cmake_args' from command line to 'None'
[3.740s] Level 5:colcon.colcon_core.verb:set package 'sensor_current' build argument 'cmake_target' from command line to 'None'
[3.741s] Level 5:colcon.colcon_core.verb:set package 'sensor_current' build argument 'cmake_target_skip_unavailable' from command line to 'False'
[3.741s] Level 5:colcon.colcon_core.verb:set package 'sensor_current' build argument 'cmake_clean_cache' from command line to 'False'
[3.741s] Level 5:colcon.colcon_core.verb:set package 'sensor_current' build argument 'cmake_clean_first' from command line to 'False'
[3.742s] Level 5:colcon.colcon_core.verb:set package 'sensor_current' build argument 'cmake_force_configure' from command line to 'False'
[3.742s] Level 5:colcon.colcon_core.verb:set package 'sensor_current' build argument 'ament_cmake_args' from command line to 'None'
[3.743s] Level 5:colcon.colcon_core.verb:set package 'sensor_current' build argument 'catkin_cmake_args' from command line to 'None'
[3.743s] Level 5:colcon.colcon_core.verb:set package 'sensor_current' build argument 'catkin_skip_building_tests' from command line to 'False'
[3.744s] DEBUG:colcon.colcon_core.verb:Building package 'sensor_current' with the following arguments: {'ament_cmake_args': None, 'build_base': '/home/foka/ros2_humble2/build/sensor_current', 'catkin_cmake_args': None, 'catkin_skip_building_tests': False, 'cmake_args': None, 'cmake_clean_cache': False, 'cmake_clean_first': False, 'cmake_force_configure': False, 'cmake_target': None, 'cmake_target_skip_unavailable': False, 'install_base': '/home/foka/ros2_humble2/install/sensor_current', 'merge_install': False, 'path': '/home/foka/ros2_humble2/src/sensor_current', 'symlink_install': False, 'test_result_base': None}
[3.745s] INFO:colcon.colcon_core.executor:Executing jobs using 'parallel' executor
[3.754s] DEBUG:colcon.colcon_parallel_executor.executor.parallel:run_until_complete
[3.756s] INFO:colcon.colcon_ros.task.ament_python.build:Building ROS package in '/home/foka/ros2_humble2/src/sensor_current' with build type 'ament_python'
[3.758s] Level 1:colcon.colcon_core.shell:create_environment_hook('sensor_current', 'ament_prefix_path')
[3.794s] INFO:colcon.colcon_core.plugin_system:Skipping extension 'colcon_core.shell.bat': Not used on non-Windows systems
[3.797s] INFO:colcon.colcon_core.shell:Creating environment hook '/home/foka/ros2_humble2/install/sensor_current/share/sensor_current/hook/ament_prefix_path.ps1'
[3.806s] INFO:colcon.colcon_core.shell:Creating environment descriptor '/home/foka/ros2_humble2/install/sensor_current/share/sensor_current/hook/ament_prefix_path.dsv'
[3.813s] INFO:colcon.colcon_core.shell:Creating environment hook '/home/foka/ros2_humble2/install/sensor_current/share/sensor_current/hook/ament_prefix_path.sh'
[3.822s] INFO:colcon.colcon_core.shell:Skip shell extension 'powershell' for command environment: Not usable outside of PowerShell
[3.823s] DEBUG:colcon.colcon_core.shell:Skip shell extension 'dsv' for command environment
[7.332s] INFO:colcon.colcon_core.task.python.build:Building Python package in '/home/foka/ros2_humble2/src/sensor_current'
[7.335s] INFO:colcon.colcon_core.shell:Skip shell extension 'powershell' for command environment: Not usable outside of PowerShell
[7.337s] DEBUG:colcon.colcon_core.shell:Skip shell extension 'dsv' for command environment
[12.404s] DEBUG:colcon.colcon_core.event_handler.log_command:Invoking command in '/home/foka/ros2_humble2/src/sensor_current': PYTHONPATH=/home/foka/ros2_humble2/build/sensor_current/prefix_override:/usr/lib/python3/dist-packages/colcon_core/task/python/colcon_distutils_commands:/home/foka/ros2_humble2/install/sensor_current/lib/python3.10/site-packages:${PYTHONPATH} /usr/bin/python3 -W ignore:setup.py install is deprecated -W ignore:easy_install command is deprecated setup.py egg_info --egg-base ../../build/sensor_current build --build-base /home/foka/ros2_humble2/build/sensor_current/build install --record /home/foka/ros2_humble2/build/sensor_current/install.log --single-version-externally-managed install_data
[15.686s] DEBUG:colcon.colcon_core.event_handler.log_command:Invoked command in '/home/foka/ros2_humble2/src/sensor_current' returned '0': PYTHONPATH=/home/foka/ros2_humble2/build/sensor_current/prefix_override:/usr/lib/python3/dist-packages/colcon_core/task/python/colcon_distutils_commands:/home/foka/ros2_humble2/install/sensor_current/lib/python3.10/site-packages:${PYTHONPATH} /usr/bin/python3 -W ignore:setup.py install is deprecated -W ignore:easy_install command is deprecated setup.py egg_info --egg-base ../../build/sensor_current build --build-base /home/foka/ros2_humble2/build/sensor_current/build install --record /home/foka/ros2_humble2/build/sensor_current/install.log --single-version-externally-managed install_data
[15.719s] Level 1:colcon.colcon_core.environment:checking '/home/foka/ros2_humble2/install/sensor_current' for CMake module files
[15.725s] Level 1:colcon.colcon_core.environment:checking '/home/foka/ros2_humble2/install/sensor_current' for CMake config files
[15.737s] Level 1:colcon.colcon_core.environment:checking '/home/foka/ros2_humble2/install/sensor_current/lib'
[15.740s] Level 1:colcon.colcon_core.environment:checking '/home/foka/ros2_humble2/install/sensor_current/bin'
[15.740s] Level 1:colcon.colcon_core.environment:checking '/home/foka/ros2_humble2/install/sensor_current/lib/pkgconfig/sensor_current.pc'
[15.743s] Level 1:colcon.colcon_core.environment:checking '/home/foka/ros2_humble2/install/sensor_current/lib/python3.10/site-packages'
[15.744s] Level 1:colcon.colcon_core.shell:create_environment_hook('sensor_current', 'pythonpath')
[15.746s] INFO:colcon.colcon_core.shell:Creating environment hook '/home/foka/ros2_humble2/install/sensor_current/share/sensor_current/hook/pythonpath.ps1'
[15.751s] INFO:colcon.colcon_core.shell:Creating environment descriptor '/home/foka/ros2_humble2/install/sensor_current/share/sensor_current/hook/pythonpath.dsv'
[15.754s] INFO:colcon.colcon_core.shell:Creating environment hook '/home/foka/ros2_humble2/install/sensor_current/share/sensor_current/hook/pythonpath.sh'
[15.757s] Level 1:colcon.colcon_core.environment:checking '/home/foka/ros2_humble2/install/sensor_current/bin'
[15.757s] Level 1:colcon.colcon_core.environment:create_environment_scripts_only(sensor_current)
[15.758s] INFO:colcon.colcon_core.shell:Creating package script '/home/foka/ros2_humble2/install/sensor_current/share/sensor_current/package.ps1'
[15.762s] INFO:colcon.colcon_core.shell:Creating package descriptor '/home/foka/ros2_humble2/install/sensor_current/share/sensor_current/package.dsv'
[15.765s] INFO:colcon.colcon_core.shell:Creating package script '/home/foka/ros2_humble2/install/sensor_current/share/sensor_current/package.sh'
[15.768s] INFO:colcon.colcon_core.shell:Creating package script '/home/foka/ros2_humble2/install/sensor_current/share/sensor_current/package.bash'
[15.772s] INFO:colcon.colcon_core.shell:Creating package script '/home/foka/ros2_humble2/install/sensor_current/share/sensor_current/package.zsh'
[15.775s] Level 1:colcon.colcon_core.environment:create_file_with_runtime_dependencies(/home/foka/ros2_humble2/install/sensor_current/share/colcon-core/packages/sensor_current)
[15.776s] DEBUG:colcon.colcon_parallel_executor.executor.parallel:closing loop
[15.777s] DEBUG:colcon.colcon_parallel_executor.executor.parallel:loop closed
[15.778s] DEBUG:colcon.colcon_parallel_executor.executor.parallel:run_until_complete finished with '0'
[15.778s] DEBUG:colcon.colcon_core.event_reactor:joining thread
[15.803s] INFO:colcon.colcon_core.plugin_system:Skipping extension 'colcon_notification.desktop_notification.notify_send': Could not find 'notify-send'
[15.804s] INFO:colcon.colcon_core.plugin_system:Skipping extension 'colcon_notification.desktop_notification.terminal_notifier': Not used on non-Darwin systems
[15.804s] INFO:colcon.colcon_core.plugin_system:Skipping extension 'colcon_notification.desktop_notification.win32': Not used on non-Windows systems
[15.804s] INFO:colcon.colcon_notification.desktop_notification:Sending desktop notification using 'notify2'
[15.807s] DEBUG:colcon.colcon_notification.desktop_notification.notify2:Failed to initialize notify2: org.freedesktop.DBus.Error.ServiceUnknown: The name org.freedesktop.Notifications was not provided by any .service files
[15.807s] DEBUG:colcon.colcon_core.event_reactor:joined thread
[15.808s] INFO:colcon.colcon_core.shell:Creating prefix script '/home/foka/ros2_humble2/install/local_setup.ps1'
[15.813s] INFO:colcon.colcon_core.shell:Creating prefix util module '/home/foka/ros2_humble2/install/_local_setup_util_ps1.py'
[15.819s] INFO:colcon.colcon_core.shell:Creating prefix chain script '/home/foka/ros2_humble2/install/setup.ps1'
[15.830s] INFO:colcon.colcon_core.shell:Creating prefix script '/home/foka/ros2_humble2/install/local_setup.sh'
[15.833s] INFO:colcon.colcon_core.shell:Creating prefix util module '/home/foka/ros2_humble2/install/_local_setup_util_sh.py'
[15.836s] INFO:colcon.colcon_core.shell:Creating prefix chain script '/home/foka/ros2_humble2/install/setup.sh'
[15.844s] INFO:colcon.colcon_core.shell:Creating prefix script '/home/foka/ros2_humble2/install/local_setup.bash'
[15.846s] INFO:colcon.colcon_core.shell:Creating prefix chain script '/home/foka/ros2_humble2/install/setup.bash'
[15.855s] INFO:colcon.colcon_core.shell:Creating prefix script '/home/foka/ros2_humble2/install/local_setup.zsh'
[15.860s] INFO:colcon.colcon_core.shell:Creating prefix chain script '/home/foka/ros2_humble2/install/setup.zsh'
