[9.173s] Invoking command in '/home/foka/ros2_humble2/src/autopilot': PYTHONPATH=/home/foka/ros2_humble2/build/autopilot/prefix_override:/usr/lib/python3/dist-packages/colcon_core/task/python/colcon_distutils_commands:/home/foka/ros2_humble2/install/autopilot/lib/python3.10/site-packages:${PYTHONPATH} /usr/bin/python3 -W ignore:setup.py install is deprecated -W ignore:easy_install command is deprecated setup.py egg_info --egg-base ../../build/autopilot build --build-base /home/foka/ros2_humble2/build/autopilot/build install --record /home/foka/ros2_humble2/build/autopilot/install.log --single-version-externally-managed install_data
[12.514s] running egg_info
[12.524s] writing ../../build/autopilot/autopilot.egg-info/PKG-INFO
[12.527s] writing dependency_links to ../../build/autopilot/autopilot.egg-info/dependency_links.txt
[12.530s] writing entry points to ../../build/autopilot/autopilot.egg-info/entry_points.txt
[12.531s] writing requirements to ../../build/autopilot/autopilot.egg-info/requires.txt
[12.533s] writing top-level names to ../../build/autopilot/autopilot.egg-info/top_level.txt
[12.554s] reading manifest file '../../build/autopilot/autopilot.egg-info/SOURCES.txt'
[12.564s] writing manifest file '../../build/autopilot/autopilot.egg-info/SOURCES.txt'
[12.566s] running build
[12.567s] running build_py
[12.571s] running install
[12.574s] running install_lib
[12.592s] running install_data
[12.593s] running install_egg_info
[12.613s] removing '/home/foka/ros2_humble2/install/autopilot/lib/python3.10/site-packages/autopilot-0.0.0-py3.10.egg-info' (and everything under it)
[12.619s] Copying ../../build/autopilot/autopilot.egg-info to /home/foka/ros2_humble2/install/autopilot/lib/python3.10/site-packages/autopilot-0.0.0-py3.10.egg-info
[12.642s] running install_scripts
[12.868s] Installing azimuth script to /home/foka/ros2_humble2/install/autopilot/lib/autopilot
[12.870s] Installing checkpoints script to /home/foka/ros2_humble2/install/autopilot/lib/autopilot
[12.872s] Installing compass script to /home/foka/ros2_humble2/install/autopilot/lib/autopilot
[12.876s] writing list of installed files to '/home/foka/ros2_humble2/build/autopilot/install.log'
[13.090s] Invoked command in '/home/foka/ros2_humble2/src/autopilot' returned '0': PYTHONPATH=/home/foka/ros2_humble2/build/autopilot/prefix_override:/usr/lib/python3/dist-packages/colcon_core/task/python/colcon_distutils_commands:/home/foka/ros2_humble2/install/autopilot/lib/python3.10/site-packages:${PYTHONPATH} /usr/bin/python3 -W ignore:setup.py install is deprecated -W ignore:easy_install command is deprecated setup.py egg_info --egg-base ../../build/autopilot build --build-base /home/foka/ros2_humble2/build/autopilot/build install --record /home/foka/ros2_humble2/build/autopilot/install.log --single-version-externally-managed install_data
