[8.230s] Invoking command in '/home/foka/ros2_humble2/src/system_launcher': PYTHONPATH=/home/foka/ros2_humble2/build/system_launcher/prefix_override:/usr/lib/python3/dist-packages/colcon_core/task/python/colcon_distutils_commands:/home/foka/ros2_humble2/install/system_launcher/lib/python3.10/site-packages:${PYTHONPATH} /usr/bin/python3 -W ignore:setup.py install is deprecated -W ignore:easy_install command is deprecated setup.py egg_info --egg-base ../../build/system_launcher build --build-base /home/foka/ros2_humble2/build/system_launcher/build install --record /home/foka/ros2_humble2/build/system_launcher/install.log --single-version-externally-managed install_data
[10.396s] running egg_info
[10.403s] writing ../../build/system_launcher/system_launcher.egg-info/PKG-INFO
[10.404s] writing dependency_links to ../../build/system_launcher/system_launcher.egg-info/dependency_links.txt
[10.406s] writing entry points to ../../build/system_launcher/system_launcher.egg-info/entry_points.txt
[10.407s] writing requirements to ../../build/system_launcher/system_launcher.egg-info/requires.txt
[10.407s] writing top-level names to ../../build/system_launcher/system_launcher.egg-info/top_level.txt
[10.426s] reading manifest file '../../build/system_launcher/system_launcher.egg-info/SOURCES.txt'
[10.427s] writing manifest file '../../build/system_launcher/system_launcher.egg-info/SOURCES.txt'
[10.427s] running build
[10.428s] running build_py
[10.428s] running install
[10.429s] running install_lib
[10.434s] running install_data
[10.451s] copying launch/launch_all.py -> /home/foka/ros2_humble2/install/system_launcher/share/system_launcher/launch
[10.451s] running install_egg_info
[10.452s] removing '/home/foka/ros2_humble2/install/system_launcher/lib/python3.10/site-packages/system_launcher-0.0.0-py3.10.egg-info' (and everything under it)
[10.452s] Copying ../../build/system_launcher/system_launcher.egg-info to /home/foka/ros2_humble2/install/system_launcher/lib/python3.10/site-packages/system_launcher-0.0.0-py3.10.egg-info
[10.459s] running install_scripts
[10.570s] writing list of installed files to '/home/foka/ros2_humble2/build/system_launcher/install.log'
[10.701s] Invoked command in '/home/foka/ros2_humble2/src/system_launcher' returned '0': PYTHONPATH=/home/foka/ros2_humble2/build/system_launcher/prefix_override:/usr/lib/python3/dist-packages/colcon_core/task/python/colcon_distutils_commands:/home/foka/ros2_humble2/install/system_launcher/lib/python3.10/site-packages:${PYTHONPATH} /usr/bin/python3 -W ignore:setup.py install is deprecated -W ignore:easy_install command is deprecated setup.py egg_info --egg-base ../../build/system_launcher build --build-base /home/foka/ros2_humble2/build/system_launcher/build install --record /home/foka/ros2_humble2/build/system_launcher/install.log --single-version-externally-managed install_data
