running egg_info
writing ../../build/sensor_tds/sensor_tds.egg-info/PKG-INFO
writing dependency_links to ../../build/sensor_tds/sensor_tds.egg-info/dependency_links.txt
writing entry points to ../../build/sensor_tds/sensor_tds.egg-info/entry_points.txt
writing requirements to ../../build/sensor_tds/sensor_tds.egg-info/requires.txt
writing top-level names to ../../build/sensor_tds/sensor_tds.egg-info/top_level.txt
reading manifest file '../../build/sensor_tds/sensor_tds.egg-info/SOURCES.txt'
writing manifest file '../../build/sensor_tds/sensor_tds.egg-info/SOURCES.txt'
running build
running build_py
copying sensor_tds/sensor_tds.py -> /home/foka/ros2_humble2/build/sensor_tds/build/lib/sensor_tds
running install
running install_lib
copying /home/foka/ros2_humble2/build/sensor_tds/build/lib/sensor_tds/sensor_tds.py -> /home/foka/ros2_humble2/install/sensor_tds/lib/python3.10/site-packages/sensor_tds
byte-compiling /home/foka/ros2_humble2/install/sensor_tds/lib/python3.10/site-packages/sensor_tds/sensor_tds.py to sensor_tds.cpython-310.pyc
running install_data
running install_egg_info
removing '/home/foka/ros2_humble2/install/sensor_tds/lib/python3.10/site-packages/sensor_tds-0.0.0-py3.10.egg-info' (and everything under it)
Copying ../../build/sensor_tds/sensor_tds.egg-info to /home/foka/ros2_humble2/install/sensor_tds/lib/python3.10/site-packages/sensor_tds-0.0.0-py3.10.egg-info
running install_scripts
Installing sensor_tds script to /home/foka/ros2_humble2/install/sensor_tds/lib/sensor_tds
writing list of installed files to '/home/foka/ros2_humble2/build/sensor_tds/install.log'
