[3.225s] Invoking command in '/home/foka/ros2_humble2/src/telemetry': PYTHONPATH=/home/foka/ros2_humble2/build/telemetry/prefix_override:/usr/lib/python3/dist-packages/colcon_core/task/python/colcon_distutils_commands:/home/foka/ros2_humble2/install/telemetry/lib/python3.10/site-packages:${PYTHONPATH} /usr/bin/python3 -W ignore:setup.py install is deprecated -W ignore:easy_install command is deprecated setup.py egg_info --egg-base ../../build/telemetry build --build-base /home/foka/ros2_humble2/build/telemetry/build install --record /home/foka/ros2_humble2/build/telemetry/install.log --single-version-externally-managed install_data
[4.434s] running egg_info
[4.437s] writing ../../build/telemetry/telemetry.egg-info/PKG-INFO
[4.438s] writing dependency_links to ../../build/telemetry/telemetry.egg-info/dependency_links.txt
[4.440s] writing entry points to ../../build/telemetry/telemetry.egg-info/entry_points.txt
[4.440s] writing requirements to ../../build/telemetry/telemetry.egg-info/requires.txt
[4.441s] writing top-level names to ../../build/telemetry/telemetry.egg-info/top_level.txt
[4.449s] reading manifest file '../../build/telemetry/telemetry.egg-info/SOURCES.txt'
[4.453s] writing manifest file '../../build/telemetry/telemetry.egg-info/SOURCES.txt'
[4.454s] running build
[4.454s] running build_py
[4.455s] copying telemetry/loraSX1278_driver.py -> /home/foka/ros2_humble2/build/telemetry/build/lib/telemetry
[4.459s] running install
[4.460s] running install_lib
[4.463s] copying /home/foka/ros2_humble2/build/telemetry/build/lib/telemetry/loraSX1278_driver.py -> /home/foka/ros2_humble2/install/telemetry/lib/python3.10/site-packages/telemetry
[4.468s] byte-compiling /home/foka/ros2_humble2/install/telemetry/lib/python3.10/site-packages/telemetry/loraSX1278_driver.py to loraSX1278_driver.cpython-310.pyc
[4.471s] running install_data
[4.472s] running install_egg_info
[4.480s] removing '/home/foka/ros2_humble2/install/telemetry/lib/python3.10/site-packages/telemetry-0.0.0-py3.10.egg-info' (and everything under it)
[4.481s] Copying ../../build/telemetry/telemetry.egg-info to /home/foka/ros2_humble2/install/telemetry/lib/python3.10/site-packages/telemetry-0.0.0-py3.10.egg-info
[4.487s] running install_scripts
[4.577s] Installing telemetry script to /home/foka/ros2_humble2/install/telemetry/lib/telemetry
[4.579s] writing list of installed files to '/home/foka/ros2_humble2/build/telemetry/install.log'
[4.697s] Invoked command in '/home/foka/ros2_humble2/src/telemetry' returned '0': PYTHONPATH=/home/foka/ros2_humble2/build/telemetry/prefix_override:/usr/lib/python3/dist-packages/colcon_core/task/python/colcon_distutils_commands:/home/foka/ros2_humble2/install/telemetry/lib/python3.10/site-packages:${PYTHONPATH} /usr/bin/python3 -W ignore:setup.py install is deprecated -W ignore:easy_install command is deprecated setup.py egg_info --egg-base ../../build/telemetry build --build-base /home/foka/ros2_humble2/build/telemetry/build install --record /home/foka/ros2_humble2/build/telemetry/install.log --single-version-externally-managed install_data
