[8.881s] Invoking command in '/home/foka/ros2_humble2/src/autopilot': PYTHONPATH=/home/foka/ros2_humble2/build/autopilot/prefix_override:/usr/lib/python3/dist-packages/colcon_core/task/python/colcon_distutils_commands:/home/foka/ros2_humble2/install/autopilot/lib/python3.10/site-packages:${PYTHONPATH} /usr/bin/python3 -W ignore:setup.py install is deprecated -W ignore:easy_install command is deprecated setup.py egg_info --egg-base ../../build/autopilot build --build-base /home/foka/ros2_humble2/build/autopilot/build install --record /home/foka/ros2_humble2/build/autopilot/install.log --single-version-externally-managed install_data
[12.255s] running egg_info
[12.262s] writing ../../build/autopilot/autopilot.egg-info/PKG-INFO
[12.265s] writing dependency_links to ../../build/autopilot/autopilot.egg-info/dependency_links.txt
[12.267s] writing entry points to ../../build/autopilot/autopilot.egg-info/entry_points.txt
[12.269s] writing requirements to ../../build/autopilot/autopilot.egg-info/requires.txt
[12.270s] writing top-level names to ../../build/autopilot/autopilot.egg-info/top_level.txt
[12.289s] reading manifest file '../../build/autopilot/autopilot.egg-info/SOURCES.txt'
[12.299s] writing manifest file '../../build/autopilot/autopilot.egg-info/SOURCES.txt'
[12.301s] running build
[12.302s] running build_py
[12.305s] copying autopilot/checkpoints.py -> /home/foka/ros2_humble2/build/autopilot/build/lib/autopilot
[12.309s] running install
[12.311s] running install_lib
[12.320s] copying /home/foka/ros2_humble2/build/autopilot/build/lib/autopilot/checkpoints.py -> /home/foka/ros2_humble2/install/autopilot/lib/python3.10/site-packages/autopilot
[12.331s] byte-compiling /home/foka/ros2_humble2/install/autopilot/lib/python3.10/site-packages/autopilot/checkpoints.py to checkpoints.cpython-310.pyc
[12.351s] running install_data
[12.352s] running install_egg_info
[12.371s] removing '/home/foka/ros2_humble2/install/autopilot/lib/python3.10/site-packages/autopilot-0.0.0-py3.10.egg-info' (and everything under it)
[12.376s] Copying ../../build/autopilot/autopilot.egg-info to /home/foka/ros2_humble2/install/autopilot/lib/python3.10/site-packages/autopilot-0.0.0-py3.10.egg-info
[12.392s] running install_scripts
[12.623s] Installing azimuth script to /home/foka/ros2_humble2/install/autopilot/lib/autopilot
[12.625s] Installing checkpoints script to /home/foka/ros2_humble2/install/autopilot/lib/autopilot
[12.626s] Installing compass script to /home/foka/ros2_humble2/install/autopilot/lib/autopilot
[12.631s] writing list of installed files to '/home/foka/ros2_humble2/build/autopilot/install.log'
[12.840s] Invoked command in '/home/foka/ros2_humble2/src/autopilot' returned '0': PYTHONPATH=/home/foka/ros2_humble2/build/autopilot/prefix_override:/usr/lib/python3/dist-packages/colcon_core/task/python/colcon_distutils_commands:/home/foka/ros2_humble2/install/autopilot/lib/python3.10/site-packages:${PYTHONPATH} /usr/bin/python3 -W ignore:setup.py install is deprecated -W ignore:easy_install command is deprecated setup.py egg_info --egg-base ../../build/autopilot build --build-base /home/foka/ros2_humble2/build/autopilot/build install --record /home/foka/ros2_humble2/build/autopilot/install.log --single-version-externally-managed install_data
