[1.360s] DEBUG:colcon:Command line arguments: ['/usr/bin/colcon', 'build', '--packages-select', 'sensor_tds']
[1.361s] DEBUG:colcon:Parsed command line arguments: Namespace(log_base=None, log_level=None, verb_name='build', build_base='build', install_base='install', merge_install=False, symlink_install=False, test_result_base=None, continue_on_error=False, executor='parallel', parallel_workers=4, event_handlers=None, ignore_user_meta=False, metas=['./colcon.meta'], base_paths=['.'], packages_ignore=None, packages_ignore_regex=None, paths=None, packages_up_to=None, packages_up_to_regex=None, packages_above=None, packages_above_and_dependencies=None, packages_above_depth=None, packages_select_by_dep=None, packages_skip_by_dep=None, packages_skip_up_to=None, packages_select_build_failed=False, packages_skip_build_finished=False, packages_select_test_failures=False, packages_skip_test_passed=False, packages_select=['sensor_tds'], packages_skip=None, packages_select_regex=None, packages_skip_regex=None, packages_start=None, packages_end=None, allow_overriding=[], cmake_args=None, cmake_target=None, cmake_target_skip_unavailable=False, cmake_clean_cache=False, cmake_clean_first=False, cmake_force_configure=False, ament_cmake_args=None, catkin_cmake_args=None, catkin_skip_building_tests=False, verb_parser=<colcon_defaults.argument_parser.defaults.DefaultArgumentsDecorator object at 0xffffaeef6e90>, verb_extension=<colcon_core.verb.build.BuildVerb object at 0xffffaf0b8d00>, main=<bound method BuildVerb.main of <colcon_core.verb.build.BuildVerb object at 0xffffaf0b8d00>>)
[2.906s] Level 1:colcon.colcon_core.package_discovery:discover_packages(colcon_meta) check parameters
[2.906s] Level 1:colcon.colcon_core.package_discovery:discover_packages(recursive) check parameters
[2.907s] Level 1:colcon.colcon_core.package_discovery:discover_packages(ignore) check parameters
[2.907s] Level 1:colcon.colcon_core.package_discovery:discover_packages(path) check parameters
[2.907s] Level 1:colcon.colcon_core.package_discovery:discover_packages(colcon_meta) discover
[2.907s] Level 1:colcon.colcon_core.package_discovery:discover_packages(recursive) discover
[2.908s] INFO:colcon.colcon_core.package_discovery:Crawling recursively for packages in '/home/foka/ros2_humble2'
[2.909s] Level 1:colcon.colcon_core.package_identification:_identify(.) by extensions ['ignore', 'ignore_ament_install']
[2.909s] Level 1:colcon.colcon_core.package_identification:_identify(.) by extension 'ignore'
[2.909s] Level 1:colcon.colcon_core.package_identification:_identify(.) by extension 'ignore_ament_install'
[2.910s] Level 1:colcon.colcon_core.package_identification:_identify(.) by extensions ['colcon_pkg']
[2.910s] Level 1:colcon.colcon_core.package_identification:_identify(.) by extension 'colcon_pkg'
[2.910s] Level 1:colcon.colcon_core.package_identification:_identify(.) by extensions ['colcon_meta']
[2.910s] Level 1:colcon.colcon_core.package_identification:_identify(.) by extension 'colcon_meta'
[2.910s] Level 1:colcon.colcon_core.package_identification:_identify(.) by extensions ['ros']
[2.910s] Level 1:colcon.colcon_core.package_identification:_identify(.) by extension 'ros'
[2.959s] Level 1:colcon.colcon_core.package_identification:_identify(.) by extensions ['cmake', 'python']
[2.960s] Level 1:colcon.colcon_core.package_identification:_identify(.) by extension 'cmake'
[2.960s] Level 1:colcon.colcon_core.package_identification:_identify(.) by extension 'python'
[2.961s] Level 1:colcon.colcon_core.package_identification:_identify(.) by extensions ['python_setup_py']
[2.961s] Level 1:colcon.colcon_core.package_identification:_identify(.) by extension 'python_setup_py'
[2.963s] Level 1:colcon.colcon_core.package_identification:_identify(build) by extensions ['ignore', 'ignore_ament_install']
[2.964s] Level 1:colcon.colcon_core.package_identification:_identify(build) by extension 'ignore'
[2.965s] Level 1:colcon.colcon_core.package_identification:_identify(build) ignored
[2.966s] Level 1:colcon.colcon_core.package_identification:_identify(data) by extensions ['ignore', 'ignore_ament_install']
[2.967s] Level 1:colcon.colcon_core.package_identification:_identify(data) by extension 'ignore'
[2.968s] Level 1:colcon.colcon_core.package_identification:_identify(data) by extension 'ignore_ament_install'
[2.968s] Level 1:colcon.colcon_core.package_identification:_identify(data) by extensions ['colcon_pkg']
[2.969s] Level 1:colcon.colcon_core.package_identification:_identify(data) by extension 'colcon_pkg'
[2.969s] Level 1:colcon.colcon_core.package_identification:_identify(data) by extensions ['colcon_meta']
[2.970s] Level 1:colcon.colcon_core.package_identification:_identify(data) by extension 'colcon_meta'
[2.970s] Level 1:colcon.colcon_core.package_identification:_identify(data) by extensions ['ros']
[2.971s] Level 1:colcon.colcon_core.package_identification:_identify(data) by extension 'ros'
[2.972s] Level 1:colcon.colcon_core.package_identification:_identify(data) by extensions ['cmake', 'python']
[2.972s] Level 1:colcon.colcon_core.package_identification:_identify(data) by extension 'cmake'
[2.972s] Level 1:colcon.colcon_core.package_identification:_identify(data) by extension 'python'
[2.973s] Level 1:colcon.colcon_core.package_identification:_identify(data) by extensions ['python_setup_py']
[2.973s] Level 1:colcon.colcon_core.package_identification:_identify(data) by extension 'python_setup_py'
[2.975s] Level 1:colcon.colcon_core.package_identification:_identify(install) by extensions ['ignore', 'ignore_ament_install']
[2.976s] Level 1:colcon.colcon_core.package_identification:_identify(install) by extension 'ignore'
[2.977s] Level 1:colcon.colcon_core.package_identification:_identify(install) ignored
[2.981s] Level 1:colcon.colcon_core.package_identification:_identify(log) by extensions ['ignore', 'ignore_ament_install']
[2.982s] Level 1:colcon.colcon_core.package_identification:_identify(log) by extension 'ignore'
[2.982s] Level 1:colcon.colcon_core.package_identification:_identify(log) ignored
[2.984s] Level 1:colcon.colcon_core.package_identification:_identify(src) by extensions ['ignore', 'ignore_ament_install']
[2.985s] Level 1:colcon.colcon_core.package_identification:_identify(src) by extension 'ignore'
[2.986s] Level 1:colcon.colcon_core.package_identification:_identify(src) by extension 'ignore_ament_install'
[2.987s] Level 1:colcon.colcon_core.package_identification:_identify(src) by extensions ['colcon_pkg']
[2.987s] Level 1:colcon.colcon_core.package_identification:_identify(src) by extension 'colcon_pkg'
[2.988s] Level 1:colcon.colcon_core.package_identification:_identify(src) by extensions ['colcon_meta']
[2.988s] Level 1:colcon.colcon_core.package_identification:_identify(src) by extension 'colcon_meta'
[2.989s] Level 1:colcon.colcon_core.package_identification:_identify(src) by extensions ['ros']
[2.989s] Level 1:colcon.colcon_core.package_identification:_identify(src) by extension 'ros'
[2.990s] Level 1:colcon.colcon_core.package_identification:_identify(src) by extensions ['cmake', 'python']
[2.991s] Level 1:colcon.colcon_core.package_identification:_identify(src) by extension 'cmake'
[2.991s] Level 1:colcon.colcon_core.package_identification:_identify(src) by extension 'python'
[2.992s] Level 1:colcon.colcon_core.package_identification:_identify(src) by extensions ['python_setup_py']
[2.992s] Level 1:colcon.colcon_core.package_identification:_identify(src) by extension 'python_setup_py'
[2.993s] Level 1:colcon.colcon_core.package_identification:_identify(src/aggregator) by extensions ['ignore', 'ignore_ament_install']
[2.994s] Level 1:colcon.colcon_core.package_identification:_identify(src/aggregator) by extension 'ignore'
[2.995s] Level 1:colcon.colcon_core.package_identification:_identify(src/aggregator) by extension 'ignore_ament_install'
[2.996s] Level 1:colcon.colcon_core.package_identification:_identify(src/aggregator) by extensions ['colcon_pkg']
[2.996s] Level 1:colcon.colcon_core.package_identification:_identify(src/aggregator) by extension 'colcon_pkg'
[2.996s] Level 1:colcon.colcon_core.package_identification:_identify(src/aggregator) by extensions ['colcon_meta']
[2.997s] Level 1:colcon.colcon_core.package_identification:_identify(src/aggregator) by extension 'colcon_meta'
[2.998s] Level 1:colcon.colcon_core.package_identification:_identify(src/aggregator) by extensions ['ros']
[2.998s] Level 1:colcon.colcon_core.package_identification:_identify(src/aggregator) by extension 'ros'
[3.019s] DEBUG:colcon.colcon_core.package_identification:Package 'src/aggregator' with type 'ros.ament_python' and name 'aggregator'
[3.020s] Level 1:colcon.colcon_core.package_identification:_identify(src/msg_interfaces) by extensions ['ignore', 'ignore_ament_install']
[3.021s] Level 1:colcon.colcon_core.package_identification:_identify(src/msg_interfaces) by extension 'ignore'
[3.022s] Level 1:colcon.colcon_core.package_identification:_identify(src/msg_interfaces) by extension 'ignore_ament_install'
[3.022s] Level 1:colcon.colcon_core.package_identification:_identify(src/msg_interfaces) by extensions ['colcon_pkg']
[3.023s] Level 1:colcon.colcon_core.package_identification:_identify(src/msg_interfaces) by extension 'colcon_pkg'
[3.023s] Level 1:colcon.colcon_core.package_identification:_identify(src/msg_interfaces) by extensions ['colcon_meta']
[3.024s] Level 1:colcon.colcon_core.package_identification:_identify(src/msg_interfaces) by extension 'colcon_meta'
[3.024s] Level 1:colcon.colcon_core.package_identification:_identify(src/msg_interfaces) by extensions ['ros']
[3.025s] Level 1:colcon.colcon_core.package_identification:_identify(src/msg_interfaces) by extension 'ros'
[3.030s] DEBUG:colcon.colcon_core.package_identification:Package 'src/msg_interfaces' with type 'ros.ament_cmake' and name 'msg_interfaces'
[3.032s] Level 1:colcon.colcon_core.package_identification:_identify(src/saver) by extensions ['ignore', 'ignore_ament_install']
[3.033s] Level 1:colcon.colcon_core.package_identification:_identify(src/saver) by extension 'ignore'
[3.034s] Level 1:colcon.colcon_core.package_identification:_identify(src/saver) by extension 'ignore_ament_install'
[3.034s] Level 1:colcon.colcon_core.package_identification:_identify(src/saver) by extensions ['colcon_pkg']
[3.035s] Level 1:colcon.colcon_core.package_identification:_identify(src/saver) by extension 'colcon_pkg'
[3.035s] Level 1:colcon.colcon_core.package_identification:_identify(src/saver) by extensions ['colcon_meta']
[3.036s] Level 1:colcon.colcon_core.package_identification:_identify(src/saver) by extension 'colcon_meta'
[3.036s] Level 1:colcon.colcon_core.package_identification:_identify(src/saver) by extensions ['ros']
[3.037s] Level 1:colcon.colcon_core.package_identification:_identify(src/saver) by extension 'ros'
[3.043s] DEBUG:colcon.colcon_core.package_identification:Package 'src/saver' with type 'ros.ament_python' and name 'saver'
[3.044s] Level 1:colcon.colcon_core.package_identification:_identify(src/sensor_current) by extensions ['ignore', 'ignore_ament_install']
[3.045s] Level 1:colcon.colcon_core.package_identification:_identify(src/sensor_current) by extension 'ignore'
[3.046s] Level 1:colcon.colcon_core.package_identification:_identify(src/sensor_current) by extension 'ignore_ament_install'
[3.046s] Level 1:colcon.colcon_core.package_identification:_identify(src/sensor_current) by extensions ['colcon_pkg']
[3.047s] Level 1:colcon.colcon_core.package_identification:_identify(src/sensor_current) by extension 'colcon_pkg'
[3.047s] Level 1:colcon.colcon_core.package_identification:_identify(src/sensor_current) by extensions ['colcon_meta']
[3.048s] Level 1:colcon.colcon_core.package_identification:_identify(src/sensor_current) by extension 'colcon_meta'
[3.048s] Level 1:colcon.colcon_core.package_identification:_identify(src/sensor_current) by extensions ['ros']
[3.049s] Level 1:colcon.colcon_core.package_identification:_identify(src/sensor_current) by extension 'ros'
[3.054s] DEBUG:colcon.colcon_core.package_identification:Package 'src/sensor_current' with type 'ros.ament_python' and name 'sensor_current'
[3.055s] Level 1:colcon.colcon_core.package_identification:_identify(src/sensor_depth) by extensions ['ignore', 'ignore_ament_install']
[3.056s] Level 1:colcon.colcon_core.package_identification:_identify(src/sensor_depth) by extension 'ignore'
[3.057s] Level 1:colcon.colcon_core.package_identification:_identify(src/sensor_depth) by extension 'ignore_ament_install'
[3.058s] Level 1:colcon.colcon_core.package_identification:_identify(src/sensor_depth) by extensions ['colcon_pkg']
[3.058s] Level 1:colcon.colcon_core.package_identification:_identify(src/sensor_depth) by extension 'colcon_pkg'
[3.058s] Level 1:colcon.colcon_core.package_identification:_identify(src/sensor_depth) by extensions ['colcon_meta']
[3.059s] Level 1:colcon.colcon_core.package_identification:_identify(src/sensor_depth) by extension 'colcon_meta'
[3.059s] Level 1:colcon.colcon_core.package_identification:_identify(src/sensor_depth) by extensions ['ros']
[3.060s] Level 1:colcon.colcon_core.package_identification:_identify(src/sensor_depth) by extension 'ros'
[3.065s] DEBUG:colcon.colcon_core.package_identification:Package 'src/sensor_depth' with type 'ros.ament_python' and name 'sensor_depth'
[3.066s] Level 1:colcon.colcon_core.package_identification:_identify(src/sensor_gps) by extensions ['ignore', 'ignore_ament_install']
[3.067s] Level 1:colcon.colcon_core.package_identification:_identify(src/sensor_gps) by extension 'ignore'
[3.068s] Level 1:colcon.colcon_core.package_identification:_identify(src/sensor_gps) by extension 'ignore_ament_install'
[3.069s] Level 1:colcon.colcon_core.package_identification:_identify(src/sensor_gps) by extensions ['colcon_pkg']
[3.069s] Level 1:colcon.colcon_core.package_identification:_identify(src/sensor_gps) by extension 'colcon_pkg'
[3.069s] Level 1:colcon.colcon_core.package_identification:_identify(src/sensor_gps) by extensions ['colcon_meta']
[3.070s] Level 1:colcon.colcon_core.package_identification:_identify(src/sensor_gps) by extension 'colcon_meta'
[3.071s] Level 1:colcon.colcon_core.package_identification:_identify(src/sensor_gps) by extensions ['ros']
[3.071s] Level 1:colcon.colcon_core.package_identification:_identify(src/sensor_gps) by extension 'ros'
[3.076s] DEBUG:colcon.colcon_core.package_identification:Package 'src/sensor_gps' with type 'ros.ament_python' and name 'sensor_gps'
[3.078s] Level 1:colcon.colcon_core.package_identification:_identify(src/sensor_imu_mag) by extensions ['ignore', 'ignore_ament_install']
[3.079s] Level 1:colcon.colcon_core.package_identification:_identify(src/sensor_imu_mag) by extension 'ignore'
[3.080s] Level 1:colcon.colcon_core.package_identification:_identify(src/sensor_imu_mag) by extension 'ignore_ament_install'
[3.080s] Level 1:colcon.colcon_core.package_identification:_identify(src/sensor_imu_mag) by extensions ['colcon_pkg']
[3.081s] Level 1:colcon.colcon_core.package_identification:_identify(src/sensor_imu_mag) by extension 'colcon_pkg'
[3.081s] Level 1:colcon.colcon_core.package_identification:_identify(src/sensor_imu_mag) by extensions ['colcon_meta']
[3.082s] Level 1:colcon.colcon_core.package_identification:_identify(src/sensor_imu_mag) by extension 'colcon_meta'
[3.082s] Level 1:colcon.colcon_core.package_identification:_identify(src/sensor_imu_mag) by extensions ['ros']
[3.083s] Level 1:colcon.colcon_core.package_identification:_identify(src/sensor_imu_mag) by extension 'ros'
[3.088s] DEBUG:colcon.colcon_core.package_identification:Package 'src/sensor_imu_mag' with type 'ros.ament_python' and name 'sensor_imu_mag'
[3.089s] Level 1:colcon.colcon_core.package_identification:_identify(src/sensor_ph) by extensions ['ignore', 'ignore_ament_install']
[3.090s] Level 1:colcon.colcon_core.package_identification:_identify(src/sensor_ph) by extension 'ignore'
[3.091s] Level 1:colcon.colcon_core.package_identification:_identify(src/sensor_ph) by extension 'ignore_ament_install'
[3.092s] Level 1:colcon.colcon_core.package_identification:_identify(src/sensor_ph) by extensions ['colcon_pkg']
[3.092s] Level 1:colcon.colcon_core.package_identification:_identify(src/sensor_ph) by extension 'colcon_pkg'
[3.092s] Level 1:colcon.colcon_core.package_identification:_identify(src/sensor_ph) by extensions ['colcon_meta']
[3.093s] Level 1:colcon.colcon_core.package_identification:_identify(src/sensor_ph) by extension 'colcon_meta'
[3.094s] Level 1:colcon.colcon_core.package_identification:_identify(src/sensor_ph) by extensions ['ros']
[3.094s] Level 1:colcon.colcon_core.package_identification:_identify(src/sensor_ph) by extension 'ros'
[3.099s] DEBUG:colcon.colcon_core.package_identification:Package 'src/sensor_ph' with type 'ros.ament_python' and name 'sensor_ph'
[3.101s] Level 1:colcon.colcon_core.package_identification:_identify(src/sensor_tds) by extensions ['ignore', 'ignore_ament_install']
[3.101s] Level 1:colcon.colcon_core.package_identification:_identify(src/sensor_tds) by extension 'ignore'
[3.102s] Level 1:colcon.colcon_core.package_identification:_identify(src/sensor_tds) by extension 'ignore_ament_install'
[3.103s] Level 1:colcon.colcon_core.package_identification:_identify(src/sensor_tds) by extensions ['colcon_pkg']
[3.103s] Level 1:colcon.colcon_core.package_identification:_identify(src/sensor_tds) by extension 'colcon_pkg'
[3.104s] Level 1:colcon.colcon_core.package_identification:_identify(src/sensor_tds) by extensions ['colcon_meta']
[3.104s] Level 1:colcon.colcon_core.package_identification:_identify(src/sensor_tds) by extension 'colcon_meta'
[3.105s] Level 1:colcon.colcon_core.package_identification:_identify(src/sensor_tds) by extensions ['ros']
[3.105s] Level 1:colcon.colcon_core.package_identification:_identify(src/sensor_tds) by extension 'ros'
[3.112s] DEBUG:colcon.colcon_core.package_identification:Package 'src/sensor_tds' with type 'ros.ament_python' and name 'sensor_tds'
[3.114s] Level 1:colcon.colcon_core.package_identification:_identify(src/sensor_thermometer) by extensions ['ignore', 'ignore_ament_install']
[3.114s] Level 1:colcon.colcon_core.package_identification:_identify(src/sensor_thermometer) by extension 'ignore'
[3.115s] Level 1:colcon.colcon_core.package_identification:_identify(src/sensor_thermometer) by extension 'ignore_ament_install'
[3.116s] Level 1:colcon.colcon_core.package_identification:_identify(src/sensor_thermometer) by extensions ['colcon_pkg']
[3.116s] Level 1:colcon.colcon_core.package_identification:_identify(src/sensor_thermometer) by extension 'colcon_pkg'
[3.117s] Level 1:colcon.colcon_core.package_identification:_identify(src/sensor_thermometer) by extensions ['colcon_meta']
[3.117s] Level 1:colcon.colcon_core.package_identification:_identify(src/sensor_thermometer) by extension 'colcon_meta'
[3.118s] Level 1:colcon.colcon_core.package_identification:_identify(src/sensor_thermometer) by extensions ['ros']
[3.118s] Level 1:colcon.colcon_core.package_identification:_identify(src/sensor_thermometer) by extension 'ros'
[3.124s] DEBUG:colcon.colcon_core.package_identification:Package 'src/sensor_thermometer' with type 'ros.ament_python' and name 'sensor_thermometer'
[3.125s] Level 1:colcon.colcon_core.package_identification:_identify(src/sensor_turbidity) by extensions ['ignore', 'ignore_ament_install']
[3.126s] Level 1:colcon.colcon_core.package_identification:_identify(src/sensor_turbidity) by extension 'ignore'
[3.127s] Level 1:colcon.colcon_core.package_identification:_identify(src/sensor_turbidity) by extension 'ignore_ament_install'
[3.128s] Level 1:colcon.colcon_core.package_identification:_identify(src/sensor_turbidity) by extensions ['colcon_pkg']
[3.128s] Level 1:colcon.colcon_core.package_identification:_identify(src/sensor_turbidity) by extension 'colcon_pkg'
[3.129s] Level 1:colcon.colcon_core.package_identification:_identify(src/sensor_turbidity) by extensions ['colcon_meta']
[3.129s] Level 1:colcon.colcon_core.package_identification:_identify(src/sensor_turbidity) by extension 'colcon_meta'
[3.130s] Level 1:colcon.colcon_core.package_identification:_identify(src/sensor_turbidity) by extensions ['ros']
[3.130s] Level 1:colcon.colcon_core.package_identification:_identify(src/sensor_turbidity) by extension 'ros'
[3.137s] DEBUG:colcon.colcon_core.package_identification:Package 'src/sensor_turbidity' with type 'ros.ament_python' and name 'sensor_turbidity'
[3.138s] Level 1:colcon.colcon_core.package_identification:_identify(src/sensor_voltage) by extensions ['ignore', 'ignore_ament_install']
[3.139s] Level 1:colcon.colcon_core.package_identification:_identify(src/sensor_voltage) by extension 'ignore'
[3.140s] Level 1:colcon.colcon_core.package_identification:_identify(src/sensor_voltage) by extension 'ignore_ament_install'
[3.141s] Level 1:colcon.colcon_core.package_identification:_identify(src/sensor_voltage) by extensions ['colcon_pkg']
[3.141s] Level 1:colcon.colcon_core.package_identification:_identify(src/sensor_voltage) by extension 'colcon_pkg'
[3.141s] Level 1:colcon.colcon_core.package_identification:_identify(src/sensor_voltage) by extensions ['colcon_meta']
[3.142s] Level 1:colcon.colcon_core.package_identification:_identify(src/sensor_voltage) by extension 'colcon_meta'
[3.142s] Level 1:colcon.colcon_core.package_identification:_identify(src/sensor_voltage) by extensions ['ros']
[3.143s] Level 1:colcon.colcon_core.package_identification:_identify(src/sensor_voltage) by extension 'ros'
[3.149s] DEBUG:colcon.colcon_core.package_identification:Package 'src/sensor_voltage' with type 'ros.ament_python' and name 'sensor_voltage'
[3.151s] Level 1:colcon.colcon_core.package_identification:_identify(src/system_launcher) by extensions ['ignore', 'ignore_ament_install']
[3.152s] Level 1:colcon.colcon_core.package_identification:_identify(src/system_launcher) by extension 'ignore'
[3.153s] Level 1:colcon.colcon_core.package_identification:_identify(src/system_launcher) by extension 'ignore_ament_install'
[3.153s] Level 1:colcon.colcon_core.package_identification:_identify(src/system_launcher) by extensions ['colcon_pkg']
[3.154s] Level 1:colcon.colcon_core.package_identification:_identify(src/system_launcher) by extension 'colcon_pkg'
[3.154s] Level 1:colcon.colcon_core.package_identification:_identify(src/system_launcher) by extensions ['colcon_meta']
[3.155s] Level 1:colcon.colcon_core.package_identification:_identify(src/system_launcher) by extension 'colcon_meta'
[3.155s] Level 1:colcon.colcon_core.package_identification:_identify(src/system_launcher) by extensions ['ros']
[3.156s] Level 1:colcon.colcon_core.package_identification:_identify(src/system_launcher) by extension 'ros'
[3.161s] DEBUG:colcon.colcon_core.package_identification:Package 'src/system_launcher' with type 'ros.ament_python' and name 'system_launcher'
[3.162s] Level 1:colcon.colcon_core.package_identification:_identify(src/telemetry) by extensions ['ignore', 'ignore_ament_install']
[3.163s] Level 1:colcon.colcon_core.package_identification:_identify(src/telemetry) by extension 'ignore'
[3.164s] Level 1:colcon.colcon_core.package_identification:_identify(src/telemetry) by extension 'ignore_ament_install'
[3.164s] Level 1:colcon.colcon_core.package_identification:_identify(src/telemetry) by extensions ['colcon_pkg']
[3.165s] Level 1:colcon.colcon_core.package_identification:_identify(src/telemetry) by extension 'colcon_pkg'
[3.165s] Level 1:colcon.colcon_core.package_identification:_identify(src/telemetry) by extensions ['colcon_meta']
[3.166s] Level 1:colcon.colcon_core.package_identification:_identify(src/telemetry) by extension 'colcon_meta'
[3.166s] Level 1:colcon.colcon_core.package_identification:_identify(src/telemetry) by extensions ['ros']
[3.167s] Level 1:colcon.colcon_core.package_identification:_identify(src/telemetry) by extension 'ros'
[3.172s] DEBUG:colcon.colcon_core.package_identification:Package 'src/telemetry' with type 'ros.ament_python' and name 'telemetry'
[3.173s] Level 1:colcon.colcon_core.package_identification:_identify(src/thruster_driver) by extensions ['ignore', 'ignore_ament_install']
[3.174s] Level 1:colcon.colcon_core.package_identification:_identify(src/thruster_driver) by extension 'ignore'
[3.175s] Level 1:colcon.colcon_core.package_identification:_identify(src/thruster_driver) by extension 'ignore_ament_install'
[3.175s] Level 1:colcon.colcon_core.package_identification:_identify(src/thruster_driver) by extensions ['colcon_pkg']
[3.176s] Level 1:colcon.colcon_core.package_identification:_identify(src/thruster_driver) by extension 'colcon_pkg'
[3.176s] Level 1:colcon.colcon_core.package_identification:_identify(src/thruster_driver) by extensions ['colcon_meta']
[3.177s] Level 1:colcon.colcon_core.package_identification:_identify(src/thruster_driver) by extension 'colcon_meta'
[3.177s] Level 1:colcon.colcon_core.package_identification:_identify(src/thruster_driver) by extensions ['ros']
[3.178s] Level 1:colcon.colcon_core.package_identification:_identify(src/thruster_driver) by extension 'ros'
[3.183s] DEBUG:colcon.colcon_core.package_identification:Package 'src/thruster_driver' with type 'ros.ament_python' and name 'thruster_driver'
[3.183s] Level 1:colcon.colcon_core.package_discovery:discover_packages(recursive) using defaults
[3.184s] Level 1:colcon.colcon_core.package_discovery:discover_packages(ignore) discover
[3.184s] Level 1:colcon.colcon_core.package_discovery:discover_packages(ignore) using defaults
[3.185s] Level 1:colcon.colcon_core.package_discovery:discover_packages(path) discover
[3.185s] Level 1:colcon.colcon_core.package_discovery:discover_packages(path) using defaults
[3.513s] INFO:colcon.colcon_core.package_selection:Skipping not selected package 'aggregator' in 'src/aggregator'
[3.514s] INFO:colcon.colcon_core.package_selection:Skipping not selected package 'msg_interfaces' in 'src/msg_interfaces'
[3.514s] INFO:colcon.colcon_core.package_selection:Skipping not selected package 'saver' in 'src/saver'
[3.514s] INFO:colcon.colcon_core.package_selection:Skipping not selected package 'sensor_current' in 'src/sensor_current'
[3.515s] INFO:colcon.colcon_core.package_selection:Skipping not selected package 'sensor_depth' in 'src/sensor_depth'
[3.515s] INFO:colcon.colcon_core.package_selection:Skipping not selected package 'sensor_gps' in 'src/sensor_gps'
[3.515s] INFO:colcon.colcon_core.package_selection:Skipping not selected package 'sensor_imu_mag' in 'src/sensor_imu_mag'
[3.516s] INFO:colcon.colcon_core.package_selection:Skipping not selected package 'sensor_thermometer' in 'src/sensor_thermometer'
[3.516s] INFO:colcon.colcon_core.package_selection:Skipping not selected package 'system_launcher' in 'src/system_launcher'
[3.516s] INFO:colcon.colcon_core.package_selection:Skipping not selected package 'telemetry' in 'src/telemetry'
[3.517s] INFO:colcon.colcon_core.package_selection:Skipping not selected package 'thruster_driver' in 'src/thruster_driver'
[3.517s] INFO:colcon.colcon_core.package_selection:Skipping not selected package 'sensor_ph' in 'src/sensor_ph'
[3.517s] INFO:colcon.colcon_core.package_selection:Skipping not selected package 'sensor_turbidity' in 'src/sensor_turbidity'
[3.517s] INFO:colcon.colcon_core.package_selection:Skipping not selected package 'sensor_voltage' in 'src/sensor_voltage'
[3.522s] Level 1:colcon.colcon_core.package_discovery:discover_packages(prefix_path) check parameters
[3.522s] Level 1:colcon.colcon_core.package_discovery:discover_packages(prefix_path) discover
[3.558s] DEBUG:colcon.colcon_installed_package_information.package_discovery:Found 15 installed packages in /home/foka/ros2_humble2/install
[3.578s] DEBUG:colcon.colcon_installed_package_information.package_discovery:Found 181 installed packages in /opt/ros/humble
[3.591s] Level 1:colcon.colcon_core.package_discovery:discover_packages(prefix_path) using defaults
[3.969s] Level 5:colcon.colcon_core.verb:set package 'sensor_tds' build argument 'cmake_args' from command line to 'None'
[3.970s] Level 5:colcon.colcon_core.verb:set package 'sensor_tds' build argument 'cmake_target' from command line to 'None'
[3.970s] Level 5:colcon.colcon_core.verb:set package 'sensor_tds' build argument 'cmake_target_skip_unavailable' from command line to 'False'
[3.970s] Level 5:colcon.colcon_core.verb:set package 'sensor_tds' build argument 'cmake_clean_cache' from command line to 'False'
[3.971s] Level 5:colcon.colcon_core.verb:set package 'sensor_tds' build argument 'cmake_clean_first' from command line to 'False'
[3.971s] Level 5:colcon.colcon_core.verb:set package 'sensor_tds' build argument 'cmake_force_configure' from command line to 'False'
[3.971s] Level 5:colcon.colcon_core.verb:set package 'sensor_tds' build argument 'ament_cmake_args' from command line to 'None'
[3.972s] Level 5:colcon.colcon_core.verb:set package 'sensor_tds' build argument 'catkin_cmake_args' from command line to 'None'
[3.972s] Level 5:colcon.colcon_core.verb:set package 'sensor_tds' build argument 'catkin_skip_building_tests' from command line to 'False'
[3.973s] DEBUG:colcon.colcon_core.verb:Building package 'sensor_tds' with the following arguments: {'ament_cmake_args': None, 'build_base': '/home/foka/ros2_humble2/build/sensor_tds', 'catkin_cmake_args': None, 'catkin_skip_building_tests': False, 'cmake_args': None, 'cmake_clean_cache': False, 'cmake_clean_first': False, 'cmake_force_configure': False, 'cmake_target': None, 'cmake_target_skip_unavailable': False, 'install_base': '/home/foka/ros2_humble2/install/sensor_tds', 'merge_install': False, 'path': '/home/foka/ros2_humble2/src/sensor_tds', 'symlink_install': False, 'test_result_base': None}
[3.974s] INFO:colcon.colcon_core.executor:Executing jobs using 'parallel' executor
[3.981s] DEBUG:colcon.colcon_parallel_executor.executor.parallel:run_until_complete
[3.983s] INFO:colcon.colcon_ros.task.ament_python.build:Building ROS package in '/home/foka/ros2_humble2/src/sensor_tds' with build type 'ament_python'
[3.985s] Level 1:colcon.colcon_core.shell:create_environment_hook('sensor_tds', 'ament_prefix_path')
[4.019s] INFO:colcon.colcon_core.plugin_system:Skipping extension 'colcon_core.shell.bat': Not used on non-Windows systems
[4.021s] INFO:colcon.colcon_core.shell:Creating environment hook '/home/foka/ros2_humble2/install/sensor_tds/share/sensor_tds/hook/ament_prefix_path.ps1'
[4.028s] INFO:colcon.colcon_core.shell:Creating environment descriptor '/home/foka/ros2_humble2/install/sensor_tds/share/sensor_tds/hook/ament_prefix_path.dsv'
[4.034s] INFO:colcon.colcon_core.shell:Creating environment hook '/home/foka/ros2_humble2/install/sensor_tds/share/sensor_tds/hook/ament_prefix_path.sh'
[4.042s] INFO:colcon.colcon_core.shell:Skip shell extension 'powershell' for command environment: Not usable outside of PowerShell
[4.043s] DEBUG:colcon.colcon_core.shell:Skip shell extension 'dsv' for command environment
[7.559s] INFO:colcon.colcon_core.task.python.build:Building Python package in '/home/foka/ros2_humble2/src/sensor_tds'
[7.562s] INFO:colcon.colcon_core.shell:Skip shell extension 'powershell' for command environment: Not usable outside of PowerShell
[7.562s] DEBUG:colcon.colcon_core.shell:Skip shell extension 'dsv' for command environment
[12.426s] DEBUG:colcon.colcon_core.event_handler.log_command:Invoking command in '/home/foka/ros2_humble2/src/sensor_tds': AMENT_PREFIX_PATH=/home/foka/ros2_humble2/install/system_launcher:/home/foka/ros2_humble2/install/thruster_driver:/home/foka/ros2_humble2/install/telemetry:/home/foka/ros2_humble2/install/sensor_voltage:/home/foka/ros2_humble2/install/sensor_turbidity:/home/foka/ros2_humble2/install/sensor_tds:/home/foka/ros2_humble2/install/sensor_ph:/home/foka/ros2_humble2/install/sensor_thermometer:/home/foka/ros2_humble2/install/sensor_imu_mag:/home/foka/ros2_humble2/install/sensor_gps:/home/foka/ros2_humble2/install/sensor_depth:/home/foka/ros2_humble2/install/sensor_current:/home/foka/ros2_humble2/install/saver:/home/foka/ros2_humble2/install/msg_interfaces:/home/foka/ros2_humble2/install/aggregator:/opt/ros/humble PYTHONPATH=/home/foka/ros2_humble2/build/sensor_tds/prefix_override:/usr/lib/python3/dist-packages/colcon_core/task/python/colcon_distutils_commands:/home/foka/ros2_humble2/install/sensor_tds/lib/python3.10/site-packages:/home/foka/ros2_humble2/install/system_launcher/lib/python3.10/site-packages:/home/foka/ros2_humble2/build/thruster_driver:/home/foka/ros2_humble2/install/thruster_driver/lib/python3.10/site-packages:/home/foka/ros2_humble2/build/telemetry:/home/foka/ros2_humble2/install/telemetry/lib/python3.10/site-packages:/home/foka/ros2_humble2/install/sensor_voltage/lib/python3.10/site-packages:/home/foka/ros2_humble2/build/sensor_turbidity:/home/foka/ros2_humble2/install/sensor_turbidity/lib/python3.10/site-packages:/home/foka/ros2_humble2/build/sensor_tds:/home/foka/ros2_humble2/install/sensor_tds/lib/python3.10/site-packages:/home/foka/ros2_humble2/build/sensor_ph:/home/foka/ros2_humble2/install/sensor_ph/lib/python3.10/site-packages:/home/foka/ros2_humble2/build/sensor_thermometer:/home/foka/ros2_humble2/install/sensor_thermometer/lib/python3.10/site-packages:/home/foka/ros2_humble2/install/sensor_imu_mag/lib/python3.10/site-packages:/home/foka/ros2_humble2/install/sensor_gps/lib/python3.10/site-packages:/home/foka/ros2_humble2/build/sensor_depth:/home/foka/ros2_humble2/install/sensor_depth/lib/python3.10/site-packages:/home/foka/ros2_humble2/install/sensor_current/lib/python3.10/site-packages:/home/foka/ros2_humble2/install/saver/lib/python3.10/site-packages:/home/foka/ros2_humble2/install/msg_interfaces/local/lib/python3.10/dist-packages:/home/foka/ros2_humble2/install/aggregator/lib/python3.10/site-packages:/opt/ros/humble/lib/python3.10/site-packages:/opt/ros/humble/local/lib/python3.10/dist-packages /usr/bin/python3 -W ignore:setup.py install is deprecated -W ignore:easy_install command is deprecated setup.py egg_info --egg-base ../../build/sensor_tds build --build-base /home/foka/ros2_humble2/build/sensor_tds/build install --record /home/foka/ros2_humble2/build/sensor_tds/install.log --single-version-externally-managed install_data
[16.422s] DEBUG:colcon.colcon_core.event_handler.log_command:Invoked command in '/home/foka/ros2_humble2/src/sensor_tds' returned '0': AMENT_PREFIX_PATH=/home/foka/ros2_humble2/install/system_launcher:/home/foka/ros2_humble2/install/thruster_driver:/home/foka/ros2_humble2/install/telemetry:/home/foka/ros2_humble2/install/sensor_voltage:/home/foka/ros2_humble2/install/sensor_turbidity:/home/foka/ros2_humble2/install/sensor_tds:/home/foka/ros2_humble2/install/sensor_ph:/home/foka/ros2_humble2/install/sensor_thermometer:/home/foka/ros2_humble2/install/sensor_imu_mag:/home/foka/ros2_humble2/install/sensor_gps:/home/foka/ros2_humble2/install/sensor_depth:/home/foka/ros2_humble2/install/sensor_current:/home/foka/ros2_humble2/install/saver:/home/foka/ros2_humble2/install/msg_interfaces:/home/foka/ros2_humble2/install/aggregator:/opt/ros/humble PYTHONPATH=/home/foka/ros2_humble2/build/sensor_tds/prefix_override:/usr/lib/python3/dist-packages/colcon_core/task/python/colcon_distutils_commands:/home/foka/ros2_humble2/install/sensor_tds/lib/python3.10/site-packages:/home/foka/ros2_humble2/install/system_launcher/lib/python3.10/site-packages:/home/foka/ros2_humble2/build/thruster_driver:/home/foka/ros2_humble2/install/thruster_driver/lib/python3.10/site-packages:/home/foka/ros2_humble2/build/telemetry:/home/foka/ros2_humble2/install/telemetry/lib/python3.10/site-packages:/home/foka/ros2_humble2/install/sensor_voltage/lib/python3.10/site-packages:/home/foka/ros2_humble2/build/sensor_turbidity:/home/foka/ros2_humble2/install/sensor_turbidity/lib/python3.10/site-packages:/home/foka/ros2_humble2/build/sensor_tds:/home/foka/ros2_humble2/install/sensor_tds/lib/python3.10/site-packages:/home/foka/ros2_humble2/build/sensor_ph:/home/foka/ros2_humble2/install/sensor_ph/lib/python3.10/site-packages:/home/foka/ros2_humble2/build/sensor_thermometer:/home/foka/ros2_humble2/install/sensor_thermometer/lib/python3.10/site-packages:/home/foka/ros2_humble2/install/sensor_imu_mag/lib/python3.10/site-packages:/home/foka/ros2_humble2/install/sensor_gps/lib/python3.10/site-packages:/home/foka/ros2_humble2/build/sensor_depth:/home/foka/ros2_humble2/install/sensor_depth/lib/python3.10/site-packages:/home/foka/ros2_humble2/install/sensor_current/lib/python3.10/site-packages:/home/foka/ros2_humble2/install/saver/lib/python3.10/site-packages:/home/foka/ros2_humble2/install/msg_interfaces/local/lib/python3.10/dist-packages:/home/foka/ros2_humble2/install/aggregator/lib/python3.10/site-packages:/opt/ros/humble/lib/python3.10/site-packages:/opt/ros/humble/local/lib/python3.10/dist-packages /usr/bin/python3 -W ignore:setup.py install is deprecated -W ignore:easy_install command is deprecated setup.py egg_info --egg-base ../../build/sensor_tds build --build-base /home/foka/ros2_humble2/build/sensor_tds/build install --record /home/foka/ros2_humble2/build/sensor_tds/install.log --single-version-externally-managed install_data
[16.454s] Level 1:colcon.colcon_core.environment:checking '/home/foka/ros2_humble2/install/sensor_tds' for CMake module files
[16.461s] Level 1:colcon.colcon_core.environment:checking '/home/foka/ros2_humble2/install/sensor_tds' for CMake config files
[16.473s] Level 1:colcon.colcon_core.environment:checking '/home/foka/ros2_humble2/install/sensor_tds/lib'
[16.476s] Level 1:colcon.colcon_core.environment:checking '/home/foka/ros2_humble2/install/sensor_tds/bin'
[16.477s] Level 1:colcon.colcon_core.environment:checking '/home/foka/ros2_humble2/install/sensor_tds/lib/pkgconfig/sensor_tds.pc'
[16.480s] Level 1:colcon.colcon_core.environment:checking '/home/foka/ros2_humble2/install/sensor_tds/lib/python3.10/site-packages'
[16.481s] Level 1:colcon.colcon_core.shell:create_environment_hook('sensor_tds', 'pythonpath')
[16.484s] INFO:colcon.colcon_core.shell:Creating environment hook '/home/foka/ros2_humble2/install/sensor_tds/share/sensor_tds/hook/pythonpath.ps1'
[16.489s] INFO:colcon.colcon_core.shell:Creating environment descriptor '/home/foka/ros2_humble2/install/sensor_tds/share/sensor_tds/hook/pythonpath.dsv'
[16.493s] INFO:colcon.colcon_core.shell:Creating environment hook '/home/foka/ros2_humble2/install/sensor_tds/share/sensor_tds/hook/pythonpath.sh'
[16.500s] Level 1:colcon.colcon_core.environment:checking '/home/foka/ros2_humble2/install/sensor_tds/bin'
[16.501s] Level 1:colcon.colcon_core.environment:create_environment_scripts_only(sensor_tds)
[16.504s] INFO:colcon.colcon_core.shell:Creating package script '/home/foka/ros2_humble2/install/sensor_tds/share/sensor_tds/package.ps1'
[16.513s] INFO:colcon.colcon_core.shell:Creating package descriptor '/home/foka/ros2_humble2/install/sensor_tds/share/sensor_tds/package.dsv'
[16.520s] INFO:colcon.colcon_core.shell:Creating package script '/home/foka/ros2_humble2/install/sensor_tds/share/sensor_tds/package.sh'
[16.528s] INFO:colcon.colcon_core.shell:Creating package script '/home/foka/ros2_humble2/install/sensor_tds/share/sensor_tds/package.bash'
[16.537s] INFO:colcon.colcon_core.shell:Creating package script '/home/foka/ros2_humble2/install/sensor_tds/share/sensor_tds/package.zsh'
[16.546s] Level 1:colcon.colcon_core.environment:create_file_with_runtime_dependencies(/home/foka/ros2_humble2/install/sensor_tds/share/colcon-core/packages/sensor_tds)
[16.549s] DEBUG:colcon.colcon_parallel_executor.executor.parallel:closing loop
[16.552s] DEBUG:colcon.colcon_parallel_executor.executor.parallel:loop closed
[16.553s] DEBUG:colcon.colcon_parallel_executor.executor.parallel:run_until_complete finished with '0'
[16.554s] DEBUG:colcon.colcon_core.event_reactor:joining thread
[16.615s] INFO:colcon.colcon_core.plugin_system:Skipping extension 'colcon_notification.desktop_notification.notify_send': Could not find 'notify-send'
[16.616s] INFO:colcon.colcon_core.plugin_system:Skipping extension 'colcon_notification.desktop_notification.terminal_notifier': Not used on non-Darwin systems
[16.617s] INFO:colcon.colcon_core.plugin_system:Skipping extension 'colcon_notification.desktop_notification.win32': Not used on non-Windows systems
[16.617s] INFO:colcon.colcon_notification.desktop_notification:Sending desktop notification using 'notify2'
[16.624s] DEBUG:colcon.colcon_notification.desktop_notification.notify2:Failed to initialize notify2: org.freedesktop.DBus.Error.ServiceUnknown: The name org.freedesktop.Notifications was not provided by any .service files
[16.625s] DEBUG:colcon.colcon_core.event_reactor:joined thread
[16.628s] INFO:colcon.colcon_core.shell:Creating prefix script '/home/foka/ros2_humble2/install/local_setup.ps1'
[16.637s] INFO:colcon.colcon_core.shell:Creating prefix util module '/home/foka/ros2_humble2/install/_local_setup_util_ps1.py'
[16.653s] INFO:colcon.colcon_core.shell:Creating prefix chain script '/home/foka/ros2_humble2/install/setup.ps1'
[16.681s] INFO:colcon.colcon_core.shell:Creating prefix script '/home/foka/ros2_humble2/install/local_setup.sh'
[16.689s] INFO:colcon.colcon_core.shell:Creating prefix util module '/home/foka/ros2_humble2/install/_local_setup_util_sh.py'
[16.697s] INFO:colcon.colcon_core.shell:Creating prefix chain script '/home/foka/ros2_humble2/install/setup.sh'
[16.723s] INFO:colcon.colcon_core.shell:Creating prefix script '/home/foka/ros2_humble2/install/local_setup.bash'
[16.729s] INFO:colcon.colcon_core.shell:Creating prefix chain script '/home/foka/ros2_humble2/install/setup.bash'
[16.755s] INFO:colcon.colcon_core.shell:Creating prefix script '/home/foka/ros2_humble2/install/local_setup.zsh'
[16.762s] INFO:colcon.colcon_core.shell:Creating prefix chain script '/home/foka/ros2_humble2/install/setup.zsh'
