[4.595s] Invoking command in '/home/foka/ros2_humble2/src/sensor_imu_mag': PYTHONPATH=/home/foka/ros2_humble2/build/sensor_imu_mag/prefix_override:/usr/lib/python3/dist-packages/colcon_core/task/python/colcon_distutils_commands:/home/foka/ros2_humble2/install/sensor_imu_mag/lib/python3.10/site-packages:${PYTHONPATH} /usr/bin/python3 -W ignore:setup.py install is deprecated -W ignore:easy_install command is deprecated setup.py egg_info --egg-base ../../build/sensor_imu_mag build --build-base /home/foka/ros2_humble2/build/sensor_imu_mag/build install --record /home/foka/ros2_humble2/build/sensor_imu_mag/install.log --single-version-externally-managed install_data
[6.178s] running egg_info
[6.183s] creating ../../build/sensor_imu_mag/sensor_imu_mag.egg-info
[6.188s] writing ../../build/sensor_imu_mag/sensor_imu_mag.egg-info/PKG-INFO
[6.189s] writing dependency_links to ../../build/sensor_imu_mag/sensor_imu_mag.egg-info/dependency_links.txt
[6.189s] writing entry points to ../../build/sensor_imu_mag/sensor_imu_mag.egg-info/entry_points.txt
[6.190s] writing requirements to ../../build/sensor_imu_mag/sensor_imu_mag.egg-info/requires.txt
[6.191s] writing top-level names to ../../build/sensor_imu_mag/sensor_imu_mag.egg-info/top_level.txt
[6.191s] writing manifest file '../../build/sensor_imu_mag/sensor_imu_mag.egg-info/SOURCES.txt'
[6.197s] reading manifest file '../../build/sensor_imu_mag/sensor_imu_mag.egg-info/SOURCES.txt'
[6.200s] writing manifest file '../../build/sensor_imu_mag/sensor_imu_mag.egg-info/SOURCES.txt'
[6.201s] running build
[6.202s] running build_py
[6.203s] creating /home/foka/ros2_humble2/build/sensor_imu_mag/build
[6.203s] creating /home/foka/ros2_humble2/build/sensor_imu_mag/build/lib
[6.204s] creating /home/foka/ros2_humble2/build/sensor_imu_mag/build/lib/sensor_imu_mag
[6.204s] copying sensor_imu_mag/__init__.py -> /home/foka/ros2_humble2/build/sensor_imu_mag/build/lib/sensor_imu_mag
[6.205s] copying sensor_imu_mag/sensor_imu_mag_driver.py -> /home/foka/ros2_humble2/build/sensor_imu_mag/build/lib/sensor_imu_mag
[6.205s] copying sensor_imu_mag/sensor_imu_mag.py -> /home/foka/ros2_humble2/build/sensor_imu_mag/build/lib/sensor_imu_mag
[6.206s] running install
[6.208s] running install_lib
[6.211s] creating /home/foka/ros2_humble2/install/sensor_imu_mag/lib/python3.10/site-packages/sensor_imu_mag
[6.212s] copying /home/foka/ros2_humble2/build/sensor_imu_mag/build/lib/sensor_imu_mag/__init__.py -> /home/foka/ros2_humble2/install/sensor_imu_mag/lib/python3.10/site-packages/sensor_imu_mag
[6.213s] copying /home/foka/ros2_humble2/build/sensor_imu_mag/build/lib/sensor_imu_mag/sensor_imu_mag_driver.py -> /home/foka/ros2_humble2/install/sensor_imu_mag/lib/python3.10/site-packages/sensor_imu_mag
[6.214s] copying /home/foka/ros2_humble2/build/sensor_imu_mag/build/lib/sensor_imu_mag/sensor_imu_mag.py -> /home/foka/ros2_humble2/install/sensor_imu_mag/lib/python3.10/site-packages/sensor_imu_mag
[6.218s] byte-compiling /home/foka/ros2_humble2/install/sensor_imu_mag/lib/python3.10/site-packages/sensor_imu_mag/__init__.py to __init__.cpython-310.pyc
[6.220s] byte-compiling /home/foka/ros2_humble2/install/sensor_imu_mag/lib/python3.10/site-packages/sensor_imu_mag/sensor_imu_mag_driver.py to sensor_imu_mag_driver.cpython-310.pyc
[6.221s] byte-compiling /home/foka/ros2_humble2/install/sensor_imu_mag/lib/python3.10/site-packages/sensor_imu_mag/sensor_imu_mag.py to sensor_imu_mag.cpython-310.pyc
[6.222s] running install_data
[6.223s] creating /home/foka/ros2_humble2/install/sensor_imu_mag/share/ament_index
[6.224s] creating /home/foka/ros2_humble2/install/sensor_imu_mag/share/ament_index/resource_index
[6.225s] creating /home/foka/ros2_humble2/install/sensor_imu_mag/share/ament_index/resource_index/packages
[6.226s] copying resource/sensor_imu_mag -> /home/foka/ros2_humble2/install/sensor_imu_mag/share/ament_index/resource_index/packages
[6.226s] copying package.xml -> /home/foka/ros2_humble2/install/sensor_imu_mag/share/sensor_imu_mag
[6.227s] running install_egg_info
[6.234s] Copying ../../build/sensor_imu_mag/sensor_imu_mag.egg-info to /home/foka/ros2_humble2/install/sensor_imu_mag/lib/python3.10/site-packages/sensor_imu_mag-0.0.0-py3.10.egg-info
[6.239s] running install_scripts
[6.340s] Installing sensor_imu_mag script to /home/foka/ros2_humble2/install/sensor_imu_mag/lib/sensor_imu_mag
[6.348s] writing list of installed files to '/home/foka/ros2_humble2/build/sensor_imu_mag/install.log'
[6.481s] Invoked command in '/home/foka/ros2_humble2/src/sensor_imu_mag' returned '0': PYTHONPATH=/home/foka/ros2_humble2/build/sensor_imu_mag/prefix_override:/usr/lib/python3/dist-packages/colcon_core/task/python/colcon_distutils_commands:/home/foka/ros2_humble2/install/sensor_imu_mag/lib/python3.10/site-packages:${PYTHONPATH} /usr/bin/python3 -W ignore:setup.py install is deprecated -W ignore:easy_install command is deprecated setup.py egg_info --egg-base ../../build/sensor_imu_mag build --build-base /home/foka/ros2_humble2/build/sensor_imu_mag/build install --record /home/foka/ros2_humble2/build/sensor_imu_mag/install.log --single-version-externally-managed install_data
