[10.199s] Invoking command in '/home/foka/ros2_humble2/build/sensor_tds': AMENT_PREFIX_PATH=/home/foka/ros2_humble2/install/system_launcher:/home/foka/ros2_humble2/install/telemetry:/home/foka/ros2_humble2/install/sensor_ph:/home/foka/ros2_humble2/install/sensor_thermometer:/home/foka/ros2_humble2/install/saver:/home/foka/ros2_humble2/install/py_talker:/home/foka/ros2_humble2/install/msg_interfaces:/home/foka/ros2_humble2/install/aggregator:/opt/ros/humble PYTHONPATH=/home/foka/ros2_humble2/build/sensor_tds/prefix_override:/usr/lib/python3/dist-packages/colcon_core/task/python/colcon_distutils_commands:/home/foka/ros2_humble2/install/sensor_tds/lib/python3.10/site-packages:/home/foka/ros2_humble2/build/system_launcher:/home/foka/ros2_humble2/install/system_launcher/lib/python3.10/site-packages:/home/foka/ros2_humble2/install/telemetry/lib/python3.10/site-packages:/home/foka/ros2_humble2/install/sensor_ph/lib/python3.10/site-packages:/home/foka/ros2_humble2/install/sensor_thermometer/lib/python3.10/site-packages:/home/foka/ros2_humble2/install/saver/lib/python3.10/site-packages:/home/foka/ros2_humble2/install/py_talker/lib/python3.10/site-packages:/home/foka/ros2_humble2/install/msg_interfaces/local/lib/python3.10/dist-packages:/home/foka/ros2_humble2/install/aggregator/lib/python3.10/site-packages:/opt/ros/humble/lib/python3.10/site-packages:/opt/ros/humble/local/lib/python3.10/dist-packages /usr/bin/python3 -W ignore:setup.py install is deprecated -W ignore:easy_install command is deprecated setup.py develop --editable --build-directory /home/foka/ros2_humble2/build/sensor_tds/build --no-deps symlink_data
[13.039s] running develop
[14.509s] running egg_info
[14.510s] creating sensor_tds.egg-info
[14.512s] writing sensor_tds.egg-info/PKG-INFO
[14.516s] writing dependency_links to sensor_tds.egg-info/dependency_links.txt
[14.519s] writing entry points to sensor_tds.egg-info/entry_points.txt
[14.523s] writing requirements to sensor_tds.egg-info/requires.txt
[14.524s] writing top-level names to sensor_tds.egg-info/top_level.txt
[14.526s] writing manifest file 'sensor_tds.egg-info/SOURCES.txt'
[14.537s] reading manifest file 'sensor_tds.egg-info/SOURCES.txt'
[14.540s] writing manifest file 'sensor_tds.egg-info/SOURCES.txt'
[14.548s] running build_ext
[14.549s] Creating /home/foka/ros2_humble2/install/sensor_tds/lib/python3.10/site-packages/sensor-tds.egg-link (link to .)
[14.556s] Installing sensor_tds script to /home/foka/ros2_humble2/install/sensor_tds/lib/sensor_tds
[14.557s] 
[14.558s] Installed /home/foka/ros2_humble2/build/sensor_tds
[14.560s] running symlink_data
[14.561s] creating /home/foka/ros2_humble2/install/sensor_tds/share/ament_index
[14.562s] creating /home/foka/ros2_humble2/install/sensor_tds/share/ament_index/resource_index
[14.563s] creating /home/foka/ros2_humble2/install/sensor_tds/share/ament_index/resource_index/packages
[14.564s] symbolically linking /home/foka/ros2_humble2/build/sensor_tds/resource/sensor_tds -> /home/foka/ros2_humble2/install/sensor_tds/share/ament_index/resource_index/packages
[14.566s] symbolically linking /home/foka/ros2_humble2/build/sensor_tds/package.xml -> /home/foka/ros2_humble2/install/sensor_tds/share/sensor_tds
[14.724s] Invoked command in '/home/foka/ros2_humble2/build/sensor_tds' returned '0': AMENT_PREFIX_PATH=/home/foka/ros2_humble2/install/system_launcher:/home/foka/ros2_humble2/install/telemetry:/home/foka/ros2_humble2/install/sensor_ph:/home/foka/ros2_humble2/install/sensor_thermometer:/home/foka/ros2_humble2/install/saver:/home/foka/ros2_humble2/install/py_talker:/home/foka/ros2_humble2/install/msg_interfaces:/home/foka/ros2_humble2/install/aggregator:/opt/ros/humble PYTHONPATH=/home/foka/ros2_humble2/build/sensor_tds/prefix_override:/usr/lib/python3/dist-packages/colcon_core/task/python/colcon_distutils_commands:/home/foka/ros2_humble2/install/sensor_tds/lib/python3.10/site-packages:/home/foka/ros2_humble2/build/system_launcher:/home/foka/ros2_humble2/install/system_launcher/lib/python3.10/site-packages:/home/foka/ros2_humble2/install/telemetry/lib/python3.10/site-packages:/home/foka/ros2_humble2/install/sensor_ph/lib/python3.10/site-packages:/home/foka/ros2_humble2/install/sensor_thermometer/lib/python3.10/site-packages:/home/foka/ros2_humble2/install/saver/lib/python3.10/site-packages:/home/foka/ros2_humble2/install/py_talker/lib/python3.10/site-packages:/home/foka/ros2_humble2/install/msg_interfaces/local/lib/python3.10/dist-packages:/home/foka/ros2_humble2/install/aggregator/lib/python3.10/site-packages:/opt/ros/humble/lib/python3.10/site-packages:/opt/ros/humble/local/lib/python3.10/dist-packages /usr/bin/python3 -W ignore:setup.py install is deprecated -W ignore:easy_install command is deprecated setup.py develop --editable --build-directory /home/foka/ros2_humble2/build/sensor_tds/build --no-deps symlink_data
