[8.799s] Invoking command in '/home/foka/ros2_humble2/src/autopilot': PYTHONPATH=/home/foka/ros2_humble2/build/autopilot/prefix_override:/usr/lib/python3/dist-packages/colcon_core/task/python/colcon_distutils_commands:/home/foka/ros2_humble2/install/autopilot/lib/python3.10/site-packages:${PYTHONPATH} /usr/bin/python3 -W ignore:setup.py install is deprecated -W ignore:easy_install command is deprecated setup.py egg_info --egg-base ../../build/autopilot build --build-base /home/foka/ros2_humble2/build/autopilot/build install --record /home/foka/ros2_humble2/build/autopilot/install.log --single-version-externally-managed install_data
[12.323s] running egg_info
[12.329s] writing ../../build/autopilot/autopilot.egg-info/PKG-INFO
[12.332s] writing dependency_links to ../../build/autopilot/autopilot.egg-info/dependency_links.txt
[12.334s] writing entry points to ../../build/autopilot/autopilot.egg-info/entry_points.txt
[12.336s] writing requirements to ../../build/autopilot/autopilot.egg-info/requires.txt
[12.338s] writing top-level names to ../../build/autopilot/autopilot.egg-info/top_level.txt
[12.358s] reading manifest file '../../build/autopilot/autopilot.egg-info/SOURCES.txt'
[12.368s] writing manifest file '../../build/autopilot/autopilot.egg-info/SOURCES.txt'
[12.369s] running build
[12.370s] running build_py
[12.373s] copying autopilot/azimuth.py -> /home/foka/ros2_humble2/build/autopilot/build/lib/autopilot
[12.377s] running install
[12.380s] running install_lib
[12.389s] copying /home/foka/ros2_humble2/build/autopilot/build/lib/autopilot/azimuth.py -> /home/foka/ros2_humble2/install/autopilot/lib/python3.10/site-packages/autopilot
[12.399s] byte-compiling /home/foka/ros2_humble2/install/autopilot/lib/python3.10/site-packages/autopilot/azimuth.py to azimuth.cpython-310.pyc
[12.413s] running install_data
[12.429s] running install_egg_info
[12.439s] removing '/home/foka/ros2_humble2/install/autopilot/lib/python3.10/site-packages/autopilot-0.0.0-py3.10.egg-info' (and everything under it)
[12.441s] Copying ../../build/autopilot/autopilot.egg-info to /home/foka/ros2_humble2/install/autopilot/lib/python3.10/site-packages/autopilot-0.0.0-py3.10.egg-info
[12.457s] running install_scripts
[12.694s] Installing azimuth script to /home/foka/ros2_humble2/install/autopilot/lib/autopilot
[12.700s] Installing checkpoints script to /home/foka/ros2_humble2/install/autopilot/lib/autopilot
[12.703s] Installing compass script to /home/foka/ros2_humble2/install/autopilot/lib/autopilot
[12.716s] writing list of installed files to '/home/foka/ros2_humble2/build/autopilot/install.log'
[12.938s] Invoked command in '/home/foka/ros2_humble2/src/autopilot' returned '0': PYTHONPATH=/home/foka/ros2_humble2/build/autopilot/prefix_override:/usr/lib/python3/dist-packages/colcon_core/task/python/colcon_distutils_commands:/home/foka/ros2_humble2/install/autopilot/lib/python3.10/site-packages:${PYTHONPATH} /usr/bin/python3 -W ignore:setup.py install is deprecated -W ignore:easy_install command is deprecated setup.py egg_info --egg-base ../../build/autopilot build --build-base /home/foka/ros2_humble2/build/autopilot/build install --record /home/foka/ros2_humble2/build/autopilot/install.log --single-version-externally-managed install_data
