[7.823s] Invoking command in '/home/foka/ros2_humble2/src/system_launcher': PYTHONPATH=/home/foka/ros2_humble2/build/system_launcher/prefix_override:/usr/lib/python3/dist-packages/colcon_core/task/python/colcon_distutils_commands:/home/foka/ros2_humble2/install/system_launcher/lib/python3.10/site-packages:${PYTHONPATH} /usr/bin/python3 -W ignore:setup.py install is deprecated -W ignore:easy_install command is deprecated setup.py egg_info --egg-base ../../build/system_launcher build --build-base /home/foka/ros2_humble2/build/system_launcher/build install --record /home/foka/ros2_humble2/build/system_launcher/install.log --single-version-externally-managed install_data
[11.304s] running egg_info
[11.312s] writing ../../build/system_launcher/system_launcher.egg-info/PKG-INFO
[11.314s] writing dependency_links to ../../build/system_launcher/system_launcher.egg-info/dependency_links.txt
[11.316s] writing entry points to ../../build/system_launcher/system_launcher.egg-info/entry_points.txt
[11.318s] writing requirements to ../../build/system_launcher/system_launcher.egg-info/requires.txt
[11.320s] writing top-level names to ../../build/system_launcher/system_launcher.egg-info/top_level.txt
[11.339s] reading manifest file '../../build/system_launcher/system_launcher.egg-info/SOURCES.txt'
[11.350s] writing manifest file '../../build/system_launcher/system_launcher.egg-info/SOURCES.txt'
[11.351s] running build
[11.352s] running build_py
[11.357s] running install
[11.359s] running install_lib
[11.376s] running install_data
[11.379s] copying config/system_config.yaml -> /home/foka/ros2_humble2/install/system_launcher/share/system_launcher/config
[11.381s] running install_egg_info
[11.401s] removing '/home/foka/ros2_humble2/install/system_launcher/lib/python3.10/site-packages/system_launcher-0.0.0-py3.10.egg-info' (and everything under it)
[11.406s] Copying ../../build/system_launcher/system_launcher.egg-info to /home/foka/ros2_humble2/install/system_launcher/lib/python3.10/site-packages/system_launcher-0.0.0-py3.10.egg-info
[11.427s] running install_scripts
[11.678s] writing list of installed files to '/home/foka/ros2_humble2/build/system_launcher/install.log'
[11.894s] Invoked command in '/home/foka/ros2_humble2/src/system_launcher' returned '0': PYTHONPATH=/home/foka/ros2_humble2/build/system_launcher/prefix_override:/usr/lib/python3/dist-packages/colcon_core/task/python/colcon_distutils_commands:/home/foka/ros2_humble2/install/system_launcher/lib/python3.10/site-packages:${PYTHONPATH} /usr/bin/python3 -W ignore:setup.py install is deprecated -W ignore:easy_install command is deprecated setup.py egg_info --egg-base ../../build/system_launcher build --build-base /home/foka/ros2_humble2/build/system_launcher/build install --record /home/foka/ros2_humble2/build/system_launcher/install.log --single-version-externally-managed install_data
