running egg_info
creating ../../build/py_talker/py_talker.egg-info
writing ../../build/py_talker/py_talker.egg-info/PKG-INFO
writing dependency_links to ../../build/py_talker/py_talker.egg-info/dependency_links.txt
writing entry points to ../../build/py_talker/py_talker.egg-info/entry_points.txt
writing requirements to ../../build/py_talker/py_talker.egg-info/requires.txt
writing top-level names to ../../build/py_talker/py_talker.egg-info/top_level.txt
writing manifest file '../../build/py_talker/py_talker.egg-info/SOURCES.txt'
reading manifest file '../../build/py_talker/py_talker.egg-info/SOURCES.txt'
writing manifest file '../../build/py_talker/py_talker.egg-info/SOURCES.txt'
running build
running build_py
creating /home/foka/ros2_humble2/build/py_talker/build
creating /home/foka/ros2_humble2/build/py_talker/build/lib
creating /home/foka/ros2_humble2/build/py_talker/build/lib/py_talker
copying py_talker/__init__.py -> /home/foka/ros2_humble2/build/py_talker/build/lib/py_talker
copying py_talker/talker.py -> /home/foka/ros2_humble2/build/py_talker/build/lib/py_talker
running install
running install_lib
creating /home/foka/ros2_humble2/install/py_talker/lib/python3.10/site-packages/py_talker
copying /home/foka/ros2_humble2/build/py_talker/build/lib/py_talker/__init__.py -> /home/foka/ros2_humble2/install/py_talker/lib/python3.10/site-packages/py_talker
copying /home/foka/ros2_humble2/build/py_talker/build/lib/py_talker/talker.py -> /home/foka/ros2_humble2/install/py_talker/lib/python3.10/site-packages/py_talker
byte-compiling /home/foka/ros2_humble2/install/py_talker/lib/python3.10/site-packages/py_talker/__init__.py to __init__.cpython-310.pyc
byte-compiling /home/foka/ros2_humble2/install/py_talker/lib/python3.10/site-packages/py_talker/talker.py to talker.cpython-310.pyc
running install_data
creating /home/foka/ros2_humble2/install/py_talker/share/ament_index
creating /home/foka/ros2_humble2/install/py_talker/share/ament_index/resource_index
creating /home/foka/ros2_humble2/install/py_talker/share/ament_index/resource_index/packages
copying resource/py_talker -> /home/foka/ros2_humble2/install/py_talker/share/ament_index/resource_index/packages
copying package.xml -> /home/foka/ros2_humble2/install/py_talker/share/py_talker
running install_egg_info
Copying ../../build/py_talker/py_talker.egg-info to /home/foka/ros2_humble2/install/py_talker/lib/python3.10/site-packages/py_talker-0.0.0-py3.10.egg-info
running install_scripts
Installing talker script to /home/foka/ros2_humble2/install/py_talker/lib/py_talker
writing list of installed files to '/home/foka/ros2_humble2/build/py_talker/install.log'
