[2.904s] Invoking command in '/home/foka/ros2_humble2/src/py_talker': PYTHONPATH=/home/foka/ros2_humble2/build/py_talker/prefix_override:/usr/lib/python3/dist-packages/colcon_core/task/python/colcon_distutils_commands:/home/foka/ros2_humble2/install/py_talker/lib/python3.10/site-packages: /usr/bin/python3 -W ignore:setup.py install is deprecated -W ignore:easy_install command is deprecated setup.py egg_info --egg-base ../../build/py_talker build --build-base /home/foka/ros2_humble2/build/py_talker/build install --record /home/foka/ros2_humble2/build/py_talker/install.log --single-version-externally-managed install_data
[3.793s] running egg_info
[3.797s] creating ../../build/py_talker/py_talker.egg-info
[3.797s] writing ../../build/py_talker/py_talker.egg-info/PKG-INFO
[3.798s] writing dependency_links to ../../build/py_talker/py_talker.egg-info/dependency_links.txt
[3.798s] writing entry points to ../../build/py_talker/py_talker.egg-info/entry_points.txt
[3.799s] writing requirements to ../../build/py_talker/py_talker.egg-info/requires.txt
[3.799s] writing top-level names to ../../build/py_talker/py_talker.egg-info/top_level.txt
[3.800s] writing manifest file '../../build/py_talker/py_talker.egg-info/SOURCES.txt'
[3.806s] reading manifest file '../../build/py_talker/py_talker.egg-info/SOURCES.txt'
[3.809s] writing manifest file '../../build/py_talker/py_talker.egg-info/SOURCES.txt'
[3.810s] running build
[3.810s] running build_py
[3.811s] creating /home/foka/ros2_humble2/build/py_talker/build
[3.811s] creating /home/foka/ros2_humble2/build/py_talker/build/lib
[3.812s] creating /home/foka/ros2_humble2/build/py_talker/build/lib/py_talker
[3.812s] copying py_talker/__init__.py -> /home/foka/ros2_humble2/build/py_talker/build/lib/py_talker
[3.812s] copying py_talker/talker.py -> /home/foka/ros2_humble2/build/py_talker/build/lib/py_talker
[3.813s] running install
[3.814s] running install_lib
[3.817s] creating /home/foka/ros2_humble2/install/py_talker/lib/python3.10/site-packages/py_talker
[3.817s] copying /home/foka/ros2_humble2/build/py_talker/build/lib/py_talker/__init__.py -> /home/foka/ros2_humble2/install/py_talker/lib/python3.10/site-packages/py_talker
[3.818s] copying /home/foka/ros2_humble2/build/py_talker/build/lib/py_talker/talker.py -> /home/foka/ros2_humble2/install/py_talker/lib/python3.10/site-packages/py_talker
[3.820s] byte-compiling /home/foka/ros2_humble2/install/py_talker/lib/python3.10/site-packages/py_talker/__init__.py to __init__.cpython-310.pyc
[3.822s] byte-compiling /home/foka/ros2_humble2/install/py_talker/lib/python3.10/site-packages/py_talker/talker.py to talker.cpython-310.pyc
[3.823s] running install_data
[3.824s] creating /home/foka/ros2_humble2/install/py_talker/share/ament_index
[3.824s] creating /home/foka/ros2_humble2/install/py_talker/share/ament_index/resource_index
[3.825s] creating /home/foka/ros2_humble2/install/py_talker/share/ament_index/resource_index/packages
[3.825s] copying resource/py_talker -> /home/foka/ros2_humble2/install/py_talker/share/ament_index/resource_index/packages
[3.826s] copying package.xml -> /home/foka/ros2_humble2/install/py_talker/share/py_talker
[3.826s] running install_egg_info
[3.834s] Copying ../../build/py_talker/py_talker.egg-info to /home/foka/ros2_humble2/install/py_talker/lib/python3.10/site-packages/py_talker-0.0.0-py3.10.egg-info
[3.838s] running install_scripts
[3.914s] Installing talker script to /home/foka/ros2_humble2/install/py_talker/lib/py_talker
[3.916s] writing list of installed files to '/home/foka/ros2_humble2/build/py_talker/install.log'
[4.030s] Invoked command in '/home/foka/ros2_humble2/src/py_talker' returned '0': PYTHONPATH=/home/foka/ros2_humble2/build/py_talker/prefix_override:/usr/lib/python3/dist-packages/colcon_core/task/python/colcon_distutils_commands:/home/foka/ros2_humble2/install/py_talker/lib/python3.10/site-packages: /usr/bin/python3 -W ignore:setup.py install is deprecated -W ignore:easy_install command is deprecated setup.py egg_info --egg-base ../../build/py_talker build --build-base /home/foka/ros2_humble2/build/py_talker/build install --record /home/foka/ros2_humble2/build/py_talker/install.log --single-version-externally-managed install_data
