[3.006s] Invoking command in '/home/foka/ros2_humble2/src/telemetry': PYTHONPATH=/home/foka/ros2_humble2/build/telemetry/prefix_override:/usr/lib/python3/dist-packages/colcon_core/task/python/colcon_distutils_commands:/home/foka/ros2_humble2/install/telemetry/lib/python3.10/site-packages:${PYTHONPATH} /usr/bin/python3 -W ignore:setup.py install is deprecated -W ignore:easy_install command is deprecated setup.py egg_info --egg-base ../../build/telemetry build --build-base /home/foka/ros2_humble2/build/telemetry/build install --record /home/foka/ros2_humble2/build/telemetry/install.log --single-version-externally-managed install_data
[4.123s] running egg_info
[4.126s] creating ../../build/telemetry/telemetry.egg-info
[4.126s] writing ../../build/telemetry/telemetry.egg-info/PKG-INFO
[4.127s] writing dependency_links to ../../build/telemetry/telemetry.egg-info/dependency_links.txt
[4.128s] writing entry points to ../../build/telemetry/telemetry.egg-info/entry_points.txt
[4.128s] writing requirements to ../../build/telemetry/telemetry.egg-info/requires.txt
[4.129s] writing top-level names to ../../build/telemetry/telemetry.egg-info/top_level.txt
[4.130s] writing manifest file '../../build/telemetry/telemetry.egg-info/SOURCES.txt'
[4.137s] reading manifest file '../../build/telemetry/telemetry.egg-info/SOURCES.txt'
[4.140s] writing manifest file '../../build/telemetry/telemetry.egg-info/SOURCES.txt'
[4.141s] running build
[4.142s] running build_py
[4.142s] creating /home/foka/ros2_humble2/build/telemetry/build
[4.143s] creating /home/foka/ros2_humble2/build/telemetry/build/lib
[4.143s] creating /home/foka/ros2_humble2/build/telemetry/build/lib/telemetry
[4.144s] copying telemetry/__init__.py -> /home/foka/ros2_humble2/build/telemetry/build/lib/telemetry
[4.144s] copying telemetry/telemetry.py -> /home/foka/ros2_humble2/build/telemetry/build/lib/telemetry
[4.144s] running install
[4.146s] running install_lib
[4.149s] creating /home/foka/ros2_humble2/install/telemetry/lib/python3.10/site-packages/telemetry
[4.149s] copying /home/foka/ros2_humble2/build/telemetry/build/lib/telemetry/__init__.py -> /home/foka/ros2_humble2/install/telemetry/lib/python3.10/site-packages/telemetry
[4.150s] copying /home/foka/ros2_humble2/build/telemetry/build/lib/telemetry/telemetry.py -> /home/foka/ros2_humble2/install/telemetry/lib/python3.10/site-packages/telemetry
[4.153s] byte-compiling /home/foka/ros2_humble2/install/telemetry/lib/python3.10/site-packages/telemetry/__init__.py to __init__.cpython-310.pyc
[4.154s] byte-compiling /home/foka/ros2_humble2/install/telemetry/lib/python3.10/site-packages/telemetry/telemetry.py to telemetry.cpython-310.pyc
[4.157s] running install_data
[4.157s] creating /home/foka/ros2_humble2/install/telemetry/share/ament_index
[4.158s] creating /home/foka/ros2_humble2/install/telemetry/share/ament_index/resource_index
[4.158s] creating /home/foka/ros2_humble2/install/telemetry/share/ament_index/resource_index/packages
[4.159s] copying resource/telemetry -> /home/foka/ros2_humble2/install/telemetry/share/ament_index/resource_index/packages
[4.159s] copying package.xml -> /home/foka/ros2_humble2/install/telemetry/share/telemetry
[4.160s] running install_egg_info
[4.167s] Copying ../../build/telemetry/telemetry.egg-info to /home/foka/ros2_humble2/install/telemetry/lib/python3.10/site-packages/telemetry-0.0.0-py3.10.egg-info
[4.172s] running install_scripts
[4.254s] Installing telemetry script to /home/foka/ros2_humble2/install/telemetry/lib/telemetry
[4.256s] writing list of installed files to '/home/foka/ros2_humble2/build/telemetry/install.log'
[4.375s] Invoked command in '/home/foka/ros2_humble2/src/telemetry' returned '0': PYTHONPATH=/home/foka/ros2_humble2/build/telemetry/prefix_override:/usr/lib/python3/dist-packages/colcon_core/task/python/colcon_distutils_commands:/home/foka/ros2_humble2/install/telemetry/lib/python3.10/site-packages:${PYTHONPATH} /usr/bin/python3 -W ignore:setup.py install is deprecated -W ignore:easy_install command is deprecated setup.py egg_info --egg-base ../../build/telemetry build --build-base /home/foka/ros2_humble2/build/telemetry/build install --record /home/foka/ros2_humble2/build/telemetry/install.log --single-version-externally-managed install_data
