[11.822s] Invoking command in '/home/foka/ros2_humble2/build/system_launcher': PYTHONPATH=/home/foka/ros2_humble2/build/system_launcher/prefix_override:/usr/lib/python3/dist-packages/colcon_core/task/python/colcon_distutils_commands:/home/foka/ros2_humble2/install/system_launcher/lib/python3.10/site-packages:${PYTHONPATH} /usr/bin/python3 -W ignore:setup.py install is deprecated -W ignore:easy_install command is deprecated setup.py develop --editable --build-directory /home/foka/ros2_humble2/build/system_launcher/build --no-deps symlink_data
[14.721s] running develop
[16.606s] running egg_info
[16.608s] creating system_launcher.egg-info
[16.612s] writing system_launcher.egg-info/PKG-INFO
[16.617s] writing dependency_links to system_launcher.egg-info/dependency_links.txt
[16.621s] writing entry points to system_launcher.egg-info/entry_points.txt
[16.623s] writing requirements to system_launcher.egg-info/requires.txt
[16.626s] writing top-level names to system_launcher.egg-info/top_level.txt
[16.630s] writing manifest file 'system_launcher.egg-info/SOURCES.txt'
[16.645s] reading manifest file 'system_launcher.egg-info/SOURCES.txt'
[16.652s] writing manifest file 'system_launcher.egg-info/SOURCES.txt'
[16.663s] running build_ext
[16.666s] Creating /home/foka/ros2_humble2/install/system_launcher/lib/python3.10/site-packages/system-launcher.egg-link (link to .)
[16.673s] 
[16.678s] Installed /home/foka/ros2_humble2/build/system_launcher
[16.679s] running symlink_data
[16.717s] creating /home/foka/ros2_humble2/install/system_launcher/share/ament_index
[16.721s] creating /home/foka/ros2_humble2/install/system_launcher/share/ament_index/resource_index
[16.722s] creating /home/foka/ros2_humble2/install/system_launcher/share/ament_index/resource_index/packages
[16.725s] symbolically linking /home/foka/ros2_humble2/build/system_launcher/resource/system_launcher -> /home/foka/ros2_humble2/install/system_launcher/share/ament_index/resource_index/packages
[16.727s] symbolically linking /home/foka/ros2_humble2/build/system_launcher/package.xml -> /home/foka/ros2_humble2/install/system_launcher/share/system_launcher
[16.728s] creating /home/foka/ros2_humble2/install/system_launcher/share/system_launcher/launch
[16.729s] symbolically linking /home/foka/ros2_humble2/build/system_launcher/launch/launch_all.py -> /home/foka/ros2_humble2/install/system_launcher/share/system_launcher/launch
[16.731s] creating /home/foka/ros2_humble2/install/system_launcher/share/system_launcher/config
[16.732s] symbolically linking /home/foka/ros2_humble2/build/system_launcher/config/system_config.yaml -> /home/foka/ros2_humble2/install/system_launcher/share/system_launcher/config
[20.561s] Invoked command in '/home/foka/ros2_humble2/build/system_launcher' returned '0': PYTHONPATH=/home/foka/ros2_humble2/build/system_launcher/prefix_override:/usr/lib/python3/dist-packages/colcon_core/task/python/colcon_distutils_commands:/home/foka/ros2_humble2/install/system_launcher/lib/python3.10/site-packages:${PYTHONPATH} /usr/bin/python3 -W ignore:setup.py install is deprecated -W ignore:easy_install command is deprecated setup.py develop --editable --build-directory /home/foka/ros2_humble2/build/system_launcher/build --no-deps symlink_data
