[8.185s] Invoking command in '/home/foka/ros2_humble2/src/system_launcher': PYTHONPATH=/home/foka/ros2_humble2/build/system_launcher/prefix_override:/usr/lib/python3/dist-packages/colcon_core/task/python/colcon_distutils_commands:/home/foka/ros2_humble2/install/system_launcher/lib/python3.10/site-packages:${PYTHONPATH} /usr/bin/python3 -W ignore:setup.py install is deprecated -W ignore:easy_install command is deprecated setup.py egg_info --egg-base ../../build/system_launcher build --build-base /home/foka/ros2_humble2/build/system_launcher/build install --record /home/foka/ros2_humble2/build/system_launcher/install.log --single-version-externally-managed install_data
[10.996s] running egg_info
[11.004s] writing ../../build/system_launcher/system_launcher.egg-info/PKG-INFO
[11.007s] writing dependency_links to ../../build/system_launcher/system_launcher.egg-info/dependency_links.txt
[11.008s] writing entry points to ../../build/system_launcher/system_launcher.egg-info/entry_points.txt
[11.010s] writing requirements to ../../build/system_launcher/system_launcher.egg-info/requires.txt
[11.012s] writing top-level names to ../../build/system_launcher/system_launcher.egg-info/top_level.txt
[11.030s] reading manifest file '../../build/system_launcher/system_launcher.egg-info/SOURCES.txt'
[11.041s] writing manifest file '../../build/system_launcher/system_launcher.egg-info/SOURCES.txt'
[11.043s] running build
[11.044s] running build_py
[11.047s] running install
[11.050s] running install_lib
[11.066s] running install_data
[11.070s] copying config/system_config.yaml -> /home/foka/ros2_humble2/install/system_launcher/share/system_launcher/config
[11.071s] running install_egg_info
[11.094s] removing '/home/foka/ros2_humble2/install/system_launcher/lib/python3.10/site-packages/system_launcher-0.0.0-py3.10.egg-info' (and everything under it)
[11.099s] Copying ../../build/system_launcher/system_launcher.egg-info to /home/foka/ros2_humble2/install/system_launcher/lib/python3.10/site-packages/system_launcher-0.0.0-py3.10.egg-info
[11.117s] running install_scripts
[11.357s] writing list of installed files to '/home/foka/ros2_humble2/build/system_launcher/install.log'
[11.571s] Invoked command in '/home/foka/ros2_humble2/src/system_launcher' returned '0': PYTHONPATH=/home/foka/ros2_humble2/build/system_launcher/prefix_override:/usr/lib/python3/dist-packages/colcon_core/task/python/colcon_distutils_commands:/home/foka/ros2_humble2/install/system_launcher/lib/python3.10/site-packages:${PYTHONPATH} /usr/bin/python3 -W ignore:setup.py install is deprecated -W ignore:easy_install command is deprecated setup.py egg_info --egg-base ../../build/system_launcher build --build-base /home/foka/ros2_humble2/build/system_launcher/build install --record /home/foka/ros2_humble2/build/system_launcher/install.log --single-version-externally-managed install_data
