[3.524s] Invoking command in '/home/foka/ros2_humble2/src/sensor_gps': PYTHONPATH=/home/foka/ros2_humble2/build/sensor_gps/prefix_override:/usr/lib/python3/dist-packages/colcon_core/task/python/colcon_distutils_commands:/home/foka/ros2_humble2/install/sensor_gps/lib/python3.10/site-packages:${PYTHONPATH} /usr/bin/python3 -W ignore:setup.py install is deprecated -W ignore:easy_install command is deprecated setup.py egg_info --egg-base ../../build/sensor_gps build --build-base /home/foka/ros2_humble2/build/sensor_gps/build install --record /home/foka/ros2_humble2/build/sensor_gps/install.log --single-version-externally-managed install_data
[4.794s] running egg_info
[4.798s] writing ../../build/sensor_gps/sensor_gps.egg-info/PKG-INFO
[4.799s] writing dependency_links to ../../build/sensor_gps/sensor_gps.egg-info/dependency_links.txt
[4.800s] writing entry points to ../../build/sensor_gps/sensor_gps.egg-info/entry_points.txt
[4.801s] writing requirements to ../../build/sensor_gps/sensor_gps.egg-info/requires.txt
[4.802s] writing top-level names to ../../build/sensor_gps/sensor_gps.egg-info/top_level.txt
[4.809s] reading manifest file '../../build/sensor_gps/sensor_gps.egg-info/SOURCES.txt'
[4.813s] writing manifest file '../../build/sensor_gps/sensor_gps.egg-info/SOURCES.txt'
[4.814s] running build
[4.814s] running build_py
[4.816s] copying sensor_gps/sensor_gps.py -> /home/foka/ros2_humble2/build/sensor_gps/build/lib/sensor_gps
[4.818s] running install
[4.819s] running install_lib
[4.823s] copying /home/foka/ros2_humble2/build/sensor_gps/build/lib/sensor_gps/sensor_gps.py -> /home/foka/ros2_humble2/install/sensor_gps/lib/python3.10/site-packages/sensor_gps
[4.827s] byte-compiling /home/foka/ros2_humble2/install/sensor_gps/lib/python3.10/site-packages/sensor_gps/sensor_gps.py to sensor_gps.cpython-310.pyc
[4.832s] running install_data
[4.833s] running install_egg_info
[4.841s] removing '/home/foka/ros2_humble2/install/sensor_gps/lib/python3.10/site-packages/sensor_gps-0.0.0-py3.10.egg-info' (and everything under it)
[4.843s] Copying ../../build/sensor_gps/sensor_gps.egg-info to /home/foka/ros2_humble2/install/sensor_gps/lib/python3.10/site-packages/sensor_gps-0.0.0-py3.10.egg-info
[4.849s] running install_scripts
[4.941s] Installing sensor_gps script to /home/foka/ros2_humble2/install/sensor_gps/lib/sensor_gps
[4.944s] writing list of installed files to '/home/foka/ros2_humble2/build/sensor_gps/install.log'
[5.064s] Invoked command in '/home/foka/ros2_humble2/src/sensor_gps' returned '0': PYTHONPATH=/home/foka/ros2_humble2/build/sensor_gps/prefix_override:/usr/lib/python3/dist-packages/colcon_core/task/python/colcon_distutils_commands:/home/foka/ros2_humble2/install/sensor_gps/lib/python3.10/site-packages:${PYTHONPATH} /usr/bin/python3 -W ignore:setup.py install is deprecated -W ignore:easy_install command is deprecated setup.py egg_info --egg-base ../../build/sensor_gps build --build-base /home/foka/ros2_humble2/build/sensor_gps/build install --record /home/foka/ros2_humble2/build/sensor_gps/install.log --single-version-externally-managed install_data
