[9.045s] Invoking command in '/home/foka/ros2_humble2/src/sensor_imu_mag': PYTHONPATH=/home/foka/ros2_humble2/build/sensor_imu_mag/prefix_override:/usr/lib/python3/dist-packages/colcon_core/task/python/colcon_distutils_commands:/home/foka/ros2_humble2/install/sensor_imu_mag/lib/python3.10/site-packages:${PYTHONPATH} /usr/bin/python3 -W ignore:setup.py install is deprecated -W ignore:easy_install command is deprecated setup.py egg_info --egg-base ../../build/sensor_imu_mag build --build-base /home/foka/ros2_humble2/build/sensor_imu_mag/build install --record /home/foka/ros2_humble2/build/sensor_imu_mag/install.log --single-version-externally-managed install_data
[12.593s] running egg_info
[12.602s] writing ../../build/sensor_imu_mag/sensor_imu_mag.egg-info/PKG-INFO
[12.604s] writing dependency_links to ../../build/sensor_imu_mag/sensor_imu_mag.egg-info/dependency_links.txt
[12.606s] writing entry points to ../../build/sensor_imu_mag/sensor_imu_mag.egg-info/entry_points.txt
[12.608s] writing requirements to ../../build/sensor_imu_mag/sensor_imu_mag.egg-info/requires.txt
[12.610s] writing top-level names to ../../build/sensor_imu_mag/sensor_imu_mag.egg-info/top_level.txt
[12.628s] reading manifest file '../../build/sensor_imu_mag/sensor_imu_mag.egg-info/SOURCES.txt'
[12.639s] writing manifest file '../../build/sensor_imu_mag/sensor_imu_mag.egg-info/SOURCES.txt'
[12.640s] running build
[12.641s] running build_py
[12.643s] copying sensor_imu_mag/sensor_imu_mag.py -> /home/foka/ros2_humble2/build/sensor_imu_mag/build/lib/sensor_imu_mag
[12.647s] running install
[12.650s] running install_lib
[12.667s] copying /home/foka/ros2_humble2/build/sensor_imu_mag/build/lib/sensor_imu_mag/sensor_imu_mag.py -> /home/foka/ros2_humble2/install/sensor_imu_mag/lib/python3.10/site-packages/sensor_imu_mag
[12.672s] byte-compiling /home/foka/ros2_humble2/install/sensor_imu_mag/lib/python3.10/site-packages/sensor_imu_mag/sensor_imu_mag.py to sensor_imu_mag.cpython-310.pyc
[12.678s] running install_data
[12.680s] running install_egg_info
[12.700s] removing '/home/foka/ros2_humble2/install/sensor_imu_mag/lib/python3.10/site-packages/sensor_imu_mag-0.0.0-py3.10.egg-info' (and everything under it)
[12.705s] Copying ../../build/sensor_imu_mag/sensor_imu_mag.egg-info to /home/foka/ros2_humble2/install/sensor_imu_mag/lib/python3.10/site-packages/sensor_imu_mag-0.0.0-py3.10.egg-info
[12.720s] running install_scripts
[12.956s] Installing sensor_imu_mag script to /home/foka/ros2_humble2/install/sensor_imu_mag/lib/sensor_imu_mag
[12.960s] writing list of installed files to '/home/foka/ros2_humble2/build/sensor_imu_mag/install.log'
[13.170s] Invoked command in '/home/foka/ros2_humble2/src/sensor_imu_mag' returned '0': PYTHONPATH=/home/foka/ros2_humble2/build/sensor_imu_mag/prefix_override:/usr/lib/python3/dist-packages/colcon_core/task/python/colcon_distutils_commands:/home/foka/ros2_humble2/install/sensor_imu_mag/lib/python3.10/site-packages:${PYTHONPATH} /usr/bin/python3 -W ignore:setup.py install is deprecated -W ignore:easy_install command is deprecated setup.py egg_info --egg-base ../../build/sensor_imu_mag build --build-base /home/foka/ros2_humble2/build/sensor_imu_mag/build install --record /home/foka/ros2_humble2/build/sensor_imu_mag/install.log --single-version-externally-managed install_data
