[3.518s] Invoking command in '/home/foka/ros2_humble2/src/sensor_ph': PYTHONPATH=/home/foka/ros2_humble2/build/sensor_ph/prefix_override:/usr/lib/python3/dist-packages/colcon_core/task/python/colcon_distutils_commands:/home/foka/ros2_humble2/install/sensor_ph/lib/python3.10/site-packages:${PYTHONPATH} /usr/bin/python3 -W ignore:setup.py install is deprecated -W ignore:easy_install command is deprecated setup.py egg_info --egg-base ../../build/sensor_ph build --build-base /home/foka/ros2_humble2/build/sensor_ph/build install --record /home/foka/ros2_humble2/build/sensor_ph/install.log --single-version-externally-managed install_data
[4.681s] running egg_info
[4.684s] writing ../../build/sensor_ph/sensor_ph.egg-info/PKG-INFO
[4.685s] writing dependency_links to ../../build/sensor_ph/sensor_ph.egg-info/dependency_links.txt
[4.686s] writing entry points to ../../build/sensor_ph/sensor_ph.egg-info/entry_points.txt
[4.687s] writing requirements to ../../build/sensor_ph/sensor_ph.egg-info/requires.txt
[4.687s] writing top-level names to ../../build/sensor_ph/sensor_ph.egg-info/top_level.txt
[4.696s] reading manifest file '../../build/sensor_ph/sensor_ph.egg-info/SOURCES.txt'
[4.700s] writing manifest file '../../build/sensor_ph/sensor_ph.egg-info/SOURCES.txt'
[4.702s] running build
[4.702s] running build_py
[4.703s] copying sensor_ph/sensor_ph.py -> /home/foka/ros2_humble2/build/sensor_ph/build/lib/sensor_ph
[4.703s] copying sensor_ph/sensor_ph_driver.py -> /home/foka/ros2_humble2/build/sensor_ph/build/lib/sensor_ph
[4.707s] running install
[4.707s] running install_lib
[4.709s] copying /home/foka/ros2_humble2/build/sensor_ph/build/lib/sensor_ph/sensor_ph.py -> /home/foka/ros2_humble2/install/sensor_ph/lib/python3.10/site-packages/sensor_ph
[4.710s] copying /home/foka/ros2_humble2/build/sensor_ph/build/lib/sensor_ph/sensor_ph_driver.py -> /home/foka/ros2_humble2/install/sensor_ph/lib/python3.10/site-packages/sensor_ph
[4.713s] byte-compiling /home/foka/ros2_humble2/install/sensor_ph/lib/python3.10/site-packages/sensor_ph/sensor_ph.py to sensor_ph.cpython-310.pyc
[4.715s] byte-compiling /home/foka/ros2_humble2/install/sensor_ph/lib/python3.10/site-packages/sensor_ph/sensor_ph_driver.py to sensor_ph_driver.cpython-310.pyc
[4.717s] running install_data
[4.717s] running install_egg_info
[4.724s] removing '/home/foka/ros2_humble2/install/sensor_ph/lib/python3.10/site-packages/sensor_ph-0.0.0-py3.10.egg-info' (and everything under it)
[4.726s] Copying ../../build/sensor_ph/sensor_ph.egg-info to /home/foka/ros2_humble2/install/sensor_ph/lib/python3.10/site-packages/sensor_ph-0.0.0-py3.10.egg-info
[4.733s] running install_scripts
[4.816s] Installing sensor_ph script to /home/foka/ros2_humble2/install/sensor_ph/lib/sensor_ph
[4.818s] writing list of installed files to '/home/foka/ros2_humble2/build/sensor_ph/install.log'
[4.933s] Invoked command in '/home/foka/ros2_humble2/src/sensor_ph' returned '0': PYTHONPATH=/home/foka/ros2_humble2/build/sensor_ph/prefix_override:/usr/lib/python3/dist-packages/colcon_core/task/python/colcon_distutils_commands:/home/foka/ros2_humble2/install/sensor_ph/lib/python3.10/site-packages:${PYTHONPATH} /usr/bin/python3 -W ignore:setup.py install is deprecated -W ignore:easy_install command is deprecated setup.py egg_info --egg-base ../../build/sensor_ph build --build-base /home/foka/ros2_humble2/build/sensor_ph/build install --record /home/foka/ros2_humble2/build/sensor_ph/install.log --single-version-externally-managed install_data
