[0.049s] Invoking command in '/home/foka/ros2_humble2/build/msg_interfaces': CMAKE_PREFIX_PATH=${CMAKE_PREFIX_PATH}:/home/foka/ros2_humble2/install/telemetry:/home/foka/ros2_humble2/install/sensor_voltage:/home/foka/ros2_humble2/install/sensor_turbidity:/home/foka/ros2_humble2/install/sensor_tds:/home/foka/ros2_humble2/install/sensor_ph:/home/foka/ros2_humble2/install/system_launcher:/home/foka/ros2_humble2/install/sensor_thermometer:/home/foka/ros2_humble2/install/saver:/home/foka/ros2_humble2/install/aggregator:/opt/ros/humble /usr/bin/cmake /home/foka/ros2_humble2/src/msg_interfaces -DCMAKE_INSTALL_PREFIX=/home/foka/ros2_humble2/install/msg_interfaces
[0.106s] -- Found ament_cmake: 1.3.11 (/opt/ros/humble/share/ament_cmake/cmake)
[0.791s] -- Override CMake install command with custom implementation using symlinks instead of copying resources
[0.823s] -- Found std_msgs: 4.8.0 (/opt/ros/humble/share/std_msgs/cmake)
[0.951s] -- Found rosidl_generator_c: 3.1.6 (/opt/ros/humble/share/rosidl_generator_c/cmake)
[0.962s] -- Found rosidl_adapter: 3.1.6 (/opt/ros/humble/share/rosidl_adapter/cmake)
[0.985s] -- Found rosidl_generator_cpp: 3.1.6 (/opt/ros/humble/share/rosidl_generator_cpp/cmake)
[1.032s] -- Using all available rosidl_typesupport_c: rosidl_typesupport_fastrtps_c;rosidl_typesupport_introspection_c
[1.083s] -- Using all available rosidl_typesupport_cpp: rosidl_typesupport_fastrtps_cpp;rosidl_typesupport_introspection_cpp
[1.173s] -- Found rosidl_default_generators: 1.2.0 (/opt/ros/humble/share/rosidl_default_generators/cmake)
[2.560s] -- Found ament_cmake_ros: 0.10.0 (/opt/ros/humble/share/ament_cmake_ros/cmake)
[4.316s] -- Using all available rosidl_typesupport_c: rosidl_typesupport_fastrtps_c;rosidl_typesupport_introspection_c
[5.008s] -- Using all available rosidl_typesupport_cpp: rosidl_typesupport_fastrtps_cpp;rosidl_typesupport_introspection_cpp
[5.141s] -- Found python_cmake_module: 0.10.0 (/opt/ros/humble/share/python_cmake_module/cmake)
[5.277s] -- Using PYTHON_EXECUTABLE: /usr/bin/python3
[5.277s] -- Using PYTHON_INCLUDE_DIRS: /usr/include/python3.10
[5.278s] -- Using PYTHON_LIBRARIES: /usr/lib/aarch64-linux-gnu/libpython3.10.so
[6.245s] [31mCMake Error at /opt/ros/humble/share/rosidl_adapter/cmake/rosidl_adapt_interfaces.cmake:59 (message):
[6.245s]   execute_process(/usr/bin/python3 -m rosidl_adapter --package-name
[6.246s]   msg_interfaces --arguments-file
[6.246s]   /home/foka/ros2_humble2/build/msg_interfaces/rosidl_adapter__arguments__msg_interfaces.json
[6.246s]   --output-dir
[6.247s]   /home/foka/ros2_humble2/build/msg_interfaces/rosidl_adapter/msg_interfaces
[6.247s]   --output-file
[6.247s]   /home/foka/ros2_humble2/build/msg_interfaces/rosidl_adapter/msg_interfaces.idls)
[6.248s]   returned error code 1:
[6.248s] 
[6.249s]   Traceback (most recent call last):
[6.249s] 
[6.250s]     File "/usr/lib/python3.10/runpy.py", line 196, in _run_module_as_main
[6.251s]       return _run_code(code, main_globals, None,
[6.251s]     File "/usr/lib/python3.10/runpy.py", line 86, in _run_code
[6.252s]       exec(code, run_globals)
[6.252s]     File "/opt/ros/humble/local/lib/python3.10/dist-packages/rosidl_adapter/__main__.py", line 19, in <module>
[6.253s]       sys.exit(main())
[6.253s]     File "/opt/ros/humble/local/lib/python3.10/dist-packages/rosidl_adapter/main.py", line 53, in main
[6.254s]       abs_idl_file = convert_to_idl(
[6.254s]     File "/opt/ros/humble/local/lib/python3.10/dist-packages/rosidl_adapter/__init__.py", line 19, in convert_to_idl
[6.255s]       return convert_msg_to_idl(
[6.255s]     File "/opt/ros/humble/local/lib/python3.10/dist-packages/rosidl_adapter/msg/__init__.py", line 28, in convert_msg_to_idl
[6.256s]       msg = parse_message_string(package_name, input_file.stem, content)
[6.257s]     File "/opt/ros/humble/local/lib/python3.10/dist-packages/rosidl_adapter/parser.py", line 544, in parse_message_string
[6.258s]       msg = MessageSpecification(pkg_name, msg_name, fields, constants)
[6.259s]     File "/opt/ros/humble/local/lib/python3.10/dist-packages/rosidl_adapter/parser.py", line 388, in __init__
[6.261s]       self.base_type = BaseType(
[6.262s]     File "/opt/ros/humble/local/lib/python3.10/dist-packages/rosidl_adapter/parser.py", line 205, in __init__
[6.263s]       raise InvalidResourceName(
[6.264s] 
[6.265s]   rosidl_adapter.parser.InvalidResourceName: 'gpsData' is an invalid message
[6.265s]   name.  It should have the pattern '^[A-Z][A-Za-z0-9]*$'
[6.266s] 
[6.267s] Call Stack (most recent call first):
[6.269s]   /opt/ros/humble/share/rosidl_cmake/cmake/rosidl_generate_interfaces.cmake:130 (rosidl_adapt_interfaces)
[6.269s]   CMakeLists.txt:21 (rosidl_generate_interfaces)
[6.269s] 
[6.270s] [0m
[6.271s] -- Configuring incomplete, errors occurred!
[6.272s] See also "/home/foka/ros2_humble2/build/msg_interfaces/CMakeFiles/CMakeOutput.log".
[6.279s] Invoked command in '/home/foka/ros2_humble2/build/msg_interfaces' returned '1': CMAKE_PREFIX_PATH=${CMAKE_PREFIX_PATH}:/home/foka/ros2_humble2/install/telemetry:/home/foka/ros2_humble2/install/sensor_voltage:/home/foka/ros2_humble2/install/sensor_turbidity:/home/foka/ros2_humble2/install/sensor_tds:/home/foka/ros2_humble2/install/sensor_ph:/home/foka/ros2_humble2/install/system_launcher:/home/foka/ros2_humble2/install/sensor_thermometer:/home/foka/ros2_humble2/install/saver:/home/foka/ros2_humble2/install/aggregator:/opt/ros/humble /usr/bin/cmake /home/foka/ros2_humble2/src/msg_interfaces -DCMAKE_INSTALL_PREFIX=/home/foka/ros2_humble2/install/msg_interfaces
