[8.632s] Invoking command in '/home/foka/ros2_humble2/src/sensor_current': PYTHONPATH=/home/foka/ros2_humble2/build/sensor_current/prefix_override:/usr/lib/python3/dist-packages/colcon_core/task/python/colcon_distutils_commands:/home/foka/ros2_humble2/install/sensor_current/lib/python3.10/site-packages:${PYTHONPATH} /usr/bin/python3 -W ignore:setup.py install is deprecated -W ignore:easy_install command is deprecated setup.py egg_info --egg-base ../../build/sensor_current build --build-base /home/foka/ros2_humble2/build/sensor_current/build install --record /home/foka/ros2_humble2/build/sensor_current/install.log --single-version-externally-managed install_data
[11.323s] running egg_info
[11.331s] writing ../../build/sensor_current/sensor_current.egg-info/PKG-INFO
[11.333s] writing dependency_links to ../../build/sensor_current/sensor_current.egg-info/dependency_links.txt
[11.335s] writing entry points to ../../build/sensor_current/sensor_current.egg-info/entry_points.txt
[11.337s] writing requirements to ../../build/sensor_current/sensor_current.egg-info/requires.txt
[11.339s] writing top-level names to ../../build/sensor_current/sensor_current.egg-info/top_level.txt
[11.359s] reading manifest file '../../build/sensor_current/sensor_current.egg-info/SOURCES.txt'
[11.370s] writing manifest file '../../build/sensor_current/sensor_current.egg-info/SOURCES.txt'
[11.372s] running build
[11.374s] running build_py
[11.376s] copying sensor_current/sensor_current_driver.py -> /home/foka/ros2_humble2/build/sensor_current/build/lib/sensor_current
[11.379s] running install
[11.382s] running install_lib
[11.393s] copying /home/foka/ros2_humble2/build/sensor_current/build/lib/sensor_current/sensor_current_driver.py -> /home/foka/ros2_humble2/install/sensor_current/lib/python3.10/site-packages/sensor_current
[11.404s] byte-compiling /home/foka/ros2_humble2/install/sensor_current/lib/python3.10/site-packages/sensor_current/sensor_current_driver.py to sensor_current_driver.cpython-310.pyc
[11.410s] running install_data
[11.412s] running install_egg_info
[11.434s] removing '/home/foka/ros2_humble2/install/sensor_current/lib/python3.10/site-packages/sensor_current-0.0.0-py3.10.egg-info' (and everything under it)
[11.439s] Copying ../../build/sensor_current/sensor_current.egg-info to /home/foka/ros2_humble2/install/sensor_current/lib/python3.10/site-packages/sensor_current-0.0.0-py3.10.egg-info
[11.453s] running install_scripts
[11.695s] Installing sensor_current script to /home/foka/ros2_humble2/install/sensor_current/lib/sensor_current
[11.699s] writing list of installed files to '/home/foka/ros2_humble2/build/sensor_current/install.log'
[11.914s] Invoked command in '/home/foka/ros2_humble2/src/sensor_current' returned '0': PYTHONPATH=/home/foka/ros2_humble2/build/sensor_current/prefix_override:/usr/lib/python3/dist-packages/colcon_core/task/python/colcon_distutils_commands:/home/foka/ros2_humble2/install/sensor_current/lib/python3.10/site-packages:${PYTHONPATH} /usr/bin/python3 -W ignore:setup.py install is deprecated -W ignore:easy_install command is deprecated setup.py egg_info --egg-base ../../build/sensor_current build --build-base /home/foka/ros2_humble2/build/sensor_current/build install --record /home/foka/ros2_humble2/build/sensor_current/install.log --single-version-externally-managed install_data
