[3.022s] Invoking command in '/home/foka/ros2_humble2/src/sensor_thermometer': PYTHONPATH=/home/foka/ros2_humble2/build/sensor_thermometer/prefix_override:/usr/lib/python3/dist-packages/colcon_core/task/python/colcon_distutils_commands:/home/foka/ros2_humble2/install/sensor_thermometer/lib/python3.10/site-packages:${PYTHONPATH} /usr/bin/python3 -W ignore:setup.py install is deprecated -W ignore:easy_install command is deprecated setup.py egg_info --egg-base ../../build/sensor_thermometer build --build-base /home/foka/ros2_humble2/build/sensor_thermometer/build install --record /home/foka/ros2_humble2/build/sensor_thermometer/install.log --single-version-externally-managed install_data
[4.102s] running egg_info
[4.105s] writing ../../build/sensor_thermometer/sensor_thermometer.egg-info/PKG-INFO
[4.106s] writing dependency_links to ../../build/sensor_thermometer/sensor_thermometer.egg-info/dependency_links.txt
[4.107s] writing entry points to ../../build/sensor_thermometer/sensor_thermometer.egg-info/entry_points.txt
[4.108s] writing requirements to ../../build/sensor_thermometer/sensor_thermometer.egg-info/requires.txt
[4.109s] writing top-level names to ../../build/sensor_thermometer/sensor_thermometer.egg-info/top_level.txt
[4.116s] reading manifest file '../../build/sensor_thermometer/sensor_thermometer.egg-info/SOURCES.txt'
[4.120s] writing manifest file '../../build/sensor_thermometer/sensor_thermometer.egg-info/SOURCES.txt'
[4.121s] running build
[4.121s] running build_py
[4.122s] copying sensor_thermometer/sensor_thermometer.py -> /home/foka/ros2_humble2/build/sensor_thermometer/build/lib/sensor_thermometer
[4.123s] running install
[4.124s] running install_lib
[4.128s] copying /home/foka/ros2_humble2/build/sensor_thermometer/build/lib/sensor_thermometer/sensor_thermometer.py -> /home/foka/ros2_humble2/install/sensor_thermometer/lib/python3.10/site-packages/sensor_thermometer
[4.130s] byte-compiling /home/foka/ros2_humble2/install/sensor_thermometer/lib/python3.10/site-packages/sensor_thermometer/sensor_thermometer.py to sensor_thermometer.cpython-310.pyc
[4.133s] running install_data
[4.134s] running install_egg_info
[4.141s] removing '/home/foka/ros2_humble2/install/sensor_thermometer/lib/python3.10/site-packages/sensor_thermometer-0.0.0-py3.10.egg-info' (and everything under it)
[4.142s] Copying ../../build/sensor_thermometer/sensor_thermometer.egg-info to /home/foka/ros2_humble2/install/sensor_thermometer/lib/python3.10/site-packages/sensor_thermometer-0.0.0-py3.10.egg-info
[4.148s] running install_scripts
[4.228s] Installing sensor_thermometer script to /home/foka/ros2_humble2/install/sensor_thermometer/lib/sensor_thermometer
[4.229s] writing list of installed files to '/home/foka/ros2_humble2/build/sensor_thermometer/install.log'
[4.346s] Invoked command in '/home/foka/ros2_humble2/src/sensor_thermometer' returned '0': PYTHONPATH=/home/foka/ros2_humble2/build/sensor_thermometer/prefix_override:/usr/lib/python3/dist-packages/colcon_core/task/python/colcon_distutils_commands:/home/foka/ros2_humble2/install/sensor_thermometer/lib/python3.10/site-packages:${PYTHONPATH} /usr/bin/python3 -W ignore:setup.py install is deprecated -W ignore:easy_install command is deprecated setup.py egg_info --egg-base ../../build/sensor_thermometer build --build-base /home/foka/ros2_humble2/build/sensor_thermometer/build install --record /home/foka/ros2_humble2/build/sensor_thermometer/install.log --single-version-externally-managed install_data
