[0.563s] DEBUG:colcon:Command line arguments: ['/usr/bin/colcon', 'build', '--packages-select', 'aggregator']
[0.564s] DEBUG:colcon:Parsed command line arguments: Namespace(log_base=None, log_level=None, verb_name='build', build_base='build', install_base='install', merge_install=False, symlink_install=False, test_result_base=None, continue_on_error=False, executor='parallel', parallel_workers=4, event_handlers=None, ignore_user_meta=False, metas=['./colcon.meta'], base_paths=['.'], packages_ignore=None, packages_ignore_regex=None, paths=None, packages_up_to=None, packages_up_to_regex=None, packages_above=None, packages_above_and_dependencies=None, packages_above_depth=None, packages_select_by_dep=None, packages_skip_by_dep=None, packages_skip_up_to=None, packages_select_build_failed=False, packages_skip_build_finished=False, packages_select_test_failures=False, packages_skip_test_passed=False, packages_select=['aggregator'], packages_skip=None, packages_select_regex=None, packages_skip_regex=None, packages_start=None, packages_end=None, allow_overriding=[], cmake_args=None, cmake_target=None, cmake_target_skip_unavailable=False, cmake_clean_cache=False, cmake_clean_first=False, cmake_force_configure=False, ament_cmake_args=None, catkin_cmake_args=None, catkin_skip_building_tests=False, verb_parser=<colcon_defaults.argument_parser.defaults.DefaultArgumentsDecorator object at 0xffffaa9dc7c0>, verb_extension=<colcon_core.verb.build.BuildVerb object at 0xffffaab59c30>, main=<bound method BuildVerb.main of <colcon_core.verb.build.BuildVerb object at 0xffffaab59c30>>)
[1.603s] Level 1:colcon.colcon_core.package_discovery:discover_packages(colcon_meta) check parameters
[1.604s] Level 1:colcon.colcon_core.package_discovery:discover_packages(recursive) check parameters
[1.604s] Level 1:colcon.colcon_core.package_discovery:discover_packages(ignore) check parameters
[1.605s] Level 1:colcon.colcon_core.package_discovery:discover_packages(path) check parameters
[1.606s] Level 1:colcon.colcon_core.package_discovery:discover_packages(colcon_meta) discover
[1.606s] Level 1:colcon.colcon_core.package_discovery:discover_packages(recursive) discover
[1.607s] INFO:colcon.colcon_core.package_discovery:Crawling recursively for packages in '/home/foka/ros2_humble2'
[1.608s] Level 1:colcon.colcon_core.package_identification:_identify(.) by extensions ['ignore', 'ignore_ament_install']
[1.609s] Level 1:colcon.colcon_core.package_identification:_identify(.) by extension 'ignore'
[1.609s] Level 1:colcon.colcon_core.package_identification:_identify(.) by extension 'ignore_ament_install'
[1.610s] Level 1:colcon.colcon_core.package_identification:_identify(.) by extensions ['colcon_pkg']
[1.611s] Level 1:colcon.colcon_core.package_identification:_identify(.) by extension 'colcon_pkg'
[1.611s] Level 1:colcon.colcon_core.package_identification:_identify(.) by extensions ['colcon_meta']
[1.611s] Level 1:colcon.colcon_core.package_identification:_identify(.) by extension 'colcon_meta'
[1.611s] Level 1:colcon.colcon_core.package_identification:_identify(.) by extensions ['ros']
[1.612s] Level 1:colcon.colcon_core.package_identification:_identify(.) by extension 'ros'
[1.667s] Level 1:colcon.colcon_core.package_identification:_identify(.) by extensions ['cmake', 'python']
[1.668s] Level 1:colcon.colcon_core.package_identification:_identify(.) by extension 'cmake'
[1.668s] Level 1:colcon.colcon_core.package_identification:_identify(.) by extension 'python'
[1.668s] Level 1:colcon.colcon_core.package_identification:_identify(.) by extensions ['python_setup_py']
[1.669s] Level 1:colcon.colcon_core.package_identification:_identify(.) by extension 'python_setup_py'
[1.669s] Level 1:colcon.colcon_core.package_identification:_identify(build) by extensions ['ignore', 'ignore_ament_install']
[1.670s] Level 1:colcon.colcon_core.package_identification:_identify(build) by extension 'ignore'
[1.670s] Level 1:colcon.colcon_core.package_identification:_identify(build) ignored
[1.671s] Level 1:colcon.colcon_core.package_identification:_identify(data) by extensions ['ignore', 'ignore_ament_install']
[1.672s] Level 1:colcon.colcon_core.package_identification:_identify(data) by extension 'ignore'
[1.672s] Level 1:colcon.colcon_core.package_identification:_identify(data) by extension 'ignore_ament_install'
[1.672s] Level 1:colcon.colcon_core.package_identification:_identify(data) by extensions ['colcon_pkg']
[1.673s] Level 1:colcon.colcon_core.package_identification:_identify(data) by extension 'colcon_pkg'
[1.673s] Level 1:colcon.colcon_core.package_identification:_identify(data) by extensions ['colcon_meta']
[1.673s] Level 1:colcon.colcon_core.package_identification:_identify(data) by extension 'colcon_meta'
[1.674s] Level 1:colcon.colcon_core.package_identification:_identify(data) by extensions ['ros']
[1.674s] Level 1:colcon.colcon_core.package_identification:_identify(data) by extension 'ros'
[1.674s] Level 1:colcon.colcon_core.package_identification:_identify(data) by extensions ['cmake', 'python']
[1.675s] Level 1:colcon.colcon_core.package_identification:_identify(data) by extension 'cmake'
[1.675s] Level 1:colcon.colcon_core.package_identification:_identify(data) by extension 'python'
[1.675s] Level 1:colcon.colcon_core.package_identification:_identify(data) by extensions ['python_setup_py']
[1.675s] Level 1:colcon.colcon_core.package_identification:_identify(data) by extension 'python_setup_py'
[1.676s] Level 1:colcon.colcon_core.package_identification:_identify(install) by extensions ['ignore', 'ignore_ament_install']
[1.677s] Level 1:colcon.colcon_core.package_identification:_identify(install) by extension 'ignore'
[1.678s] Level 1:colcon.colcon_core.package_identification:_identify(install) ignored
[1.680s] Level 1:colcon.colcon_core.package_identification:_identify(log) by extensions ['ignore', 'ignore_ament_install']
[1.682s] Level 1:colcon.colcon_core.package_identification:_identify(log) by extension 'ignore'
[1.683s] Level 1:colcon.colcon_core.package_identification:_identify(log) ignored
[1.684s] Level 1:colcon.colcon_core.package_identification:_identify(src) by extensions ['ignore', 'ignore_ament_install']
[1.685s] Level 1:colcon.colcon_core.package_identification:_identify(src) by extension 'ignore'
[1.686s] Level 1:colcon.colcon_core.package_identification:_identify(src) by extension 'ignore_ament_install'
[1.687s] Level 1:colcon.colcon_core.package_identification:_identify(src) by extensions ['colcon_pkg']
[1.687s] Level 1:colcon.colcon_core.package_identification:_identify(src) by extension 'colcon_pkg'
[1.688s] Level 1:colcon.colcon_core.package_identification:_identify(src) by extensions ['colcon_meta']
[1.688s] Level 1:colcon.colcon_core.package_identification:_identify(src) by extension 'colcon_meta'
[1.689s] Level 1:colcon.colcon_core.package_identification:_identify(src) by extensions ['ros']
[1.689s] Level 1:colcon.colcon_core.package_identification:_identify(src) by extension 'ros'
[1.690s] Level 1:colcon.colcon_core.package_identification:_identify(src) by extensions ['cmake', 'python']
[1.690s] Level 1:colcon.colcon_core.package_identification:_identify(src) by extension 'cmake'
[1.691s] Level 1:colcon.colcon_core.package_identification:_identify(src) by extension 'python'
[1.691s] Level 1:colcon.colcon_core.package_identification:_identify(src) by extensions ['python_setup_py']
[1.691s] Level 1:colcon.colcon_core.package_identification:_identify(src) by extension 'python_setup_py'
[1.692s] Level 1:colcon.colcon_core.package_identification:_identify(src/aggregator) by extensions ['ignore', 'ignore_ament_install']
[1.693s] Level 1:colcon.colcon_core.package_identification:_identify(src/aggregator) by extension 'ignore'
[1.693s] Level 1:colcon.colcon_core.package_identification:_identify(src/aggregator) by extension 'ignore_ament_install'
[1.694s] Level 1:colcon.colcon_core.package_identification:_identify(src/aggregator) by extensions ['colcon_pkg']
[1.694s] Level 1:colcon.colcon_core.package_identification:_identify(src/aggregator) by extension 'colcon_pkg'
[1.695s] Level 1:colcon.colcon_core.package_identification:_identify(src/aggregator) by extensions ['colcon_meta']
[1.695s] Level 1:colcon.colcon_core.package_identification:_identify(src/aggregator) by extension 'colcon_meta'
[1.696s] Level 1:colcon.colcon_core.package_identification:_identify(src/aggregator) by extensions ['ros']
[1.696s] Level 1:colcon.colcon_core.package_identification:_identify(src/aggregator) by extension 'ros'
[1.707s] DEBUG:colcon.colcon_core.package_identification:Package 'src/aggregator' with type 'ros.ament_python' and name 'aggregator'
[1.708s] Level 1:colcon.colcon_core.package_identification:_identify(src/msg_interfaces) by extensions ['ignore', 'ignore_ament_install']
[1.708s] Level 1:colcon.colcon_core.package_identification:_identify(src/msg_interfaces) by extension 'ignore'
[1.709s] Level 1:colcon.colcon_core.package_identification:_identify(src/msg_interfaces) by extension 'ignore_ament_install'
[1.709s] Level 1:colcon.colcon_core.package_identification:_identify(src/msg_interfaces) by extensions ['colcon_pkg']
[1.709s] Level 1:colcon.colcon_core.package_identification:_identify(src/msg_interfaces) by extension 'colcon_pkg'
[1.709s] Level 1:colcon.colcon_core.package_identification:_identify(src/msg_interfaces) by extensions ['colcon_meta']
[1.710s] Level 1:colcon.colcon_core.package_identification:_identify(src/msg_interfaces) by extension 'colcon_meta'
[1.710s] Level 1:colcon.colcon_core.package_identification:_identify(src/msg_interfaces) by extensions ['ros']
[1.710s] Level 1:colcon.colcon_core.package_identification:_identify(src/msg_interfaces) by extension 'ros'
[1.713s] DEBUG:colcon.colcon_core.package_identification:Package 'src/msg_interfaces' with type 'ros.ament_cmake' and name 'msg_interfaces'
[1.714s] Level 1:colcon.colcon_core.package_identification:_identify(src/saver) by extensions ['ignore', 'ignore_ament_install']
[1.715s] Level 1:colcon.colcon_core.package_identification:_identify(src/saver) by extension 'ignore'
[1.716s] Level 1:colcon.colcon_core.package_identification:_identify(src/saver) by extension 'ignore_ament_install'
[1.716s] Level 1:colcon.colcon_core.package_identification:_identify(src/saver) by extensions ['colcon_pkg']
[1.717s] Level 1:colcon.colcon_core.package_identification:_identify(src/saver) by extension 'colcon_pkg'
[1.717s] Level 1:colcon.colcon_core.package_identification:_identify(src/saver) by extensions ['colcon_meta']
[1.718s] Level 1:colcon.colcon_core.package_identification:_identify(src/saver) by extension 'colcon_meta'
[1.718s] Level 1:colcon.colcon_core.package_identification:_identify(src/saver) by extensions ['ros']
[1.718s] Level 1:colcon.colcon_core.package_identification:_identify(src/saver) by extension 'ros'
[1.723s] DEBUG:colcon.colcon_core.package_identification:Package 'src/saver' with type 'ros.ament_python' and name 'saver'
[1.723s] Level 1:colcon.colcon_core.package_identification:_identify(src/sensor_ph) by extensions ['ignore', 'ignore_ament_install']
[1.724s] Level 1:colcon.colcon_core.package_identification:_identify(src/sensor_ph) by extension 'ignore'
[1.724s] Level 1:colcon.colcon_core.package_identification:_identify(src/sensor_ph) by extension 'ignore_ament_install'
[1.725s] Level 1:colcon.colcon_core.package_identification:_identify(src/sensor_ph) by extensions ['colcon_pkg']
[1.726s] Level 1:colcon.colcon_core.package_identification:_identify(src/sensor_ph) by extension 'colcon_pkg'
[1.727s] Level 1:colcon.colcon_core.package_identification:_identify(src/sensor_ph) by extensions ['colcon_meta']
[1.727s] Level 1:colcon.colcon_core.package_identification:_identify(src/sensor_ph) by extension 'colcon_meta'
[1.728s] Level 1:colcon.colcon_core.package_identification:_identify(src/sensor_ph) by extensions ['ros']
[1.728s] Level 1:colcon.colcon_core.package_identification:_identify(src/sensor_ph) by extension 'ros'
[1.731s] DEBUG:colcon.colcon_core.package_identification:Package 'src/sensor_ph' with type 'ros.ament_python' and name 'sensor_ph'
[1.731s] Level 1:colcon.colcon_core.package_identification:_identify(src/sensor_thermometer) by extensions ['ignore', 'ignore_ament_install']
[1.732s] Level 1:colcon.colcon_core.package_identification:_identify(src/sensor_thermometer) by extension 'ignore'
[1.733s] Level 1:colcon.colcon_core.package_identification:_identify(src/sensor_thermometer) by extension 'ignore_ament_install'
[1.733s] Level 1:colcon.colcon_core.package_identification:_identify(src/sensor_thermometer) by extensions ['colcon_pkg']
[1.734s] Level 1:colcon.colcon_core.package_identification:_identify(src/sensor_thermometer) by extension 'colcon_pkg'
[1.734s] Level 1:colcon.colcon_core.package_identification:_identify(src/sensor_thermometer) by extensions ['colcon_meta']
[1.734s] Level 1:colcon.colcon_core.package_identification:_identify(src/sensor_thermometer) by extension 'colcon_meta'
[1.735s] Level 1:colcon.colcon_core.package_identification:_identify(src/sensor_thermometer) by extensions ['ros']
[1.735s] Level 1:colcon.colcon_core.package_identification:_identify(src/sensor_thermometer) by extension 'ros'
[1.737s] DEBUG:colcon.colcon_core.package_identification:Package 'src/sensor_thermometer' with type 'ros.ament_python' and name 'sensor_thermometer'
[1.738s] Level 1:colcon.colcon_core.package_identification:_identify(src/system_launcher) by extensions ['ignore', 'ignore_ament_install']
[1.739s] Level 1:colcon.colcon_core.package_identification:_identify(src/system_launcher) by extension 'ignore'
[1.739s] Level 1:colcon.colcon_core.package_identification:_identify(src/system_launcher) by extension 'ignore_ament_install'
[1.740s] Level 1:colcon.colcon_core.package_identification:_identify(src/system_launcher) by extensions ['colcon_pkg']
[1.740s] Level 1:colcon.colcon_core.package_identification:_identify(src/system_launcher) by extension 'colcon_pkg'
[1.740s] Level 1:colcon.colcon_core.package_identification:_identify(src/system_launcher) by extensions ['colcon_meta']
[1.741s] Level 1:colcon.colcon_core.package_identification:_identify(src/system_launcher) by extension 'colcon_meta'
[1.741s] Level 1:colcon.colcon_core.package_identification:_identify(src/system_launcher) by extensions ['ros']
[1.741s] Level 1:colcon.colcon_core.package_identification:_identify(src/system_launcher) by extension 'ros'
[1.744s] DEBUG:colcon.colcon_core.package_identification:Package 'src/system_launcher' with type 'ros.ament_python' and name 'system_launcher'
[1.744s] Level 1:colcon.colcon_core.package_identification:_identify(src/telemetry) by extensions ['ignore', 'ignore_ament_install']
[1.745s] Level 1:colcon.colcon_core.package_identification:_identify(src/telemetry) by extension 'ignore'
[1.745s] Level 1:colcon.colcon_core.package_identification:_identify(src/telemetry) by extension 'ignore_ament_install'
[1.746s] Level 1:colcon.colcon_core.package_identification:_identify(src/telemetry) by extensions ['colcon_pkg']
[1.746s] Level 1:colcon.colcon_core.package_identification:_identify(src/telemetry) by extension 'colcon_pkg'
[1.747s] Level 1:colcon.colcon_core.package_identification:_identify(src/telemetry) by extensions ['colcon_meta']
[1.747s] Level 1:colcon.colcon_core.package_identification:_identify(src/telemetry) by extension 'colcon_meta'
[1.747s] Level 1:colcon.colcon_core.package_identification:_identify(src/telemetry) by extensions ['ros']
[1.747s] Level 1:colcon.colcon_core.package_identification:_identify(src/telemetry) by extension 'ros'
[1.751s] DEBUG:colcon.colcon_core.package_identification:Package 'src/telemetry' with type 'ros.ament_python' and name 'telemetry'
[1.751s] Level 1:colcon.colcon_core.package_discovery:discover_packages(recursive) using defaults
[1.752s] Level 1:colcon.colcon_core.package_discovery:discover_packages(ignore) discover
[1.752s] Level 1:colcon.colcon_core.package_discovery:discover_packages(ignore) using defaults
[1.752s] Level 1:colcon.colcon_core.package_discovery:discover_packages(path) discover
[1.752s] Level 1:colcon.colcon_core.package_discovery:discover_packages(path) using defaults
[1.872s] INFO:colcon.colcon_core.package_selection:Skipping not selected package 'msg_interfaces' in 'src/msg_interfaces'
[1.873s] INFO:colcon.colcon_core.package_selection:Skipping not selected package 'saver' in 'src/saver'
[1.873s] INFO:colcon.colcon_core.package_selection:Skipping not selected package 'sensor_ph' in 'src/sensor_ph'
[1.873s] INFO:colcon.colcon_core.package_selection:Skipping not selected package 'sensor_thermometer' in 'src/sensor_thermometer'
[1.874s] INFO:colcon.colcon_core.package_selection:Skipping not selected package 'system_launcher' in 'src/system_launcher'
[1.874s] INFO:colcon.colcon_core.package_selection:Skipping not selected package 'telemetry' in 'src/telemetry'
[1.876s] Level 1:colcon.colcon_core.package_discovery:discover_packages(prefix_path) check parameters
[1.876s] Level 1:colcon.colcon_core.package_discovery:discover_packages(prefix_path) discover
[1.891s] DEBUG:colcon.colcon_installed_package_information.package_discovery:Found 8 installed packages in /home/foka/ros2_humble2/install
[1.898s] DEBUG:colcon.colcon_installed_package_information.package_discovery:Found 181 installed packages in /opt/ros/humble
[1.907s] Level 1:colcon.colcon_core.package_discovery:discover_packages(prefix_path) using defaults
[2.109s] Level 5:colcon.colcon_core.verb:set package 'aggregator' build argument 'cmake_args' from command line to 'None'
[2.109s] Level 5:colcon.colcon_core.verb:set package 'aggregator' build argument 'cmake_target' from command line to 'None'
[2.109s] Level 5:colcon.colcon_core.verb:set package 'aggregator' build argument 'cmake_target_skip_unavailable' from command line to 'False'
[2.110s] Level 5:colcon.colcon_core.verb:set package 'aggregator' build argument 'cmake_clean_cache' from command line to 'False'
[2.110s] Level 5:colcon.colcon_core.verb:set package 'aggregator' build argument 'cmake_clean_first' from command line to 'False'
[2.110s] Level 5:colcon.colcon_core.verb:set package 'aggregator' build argument 'cmake_force_configure' from command line to 'False'
[2.110s] Level 5:colcon.colcon_core.verb:set package 'aggregator' build argument 'ament_cmake_args' from command line to 'None'
[2.110s] Level 5:colcon.colcon_core.verb:set package 'aggregator' build argument 'catkin_cmake_args' from command line to 'None'
[2.111s] Level 5:colcon.colcon_core.verb:set package 'aggregator' build argument 'catkin_skip_building_tests' from command line to 'False'
[2.111s] DEBUG:colcon.colcon_core.verb:Building package 'aggregator' with the following arguments: {'ament_cmake_args': None, 'build_base': '/home/foka/ros2_humble2/build/aggregator', 'catkin_cmake_args': None, 'catkin_skip_building_tests': False, 'cmake_args': None, 'cmake_clean_cache': False, 'cmake_clean_first': False, 'cmake_force_configure': False, 'cmake_target': None, 'cmake_target_skip_unavailable': False, 'install_base': '/home/foka/ros2_humble2/install/aggregator', 'merge_install': False, 'path': '/home/foka/ros2_humble2/src/aggregator', 'symlink_install': False, 'test_result_base': None}
[2.112s] INFO:colcon.colcon_core.executor:Executing jobs using 'parallel' executor
[2.116s] DEBUG:colcon.colcon_parallel_executor.executor.parallel:run_until_complete
[2.117s] INFO:colcon.colcon_ros.task.ament_python.build:Building ROS package in '/home/foka/ros2_humble2/src/aggregator' with build type 'ament_python'
[2.118s] Level 1:colcon.colcon_core.shell:create_environment_hook('aggregator', 'ament_prefix_path')
[2.130s] INFO:colcon.colcon_core.plugin_system:Skipping extension 'colcon_core.shell.bat': Not used on non-Windows systems
[2.131s] INFO:colcon.colcon_core.shell:Creating environment hook '/home/foka/ros2_humble2/install/aggregator/share/aggregator/hook/ament_prefix_path.ps1'
[2.135s] INFO:colcon.colcon_core.shell:Creating environment descriptor '/home/foka/ros2_humble2/install/aggregator/share/aggregator/hook/ament_prefix_path.dsv'
[2.137s] INFO:colcon.colcon_core.shell:Creating environment hook '/home/foka/ros2_humble2/install/aggregator/share/aggregator/hook/ament_prefix_path.sh'
[2.141s] INFO:colcon.colcon_core.shell:Skip shell extension 'powershell' for command environment: Not usable outside of PowerShell
[2.142s] DEBUG:colcon.colcon_core.shell:Skip shell extension 'dsv' for command environment
[3.703s] INFO:colcon.colcon_core.task.python.build:Building Python package in '/home/foka/ros2_humble2/src/aggregator'
[3.706s] INFO:colcon.colcon_core.shell:Skip shell extension 'powershell' for command environment: Not usable outside of PowerShell
[3.707s] DEBUG:colcon.colcon_core.shell:Skip shell extension 'dsv' for command environment
[5.943s] DEBUG:colcon.colcon_core.event_handler.log_command:Invoking command in '/home/foka/ros2_humble2/src/aggregator': PYTHONPATH=/home/foka/ros2_humble2/build/aggregator/prefix_override:/usr/lib/python3/dist-packages/colcon_core/task/python/colcon_distutils_commands:/home/foka/ros2_humble2/install/aggregator/lib/python3.10/site-packages:${PYTHONPATH} /usr/bin/python3 -W ignore:setup.py install is deprecated -W ignore:easy_install command is deprecated setup.py egg_info --egg-base ../../build/aggregator build --build-base /home/foka/ros2_humble2/build/aggregator/build install --record /home/foka/ros2_humble2/build/aggregator/install.log --single-version-externally-managed install_data
[7.684s] DEBUG:colcon.colcon_core.event_handler.log_command:Invoked command in '/home/foka/ros2_humble2/src/aggregator' returned '0': PYTHONPATH=/home/foka/ros2_humble2/build/aggregator/prefix_override:/usr/lib/python3/dist-packages/colcon_core/task/python/colcon_distutils_commands:/home/foka/ros2_humble2/install/aggregator/lib/python3.10/site-packages:${PYTHONPATH} /usr/bin/python3 -W ignore:setup.py install is deprecated -W ignore:easy_install command is deprecated setup.py egg_info --egg-base ../../build/aggregator build --build-base /home/foka/ros2_humble2/build/aggregator/build install --record /home/foka/ros2_humble2/build/aggregator/install.log --single-version-externally-managed install_data
[7.708s] Level 1:colcon.colcon_core.environment:checking '/home/foka/ros2_humble2/install/aggregator' for CMake module files
[7.713s] Level 1:colcon.colcon_core.environment:checking '/home/foka/ros2_humble2/install/aggregator' for CMake config files
[7.724s] Level 1:colcon.colcon_core.environment:checking '/home/foka/ros2_humble2/install/aggregator/lib'
[7.727s] Level 1:colcon.colcon_core.environment:checking '/home/foka/ros2_humble2/install/aggregator/bin'
[7.728s] Level 1:colcon.colcon_core.environment:checking '/home/foka/ros2_humble2/install/aggregator/lib/pkgconfig/aggregator.pc'
[7.731s] Level 1:colcon.colcon_core.environment:checking '/home/foka/ros2_humble2/install/aggregator/lib/python3.10/site-packages'
[7.732s] Level 1:colcon.colcon_core.shell:create_environment_hook('aggregator', 'pythonpath')
[7.734s] INFO:colcon.colcon_core.shell:Creating environment hook '/home/foka/ros2_humble2/install/aggregator/share/aggregator/hook/pythonpath.ps1'
[7.738s] INFO:colcon.colcon_core.shell:Creating environment descriptor '/home/foka/ros2_humble2/install/aggregator/share/aggregator/hook/pythonpath.dsv'
[7.742s] INFO:colcon.colcon_core.shell:Creating environment hook '/home/foka/ros2_humble2/install/aggregator/share/aggregator/hook/pythonpath.sh'
[7.748s] Level 1:colcon.colcon_core.environment:checking '/home/foka/ros2_humble2/install/aggregator/bin'
[7.750s] Level 1:colcon.colcon_core.environment:create_environment_scripts_only(aggregator)
[7.754s] INFO:colcon.colcon_core.shell:Creating package script '/home/foka/ros2_humble2/install/aggregator/share/aggregator/package.ps1'
[7.781s] INFO:colcon.colcon_core.shell:Creating package descriptor '/home/foka/ros2_humble2/install/aggregator/share/aggregator/package.dsv'
[7.785s] INFO:colcon.colcon_core.shell:Creating package script '/home/foka/ros2_humble2/install/aggregator/share/aggregator/package.sh'
[7.803s] INFO:colcon.colcon_core.shell:Creating package script '/home/foka/ros2_humble2/install/aggregator/share/aggregator/package.bash'
[7.810s] INFO:colcon.colcon_core.shell:Creating package script '/home/foka/ros2_humble2/install/aggregator/share/aggregator/package.zsh'
[7.820s] Level 1:colcon.colcon_core.environment:create_file_with_runtime_dependencies(/home/foka/ros2_humble2/install/aggregator/share/colcon-core/packages/aggregator)
[7.824s] DEBUG:colcon.colcon_parallel_executor.executor.parallel:closing loop
[7.827s] DEBUG:colcon.colcon_parallel_executor.executor.parallel:loop closed
[7.828s] DEBUG:colcon.colcon_parallel_executor.executor.parallel:run_until_complete finished with '0'
[7.829s] DEBUG:colcon.colcon_core.event_reactor:joining thread
[7.895s] INFO:colcon.colcon_core.plugin_system:Skipping extension 'colcon_notification.desktop_notification.notify_send': Could not find 'notify-send'
[7.910s] INFO:colcon.colcon_core.plugin_system:Skipping extension 'colcon_notification.desktop_notification.terminal_notifier': Not used on non-Darwin systems
[7.910s] INFO:colcon.colcon_core.plugin_system:Skipping extension 'colcon_notification.desktop_notification.win32': Not used on non-Windows systems
[7.911s] INFO:colcon.colcon_notification.desktop_notification:Sending desktop notification using 'notify2'
[7.935s] DEBUG:colcon.colcon_notification.desktop_notification.notify2:Failed to initialize notify2: org.freedesktop.DBus.Error.ServiceUnknown: The name org.freedesktop.Notifications was not provided by any .service files
[7.936s] DEBUG:colcon.colcon_core.event_reactor:joined thread
[7.938s] INFO:colcon.colcon_core.shell:Creating prefix script '/home/foka/ros2_humble2/install/local_setup.ps1'
[7.951s] INFO:colcon.colcon_core.shell:Creating prefix util module '/home/foka/ros2_humble2/install/_local_setup_util_ps1.py'
[7.978s] INFO:colcon.colcon_core.shell:Creating prefix chain script '/home/foka/ros2_humble2/install/setup.ps1'
[7.991s] INFO:colcon.colcon_core.shell:Creating prefix script '/home/foka/ros2_humble2/install/local_setup.sh'
[7.997s] INFO:colcon.colcon_core.shell:Creating prefix util module '/home/foka/ros2_humble2/install/_local_setup_util_sh.py'
[8.002s] INFO:colcon.colcon_core.shell:Creating prefix chain script '/home/foka/ros2_humble2/install/setup.sh'
[8.014s] INFO:colcon.colcon_core.shell:Creating prefix script '/home/foka/ros2_humble2/install/local_setup.bash'
[8.018s] INFO:colcon.colcon_core.shell:Creating prefix chain script '/home/foka/ros2_humble2/install/setup.bash'
[8.030s] INFO:colcon.colcon_core.shell:Creating prefix script '/home/foka/ros2_humble2/install/local_setup.zsh'
[8.034s] INFO:colcon.colcon_core.shell:Creating prefix chain script '/home/foka/ros2_humble2/install/setup.zsh'
