[0.063s] Invoking command in '/home/foka/ros2_humble2/build/msg_interfaces': CMAKE_PREFIX_PATH=${CMAKE_PREFIX_PATH}:/home/foka/ros2_humble2/install/telemetry:/home/foka/ros2_humble2/install/sensor_voltage:/home/foka/ros2_humble2/install/sensor_turbidity:/home/foka/ros2_humble2/install/sensor_tds:/home/foka/ros2_humble2/install/sensor_ph:/home/foka/ros2_humble2/install/system_launcher:/home/foka/ros2_humble2/install/sensor_thermometer:/home/foka/ros2_humble2/install/saver:/home/foka/ros2_humble2/install/aggregator:/opt/ros/humble /usr/bin/cmake /home/foka/ros2_humble2/src/msg_interfaces -DCMAKE_INSTALL_PREFIX=/home/foka/ros2_humble2/install/msg_interfaces
[0.169s] -- Found ament_cmake: 1.3.11 (/opt/ros/humble/share/ament_cmake/cmake)
[0.903s] -- Override CMake install command with custom implementation using symlinks instead of copying resources
[0.980s] -- Found std_msgs: 4.8.0 (/opt/ros/humble/share/std_msgs/cmake)
[1.166s] -- Found rosidl_generator_c: 3.1.6 (/opt/ros/humble/share/rosidl_generator_c/cmake)
[1.183s] -- Found rosidl_adapter: 3.1.6 (/opt/ros/humble/share/rosidl_adapter/cmake)
[1.223s] -- Found rosidl_generator_cpp: 3.1.6 (/opt/ros/humble/share/rosidl_generator_cpp/cmake)
[1.281s] -- Using all available rosidl_typesupport_c: rosidl_typesupport_fastrtps_c;rosidl_typesupport_introspection_c
[1.355s] -- Using all available rosidl_typesupport_cpp: rosidl_typesupport_fastrtps_cpp;rosidl_typesupport_introspection_cpp
[1.531s] -- Found rosidl_default_generators: 1.2.0 (/opt/ros/humble/share/rosidl_default_generators/cmake)
[3.067s] -- Found ament_cmake_ros: 0.10.0 (/opt/ros/humble/share/ament_cmake_ros/cmake)
[4.829s] -- Using all available rosidl_typesupport_c: rosidl_typesupport_fastrtps_c;rosidl_typesupport_introspection_c
[5.522s] -- Using all available rosidl_typesupport_cpp: rosidl_typesupport_fastrtps_cpp;rosidl_typesupport_introspection_cpp
[5.664s] -- Found python_cmake_module: 0.10.0 (/opt/ros/humble/share/python_cmake_module/cmake)
[5.807s] -- Using PYTHON_EXECUTABLE: /usr/bin/python3
[5.808s] -- Using PYTHON_INCLUDE_DIRS: /usr/include/python3.10
[5.809s] -- Using PYTHON_LIBRARIES: /usr/lib/aarch64-linux-gnu/libpython3.10.so
[6.853s] [31mCMake Error at /opt/ros/humble/share/rosidl_adapter/cmake/rosidl_adapt_interfaces.cmake:59 (message):
[6.854s]   execute_process(/usr/bin/python3 -m rosidl_adapter --package-name
[6.854s]   msg_interfaces --arguments-file
[6.855s]   /home/foka/ros2_humble2/build/msg_interfaces/rosidl_adapter__arguments__msg_interfaces.json
[6.855s]   --output-dir
[6.855s]   /home/foka/ros2_humble2/build/msg_interfaces/rosidl_adapter/msg_interfaces
[6.856s]   --output-file
[6.856s]   /home/foka/ros2_humble2/build/msg_interfaces/rosidl_adapter/msg_interfaces.idls)
[6.856s]   returned error code 1:
[6.857s] 
[6.857s]   Error processing 'int satelites' of 'msg_interfaces/gpsData': ''int' is an
[6.857s]   invalid message name.  It should have the pattern '^[A-Z][A-Za-z0-9]*$''
[6.858s] 
[6.858s]   Traceback (most recent call last):
[6.859s] 
[6.859s]     File "/usr/lib/python3.10/runpy.py", line 196, in _run_module_as_main
[6.860s]       return _run_code(code, main_globals, None,
[6.861s]     File "/usr/lib/python3.10/runpy.py", line 86, in _run_code
[6.861s]       exec(code, run_globals)
[6.862s]     File "/opt/ros/humble/local/lib/python3.10/dist-packages/rosidl_adapter/__main__.py", line 19, in <module>
[6.862s]       sys.exit(main())
[6.863s]     File "/opt/ros/humble/local/lib/python3.10/dist-packages/rosidl_adapter/main.py", line 53, in main
[6.864s]       abs_idl_file = convert_to_idl(
[6.865s]     File "/opt/ros/humble/local/lib/python3.10/dist-packages/rosidl_adapter/__init__.py", line 19, in convert_to_idl
[6.865s]       return convert_msg_to_idl(
[6.866s]     File "/opt/ros/humble/local/lib/python3.10/dist-packages/rosidl_adapter/msg/__init__.py", line 28, in convert_msg_to_idl
[6.866s]       msg = parse_message_string(package_name, input_file.stem, content)
[6.868s]     File "/opt/ros/humble/local/lib/python3.10/dist-packages/rosidl_adapter/parser.py", line 520, in parse_message_string
[6.869s]       Type(type_string, context_package_name=pkg_name),
[6.871s]     File "/opt/ros/humble/local/lib/python3.10/dist-packages/rosidl_adapter/parser.py", line 277, in __init__
[6.872s]       super(Type, self).__init__(
[6.874s]     File "/opt/ros/humble/local/lib/python3.10/dist-packages/rosidl_adapter/parser.py", line 205, in __init__
[6.875s]       raise InvalidResourceName(
[6.875s] 
[6.876s]   rosidl_adapter.parser.InvalidResourceName: 'int' is an invalid message
[6.878s]   name.  It should have the pattern '^[A-Z][A-Za-z0-9]*$'
[6.879s] 
[6.881s] Call Stack (most recent call first):
[6.881s]   /opt/ros/humble/share/rosidl_cmake/cmake/rosidl_generate_interfaces.cmake:130 (rosidl_adapt_interfaces)
[6.882s]   CMakeLists.txt:21 (rosidl_generate_interfaces)
[6.883s] 
[6.883s] [0m
[6.883s] -- Configuring incomplete, errors occurred!
[6.884s] See also "/home/foka/ros2_humble2/build/msg_interfaces/CMakeFiles/CMakeOutput.log".
[6.887s] Invoked command in '/home/foka/ros2_humble2/build/msg_interfaces' returned '1': CMAKE_PREFIX_PATH=${CMAKE_PREFIX_PATH}:/home/foka/ros2_humble2/install/telemetry:/home/foka/ros2_humble2/install/sensor_voltage:/home/foka/ros2_humble2/install/sensor_turbidity:/home/foka/ros2_humble2/install/sensor_tds:/home/foka/ros2_humble2/install/sensor_ph:/home/foka/ros2_humble2/install/system_launcher:/home/foka/ros2_humble2/install/sensor_thermometer:/home/foka/ros2_humble2/install/saver:/home/foka/ros2_humble2/install/aggregator:/opt/ros/humble /usr/bin/cmake /home/foka/ros2_humble2/src/msg_interfaces -DCMAKE_INSTALL_PREFIX=/home/foka/ros2_humble2/install/msg_interfaces
