/home/foka/ros2_humble2/install/autopilot/lib/python3.10/site-packages/autopilot/__init__.py
/home/foka/ros2_humble2/install/autopilot/lib/python3.10/site-packages/autopilot/compass.py
/home/foka/ros2_humble2/install/autopilot/lib/python3.10/site-packages/autopilot/checkpoints.py
/home/foka/ros2_humble2/install/autopilot/lib/python3.10/site-packages/autopilot/azimuth.py
/home/foka/ros2_humble2/install/autopilot/lib/python3.10/site-packages/autopilot/__pycache__/__init__.cpython-310.pyc
/home/foka/ros2_humble2/install/autopilot/lib/python3.10/site-packages/autopilot/__pycache__/compass.cpython-310.pyc
/home/foka/ros2_humble2/install/autopilot/lib/python3.10/site-packages/autopilot/__pycache__/checkpoints.cpython-310.pyc
/home/foka/ros2_humble2/install/autopilot/lib/python3.10/site-packages/autopilot/__pycache__/azimuth.cpython-310.pyc
/home/foka/ros2_humble2/install/autopilot/share/ament_index/resource_index/packages/autopilot
/home/foka/ros2_humble2/install/autopilot/share/autopilot/package.xml
/home/foka/ros2_humble2/install/autopilot/lib/python3.10/site-packages/autopilot-0.0.0-py3.10.egg-info/PKG-INFO
/home/foka/ros2_humble2/install/autopilot/lib/python3.10/site-packages/autopilot-0.0.0-py3.10.egg-info/top_level.txt
/home/foka/ros2_humble2/install/autopilot/lib/python3.10/site-packages/autopilot-0.0.0-py3.10.egg-info/SOURCES.txt
/home/foka/ros2_humble2/install/autopilot/lib/python3.10/site-packages/autopilot-0.0.0-py3.10.egg-info/entry_points.txt
/home/foka/ros2_humble2/install/autopilot/lib/python3.10/site-packages/autopilot-0.0.0-py3.10.egg-info/requires.txt
/home/foka/ros2_humble2/install/autopilot/lib/python3.10/site-packages/autopilot-0.0.0-py3.10.egg-info/dependency_links.txt
/home/foka/ros2_humble2/install/autopilot/lib/python3.10/site-packages/autopilot-0.0.0-py3.10.egg-info/zip-safe
/home/foka/ros2_humble2/install/autopilot/lib/autopilot/azimuth
/home/foka/ros2_humble2/install/autopilot/lib/autopilot/checkpoints
/home/foka/ros2_humble2/install/autopilot/lib/autopilot/compass
