[0.068s] Invoking command in '/home/foka/ros2_humble2/build/msg_interfaces': CMAKE_PREFIX_PATH=${CMAKE_PREFIX_PATH}:/home/foka/ros2_humble2/install/py_talker:/opt/ros/humble /usr/bin/cmake --build /home/foka/ros2_humble2/build/msg_interfaces -- -j4 -l4
[0.257s] [35m[1mConsolidate compiler generated dependencies of target msg_interfaces__rosidl_generator_c[0m
[0.317s] [ 12%] Built target msg_interfaces__rosidl_generator_c
[0.319s] [ 12%] Built target msg_interfaces__cpp
[0.353s] [ 12%] Built target ament_cmake_python_copy_msg_interfaces
[0.374s] [35m[1mConsolidate compiler generated dependencies of target msg_interfaces__rosidl_typesupport_fastrtps_cpp[0m
[0.402s] [35m[1mConsolidate compiler generated dependencies of target msg_interfaces__rosidl_typesupport_introspection_c[0m
[0.407s] [35m[1mConsolidate compiler generated dependencies of target msg_interfaces__rosidl_typesupport_c[0m
[0.460s] [35m[1mConsolidate compiler generated dependencies of target msg_interfaces__rosidl_typesupport_introspection_cpp[0m
[0.499s] [ 22%] Built target msg_interfaces__rosidl_typesupport_fastrtps_cpp
[0.530s] [ 32%] Built target msg_interfaces__rosidl_typesupport_introspection_c
[0.543s] [ 41%] Built target msg_interfaces__rosidl_typesupport_c
[0.587s] [ 51%] Built target msg_interfaces__rosidl_typesupport_introspection_cpp
[0.615s] [35m[1mConsolidate compiler generated dependencies of target msg_interfaces__rosidl_typesupport_cpp[0m
[0.623s] [35m[1mConsolidate compiler generated dependencies of target msg_interfaces__rosidl_typesupport_fastrtps_c[0m
[0.699s] [ 61%] Built target msg_interfaces__rosidl_typesupport_cpp
[0.748s] [ 70%] Built target msg_interfaces__rosidl_typesupport_fastrtps_c
[0.868s] [ 70%] Built target msg_interfaces
[1.140s] [ 74%] Built target msg_interfaces__py
[1.194s] [35m[1mConsolidate compiler generated dependencies of target msg_interfaces__rosidl_generator_py[0m
[1.264s] [ 80%] Built target msg_interfaces__rosidl_generator_py
[1.366s] [35m[1mConsolidate compiler generated dependencies of target msg_interfaces__rosidl_typesupport_fastrtps_c__pyext[0m
[1.414s] [35m[1mConsolidate compiler generated dependencies of target msg_interfaces__rosidl_typesupport_introspection_c__pyext[0m
[1.451s] [35m[1mConsolidate compiler generated dependencies of target msg_interfaces__rosidl_typesupport_c__pyext[0m
[1.562s] [ 87%] Built target msg_interfaces__rosidl_typesupport_fastrtps_c__pyext
[1.604s] [ 93%] Built target msg_interfaces__rosidl_typesupport_introspection_c__pyext
[1.648s] [100%] Built target msg_interfaces__rosidl_typesupport_c__pyext
[2.643s] running egg_info
[2.648s] writing msg_interfaces.egg-info/PKG-INFO
[2.650s] writing dependency_links to msg_interfaces.egg-info/dependency_links.txt
[2.652s] writing top-level names to msg_interfaces.egg-info/top_level.txt
[2.669s] reading manifest file 'msg_interfaces.egg-info/SOURCES.txt'
[2.672s] writing manifest file 'msg_interfaces.egg-info/SOURCES.txt'
[2.878s] [100%] Built target ament_cmake_python_build_msg_interfaces_egg
[2.964s] Invoked command in '/home/foka/ros2_humble2/build/msg_interfaces' returned '0': CMAKE_PREFIX_PATH=${CMAKE_PREFIX_PATH}:/home/foka/ros2_humble2/install/py_talker:/opt/ros/humble /usr/bin/cmake --build /home/foka/ros2_humble2/build/msg_interfaces -- -j4 -l4
[3.031s] Invoking command in '/home/foka/ros2_humble2/build/msg_interfaces': CMAKE_PREFIX_PATH=${CMAKE_PREFIX_PATH}:/home/foka/ros2_humble2/install/py_talker:/opt/ros/humble /usr/bin/cmake --install /home/foka/ros2_humble2/build/msg_interfaces
[3.076s] -- Install configuration: ""
[3.077s] -- Up-to-date: /home/foka/ros2_humble2/install/msg_interfaces/share/ament_index/resource_index/rosidl_interfaces/msg_interfaces
[3.078s] -- Up-to-date: /home/foka/ros2_humble2/install/msg_interfaces/include/msg_interfaces/msg_interfaces
[3.081s] -- Up-to-date: /home/foka/ros2_humble2/install/msg_interfaces/include/msg_interfaces/msg_interfaces/msg
[3.084s] -- Up-to-date: /home/foka/ros2_humble2/install/msg_interfaces/include/msg_interfaces/msg_interfaces/msg/sensor_data.h
[3.088s] -- Up-to-date: /home/foka/ros2_humble2/install/msg_interfaces/include/msg_interfaces/msg_interfaces/msg/rosidl_generator_c__visibility_control.h
[3.090s] -- Up-to-date: /home/foka/ros2_humble2/install/msg_interfaces/include/msg_interfaces/msg_interfaces/msg/detail
[3.091s] -- Up-to-date: /home/foka/ros2_humble2/install/msg_interfaces/include/msg_interfaces/msg_interfaces/msg/detail/sensor_data__functions.h
[3.095s] -- Up-to-date: /home/foka/ros2_humble2/install/msg_interfaces/include/msg_interfaces/msg_interfaces/msg/detail/sensor_data__functions.c
[3.098s] -- Up-to-date: /home/foka/ros2_humble2/install/msg_interfaces/include/msg_interfaces/msg_interfaces/msg/detail/sensor_data__struct.h
[3.101s] -- Up-to-date: /home/foka/ros2_humble2/install/msg_interfaces/include/msg_interfaces/msg_interfaces/msg/detail/sensor_data__type_support.h
[3.101s] -- Up-to-date: /home/foka/ros2_humble2/install/msg_interfaces/share/msg_interfaces/environment/library_path.sh
[3.138s] -- Up-to-date: /home/foka/ros2_humble2/install/msg_interfaces/share/msg_interfaces/environment/library_path.dsv
[3.154s] -- Up-to-date: /home/foka/ros2_humble2/install/msg_interfaces/lib/libmsg_interfaces__rosidl_generator_c.so
[3.155s] -- Up-to-date: /home/foka/ros2_humble2/install/msg_interfaces/include/msg_interfaces/msg_interfaces
[3.155s] -- Up-to-date: /home/foka/ros2_humble2/install/msg_interfaces/include/msg_interfaces/msg_interfaces/msg
[3.156s] -- Up-to-date: /home/foka/ros2_humble2/install/msg_interfaces/include/msg_interfaces/msg_interfaces/msg/rosidl_typesupport_fastrtps_c__visibility_control.h
[3.157s] -- Up-to-date: /home/foka/ros2_humble2/install/msg_interfaces/include/msg_interfaces/msg_interfaces/msg/detail
[3.163s] -- Up-to-date: /home/foka/ros2_humble2/install/msg_interfaces/include/msg_interfaces/msg_interfaces/msg/detail/sensor_data__rosidl_typesupport_fastrtps_c.h
[3.163s] -- Up-to-date: /home/foka/ros2_humble2/install/msg_interfaces/lib/libmsg_interfaces__rosidl_typesupport_fastrtps_c.so
[3.164s] -- Up-to-date: /home/foka/ros2_humble2/install/msg_interfaces/include/msg_interfaces/msg_interfaces
[3.164s] -- Up-to-date: /home/foka/ros2_humble2/install/msg_interfaces/include/msg_interfaces/msg_interfaces/msg
[3.165s] -- Up-to-date: /home/foka/ros2_humble2/install/msg_interfaces/include/msg_interfaces/msg_interfaces/msg/sensor_data.hpp
[3.166s] -- Up-to-date: /home/foka/ros2_humble2/install/msg_interfaces/include/msg_interfaces/msg_interfaces/msg/detail
[3.167s] -- Up-to-date: /home/foka/ros2_humble2/install/msg_interfaces/include/msg_interfaces/msg_interfaces/msg/detail/sensor_data__builder.hpp
[3.167s] -- Up-to-date: /home/foka/ros2_humble2/install/msg_interfaces/include/msg_interfaces/msg_interfaces/msg/detail/sensor_data__struct.hpp
[3.168s] -- Up-to-date: /home/foka/ros2_humble2/install/msg_interfaces/include/msg_interfaces/msg_interfaces/msg/detail/sensor_data__type_support.hpp
[3.168s] -- Up-to-date: /home/foka/ros2_humble2/install/msg_interfaces/include/msg_interfaces/msg_interfaces/msg/detail/sensor_data__traits.hpp
[3.189s] -- Up-to-date: /home/foka/ros2_humble2/install/msg_interfaces/include/msg_interfaces/msg_interfaces/msg/rosidl_generator_cpp__visibility_control.hpp
[3.190s] -- Up-to-date: /home/foka/ros2_humble2/install/msg_interfaces/include/msg_interfaces/msg_interfaces
[3.191s] -- Up-to-date: /home/foka/ros2_humble2/install/msg_interfaces/include/msg_interfaces/msg_interfaces/msg
[3.191s] -- Up-to-date: /home/foka/ros2_humble2/install/msg_interfaces/include/msg_interfaces/msg_interfaces/msg/rosidl_typesupport_fastrtps_cpp__visibility_control.h
[3.192s] -- Up-to-date: /home/foka/ros2_humble2/install/msg_interfaces/include/msg_interfaces/msg_interfaces/msg/detail
[3.193s] -- Up-to-date: /home/foka/ros2_humble2/install/msg_interfaces/include/msg_interfaces/msg_interfaces/msg/detail/dds_fastrtps
[3.198s] -- Up-to-date: /home/foka/ros2_humble2/install/msg_interfaces/include/msg_interfaces/msg_interfaces/msg/detail/sensor_data__rosidl_typesupport_fastrtps_cpp.hpp
[3.199s] -- Up-to-date: /home/foka/ros2_humble2/install/msg_interfaces/lib/libmsg_interfaces__rosidl_typesupport_fastrtps_cpp.so
[3.200s] -- Up-to-date: /home/foka/ros2_humble2/install/msg_interfaces/include/msg_interfaces/msg_interfaces
[3.200s] -- Up-to-date: /home/foka/ros2_humble2/install/msg_interfaces/include/msg_interfaces/msg_interfaces/msg
[3.201s] -- Up-to-date: /home/foka/ros2_humble2/install/msg_interfaces/include/msg_interfaces/msg_interfaces/msg/detail
[3.202s] -- Up-to-date: /home/foka/ros2_humble2/install/msg_interfaces/include/msg_interfaces/msg_interfaces/msg/detail/sensor_data__rosidl_typesupport_introspection_c.h
[3.202s] -- Up-to-date: /home/foka/ros2_humble2/install/msg_interfaces/include/msg_interfaces/msg_interfaces/msg/detail/sensor_data__type_support.c
[3.203s] -- Up-to-date: /home/foka/ros2_humble2/install/msg_interfaces/include/msg_interfaces/msg_interfaces/msg/rosidl_typesupport_introspection_c__visibility_control.h
[3.203s] -- Up-to-date: /home/foka/ros2_humble2/install/msg_interfaces/lib/libmsg_interfaces__rosidl_typesupport_introspection_c.so
[3.203s] -- Up-to-date: /home/foka/ros2_humble2/install/msg_interfaces/lib/libmsg_interfaces__rosidl_typesupport_c.so
[3.204s] -- Up-to-date: /home/foka/ros2_humble2/install/msg_interfaces/include/msg_interfaces/msg_interfaces
[3.204s] -- Up-to-date: /home/foka/ros2_humble2/install/msg_interfaces/include/msg_interfaces/msg_interfaces/msg
[3.220s] -- Up-to-date: /home/foka/ros2_humble2/install/msg_interfaces/include/msg_interfaces/msg_interfaces/msg/detail
[3.221s] -- Up-to-date: /home/foka/ros2_humble2/install/msg_interfaces/include/msg_interfaces/msg_interfaces/msg/detail/sensor_data__rosidl_typesupport_introspection_cpp.hpp
[3.229s] -- Up-to-date: /home/foka/ros2_humble2/install/msg_interfaces/include/msg_interfaces/msg_interfaces/msg/detail/sensor_data__type_support.cpp
[3.230s] -- Up-to-date: /home/foka/ros2_humble2/install/msg_interfaces/lib/libmsg_interfaces__rosidl_typesupport_introspection_cpp.so
[3.230s] -- Up-to-date: /home/foka/ros2_humble2/install/msg_interfaces/lib/libmsg_interfaces__rosidl_typesupport_cpp.so
[3.231s] -- Up-to-date: /home/foka/ros2_humble2/install/msg_interfaces/share/msg_interfaces/environment/pythonpath.sh
[3.231s] -- Up-to-date: /home/foka/ros2_humble2/install/msg_interfaces/share/msg_interfaces/environment/pythonpath.dsv
[3.232s] -- Up-to-date: /home/foka/ros2_humble2/install/msg_interfaces/local/lib/python3.10/dist-packages/msg_interfaces-0.0.0-py3.10.egg-info
[3.232s] -- Installing: /home/foka/ros2_humble2/install/msg_interfaces/local/lib/python3.10/dist-packages/msg_interfaces-0.0.0-py3.10.egg-info/PKG-INFO
[3.233s] -- Installing: /home/foka/ros2_humble2/install/msg_interfaces/local/lib/python3.10/dist-packages/msg_interfaces-0.0.0-py3.10.egg-info/top_level.txt
[3.266s] -- Installing: /home/foka/ros2_humble2/install/msg_interfaces/local/lib/python3.10/dist-packages/msg_interfaces-0.0.0-py3.10.egg-info/SOURCES.txt
[3.267s] -- Installing: /home/foka/ros2_humble2/install/msg_interfaces/local/lib/python3.10/dist-packages/msg_interfaces-0.0.0-py3.10.egg-info/dependency_links.txt
[3.267s] -- Up-to-date: /home/foka/ros2_humble2/install/msg_interfaces/local/lib/python3.10/dist-packages/msg_interfaces
[3.268s] -- Up-to-date: /home/foka/ros2_humble2/install/msg_interfaces/local/lib/python3.10/dist-packages/msg_interfaces/__init__.py
[3.268s] -- Up-to-date: /home/foka/ros2_humble2/install/msg_interfaces/local/lib/python3.10/dist-packages/msg_interfaces/msg_interfaces_s__rosidl_typesupport_introspection_c.cpython-310-aarch64-linux-gnu.so
[3.269s] -- Up-to-date: /home/foka/ros2_humble2/install/msg_interfaces/local/lib/python3.10/dist-packages/msg_interfaces/libmsg_interfaces__rosidl_generator_py.so
[3.269s] -- Up-to-date: /home/foka/ros2_humble2/install/msg_interfaces/local/lib/python3.10/dist-packages/msg_interfaces/_msg_interfaces_s.ep.rosidl_typesupport_c.c
[3.270s] -- Up-to-date: /home/foka/ros2_humble2/install/msg_interfaces/local/lib/python3.10/dist-packages/msg_interfaces/_msg_interfaces_s.ep.rosidl_typesupport_fastrtps_c.c
[3.271s] -- Up-to-date: /home/foka/ros2_humble2/install/msg_interfaces/local/lib/python3.10/dist-packages/msg_interfaces/msg_interfaces_s__rosidl_typesupport_c.cpython-310-aarch64-linux-gnu.so
[3.272s] -- Up-to-date: /home/foka/ros2_humble2/install/msg_interfaces/local/lib/python3.10/dist-packages/msg_interfaces/msg
[3.272s] -- Up-to-date: /home/foka/ros2_humble2/install/msg_interfaces/local/lib/python3.10/dist-packages/msg_interfaces/msg/_sensor_data.py
[3.297s] -- Up-to-date: /home/foka/ros2_humble2/install/msg_interfaces/local/lib/python3.10/dist-packages/msg_interfaces/msg/__init__.py
[3.298s] -- Up-to-date: /home/foka/ros2_humble2/install/msg_interfaces/local/lib/python3.10/dist-packages/msg_interfaces/msg/_sensor_data_s.c
[3.299s] -- Up-to-date: /home/foka/ros2_humble2/install/msg_interfaces/local/lib/python3.10/dist-packages/msg_interfaces/msg_interfaces_s__rosidl_typesupport_fastrtps_c.cpython-310-aarch64-linux-gnu.so
[3.299s] -- Up-to-date: /home/foka/ros2_humble2/install/msg_interfaces/local/lib/python3.10/dist-packages/msg_interfaces/_msg_interfaces_s.ep.rosidl_typesupport_introspection_c.c
[3.446s] Listing '/home/foka/ros2_humble2/install/msg_interfaces/local/lib/python3.10/dist-packages/msg_interfaces'...
[3.447s] Listing '/home/foka/ros2_humble2/install/msg_interfaces/local/lib/python3.10/dist-packages/msg_interfaces/msg'...
[3.490s] -- Up-to-date: /home/foka/ros2_humble2/install/msg_interfaces/local/lib/python3.10/dist-packages/msg_interfaces/msg_interfaces_s__rosidl_typesupport_fastrtps_c.cpython-310-aarch64-linux-gnu.so
[3.492s] -- Up-to-date: /home/foka/ros2_humble2/install/msg_interfaces/local/lib/python3.10/dist-packages/msg_interfaces/msg_interfaces_s__rosidl_typesupport_introspection_c.cpython-310-aarch64-linux-gnu.so
[3.498s] -- Up-to-date: /home/foka/ros2_humble2/install/msg_interfaces/local/lib/python3.10/dist-packages/msg_interfaces/msg_interfaces_s__rosidl_typesupport_c.cpython-310-aarch64-linux-gnu.so
[3.504s] -- Up-to-date: /home/foka/ros2_humble2/install/msg_interfaces/lib/libmsg_interfaces__rosidl_generator_py.so
[3.509s] -- Up-to-date: /home/foka/ros2_humble2/install/msg_interfaces/share/msg_interfaces/msg/SensorData.idl
[3.512s] -- Up-to-date: /home/foka/ros2_humble2/install/msg_interfaces/share/msg_interfaces/msg/SensorData.msg
[3.515s] -- Up-to-date: /home/foka/ros2_humble2/install/msg_interfaces/share/ament_index/resource_index/package_run_dependencies/msg_interfaces
[3.518s] -- Up-to-date: /home/foka/ros2_humble2/install/msg_interfaces/share/ament_index/resource_index/parent_prefix_path/msg_interfaces
[3.528s] -- Up-to-date: /home/foka/ros2_humble2/install/msg_interfaces/share/msg_interfaces/environment/ament_prefix_path.sh
[3.536s] -- Up-to-date: /home/foka/ros2_humble2/install/msg_interfaces/share/msg_interfaces/environment/ament_prefix_path.dsv
[3.539s] -- Up-to-date: /home/foka/ros2_humble2/install/msg_interfaces/share/msg_interfaces/environment/path.sh
[3.542s] -- Up-to-date: /home/foka/ros2_humble2/install/msg_interfaces/share/msg_interfaces/environment/path.dsv
[3.546s] -- Up-to-date: /home/foka/ros2_humble2/install/msg_interfaces/share/msg_interfaces/local_setup.bash
[3.549s] -- Up-to-date: /home/foka/ros2_humble2/install/msg_interfaces/share/msg_interfaces/local_setup.sh
[3.551s] -- Up-to-date: /home/foka/ros2_humble2/install/msg_interfaces/share/msg_interfaces/local_setup.zsh
[3.555s] -- Up-to-date: /home/foka/ros2_humble2/install/msg_interfaces/share/msg_interfaces/local_setup.dsv
[3.559s] -- Installing: /home/foka/ros2_humble2/install/msg_interfaces/share/msg_interfaces/package.dsv
[3.567s] -- Up-to-date: /home/foka/ros2_humble2/install/msg_interfaces/share/ament_index/resource_index/packages/msg_interfaces
[3.571s] -- Up-to-date: /home/foka/ros2_humble2/install/msg_interfaces/share/msg_interfaces/cmake/export_msg_interfaces__rosidl_generator_cExport.cmake
[3.573s] -- Up-to-date: /home/foka/ros2_humble2/install/msg_interfaces/share/msg_interfaces/cmake/export_msg_interfaces__rosidl_generator_cExport-noconfig.cmake
[3.578s] -- Up-to-date: /home/foka/ros2_humble2/install/msg_interfaces/share/msg_interfaces/cmake/export_msg_interfaces__rosidl_typesupport_fastrtps_cExport.cmake
[3.581s] -- Up-to-date: /home/foka/ros2_humble2/install/msg_interfaces/share/msg_interfaces/cmake/export_msg_interfaces__rosidl_typesupport_fastrtps_cExport-noconfig.cmake
[3.585s] -- Up-to-date: /home/foka/ros2_humble2/install/msg_interfaces/share/msg_interfaces/cmake/export_msg_interfaces__rosidl_generator_cppExport.cmake
[3.589s] -- Up-to-date: /home/foka/ros2_humble2/install/msg_interfaces/share/msg_interfaces/cmake/export_msg_interfaces__rosidl_typesupport_fastrtps_cppExport.cmake
[3.592s] -- Up-to-date: /home/foka/ros2_humble2/install/msg_interfaces/share/msg_interfaces/cmake/export_msg_interfaces__rosidl_typesupport_fastrtps_cppExport-noconfig.cmake
[3.595s] -- Up-to-date: /home/foka/ros2_humble2/install/msg_interfaces/share/msg_interfaces/cmake/msg_interfaces__rosidl_typesupport_introspection_cExport.cmake
[3.597s] -- Up-to-date: /home/foka/ros2_humble2/install/msg_interfaces/share/msg_interfaces/cmake/msg_interfaces__rosidl_typesupport_introspection_cExport-noconfig.cmake
[3.598s] -- Up-to-date: /home/foka/ros2_humble2/install/msg_interfaces/share/msg_interfaces/cmake/msg_interfaces__rosidl_typesupport_cExport.cmake
[3.600s] -- Up-to-date: /home/foka/ros2_humble2/install/msg_interfaces/share/msg_interfaces/cmake/msg_interfaces__rosidl_typesupport_cExport-noconfig.cmake
[3.601s] -- Up-to-date: /home/foka/ros2_humble2/install/msg_interfaces/share/msg_interfaces/cmake/msg_interfaces__rosidl_typesupport_introspection_cppExport.cmake
[3.608s] -- Up-to-date: /home/foka/ros2_humble2/install/msg_interfaces/share/msg_interfaces/cmake/msg_interfaces__rosidl_typesupport_introspection_cppExport-noconfig.cmake
[3.614s] -- Up-to-date: /home/foka/ros2_humble2/install/msg_interfaces/share/msg_interfaces/cmake/msg_interfaces__rosidl_typesupport_cppExport.cmake
[3.618s] -- Up-to-date: /home/foka/ros2_humble2/install/msg_interfaces/share/msg_interfaces/cmake/msg_interfaces__rosidl_typesupport_cppExport-noconfig.cmake
[3.623s] -- Up-to-date: /home/foka/ros2_humble2/install/msg_interfaces/share/msg_interfaces/cmake/export_msg_interfaces__rosidl_generator_pyExport.cmake
[3.626s] -- Up-to-date: /home/foka/ros2_humble2/install/msg_interfaces/share/msg_interfaces/cmake/export_msg_interfaces__rosidl_generator_pyExport-noconfig.cmake
[3.631s] -- Up-to-date: /home/foka/ros2_humble2/install/msg_interfaces/share/msg_interfaces/cmake/rosidl_cmake-extras.cmake
[3.634s] -- Up-to-date: /home/foka/ros2_humble2/install/msg_interfaces/share/msg_interfaces/cmake/ament_cmake_export_dependencies-extras.cmake
[3.644s] -- Up-to-date: /home/foka/ros2_humble2/install/msg_interfaces/share/msg_interfaces/cmake/ament_cmake_export_include_directories-extras.cmake
[3.647s] -- Up-to-date: /home/foka/ros2_humble2/install/msg_interfaces/share/msg_interfaces/cmake/ament_cmake_export_libraries-extras.cmake
[3.652s] -- Up-to-date: /home/foka/ros2_humble2/install/msg_interfaces/share/msg_interfaces/cmake/ament_cmake_export_targets-extras.cmake
[3.655s] -- Up-to-date: /home/foka/ros2_humble2/install/msg_interfaces/share/msg_interfaces/cmake/rosidl_cmake_export_typesupport_targets-extras.cmake
[3.660s] -- Up-to-date: /home/foka/ros2_humble2/install/msg_interfaces/share/msg_interfaces/cmake/rosidl_cmake_export_typesupport_libraries-extras.cmake
[3.666s] -- Up-to-date: /home/foka/ros2_humble2/install/msg_interfaces/share/msg_interfaces/cmake/msg_interfacesConfig.cmake
[3.669s] -- Up-to-date: /home/foka/ros2_humble2/install/msg_interfaces/share/msg_interfaces/cmake/msg_interfacesConfig-version.cmake
[3.671s] -- Up-to-date: /home/foka/ros2_humble2/install/msg_interfaces/share/msg_interfaces/package.xml
[3.690s] Invoked command in '/home/foka/ros2_humble2/build/msg_interfaces' returned '0': CMAKE_PREFIX_PATH=${CMAKE_PREFIX_PATH}:/home/foka/ros2_humble2/install/py_talker:/opt/ros/humble /usr/bin/cmake --install /home/foka/ros2_humble2/build/msg_interfaces
