[3.669s] Invoking command in '/home/foka/ros2_humble2/src/sensor_gps': PYTHONPATH=/home/foka/ros2_humble2/build/sensor_gps/prefix_override:/usr/lib/python3/dist-packages/colcon_core/task/python/colcon_distutils_commands:/home/foka/ros2_humble2/install/sensor_gps/lib/python3.10/site-packages:${PYTHONPATH} /usr/bin/python3 -W ignore:setup.py install is deprecated -W ignore:easy_install command is deprecated setup.py egg_info --egg-base ../../build/sensor_gps build --build-base /home/foka/ros2_humble2/build/sensor_gps/build install --record /home/foka/ros2_humble2/build/sensor_gps/install.log --single-version-externally-managed install_data
[4.911s] running egg_info
[4.914s] creating ../../build/sensor_gps/sensor_gps.egg-info
[4.915s] writing ../../build/sensor_gps/sensor_gps.egg-info/PKG-INFO
[4.916s] writing dependency_links to ../../build/sensor_gps/sensor_gps.egg-info/dependency_links.txt
[4.917s] writing entry points to ../../build/sensor_gps/sensor_gps.egg-info/entry_points.txt
[4.917s] writing requirements to ../../build/sensor_gps/sensor_gps.egg-info/requires.txt
[4.918s] writing top-level names to ../../build/sensor_gps/sensor_gps.egg-info/top_level.txt
[4.919s] writing manifest file '../../build/sensor_gps/sensor_gps.egg-info/SOURCES.txt'
[4.926s] reading manifest file '../../build/sensor_gps/sensor_gps.egg-info/SOURCES.txt'
[4.929s] writing manifest file '../../build/sensor_gps/sensor_gps.egg-info/SOURCES.txt'
[4.930s] running build
[4.931s] running build_py
[4.931s] creating /home/foka/ros2_humble2/build/sensor_gps/build
[4.932s] creating /home/foka/ros2_humble2/build/sensor_gps/build/lib
[4.932s] creating /home/foka/ros2_humble2/build/sensor_gps/build/lib/sensor_gps
[4.932s] copying sensor_gps/__init__.py -> /home/foka/ros2_humble2/build/sensor_gps/build/lib/sensor_gps
[4.933s] copying sensor_gps/sensor_gps_driver.py -> /home/foka/ros2_humble2/build/sensor_gps/build/lib/sensor_gps
[4.933s] copying sensor_gps/sensor_gps.py -> /home/foka/ros2_humble2/build/sensor_gps/build/lib/sensor_gps
[4.934s] running install
[4.935s] running install_lib
[4.939s] creating /home/foka/ros2_humble2/install/sensor_gps/lib/python3.10/site-packages/sensor_gps
[4.939s] copying /home/foka/ros2_humble2/build/sensor_gps/build/lib/sensor_gps/__init__.py -> /home/foka/ros2_humble2/install/sensor_gps/lib/python3.10/site-packages/sensor_gps
[4.940s] copying /home/foka/ros2_humble2/build/sensor_gps/build/lib/sensor_gps/sensor_gps_driver.py -> /home/foka/ros2_humble2/install/sensor_gps/lib/python3.10/site-packages/sensor_gps
[4.940s] copying /home/foka/ros2_humble2/build/sensor_gps/build/lib/sensor_gps/sensor_gps.py -> /home/foka/ros2_humble2/install/sensor_gps/lib/python3.10/site-packages/sensor_gps
[4.944s] byte-compiling /home/foka/ros2_humble2/install/sensor_gps/lib/python3.10/site-packages/sensor_gps/__init__.py to __init__.cpython-310.pyc
[4.945s] byte-compiling /home/foka/ros2_humble2/install/sensor_gps/lib/python3.10/site-packages/sensor_gps/sensor_gps_driver.py to sensor_gps_driver.cpython-310.pyc
[4.947s] byte-compiling /home/foka/ros2_humble2/install/sensor_gps/lib/python3.10/site-packages/sensor_gps/sensor_gps.py to sensor_gps.cpython-310.pyc
[4.950s] running install_data
[4.951s] creating /home/foka/ros2_humble2/install/sensor_gps/share/ament_index
[4.951s] creating /home/foka/ros2_humble2/install/sensor_gps/share/ament_index/resource_index
[4.952s] creating /home/foka/ros2_humble2/install/sensor_gps/share/ament_index/resource_index/packages
[4.952s] copying resource/sensor_gps -> /home/foka/ros2_humble2/install/sensor_gps/share/ament_index/resource_index/packages
[4.952s] copying package.xml -> /home/foka/ros2_humble2/install/sensor_gps/share/sensor_gps
[4.953s] running install_egg_info
[4.961s] Copying ../../build/sensor_gps/sensor_gps.egg-info to /home/foka/ros2_humble2/install/sensor_gps/lib/python3.10/site-packages/sensor_gps-0.0.0-py3.10.egg-info
[4.966s] running install_scripts
[5.055s] Installing sensor_gps script to /home/foka/ros2_humble2/install/sensor_gps/lib/sensor_gps
[5.057s] writing list of installed files to '/home/foka/ros2_humble2/build/sensor_gps/install.log'
[5.184s] Invoked command in '/home/foka/ros2_humble2/src/sensor_gps' returned '0': PYTHONPATH=/home/foka/ros2_humble2/build/sensor_gps/prefix_override:/usr/lib/python3/dist-packages/colcon_core/task/python/colcon_distutils_commands:/home/foka/ros2_humble2/install/sensor_gps/lib/python3.10/site-packages:${PYTHONPATH} /usr/bin/python3 -W ignore:setup.py install is deprecated -W ignore:easy_install command is deprecated setup.py egg_info --egg-base ../../build/sensor_gps build --build-base /home/foka/ros2_humble2/build/sensor_gps/build install --record /home/foka/ros2_humble2/build/sensor_gps/install.log --single-version-externally-managed install_data
