[3.185s] Invoking command in '/home/foka/ros2_humble2/src/telemetry': PYTHONPATH=/home/foka/ros2_humble2/build/telemetry/prefix_override:/usr/lib/python3/dist-packages/colcon_core/task/python/colcon_distutils_commands:/home/foka/ros2_humble2/install/telemetry/lib/python3.10/site-packages:${PYTHONPATH} /usr/bin/python3 -W ignore:setup.py install is deprecated -W ignore:easy_install command is deprecated setup.py egg_info --egg-base ../../build/telemetry build --build-base /home/foka/ros2_humble2/build/telemetry/build install --record /home/foka/ros2_humble2/build/telemetry/install.log --single-version-externally-managed install_data
[4.408s] running egg_info
[4.411s] writing ../../build/telemetry/telemetry.egg-info/PKG-INFO
[4.412s] writing dependency_links to ../../build/telemetry/telemetry.egg-info/dependency_links.txt
[4.413s] writing entry points to ../../build/telemetry/telemetry.egg-info/entry_points.txt
[4.414s] writing requirements to ../../build/telemetry/telemetry.egg-info/requires.txt
[4.415s] writing top-level names to ../../build/telemetry/telemetry.egg-info/top_level.txt
[4.423s] reading manifest file '../../build/telemetry/telemetry.egg-info/SOURCES.txt'
[4.426s] writing manifest file '../../build/telemetry/telemetry.egg-info/SOURCES.txt'
[4.427s] running build
[4.428s] running build_py
[4.428s] copying telemetry/loraSX1278_driver.py -> /home/foka/ros2_humble2/build/telemetry/build/lib/telemetry
[4.431s] running install
[4.432s] running install_lib
[4.435s] copying /home/foka/ros2_humble2/build/telemetry/build/lib/telemetry/loraSX1278_driver.py -> /home/foka/ros2_humble2/install/telemetry/lib/python3.10/site-packages/telemetry
[4.441s] byte-compiling /home/foka/ros2_humble2/install/telemetry/lib/python3.10/site-packages/telemetry/loraSX1278_driver.py to loraSX1278_driver.cpython-310.pyc
[4.444s] running install_data
[4.445s] running install_egg_info
[4.453s] removing '/home/foka/ros2_humble2/install/telemetry/lib/python3.10/site-packages/telemetry-0.0.0-py3.10.egg-info' (and everything under it)
[4.454s] Copying ../../build/telemetry/telemetry.egg-info to /home/foka/ros2_humble2/install/telemetry/lib/python3.10/site-packages/telemetry-0.0.0-py3.10.egg-info
[4.461s] running install_scripts
[4.550s] Installing telemetry script to /home/foka/ros2_humble2/install/telemetry/lib/telemetry
[4.552s] writing list of installed files to '/home/foka/ros2_humble2/build/telemetry/install.log'
[4.666s] Invoked command in '/home/foka/ros2_humble2/src/telemetry' returned '0': PYTHONPATH=/home/foka/ros2_humble2/build/telemetry/prefix_override:/usr/lib/python3/dist-packages/colcon_core/task/python/colcon_distutils_commands:/home/foka/ros2_humble2/install/telemetry/lib/python3.10/site-packages:${PYTHONPATH} /usr/bin/python3 -W ignore:setup.py install is deprecated -W ignore:easy_install command is deprecated setup.py egg_info --egg-base ../../build/telemetry build --build-base /home/foka/ros2_humble2/build/telemetry/build install --record /home/foka/ros2_humble2/build/telemetry/install.log --single-version-externally-managed install_data
