[3.774s] Invoking command in '/home/foka/ros2_humble2/src/autopilot': PYTHONPATH=/home/foka/ros2_humble2/build/autopilot/prefix_override:/usr/lib/python3/dist-packages/colcon_core/task/python/colcon_distutils_commands:/home/foka/ros2_humble2/install/autopilot/lib/python3.10/site-packages:${PYTHONPATH} /usr/bin/python3 -W ignore:setup.py install is deprecated -W ignore:easy_install command is deprecated setup.py egg_info --egg-base ../../build/autopilot build --build-base /home/foka/ros2_humble2/build/autopilot/build install --record /home/foka/ros2_humble2/build/autopilot/install.log --single-version-externally-managed install_data
[5.011s] running egg_info
[5.014s] writing ../../build/autopilot/autopilot.egg-info/PKG-INFO
[5.016s] writing dependency_links to ../../build/autopilot/autopilot.egg-info/dependency_links.txt
[5.017s] writing entry points to ../../build/autopilot/autopilot.egg-info/entry_points.txt
[5.018s] writing requirements to ../../build/autopilot/autopilot.egg-info/requires.txt
[5.018s] writing top-level names to ../../build/autopilot/autopilot.egg-info/top_level.txt
[5.027s] reading manifest file '../../build/autopilot/autopilot.egg-info/SOURCES.txt'
[5.032s] writing manifest file '../../build/autopilot/autopilot.egg-info/SOURCES.txt'
[5.033s] running build
[5.033s] running build_py
[5.035s] copying autopilot/compass.py -> /home/foka/ros2_humble2/build/autopilot/build/lib/autopilot
[5.037s] copying autopilot/azimuth.py -> /home/foka/ros2_humble2/build/autopilot/build/lib/autopilot
[5.038s] running install
[5.040s] running install_lib
[5.043s] copying /home/foka/ros2_humble2/build/autopilot/build/lib/autopilot/compass.py -> /home/foka/ros2_humble2/install/autopilot/lib/python3.10/site-packages/autopilot
[5.045s] copying /home/foka/ros2_humble2/build/autopilot/build/lib/autopilot/azimuth.py -> /home/foka/ros2_humble2/install/autopilot/lib/python3.10/site-packages/autopilot
[5.048s] byte-compiling /home/foka/ros2_humble2/install/autopilot/lib/python3.10/site-packages/autopilot/compass.py to compass.cpython-310.pyc
[5.052s] byte-compiling /home/foka/ros2_humble2/install/autopilot/lib/python3.10/site-packages/autopilot/azimuth.py to azimuth.cpython-310.pyc
[5.055s] running install_data
[5.056s] running install_egg_info
[5.063s] removing '/home/foka/ros2_humble2/install/autopilot/lib/python3.10/site-packages/autopilot-0.0.0-py3.10.egg-info' (and everything under it)
[5.065s] Copying ../../build/autopilot/autopilot.egg-info to /home/foka/ros2_humble2/install/autopilot/lib/python3.10/site-packages/autopilot-0.0.0-py3.10.egg-info
[5.071s] running install_scripts
[5.161s] Installing azimuth script to /home/foka/ros2_humble2/install/autopilot/lib/autopilot
[5.162s] Installing checkpoints script to /home/foka/ros2_humble2/install/autopilot/lib/autopilot
[5.163s] Installing compass script to /home/foka/ros2_humble2/install/autopilot/lib/autopilot
[5.165s] writing list of installed files to '/home/foka/ros2_humble2/build/autopilot/install.log'
[5.279s] Invoked command in '/home/foka/ros2_humble2/src/autopilot' returned '0': PYTHONPATH=/home/foka/ros2_humble2/build/autopilot/prefix_override:/usr/lib/python3/dist-packages/colcon_core/task/python/colcon_distutils_commands:/home/foka/ros2_humble2/install/autopilot/lib/python3.10/site-packages:${PYTHONPATH} /usr/bin/python3 -W ignore:setup.py install is deprecated -W ignore:easy_install command is deprecated setup.py egg_info --egg-base ../../build/autopilot build --build-base /home/foka/ros2_humble2/build/autopilot/build install --record /home/foka/ros2_humble2/build/autopilot/install.log --single-version-externally-managed install_data
