[3.821s] Invoking command in '/home/foka/ros2_humble2/src/aggregator': PYTHONPATH=/home/foka/ros2_humble2/build/aggregator/prefix_override:/usr/lib/python3/dist-packages/colcon_core/task/python/colcon_distutils_commands:/home/foka/ros2_humble2/install/aggregator/lib/python3.10/site-packages:${PYTHONPATH} /usr/bin/python3 -W ignore:setup.py install is deprecated -W ignore:easy_install command is deprecated setup.py egg_info --egg-base ../../build/aggregator build --build-base /home/foka/ros2_humble2/build/aggregator/build install --record /home/foka/ros2_humble2/build/aggregator/install.log --single-version-externally-managed install_data
[5.277s] running egg_info
[5.280s] writing ../../build/aggregator/aggregator.egg-info/PKG-INFO
[5.281s] writing dependency_links to ../../build/aggregator/aggregator.egg-info/dependency_links.txt
[5.284s] writing entry points to ../../build/aggregator/aggregator.egg-info/entry_points.txt
[5.285s] writing requirements to ../../build/aggregator/aggregator.egg-info/requires.txt
[5.285s] writing top-level names to ../../build/aggregator/aggregator.egg-info/top_level.txt
[5.293s] reading manifest file '../../build/aggregator/aggregator.egg-info/SOURCES.txt'
[5.298s] writing manifest file '../../build/aggregator/aggregator.egg-info/SOURCES.txt'
[5.298s] running build
[5.300s] running build_py
[5.302s] copying aggregator/aggregator.py -> /home/foka/ros2_humble2/build/aggregator/build/lib/aggregator
[5.303s] running install
[5.304s] running install_lib
[5.308s] copying /home/foka/ros2_humble2/build/aggregator/build/lib/aggregator/aggregator.py -> /home/foka/ros2_humble2/install/aggregator/lib/python3.10/site-packages/aggregator
[5.313s] byte-compiling /home/foka/ros2_humble2/install/aggregator/lib/python3.10/site-packages/aggregator/aggregator.py to aggregator.cpython-310.pyc
[5.316s] running install_data
[5.317s] running install_egg_info
[5.327s] removing '/home/foka/ros2_humble2/install/aggregator/lib/python3.10/site-packages/aggregator-0.0.0-py3.10.egg-info' (and everything under it)
[5.328s] Copying ../../build/aggregator/aggregator.egg-info to /home/foka/ros2_humble2/install/aggregator/lib/python3.10/site-packages/aggregator-0.0.0-py3.10.egg-info
[5.334s] running install_scripts
[5.421s] Installing aggregator script to /home/foka/ros2_humble2/install/aggregator/lib/aggregator
[5.423s] writing list of installed files to '/home/foka/ros2_humble2/build/aggregator/install.log'
[5.563s] Invoked command in '/home/foka/ros2_humble2/src/aggregator' returned '0': PYTHONPATH=/home/foka/ros2_humble2/build/aggregator/prefix_override:/usr/lib/python3/dist-packages/colcon_core/task/python/colcon_distutils_commands:/home/foka/ros2_humble2/install/aggregator/lib/python3.10/site-packages:${PYTHONPATH} /usr/bin/python3 -W ignore:setup.py install is deprecated -W ignore:easy_install command is deprecated setup.py egg_info --egg-base ../../build/aggregator build --build-base /home/foka/ros2_humble2/build/aggregator/build install --record /home/foka/ros2_humble2/build/aggregator/install.log --single-version-externally-managed install_data
