[9.119s] Invoking command in '/home/foka/ros2_humble2/src/sensor_gps': PYTHONPATH=/home/foka/ros2_humble2/build/sensor_gps/prefix_override:/usr/lib/python3/dist-packages/colcon_core/task/python/colcon_distutils_commands:/home/foka/ros2_humble2/install/sensor_gps/lib/python3.10/site-packages:${PYTHONPATH} /usr/bin/python3 -W ignore:setup.py install is deprecated -W ignore:easy_install command is deprecated setup.py egg_info --egg-base ../../build/sensor_gps build --build-base /home/foka/ros2_humble2/build/sensor_gps/build install --record /home/foka/ros2_humble2/build/sensor_gps/install.log --single-version-externally-managed install_data
[12.579s] running egg_info
[12.587s] writing ../../build/sensor_gps/sensor_gps.egg-info/PKG-INFO
[12.589s] writing dependency_links to ../../build/sensor_gps/sensor_gps.egg-info/dependency_links.txt
[12.591s] writing entry points to ../../build/sensor_gps/sensor_gps.egg-info/entry_points.txt
[12.594s] writing requirements to ../../build/sensor_gps/sensor_gps.egg-info/requires.txt
[12.595s] writing top-level names to ../../build/sensor_gps/sensor_gps.egg-info/top_level.txt
[12.614s] reading manifest file '../../build/sensor_gps/sensor_gps.egg-info/SOURCES.txt'
[12.625s] writing manifest file '../../build/sensor_gps/sensor_gps.egg-info/SOURCES.txt'
[12.626s] running build
[12.627s] running build_py
[12.634s] running install
[12.637s] running install_lib
[12.657s] running install_data
[12.659s] running install_egg_info
[12.679s] removing '/home/foka/ros2_humble2/install/sensor_gps/lib/python3.10/site-packages/sensor_gps-0.0.0-py3.10.egg-info' (and everything under it)
[12.684s] Copying ../../build/sensor_gps/sensor_gps.egg-info to /home/foka/ros2_humble2/install/sensor_gps/lib/python3.10/site-packages/sensor_gps-0.0.0-py3.10.egg-info
[12.699s] running install_scripts
[12.933s] Installing sensor_gps script to /home/foka/ros2_humble2/install/sensor_gps/lib/sensor_gps
[12.938s] writing list of installed files to '/home/foka/ros2_humble2/build/sensor_gps/install.log'
[13.151s] Invoked command in '/home/foka/ros2_humble2/src/sensor_gps' returned '0': PYTHONPATH=/home/foka/ros2_humble2/build/sensor_gps/prefix_override:/usr/lib/python3/dist-packages/colcon_core/task/python/colcon_distutils_commands:/home/foka/ros2_humble2/install/sensor_gps/lib/python3.10/site-packages:${PYTHONPATH} /usr/bin/python3 -W ignore:setup.py install is deprecated -W ignore:easy_install command is deprecated setup.py egg_info --egg-base ../../build/sensor_gps build --build-base /home/foka/ros2_humble2/build/sensor_gps/build install --record /home/foka/ros2_humble2/build/sensor_gps/install.log --single-version-externally-managed install_data
