[3.200s] Invoking command in '/home/foka/ros2_humble2/src/telemetry': PYTHONPATH=/home/foka/ros2_humble2/build/telemetry/prefix_override:/usr/lib/python3/dist-packages/colcon_core/task/python/colcon_distutils_commands:/home/foka/ros2_humble2/install/telemetry/lib/python3.10/site-packages:${PYTHONPATH} /usr/bin/python3 -W ignore:setup.py install is deprecated -W ignore:easy_install command is deprecated setup.py egg_info --egg-base ../../build/telemetry build --build-base /home/foka/ros2_humble2/build/telemetry/build install --record /home/foka/ros2_humble2/build/telemetry/install.log --single-version-externally-managed install_data
[4.424s] running egg_info
[4.427s] writing ../../build/telemetry/telemetry.egg-info/PKG-INFO
[4.428s] writing dependency_links to ../../build/telemetry/telemetry.egg-info/dependency_links.txt
[4.429s] writing entry points to ../../build/telemetry/telemetry.egg-info/entry_points.txt
[4.430s] writing requirements to ../../build/telemetry/telemetry.egg-info/requires.txt
[4.431s] writing top-level names to ../../build/telemetry/telemetry.egg-info/top_level.txt
[4.439s] reading manifest file '../../build/telemetry/telemetry.egg-info/SOURCES.txt'
[4.443s] writing manifest file '../../build/telemetry/telemetry.egg-info/SOURCES.txt'
[4.444s] running build
[4.444s] running build_py
[4.445s] copying telemetry/loraSX1278_driver.py -> /home/foka/ros2_humble2/build/telemetry/build/lib/telemetry
[4.448s] running install
[4.449s] running install_lib
[4.453s] copying /home/foka/ros2_humble2/build/telemetry/build/lib/telemetry/loraSX1278_driver.py -> /home/foka/ros2_humble2/install/telemetry/lib/python3.10/site-packages/telemetry
[4.458s] byte-compiling /home/foka/ros2_humble2/install/telemetry/lib/python3.10/site-packages/telemetry/loraSX1278_driver.py to loraSX1278_driver.cpython-310.pyc
[4.461s] running install_data
[4.462s] running install_egg_info
[4.470s] removing '/home/foka/ros2_humble2/install/telemetry/lib/python3.10/site-packages/telemetry-0.0.0-py3.10.egg-info' (and everything under it)
[4.471s] Copying ../../build/telemetry/telemetry.egg-info to /home/foka/ros2_humble2/install/telemetry/lib/python3.10/site-packages/telemetry-0.0.0-py3.10.egg-info
[4.477s] running install_scripts
[4.565s] Installing telemetry script to /home/foka/ros2_humble2/install/telemetry/lib/telemetry
[4.568s] writing list of installed files to '/home/foka/ros2_humble2/build/telemetry/install.log'
[4.684s] Invoked command in '/home/foka/ros2_humble2/src/telemetry' returned '0': PYTHONPATH=/home/foka/ros2_humble2/build/telemetry/prefix_override:/usr/lib/python3/dist-packages/colcon_core/task/python/colcon_distutils_commands:/home/foka/ros2_humble2/install/telemetry/lib/python3.10/site-packages:${PYTHONPATH} /usr/bin/python3 -W ignore:setup.py install is deprecated -W ignore:easy_install command is deprecated setup.py egg_info --egg-base ../../build/telemetry build --build-base /home/foka/ros2_humble2/build/telemetry/build install --record /home/foka/ros2_humble2/build/telemetry/install.log --single-version-externally-managed install_data
