[0.051s] Invoking command in '/home/foka/ros2_humble2/build/msg_interfaces': CMAKE_PREFIX_PATH=${CMAKE_PREFIX_PATH}:/home/foka/ros2_humble2/install/telemetry:/home/foka/ros2_humble2/install/sensor_voltage:/home/foka/ros2_humble2/install/sensor_turbidity:/home/foka/ros2_humble2/install/sensor_tds:/home/foka/ros2_humble2/install/sensor_ph:/home/foka/ros2_humble2/install/system_launcher:/home/foka/ros2_humble2/install/sensor_thermometer:/home/foka/ros2_humble2/install/saver:/home/foka/ros2_humble2/install/aggregator:/opt/ros/humble /usr/bin/cmake /home/foka/ros2_humble2/src/msg_interfaces -DCMAKE_INSTALL_PREFIX=/home/foka/ros2_humble2/install/msg_interfaces
[0.107s] -- Found ament_cmake: 1.3.11 (/opt/ros/humble/share/ament_cmake/cmake)
[0.796s] -- Override CMake install command with custom implementation using symlinks instead of copying resources
[0.831s] -- Found std_msgs: 4.8.0 (/opt/ros/humble/share/std_msgs/cmake)
[0.960s] -- Found rosidl_generator_c: 3.1.6 (/opt/ros/humble/share/rosidl_generator_c/cmake)
[0.971s] -- Found rosidl_adapter: 3.1.6 (/opt/ros/humble/share/rosidl_adapter/cmake)
[1.000s] -- Found rosidl_generator_cpp: 3.1.6 (/opt/ros/humble/share/rosidl_generator_cpp/cmake)
[1.040s] -- Using all available rosidl_typesupport_c: rosidl_typesupport_fastrtps_c;rosidl_typesupport_introspection_c
[1.090s] -- Using all available rosidl_typesupport_cpp: rosidl_typesupport_fastrtps_cpp;rosidl_typesupport_introspection_cpp
[1.180s] -- Found rosidl_default_generators: 1.2.0 (/opt/ros/humble/share/rosidl_default_generators/cmake)
[2.574s] -- Found ament_cmake_ros: 0.10.0 (/opt/ros/humble/share/ament_cmake_ros/cmake)
[4.317s] -- Using all available rosidl_typesupport_c: rosidl_typesupport_fastrtps_c;rosidl_typesupport_introspection_c
[5.012s] -- Using all available rosidl_typesupport_cpp: rosidl_typesupport_fastrtps_cpp;rosidl_typesupport_introspection_cpp
[5.146s] -- Found python_cmake_module: 0.10.0 (/opt/ros/humble/share/python_cmake_module/cmake)
[5.281s] -- Using PYTHON_EXECUTABLE: /usr/bin/python3
[5.281s] -- Using PYTHON_INCLUDE_DIRS: /usr/include/python3.10
[5.282s] -- Using PYTHON_LIBRARIES: /usr/lib/aarch64-linux-gnu/libpython3.10.so
[6.275s] [31mCMake Error at /opt/ros/humble/share/rosidl_adapter/cmake/rosidl_adapt_interfaces.cmake:59 (message):
[6.275s]   execute_process(/usr/bin/python3 -m rosidl_adapter --package-name
[6.276s]   msg_interfaces --arguments-file
[6.276s]   /home/foka/ros2_humble2/build/msg_interfaces/rosidl_adapter__arguments__msg_interfaces.json
[6.277s]   --output-dir
[6.277s]   /home/foka/ros2_humble2/build/msg_interfaces/rosidl_adapter/msg_interfaces
[6.277s]   --output-file
[6.278s]   /home/foka/ros2_humble2/build/msg_interfaces/rosidl_adapter/msg_interfaces.idls)
[6.278s]   returned error code 1:
[6.279s] 
[6.280s]   Traceback (most recent call last):
[6.280s] 
[6.281s]     File "/usr/lib/python3.10/runpy.py", line 196, in _run_module_as_main
[6.282s]       return _run_code(code, main_globals, None,
[6.283s]     File "/usr/lib/python3.10/runpy.py", line 86, in _run_code
[6.283s]       exec(code, run_globals)
[6.284s]     File "/opt/ros/humble/local/lib/python3.10/dist-packages/rosidl_adapter/__main__.py", line 19, in <module>
[6.285s]       sys.exit(main())
[6.285s]     File "/opt/ros/humble/local/lib/python3.10/dist-packages/rosidl_adapter/main.py", line 53, in main
[6.286s]       abs_idl_file = convert_to_idl(
[6.286s]     File "/opt/ros/humble/local/lib/python3.10/dist-packages/rosidl_adapter/__init__.py", line 19, in convert_to_idl
[6.287s]       return convert_msg_to_idl(
[6.288s]     File "/opt/ros/humble/local/lib/python3.10/dist-packages/rosidl_adapter/msg/__init__.py", line 28, in convert_msg_to_idl
[6.289s]       msg = parse_message_string(package_name, input_file.stem, content)
[6.290s]     File "/opt/ros/humble/local/lib/python3.10/dist-packages/rosidl_adapter/parser.py", line 544, in parse_message_string
[6.291s]       msg = MessageSpecification(pkg_name, msg_name, fields, constants)
[6.292s]     File "/opt/ros/humble/local/lib/python3.10/dist-packages/rosidl_adapter/parser.py", line 388, in __init__
[6.294s]       self.base_type = BaseType(
[6.295s]     File "/opt/ros/humble/local/lib/python3.10/dist-packages/rosidl_adapter/parser.py", line 205, in __init__
[6.296s]       raise InvalidResourceName(
[6.297s] 
[6.298s]   rosidl_adapter.parser.InvalidResourceName: 'gpsData' is an invalid message
[6.304s]   name.  It should have the pattern '^[A-Z][A-Za-z0-9]*$'
[6.305s] 
[6.305s] Call Stack (most recent call first):
[6.306s]   /opt/ros/humble/share/rosidl_cmake/cmake/rosidl_generate_interfaces.cmake:130 (rosidl_adapt_interfaces)
[6.307s]   CMakeLists.txt:21 (rosidl_generate_interfaces)
[6.309s] 
[6.309s] [0m
[6.310s] -- Configuring incomplete, errors occurred!
[6.312s] See also "/home/foka/ros2_humble2/build/msg_interfaces/CMakeFiles/CMakeOutput.log".
[6.313s] Invoked command in '/home/foka/ros2_humble2/build/msg_interfaces' returned '1': CMAKE_PREFIX_PATH=${CMAKE_PREFIX_PATH}:/home/foka/ros2_humble2/install/telemetry:/home/foka/ros2_humble2/install/sensor_voltage:/home/foka/ros2_humble2/install/sensor_turbidity:/home/foka/ros2_humble2/install/sensor_tds:/home/foka/ros2_humble2/install/sensor_ph:/home/foka/ros2_humble2/install/system_launcher:/home/foka/ros2_humble2/install/sensor_thermometer:/home/foka/ros2_humble2/install/saver:/home/foka/ros2_humble2/install/aggregator:/opt/ros/humble /usr/bin/cmake /home/foka/ros2_humble2/src/msg_interfaces -DCMAKE_INSTALL_PREFIX=/home/foka/ros2_humble2/install/msg_interfaces
