[3.258s] Invoking command in '/home/foka/ros2_humble2/src/saver': PYTHONPATH=/home/foka/ros2_humble2/build/saver/prefix_override:/usr/lib/python3/dist-packages/colcon_core/task/python/colcon_distutils_commands:/home/foka/ros2_humble2/install/saver/lib/python3.10/site-packages:${PYTHONPATH} /usr/bin/python3 -W ignore:setup.py install is deprecated -W ignore:easy_install command is deprecated setup.py egg_info --egg-base ../../build/saver build --build-base /home/foka/ros2_humble2/build/saver/build install --record /home/foka/ros2_humble2/build/saver/install.log --single-version-externally-managed install_data
[4.502s] running egg_info
[4.505s] writing ../../build/saver/saver.egg-info/PKG-INFO
[4.506s] writing dependency_links to ../../build/saver/saver.egg-info/dependency_links.txt
[4.507s] writing entry points to ../../build/saver/saver.egg-info/entry_points.txt
[4.508s] writing requirements to ../../build/saver/saver.egg-info/requires.txt
[4.509s] writing top-level names to ../../build/saver/saver.egg-info/top_level.txt
[4.516s] reading manifest file '../../build/saver/saver.egg-info/SOURCES.txt'
[4.521s] writing manifest file '../../build/saver/saver.egg-info/SOURCES.txt'
[4.521s] running build
[4.522s] running build_py
[4.523s] copying saver/saver.py -> /home/foka/ros2_humble2/build/saver/build/lib/saver
[4.523s] running install
[4.524s] running install_lib
[4.528s] copying /home/foka/ros2_humble2/build/saver/build/lib/saver/saver.py -> /home/foka/ros2_humble2/install/saver/lib/python3.10/site-packages/saver
[4.531s] byte-compiling /home/foka/ros2_humble2/install/saver/lib/python3.10/site-packages/saver/saver.py to saver.cpython-310.pyc
[4.535s] running install_data
[4.535s] running install_egg_info
[4.543s] removing '/home/foka/ros2_humble2/install/saver/lib/python3.10/site-packages/saver-0.0.0-py3.10.egg-info' (and everything under it)
[4.545s] Copying ../../build/saver/saver.egg-info to /home/foka/ros2_humble2/install/saver/lib/python3.10/site-packages/saver-0.0.0-py3.10.egg-info
[4.551s] running install_scripts
[4.641s] Installing saver script to /home/foka/ros2_humble2/install/saver/lib/saver
[4.643s] writing list of installed files to '/home/foka/ros2_humble2/build/saver/install.log'
[4.767s] Invoked command in '/home/foka/ros2_humble2/src/saver' returned '0': PYTHONPATH=/home/foka/ros2_humble2/build/saver/prefix_override:/usr/lib/python3/dist-packages/colcon_core/task/python/colcon_distutils_commands:/home/foka/ros2_humble2/install/saver/lib/python3.10/site-packages:${PYTHONPATH} /usr/bin/python3 -W ignore:setup.py install is deprecated -W ignore:easy_install command is deprecated setup.py egg_info --egg-base ../../build/saver build --build-base /home/foka/ros2_humble2/build/saver/build install --record /home/foka/ros2_humble2/build/saver/install.log --single-version-externally-managed install_data
