[2.934s] Invoking command in '/home/foka/ros2_humble2/src/sensor_ph': PYTHONPATH=/home/foka/ros2_humble2/build/sensor_ph/prefix_override:/usr/lib/python3/dist-packages/colcon_core/task/python/colcon_distutils_commands:/home/foka/ros2_humble2/install/sensor_ph/lib/python3.10/site-packages:${PYTHONPATH} /usr/bin/python3 -W ignore:setup.py install is deprecated -W ignore:easy_install command is deprecated setup.py egg_info --egg-base ../../build/sensor_ph build --build-base /home/foka/ros2_humble2/build/sensor_ph/build install --record /home/foka/ros2_humble2/build/sensor_ph/install.log --single-version-externally-managed install_data
[4.034s] running egg_info
[4.036s] writing ../../build/sensor_ph/sensor_ph.egg-info/PKG-INFO
[4.037s] writing dependency_links to ../../build/sensor_ph/sensor_ph.egg-info/dependency_links.txt
[4.038s] writing entry points to ../../build/sensor_ph/sensor_ph.egg-info/entry_points.txt
[4.039s] writing requirements to ../../build/sensor_ph/sensor_ph.egg-info/requires.txt
[4.040s] writing top-level names to ../../build/sensor_ph/sensor_ph.egg-info/top_level.txt
[4.048s] reading manifest file '../../build/sensor_ph/sensor_ph.egg-info/SOURCES.txt'
[4.052s] writing manifest file '../../build/sensor_ph/sensor_ph.egg-info/SOURCES.txt'
[4.053s] running build
[4.054s] running build_py
[4.054s] running install
[4.055s] running install_lib
[4.060s] running install_data
[4.061s] running install_egg_info
[4.068s] removing '/home/foka/ros2_humble2/install/sensor_ph/lib/python3.10/site-packages/sensor_ph-0.0.0-py3.10.egg-info' (and everything under it)
[4.070s] Copying ../../build/sensor_ph/sensor_ph.egg-info to /home/foka/ros2_humble2/install/sensor_ph/lib/python3.10/site-packages/sensor_ph-0.0.0-py3.10.egg-info
[4.075s] running install_scripts
[4.158s] Installing sensor_ph script to /home/foka/ros2_humble2/install/sensor_ph/lib/sensor_ph
[4.160s] writing list of installed files to '/home/foka/ros2_humble2/build/sensor_ph/install.log'
[4.273s] Invoked command in '/home/foka/ros2_humble2/src/sensor_ph' returned '0': PYTHONPATH=/home/foka/ros2_humble2/build/sensor_ph/prefix_override:/usr/lib/python3/dist-packages/colcon_core/task/python/colcon_distutils_commands:/home/foka/ros2_humble2/install/sensor_ph/lib/python3.10/site-packages:${PYTHONPATH} /usr/bin/python3 -W ignore:setup.py install is deprecated -W ignore:easy_install command is deprecated setup.py egg_info --egg-base ../../build/sensor_ph build --build-base /home/foka/ros2_humble2/build/sensor_ph/build install --record /home/foka/ros2_humble2/build/sensor_ph/install.log --single-version-externally-managed install_data
