[0.050s] Invoking command in '/home/foka/ros2_humble2/build/msg_interfaces': CMAKE_PREFIX_PATH=${CMAKE_PREFIX_PATH}:/home/foka/ros2_humble2/install/telemetry:/home/foka/ros2_humble2/install/sensor_voltage:/home/foka/ros2_humble2/install/sensor_turbidity:/home/foka/ros2_humble2/install/sensor_tds:/home/foka/ros2_humble2/install/sensor_ph:/home/foka/ros2_humble2/install/system_launcher:/home/foka/ros2_humble2/install/sensor_thermometer:/home/foka/ros2_humble2/install/saver:/home/foka/ros2_humble2/install/aggregator:/opt/ros/humble /usr/bin/cmake /home/foka/ros2_humble2/src/msg_interfaces -DCMAKE_INSTALL_PREFIX=/home/foka/ros2_humble2/install/msg_interfaces
[0.107s] -- Found ament_cmake: 1.3.11 (/opt/ros/humble/share/ament_cmake/cmake)
[0.799s] -- Override CMake install command with custom implementation using symlinks instead of copying resources
[0.834s] -- Found std_msgs: 4.8.0 (/opt/ros/humble/share/std_msgs/cmake)
[0.964s] -- Found rosidl_generator_c: 3.1.6 (/opt/ros/humble/share/rosidl_generator_c/cmake)
[0.974s] -- Found rosidl_adapter: 3.1.6 (/opt/ros/humble/share/rosidl_adapter/cmake)
[0.998s] -- Found rosidl_generator_cpp: 3.1.6 (/opt/ros/humble/share/rosidl_generator_cpp/cmake)
[1.042s] -- Using all available rosidl_typesupport_c: rosidl_typesupport_fastrtps_c;rosidl_typesupport_introspection_c
[1.088s] -- Using all available rosidl_typesupport_cpp: rosidl_typesupport_fastrtps_cpp;rosidl_typesupport_introspection_cpp
[1.177s] -- Found rosidl_default_generators: 1.2.0 (/opt/ros/humble/share/rosidl_default_generators/cmake)
[2.592s] -- Found ament_cmake_ros: 0.10.0 (/opt/ros/humble/share/ament_cmake_ros/cmake)
[4.323s] -- Using all available rosidl_typesupport_c: rosidl_typesupport_fastrtps_c;rosidl_typesupport_introspection_c
[5.001s] -- Using all available rosidl_typesupport_cpp: rosidl_typesupport_fastrtps_cpp;rosidl_typesupport_introspection_cpp
[5.137s] -- Found python_cmake_module: 0.10.0 (/opt/ros/humble/share/python_cmake_module/cmake)
[5.271s] -- Using PYTHON_EXECUTABLE: /usr/bin/python3
[5.272s] -- Using PYTHON_INCLUDE_DIRS: /usr/include/python3.10
[5.272s] -- Using PYTHON_LIBRARIES: /usr/lib/aarch64-linux-gnu/libpython3.10.so
[5.343s] -- Found ament_lint_auto: 0.12.12 (/opt/ros/humble/share/ament_lint_auto/cmake)
[5.399s] -- Added test 'lint_cmake' to check CMake code style
[5.407s] -- Added test 'xmllint' to check XML markup files
[5.422s] -- Configuring done
[5.680s] -- Generating done
[5.733s] -- Build files have been written to: /home/foka/ros2_humble2/build/msg_interfaces
[5.760s] Invoked command in '/home/foka/ros2_humble2/build/msg_interfaces' returned '0': CMAKE_PREFIX_PATH=${CMAKE_PREFIX_PATH}:/home/foka/ros2_humble2/install/telemetry:/home/foka/ros2_humble2/install/sensor_voltage:/home/foka/ros2_humble2/install/sensor_turbidity:/home/foka/ros2_humble2/install/sensor_tds:/home/foka/ros2_humble2/install/sensor_ph:/home/foka/ros2_humble2/install/system_launcher:/home/foka/ros2_humble2/install/sensor_thermometer:/home/foka/ros2_humble2/install/saver:/home/foka/ros2_humble2/install/aggregator:/opt/ros/humble /usr/bin/cmake /home/foka/ros2_humble2/src/msg_interfaces -DCMAKE_INSTALL_PREFIX=/home/foka/ros2_humble2/install/msg_interfaces
[5.772s] Invoking command in '/home/foka/ros2_humble2/build/msg_interfaces': CMAKE_PREFIX_PATH=${CMAKE_PREFIX_PATH}:/home/foka/ros2_humble2/install/telemetry:/home/foka/ros2_humble2/install/sensor_voltage:/home/foka/ros2_humble2/install/sensor_turbidity:/home/foka/ros2_humble2/install/sensor_tds:/home/foka/ros2_humble2/install/sensor_ph:/home/foka/ros2_humble2/install/system_launcher:/home/foka/ros2_humble2/install/sensor_thermometer:/home/foka/ros2_humble2/install/saver:/home/foka/ros2_humble2/install/aggregator:/opt/ros/humble /usr/bin/cmake --build /home/foka/ros2_humble2/build/msg_interfaces -- -j4 -l4
[5.960s] [  2%] [34m[1mGenerating C code for ROS interfaces[0m
[6.052s] [  5%] [34m[1mGenerating C++ code for ROS interfaces[0m
[6.075s] [  5%] Built target ament_cmake_python_symlink_msg_interfaces
[8.014s] [35m[1mConsolidate compiler generated dependencies of target msg_interfaces__rosidl_generator_c[0m
[8.051s] [  5%] Built target msg_interfaces__cpp
[8.078s] running egg_info
[8.082s] writing msg_interfaces.egg-info/PKG-INFO
[8.084s] writing dependency_links to msg_interfaces.egg-info/dependency_links.txt
[8.086s] writing top-level names to msg_interfaces.egg-info/top_level.txt
[8.107s] reading manifest file 'msg_interfaces.egg-info/SOURCES.txt'
[8.115s] [  7%] [34m[1mGenerating C++ type support dispatch for ROS interfaces[0m
[8.126s] writing manifest file 'msg_interfaces.egg-info/SOURCES.txt'
[8.178s] [ 10%] [32mBuilding C object CMakeFiles/msg_interfaces__rosidl_generator_c.dir/rosidl_generator_c/msg_interfaces/msg/detail/sensor_data__functions.c.o[0m
[8.220s] [ 12%] [34m[1mGenerating C++ introspection for ROS interfaces[0m
[8.339s] [ 12%] Built target ament_cmake_python_build_msg_interfaces_egg
[8.386s] [ 15%] [32mBuilding C object CMakeFiles/msg_interfaces__rosidl_generator_c.dir/rosidl_generator_c/msg_interfaces/msg/detail/gps_data__functions.c.o[0m
[9.500s] [ 17%] [34m[1mGenerating C++ type support for eProsima Fast-RTPS[0m
[9.503s] [ 20%] [32m[1mLinking C shared library libmsg_interfaces__rosidl_generator_c.so[0m
[10.111s] [ 20%] Built target msg_interfaces__rosidl_generator_c
[10.263s] [ 23%] [34m[1mGenerating C type support dispatch for ROS interfaces[0m
[10.904s] [35m[1mConsolidate compiler generated dependencies of target msg_interfaces__rosidl_typesupport_introspection_cpp[0m
[11.081s] [ 25%] [32mBuilding CXX object CMakeFiles/msg_interfaces__rosidl_typesupport_introspection_cpp.dir/rosidl_typesupport_introspection_cpp/msg_interfaces/msg/detail/sensor_data__type_support.cpp.o[0m
[11.121s] [35m[1mConsolidate compiler generated dependencies of target msg_interfaces__rosidl_typesupport_cpp[0m
[11.271s] [ 28%] [32mBuilding CXX object CMakeFiles/msg_interfaces__rosidl_typesupport_cpp.dir/rosidl_typesupport_cpp/msg_interfaces/msg/sensor_data__type_support.cpp.o[0m
[12.528s] [35m[1mConsolidate compiler generated dependencies of target msg_interfaces__rosidl_typesupport_c[0m
[12.702s] [ 30%] [32mBuilding CXX object CMakeFiles/msg_interfaces__rosidl_typesupport_c.dir/rosidl_typesupport_c/msg_interfaces/msg/sensor_data__type_support.cpp.o[0m
[12.781s] [35m[1mConsolidate compiler generated dependencies of target msg_interfaces__rosidl_typesupport_fastrtps_cpp[0m
[12.908s] [ 33%] [32mBuilding CXX object CMakeFiles/msg_interfaces__rosidl_typesupport_fastrtps_cpp.dir/rosidl_typesupport_fastrtps_cpp/msg_interfaces/msg/detail/dds_fastrtps/sensor_data__type_support.cpp.o[0m
[13.093s] [ 35%] [32mBuilding CXX object CMakeFiles/msg_interfaces__rosidl_typesupport_c.dir/rosidl_typesupport_c/msg_interfaces/msg/gps_data__type_support.cpp.o[0m
[13.440s] [ 38%] [32m[1mLinking CXX shared library libmsg_interfaces__rosidl_typesupport_c.so[0m
[13.794s] [ 38%] Built target msg_interfaces__rosidl_typesupport_c
[13.902s] [ 41%] [34m[1mGenerating C type support for eProsima Fast-RTPS[0m
[14.361s] [ 43%] [32mBuilding CXX object CMakeFiles/msg_interfaces__rosidl_typesupport_cpp.dir/rosidl_typesupport_cpp/msg_interfaces/msg/gps_data__type_support.cpp.o[0m
[15.849s] [ 46%] [32mBuilding CXX object CMakeFiles/msg_interfaces__rosidl_typesupport_introspection_cpp.dir/rosidl_typesupport_introspection_cpp/msg_interfaces/msg/detail/gps_data__type_support.cpp.o[0m
[16.346s] [ 48%] [32mBuilding CXX object CMakeFiles/msg_interfaces__rosidl_typesupport_fastrtps_cpp.dir/rosidl_typesupport_fastrtps_cpp/msg_interfaces/msg/detail/dds_fastrtps/gps_data__type_support.cpp.o[0m
[16.851s] [35m[1mConsolidate compiler generated dependencies of target msg_interfaces__rosidl_typesupport_fastrtps_c[0m
[17.013s] [ 51%] [32mBuilding CXX object CMakeFiles/msg_interfaces__rosidl_typesupport_fastrtps_c.dir/rosidl_typesupport_fastrtps_c/msg_interfaces/msg/detail/sensor_data__type_support_c.cpp.o[0m
[17.405s] [ 53%] [32m[1mLinking CXX shared library libmsg_interfaces__rosidl_typesupport_cpp.so[0m
[17.858s] [ 53%] Built target msg_interfaces__rosidl_typesupport_cpp
[17.990s] [ 56%] [34m[1mGenerating C introspection for ROS interfaces[0m
[19.409s] [ 58%] [32m[1mLinking CXX shared library libmsg_interfaces__rosidl_typesupport_fastrtps_cpp.so[0m
[20.173s] [ 58%] Built target msg_interfaces__rosidl_typesupport_fastrtps_cpp
[20.266s] [ 61%] [32mBuilding CXX object CMakeFiles/msg_interfaces__rosidl_typesupport_fastrtps_c.dir/rosidl_typesupport_fastrtps_c/msg_interfaces/msg/detail/gps_data__type_support_c.cpp.o[0m
[20.309s] [ 64%] [32m[1mLinking CXX shared library libmsg_interfaces__rosidl_typesupport_introspection_cpp.so[0m
[20.895s] [ 64%] Built target msg_interfaces__rosidl_typesupport_introspection_cpp
[20.896s] [35m[1mConsolidate compiler generated dependencies of target msg_interfaces__rosidl_typesupport_introspection_c[0m
[21.037s] [ 66%] [32mBuilding C object CMakeFiles/msg_interfaces__rosidl_typesupport_introspection_c.dir/rosidl_typesupport_introspection_c/msg_interfaces/msg/detail/sensor_data__type_support.c.o[0m
[21.092s] [ 69%] [32mBuilding C object CMakeFiles/msg_interfaces__rosidl_typesupport_introspection_c.dir/rosidl_typesupport_introspection_c/msg_interfaces/msg/detail/gps_data__type_support.c.o[0m
[21.415s] [ 71%] [32m[1mLinking C shared library libmsg_interfaces__rosidl_typesupport_introspection_c.so[0m
[21.632s] [ 71%] Built target msg_interfaces__rosidl_typesupport_introspection_c
[22.681s] [ 74%] [32m[1mLinking CXX shared library libmsg_interfaces__rosidl_typesupport_fastrtps_c.so[0m
[23.212s] [ 74%] Built target msg_interfaces__rosidl_typesupport_fastrtps_c
[23.319s] [ 74%] Built target msg_interfaces
[23.430s] [ 76%] [34m[1mGenerating Python code for ROS interfaces[0m
[25.588s] [ 76%] Built target msg_interfaces__py
[25.634s] [35m[1mConsolidate compiler generated dependencies of target msg_interfaces__rosidl_generator_py[0m
[25.710s] [ 79%] [32mBuilding C object CMakeFiles/msg_interfaces__rosidl_generator_py.dir/rosidl_generator_py/msg_interfaces/msg/_sensor_data_s.c.o[0m
[25.713s] [ 82%] [32mBuilding C object CMakeFiles/msg_interfaces__rosidl_generator_py.dir/rosidl_generator_py/msg_interfaces/msg/_gps_data_s.c.o[0m
[26.322s] [ 84%] [32m[1mLinking C shared library rosidl_generator_py/msg_interfaces/libmsg_interfaces__rosidl_generator_py.so[0m
[26.508s] [ 84%] Built target msg_interfaces__rosidl_generator_py
[26.557s] [35m[1mConsolidate compiler generated dependencies of target msg_interfaces__rosidl_typesupport_fastrtps_c__pyext[0m
[26.561s] [35m[1mConsolidate compiler generated dependencies of target msg_interfaces__rosidl_typesupport_introspection_c__pyext[0m
[26.561s] [35m[1mConsolidate compiler generated dependencies of target msg_interfaces__rosidl_typesupport_c__pyext[0m
[26.623s] [ 87%] [32mBuilding C object CMakeFiles/msg_interfaces__rosidl_typesupport_fastrtps_c__pyext.dir/rosidl_generator_py/msg_interfaces/_msg_interfaces_s.ep.rosidl_typesupport_fastrtps_c.c.o[0m
[26.626s] [ 89%] [32mBuilding C object CMakeFiles/msg_interfaces__rosidl_typesupport_introspection_c__pyext.dir/rosidl_generator_py/msg_interfaces/_msg_interfaces_s.ep.rosidl_typesupport_introspection_c.c.o[0m
[26.631s] [ 92%] [32mBuilding C object CMakeFiles/msg_interfaces__rosidl_typesupport_c__pyext.dir/rosidl_generator_py/msg_interfaces/_msg_interfaces_s.ep.rosidl_typesupport_c.c.o[0m
[27.226s] [ 94%] [32m[1mLinking C shared library rosidl_generator_py/msg_interfaces/msg_interfaces_s__rosidl_typesupport_c.cpython-310-aarch64-linux-gnu.so[0m
[27.248s] [ 97%] [32m[1mLinking C shared library rosidl_generator_py/msg_interfaces/msg_interfaces_s__rosidl_typesupport_introspection_c.cpython-310-aarch64-linux-gnu.so[0m
[27.328s] [100%] [32m[1mLinking C shared library rosidl_generator_py/msg_interfaces/msg_interfaces_s__rosidl_typesupport_fastrtps_c.cpython-310-aarch64-linux-gnu.so[0m
[27.491s] [100%] Built target msg_interfaces__rosidl_typesupport_c__pyext
[27.501s] [100%] Built target msg_interfaces__rosidl_typesupport_introspection_c__pyext
[27.580s] [100%] Built target msg_interfaces__rosidl_typesupport_fastrtps_c__pyext
[27.625s] Invoked command in '/home/foka/ros2_humble2/build/msg_interfaces' returned '0': CMAKE_PREFIX_PATH=${CMAKE_PREFIX_PATH}:/home/foka/ros2_humble2/install/telemetry:/home/foka/ros2_humble2/install/sensor_voltage:/home/foka/ros2_humble2/install/sensor_turbidity:/home/foka/ros2_humble2/install/sensor_tds:/home/foka/ros2_humble2/install/sensor_ph:/home/foka/ros2_humble2/install/system_launcher:/home/foka/ros2_humble2/install/sensor_thermometer:/home/foka/ros2_humble2/install/saver:/home/foka/ros2_humble2/install/aggregator:/opt/ros/humble /usr/bin/cmake --build /home/foka/ros2_humble2/build/msg_interfaces -- -j4 -l4
[27.667s] Invoking command in '/home/foka/ros2_humble2/build/msg_interfaces': CMAKE_PREFIX_PATH=${CMAKE_PREFIX_PATH}:/home/foka/ros2_humble2/install/telemetry:/home/foka/ros2_humble2/install/sensor_voltage:/home/foka/ros2_humble2/install/sensor_turbidity:/home/foka/ros2_humble2/install/sensor_tds:/home/foka/ros2_humble2/install/sensor_ph:/home/foka/ros2_humble2/install/system_launcher:/home/foka/ros2_humble2/install/sensor_thermometer:/home/foka/ros2_humble2/install/saver:/home/foka/ros2_humble2/install/aggregator:/opt/ros/humble /usr/bin/cmake --install /home/foka/ros2_humble2/build/msg_interfaces
[27.695s] -- Install configuration: ""
[27.697s] -- Execute custom install script
[27.699s] -- Up-to-date symlink: /home/foka/ros2_humble2/install/msg_interfaces/share/ament_index/resource_index/rosidl_interfaces/msg_interfaces
[27.701s] -- Symlinking: /home/foka/ros2_humble2/install/msg_interfaces/include/msg_interfaces/msg_interfaces/msg/detail/gps_data__functions.h
[27.737s] -- Symlinking: /home/foka/ros2_humble2/install/msg_interfaces/include/msg_interfaces/msg_interfaces/msg/detail/gps_data__struct.h
[27.769s] -- Symlinking: /home/foka/ros2_humble2/install/msg_interfaces/include/msg_interfaces/msg_interfaces/msg/detail/gps_data__type_support.h
[27.801s] -- Up-to-date symlink: /home/foka/ros2_humble2/install/msg_interfaces/include/msg_interfaces/msg_interfaces/msg/detail/sensor_data__functions.h
[27.802s] -- Up-to-date symlink: /home/foka/ros2_humble2/install/msg_interfaces/include/msg_interfaces/msg_interfaces/msg/detail/sensor_data__struct.h
[27.804s] -- Up-to-date symlink: /home/foka/ros2_humble2/install/msg_interfaces/include/msg_interfaces/msg_interfaces/msg/detail/sensor_data__type_support.h
[27.805s] -- Symlinking: /home/foka/ros2_humble2/install/msg_interfaces/include/msg_interfaces/msg_interfaces/msg/gps_data.h
[27.837s] -- Up-to-date symlink: /home/foka/ros2_humble2/install/msg_interfaces/include/msg_interfaces/msg_interfaces/msg/rosidl_generator_c__visibility_control.h
[27.838s] -- Up-to-date symlink: /home/foka/ros2_humble2/install/msg_interfaces/include/msg_interfaces/msg_interfaces/msg/sensor_data.h
[27.839s] -- Up-to-date symlink: /home/foka/ros2_humble2/install/msg_interfaces/share/msg_interfaces/environment/library_path.sh
[27.841s] -- Up-to-date symlink: /home/foka/ros2_humble2/install/msg_interfaces/share/msg_interfaces/environment/library_path.dsv
[27.860s] -- Symlinking: /home/foka/ros2_humble2/install/msg_interfaces/include/msg_interfaces/msg_interfaces/msg/detail/gps_data__rosidl_typesupport_fastrtps_c.h
[27.885s] -- Up-to-date symlink: /home/foka/ros2_humble2/install/msg_interfaces/include/msg_interfaces/msg_interfaces/msg/detail/sensor_data__rosidl_typesupport_fastrtps_c.h
[27.885s] -- Up-to-date symlink: /home/foka/ros2_humble2/install/msg_interfaces/include/msg_interfaces/msg_interfaces/msg/rosidl_typesupport_fastrtps_c__visibility_control.h
[27.888s] -- Symlinking: /home/foka/ros2_humble2/install/msg_interfaces/include/msg_interfaces/msg_interfaces/msg/detail/gps_data__builder.hpp
[27.922s] -- Symlinking: /home/foka/ros2_humble2/install/msg_interfaces/include/msg_interfaces/msg_interfaces/msg/detail/gps_data__struct.hpp
[27.954s] -- Symlinking: /home/foka/ros2_humble2/install/msg_interfaces/include/msg_interfaces/msg_interfaces/msg/detail/gps_data__traits.hpp
[27.987s] -- Symlinking: /home/foka/ros2_humble2/install/msg_interfaces/include/msg_interfaces/msg_interfaces/msg/detail/gps_data__type_support.hpp
[28.023s] -- Up-to-date symlink: /home/foka/ros2_humble2/install/msg_interfaces/include/msg_interfaces/msg_interfaces/msg/detail/sensor_data__builder.hpp
[28.025s] -- Up-to-date symlink: /home/foka/ros2_humble2/install/msg_interfaces/include/msg_interfaces/msg_interfaces/msg/detail/sensor_data__struct.hpp
[28.026s] -- Up-to-date symlink: /home/foka/ros2_humble2/install/msg_interfaces/include/msg_interfaces/msg_interfaces/msg/detail/sensor_data__traits.hpp
[28.029s] -- Up-to-date symlink: /home/foka/ros2_humble2/install/msg_interfaces/include/msg_interfaces/msg_interfaces/msg/detail/sensor_data__type_support.hpp
[28.030s] -- Symlinking: /home/foka/ros2_humble2/install/msg_interfaces/include/msg_interfaces/msg_interfaces/msg/gps_data.hpp
[28.063s] -- Up-to-date symlink: /home/foka/ros2_humble2/install/msg_interfaces/include/msg_interfaces/msg_interfaces/msg/rosidl_generator_cpp__visibility_control.hpp
[28.064s] -- Up-to-date symlink: /home/foka/ros2_humble2/install/msg_interfaces/include/msg_interfaces/msg_interfaces/msg/sensor_data.hpp
[28.084s] -- Symlinking: /home/foka/ros2_humble2/install/msg_interfaces/include/msg_interfaces/msg_interfaces/msg/detail/gps_data__rosidl_typesupport_fastrtps_cpp.hpp
[28.129s] -- Up-to-date symlink: /home/foka/ros2_humble2/install/msg_interfaces/include/msg_interfaces/msg_interfaces/msg/detail/sensor_data__rosidl_typesupport_fastrtps_cpp.hpp
[28.129s] -- Up-to-date symlink: /home/foka/ros2_humble2/install/msg_interfaces/include/msg_interfaces/msg_interfaces/msg/rosidl_typesupport_fastrtps_cpp__visibility_control.h
[28.130s] -- Symlinking: /home/foka/ros2_humble2/install/msg_interfaces/include/msg_interfaces/msg_interfaces/msg/detail/gps_data__rosidl_typesupport_introspection_c.h
[28.211s] -- Up-to-date symlink: /home/foka/ros2_humble2/install/msg_interfaces/include/msg_interfaces/msg_interfaces/msg/detail/sensor_data__rosidl_typesupport_introspection_c.h
[28.213s] -- Up-to-date symlink: /home/foka/ros2_humble2/install/msg_interfaces/include/msg_interfaces/msg_interfaces/msg/rosidl_typesupport_introspection_c__visibility_control.h
[28.216s] -- Symlinking: /home/foka/ros2_humble2/install/msg_interfaces/include/msg_interfaces/msg_interfaces/msg/detail/gps_data__rosidl_typesupport_introspection_cpp.hpp
[28.298s] -- Up-to-date symlink: /home/foka/ros2_humble2/install/msg_interfaces/include/msg_interfaces/msg_interfaces/msg/detail/sensor_data__rosidl_typesupport_introspection_cpp.hpp
[28.300s] -- Up-to-date symlink: /home/foka/ros2_humble2/install/msg_interfaces/share/msg_interfaces/environment/pythonpath.sh
[28.301s] -- Up-to-date symlink: /home/foka/ros2_humble2/install/msg_interfaces/share/msg_interfaces/environment/pythonpath.dsv
[28.304s] -- Up-to-date symlink: /home/foka/ros2_humble2/install/msg_interfaces/local/lib/python3.10/dist-packages/msg_interfaces-0.0.0-py3.10.egg-info/PKG-INFO
[28.306s] -- Up-to-date symlink: /home/foka/ros2_humble2/install/msg_interfaces/local/lib/python3.10/dist-packages/msg_interfaces-0.0.0-py3.10.egg-info/SOURCES.txt
[28.307s] -- Up-to-date symlink: /home/foka/ros2_humble2/install/msg_interfaces/local/lib/python3.10/dist-packages/msg_interfaces-0.0.0-py3.10.egg-info/dependency_links.txt
[28.307s] -- Up-to-date symlink: /home/foka/ros2_humble2/install/msg_interfaces/local/lib/python3.10/dist-packages/msg_interfaces-0.0.0-py3.10.egg-info/top_level.txt
[28.311s] -- Up-to-date symlink: /home/foka/ros2_humble2/install/msg_interfaces/local/lib/python3.10/dist-packages/msg_interfaces/__init__.py
[28.313s] -- Up-to-date symlink: /home/foka/ros2_humble2/install/msg_interfaces/local/lib/python3.10/dist-packages/msg_interfaces/_msg_interfaces_s.ep.rosidl_typesupport_c.c
[28.315s] -- Up-to-date symlink: /home/foka/ros2_humble2/install/msg_interfaces/local/lib/python3.10/dist-packages/msg_interfaces/_msg_interfaces_s.ep.rosidl_typesupport_fastrtps_c.c
[28.316s] -- Up-to-date symlink: /home/foka/ros2_humble2/install/msg_interfaces/local/lib/python3.10/dist-packages/msg_interfaces/_msg_interfaces_s.ep.rosidl_typesupport_introspection_c.c
[28.316s] -- Up-to-date symlink: /home/foka/ros2_humble2/install/msg_interfaces/local/lib/python3.10/dist-packages/msg_interfaces/libmsg_interfaces__rosidl_generator_py.so
[28.320s] -- Up-to-date symlink: /home/foka/ros2_humble2/install/msg_interfaces/local/lib/python3.10/dist-packages/msg_interfaces/msg/__init__.py
[28.328s] -- Symlinking: /home/foka/ros2_humble2/install/msg_interfaces/local/lib/python3.10/dist-packages/msg_interfaces/msg/_gps_data.py
[28.367s] -- Symlinking: /home/foka/ros2_humble2/install/msg_interfaces/local/lib/python3.10/dist-packages/msg_interfaces/msg/_gps_data_s.c
[28.412s] -- Up-to-date symlink: /home/foka/ros2_humble2/install/msg_interfaces/local/lib/python3.10/dist-packages/msg_interfaces/msg/_sensor_data.py
[28.414s] -- Up-to-date symlink: /home/foka/ros2_humble2/install/msg_interfaces/local/lib/python3.10/dist-packages/msg_interfaces/msg/_sensor_data_s.c
[28.415s] -- Up-to-date symlink: /home/foka/ros2_humble2/install/msg_interfaces/local/lib/python3.10/dist-packages/msg_interfaces/msg_interfaces_s__rosidl_typesupport_c.cpython-310-aarch64-linux-gnu.so
[28.416s] -- Up-to-date symlink: /home/foka/ros2_humble2/install/msg_interfaces/local/lib/python3.10/dist-packages/msg_interfaces/msg_interfaces_s__rosidl_typesupport_fastrtps_c.cpython-310-aarch64-linux-gnu.so
[28.417s] -- Up-to-date symlink: /home/foka/ros2_humble2/install/msg_interfaces/local/lib/python3.10/dist-packages/msg_interfaces/msg_interfaces_s__rosidl_typesupport_introspection_c.cpython-310-aarch64-linux-gnu.so
[28.431s] -- Up-to-date symlink: /home/foka/ros2_humble2/install/msg_interfaces/local/lib/python3.10/dist-packages/msg_interfaces/msg_interfaces_s__rosidl_typesupport_fastrtps_c.cpython-310-aarch64-linux-gnu.so
[28.432s] -- Up-to-date symlink: /home/foka/ros2_humble2/install/msg_interfaces/local/lib/python3.10/dist-packages/msg_interfaces/msg_interfaces_s__rosidl_typesupport_introspection_c.cpython-310-aarch64-linux-gnu.so
[28.432s] -- Up-to-date symlink: /home/foka/ros2_humble2/install/msg_interfaces/local/lib/python3.10/dist-packages/msg_interfaces/msg_interfaces_s__rosidl_typesupport_c.cpython-310-aarch64-linux-gnu.so
[28.433s] -- Up-to-date symlink: /home/foka/ros2_humble2/install/msg_interfaces/share/msg_interfaces/msg/SensorData.idl
[28.434s] -- Symlinking: /home/foka/ros2_humble2/install/msg_interfaces/share/msg_interfaces/msg/GpsData.idl
[28.488s] -- Up-to-date symlink: /home/foka/ros2_humble2/install/msg_interfaces/share/msg_interfaces/msg/SensorData.msg
[28.489s] -- Symlinking: /home/foka/ros2_humble2/install/msg_interfaces/share/msg_interfaces/msg/GpsData.msg
[28.556s] -- Up-to-date symlink: /home/foka/ros2_humble2/install/msg_interfaces/share/ament_index/resource_index/package_run_dependencies/msg_interfaces
[28.558s] -- Up-to-date symlink: /home/foka/ros2_humble2/install/msg_interfaces/share/ament_index/resource_index/parent_prefix_path/msg_interfaces
[28.565s] -- Up-to-date symlink: /home/foka/ros2_humble2/install/msg_interfaces/share/msg_interfaces/environment/ament_prefix_path.sh
[28.568s] -- Up-to-date symlink: /home/foka/ros2_humble2/install/msg_interfaces/share/msg_interfaces/environment/ament_prefix_path.dsv
[28.569s] -- Up-to-date symlink: /home/foka/ros2_humble2/install/msg_interfaces/share/msg_interfaces/environment/path.sh
[28.572s] -- Up-to-date symlink: /home/foka/ros2_humble2/install/msg_interfaces/share/msg_interfaces/environment/path.dsv
[28.574s] -- Up-to-date symlink: /home/foka/ros2_humble2/install/msg_interfaces/share/msg_interfaces/local_setup.bash
[28.575s] -- Up-to-date symlink: /home/foka/ros2_humble2/install/msg_interfaces/share/msg_interfaces/local_setup.sh
[28.619s] -- Up-to-date symlink: /home/foka/ros2_humble2/install/msg_interfaces/share/msg_interfaces/local_setup.zsh
[28.620s] -- Up-to-date symlink: /home/foka/ros2_humble2/install/msg_interfaces/share/msg_interfaces/local_setup.dsv
[28.623s] -- Symlinking: /home/foka/ros2_humble2/install/msg_interfaces/share/msg_interfaces/package.dsv
[28.634s] -- Up-to-date symlink: /home/foka/ros2_humble2/install/msg_interfaces/share/ament_index/resource_index/packages/msg_interfaces
[28.635s] -- Up-to-date symlink: /home/foka/ros2_humble2/install/msg_interfaces/share/msg_interfaces/cmake/rosidl_cmake-extras.cmake
[28.636s] -- Up-to-date symlink: /home/foka/ros2_humble2/install/msg_interfaces/share/msg_interfaces/cmake/ament_cmake_export_dependencies-extras.cmake
[28.638s] -- Up-to-date symlink: /home/foka/ros2_humble2/install/msg_interfaces/share/msg_interfaces/cmake/ament_cmake_export_include_directories-extras.cmake
[28.639s] -- Up-to-date symlink: /home/foka/ros2_humble2/install/msg_interfaces/share/msg_interfaces/cmake/ament_cmake_export_libraries-extras.cmake
[28.644s] -- Up-to-date symlink: /home/foka/ros2_humble2/install/msg_interfaces/share/msg_interfaces/cmake/ament_cmake_export_targets-extras.cmake
[28.648s] -- Up-to-date symlink: /home/foka/ros2_humble2/install/msg_interfaces/share/msg_interfaces/cmake/rosidl_cmake_export_typesupport_targets-extras.cmake
[28.651s] -- Up-to-date symlink: /home/foka/ros2_humble2/install/msg_interfaces/share/msg_interfaces/cmake/rosidl_cmake_export_typesupport_libraries-extras.cmake
[28.653s] -- Up-to-date symlink: /home/foka/ros2_humble2/install/msg_interfaces/share/msg_interfaces/cmake/msg_interfacesConfig.cmake
[28.655s] -- Up-to-date symlink: /home/foka/ros2_humble2/install/msg_interfaces/share/msg_interfaces/cmake/msg_interfacesConfig-version.cmake
[28.658s] -- Up-to-date symlink: /home/foka/ros2_humble2/install/msg_interfaces/share/msg_interfaces/package.xml
[28.667s] -- Installing: /home/foka/ros2_humble2/install/msg_interfaces/lib/libmsg_interfaces__rosidl_generator_c.so
[28.682s] -- Set runtime path of "/home/foka/ros2_humble2/install/msg_interfaces/lib/libmsg_interfaces__rosidl_generator_c.so" to ""
[28.688s] -- Installing: /home/foka/ros2_humble2/install/msg_interfaces/lib/libmsg_interfaces__rosidl_typesupport_fastrtps_c.so
[28.703s] -- Set runtime path of "/home/foka/ros2_humble2/install/msg_interfaces/lib/libmsg_interfaces__rosidl_typesupport_fastrtps_c.so" to ""
[28.720s] -- Installing: /home/foka/ros2_humble2/install/msg_interfaces/lib/libmsg_interfaces__rosidl_typesupport_fastrtps_cpp.so
[28.732s] -- Set runtime path of "/home/foka/ros2_humble2/install/msg_interfaces/lib/libmsg_interfaces__rosidl_typesupport_fastrtps_cpp.so" to ""
[28.741s] -- Installing: /home/foka/ros2_humble2/install/msg_interfaces/lib/libmsg_interfaces__rosidl_typesupport_introspection_c.so
[28.753s] -- Set runtime path of "/home/foka/ros2_humble2/install/msg_interfaces/lib/libmsg_interfaces__rosidl_typesupport_introspection_c.so" to ""
[28.762s] -- Installing: /home/foka/ros2_humble2/install/msg_interfaces/lib/libmsg_interfaces__rosidl_typesupport_c.so
[28.765s] -- Set runtime path of "/home/foka/ros2_humble2/install/msg_interfaces/lib/libmsg_interfaces__rosidl_typesupport_c.so" to ""
[28.769s] -- Installing: /home/foka/ros2_humble2/install/msg_interfaces/lib/libmsg_interfaces__rosidl_typesupport_introspection_cpp.so
[28.772s] -- Set runtime path of "/home/foka/ros2_humble2/install/msg_interfaces/lib/libmsg_interfaces__rosidl_typesupport_introspection_cpp.so" to ""
[28.775s] -- Installing: /home/foka/ros2_humble2/install/msg_interfaces/lib/libmsg_interfaces__rosidl_typesupport_cpp.so
[28.785s] -- Set runtime path of "/home/foka/ros2_humble2/install/msg_interfaces/lib/libmsg_interfaces__rosidl_typesupport_cpp.so" to ""
[29.124s] Listing '/home/foka/ros2_humble2/install/msg_interfaces/local/lib/python3.10/dist-packages/msg_interfaces'...
[29.125s] Compiling '/home/foka/ros2_humble2/install/msg_interfaces/local/lib/python3.10/dist-packages/msg_interfaces/__init__.py'...
[29.130s] Listing '/home/foka/ros2_humble2/install/msg_interfaces/local/lib/python3.10/dist-packages/msg_interfaces/msg'...
[29.133s] Compiling '/home/foka/ros2_humble2/install/msg_interfaces/local/lib/python3.10/dist-packages/msg_interfaces/msg/__init__.py'...
[29.140s] Compiling '/home/foka/ros2_humble2/install/msg_interfaces/local/lib/python3.10/dist-packages/msg_interfaces/msg/_gps_data.py'...
[29.153s] Compiling '/home/foka/ros2_humble2/install/msg_interfaces/local/lib/python3.10/dist-packages/msg_interfaces/msg/_sensor_data.py'...
[29.170s] -- Installing: /home/foka/ros2_humble2/install/msg_interfaces/lib/libmsg_interfaces__rosidl_generator_py.so
[29.174s] -- Set runtime path of "/home/foka/ros2_humble2/install/msg_interfaces/lib/libmsg_interfaces__rosidl_generator_py.so" to ""
[29.175s] -- Up-to-date: /home/foka/ros2_humble2/install/msg_interfaces/share/msg_interfaces/cmake/export_msg_interfaces__rosidl_generator_cExport.cmake
[29.176s] -- Up-to-date: /home/foka/ros2_humble2/install/msg_interfaces/share/msg_interfaces/cmake/export_msg_interfaces__rosidl_generator_cExport-noconfig.cmake
[29.178s] -- Up-to-date: /home/foka/ros2_humble2/install/msg_interfaces/share/msg_interfaces/cmake/export_msg_interfaces__rosidl_typesupport_fastrtps_cExport.cmake
[29.180s] -- Up-to-date: /home/foka/ros2_humble2/install/msg_interfaces/share/msg_interfaces/cmake/export_msg_interfaces__rosidl_typesupport_fastrtps_cExport-noconfig.cmake
[29.182s] -- Up-to-date: /home/foka/ros2_humble2/install/msg_interfaces/share/msg_interfaces/cmake/export_msg_interfaces__rosidl_generator_cppExport.cmake
[29.185s] -- Up-to-date: /home/foka/ros2_humble2/install/msg_interfaces/share/msg_interfaces/cmake/export_msg_interfaces__rosidl_typesupport_fastrtps_cppExport.cmake
[29.187s] -- Up-to-date: /home/foka/ros2_humble2/install/msg_interfaces/share/msg_interfaces/cmake/export_msg_interfaces__rosidl_typesupport_fastrtps_cppExport-noconfig.cmake
[29.190s] -- Up-to-date: /home/foka/ros2_humble2/install/msg_interfaces/share/msg_interfaces/cmake/msg_interfaces__rosidl_typesupport_introspection_cExport.cmake
[29.191s] -- Up-to-date: /home/foka/ros2_humble2/install/msg_interfaces/share/msg_interfaces/cmake/msg_interfaces__rosidl_typesupport_introspection_cExport-noconfig.cmake
[29.194s] -- Up-to-date: /home/foka/ros2_humble2/install/msg_interfaces/share/msg_interfaces/cmake/msg_interfaces__rosidl_typesupport_cExport.cmake
[29.196s] -- Up-to-date: /home/foka/ros2_humble2/install/msg_interfaces/share/msg_interfaces/cmake/msg_interfaces__rosidl_typesupport_cExport-noconfig.cmake
[29.199s] -- Up-to-date: /home/foka/ros2_humble2/install/msg_interfaces/share/msg_interfaces/cmake/msg_interfaces__rosidl_typesupport_introspection_cppExport.cmake
[29.202s] -- Up-to-date: /home/foka/ros2_humble2/install/msg_interfaces/share/msg_interfaces/cmake/msg_interfaces__rosidl_typesupport_introspection_cppExport-noconfig.cmake
[29.205s] -- Up-to-date: /home/foka/ros2_humble2/install/msg_interfaces/share/msg_interfaces/cmake/msg_interfaces__rosidl_typesupport_cppExport.cmake
[29.207s] -- Up-to-date: /home/foka/ros2_humble2/install/msg_interfaces/share/msg_interfaces/cmake/msg_interfaces__rosidl_typesupport_cppExport-noconfig.cmake
[29.210s] -- Up-to-date: /home/foka/ros2_humble2/install/msg_interfaces/share/msg_interfaces/cmake/export_msg_interfaces__rosidl_generator_pyExport.cmake
[29.212s] -- Up-to-date: /home/foka/ros2_humble2/install/msg_interfaces/share/msg_interfaces/cmake/export_msg_interfaces__rosidl_generator_pyExport-noconfig.cmake
[29.221s] Invoked command in '/home/foka/ros2_humble2/build/msg_interfaces' returned '0': CMAKE_PREFIX_PATH=${CMAKE_PREFIX_PATH}:/home/foka/ros2_humble2/install/telemetry:/home/foka/ros2_humble2/install/sensor_voltage:/home/foka/ros2_humble2/install/sensor_turbidity:/home/foka/ros2_humble2/install/sensor_tds:/home/foka/ros2_humble2/install/sensor_ph:/home/foka/ros2_humble2/install/system_launcher:/home/foka/ros2_humble2/install/sensor_thermometer:/home/foka/ros2_humble2/install/saver:/home/foka/ros2_humble2/install/aggregator:/opt/ros/humble /usr/bin/cmake --install /home/foka/ros2_humble2/build/msg_interfaces
