[3.373s] Invoking command in '/home/foka/ros2_humble2/src/py_talker': PYTHONPATH=/home/foka/ros2_humble2/build/py_talker/prefix_override:/usr/lib/python3/dist-packages/colcon_core/task/python/colcon_distutils_commands:/home/foka/ros2_humble2/install/py_talker/lib/python3.10/site-packages:${PYTHONPATH} /usr/bin/python3 -W ignore:setup.py install is deprecated -W ignore:easy_install command is deprecated setup.py egg_info --egg-base ../../build/py_talker build --build-base /home/foka/ros2_humble2/build/py_talker/build install --record /home/foka/ros2_humble2/build/py_talker/install.log --single-version-externally-managed install_data
[4.689s] running egg_info
[4.692s] writing ../../build/py_talker/py_talker.egg-info/PKG-INFO
[4.693s] writing dependency_links to ../../build/py_talker/py_talker.egg-info/dependency_links.txt
[4.694s] writing entry points to ../../build/py_talker/py_talker.egg-info/entry_points.txt
[4.695s] writing requirements to ../../build/py_talker/py_talker.egg-info/requires.txt
[4.696s] writing top-level names to ../../build/py_talker/py_talker.egg-info/top_level.txt
[4.705s] reading manifest file '../../build/py_talker/py_talker.egg-info/SOURCES.txt'
[4.709s] writing manifest file '../../build/py_talker/py_talker.egg-info/SOURCES.txt'
[4.710s] running build
[4.710s] running build_py
[4.712s] running install
[4.714s] running install_lib
[4.720s] running install_data
[4.721s] running install_egg_info
[4.729s] removing '/home/foka/ros2_humble2/install/py_talker/lib/python3.10/site-packages/py_talker-0.0.0-py3.10.egg-info' (and everything under it)
[4.731s] Copying ../../build/py_talker/py_talker.egg-info to /home/foka/ros2_humble2/install/py_talker/lib/python3.10/site-packages/py_talker-0.0.0-py3.10.egg-info
[4.739s] running install_scripts
[4.822s] Installing listener script to /home/foka/ros2_humble2/install/py_talker/lib/py_talker
[4.823s] Installing talker script to /home/foka/ros2_humble2/install/py_talker/lib/py_talker
[4.825s] writing list of installed files to '/home/foka/ros2_humble2/build/py_talker/install.log'
[4.962s] Invoked command in '/home/foka/ros2_humble2/src/py_talker' returned '0': PYTHONPATH=/home/foka/ros2_humble2/build/py_talker/prefix_override:/usr/lib/python3/dist-packages/colcon_core/task/python/colcon_distutils_commands:/home/foka/ros2_humble2/install/py_talker/lib/python3.10/site-packages:${PYTHONPATH} /usr/bin/python3 -W ignore:setup.py install is deprecated -W ignore:easy_install command is deprecated setup.py egg_info --egg-base ../../build/py_talker build --build-base /home/foka/ros2_humble2/build/py_talker/build install --record /home/foka/ros2_humble2/build/py_talker/install.log --single-version-externally-managed install_data
