[4.320s] Invoking command in '/home/foka/ros2_humble2/src/system_launcher': PYTHONPATH=/home/foka/ros2_humble2/build/system_launcher/prefix_override:/usr/lib/python3/dist-packages/colcon_core/task/python/colcon_distutils_commands:/home/foka/ros2_humble2/install/system_launcher/lib/python3.10/site-packages:${PYTHONPATH} /usr/bin/python3 -W ignore:setup.py install is deprecated -W ignore:easy_install command is deprecated setup.py egg_info --egg-base ../../build/system_launcher build --build-base /home/foka/ros2_humble2/build/system_launcher/build install --record /home/foka/ros2_humble2/build/system_launcher/install.log --single-version-externally-managed install_data
[5.684s] running egg_info
[5.686s] creating ../../build/system_launcher/system_launcher.egg-info
[5.691s] writing ../../build/system_launcher/system_launcher.egg-info/PKG-INFO
[5.693s] writing dependency_links to ../../build/system_launcher/system_launcher.egg-info/dependency_links.txt
[5.693s] writing entry points to ../../build/system_launcher/system_launcher.egg-info/entry_points.txt
[5.694s] writing requirements to ../../build/system_launcher/system_launcher.egg-info/requires.txt
[5.694s] writing top-level names to ../../build/system_launcher/system_launcher.egg-info/top_level.txt
[5.694s] writing manifest file '../../build/system_launcher/system_launcher.egg-info/SOURCES.txt'
[5.699s] reading manifest file '../../build/system_launcher/system_launcher.egg-info/SOURCES.txt'
[5.703s] writing manifest file '../../build/system_launcher/system_launcher.egg-info/SOURCES.txt'
[5.705s] running build
[5.706s] running build_py
[5.706s] creating /home/foka/ros2_humble2/build/system_launcher/build
[5.710s] creating /home/foka/ros2_humble2/build/system_launcher/build/lib
[5.710s] creating /home/foka/ros2_humble2/build/system_launcher/build/lib/system_launcher
[5.711s] copying system_launcher/__init__.py -> /home/foka/ros2_humble2/build/system_launcher/build/lib/system_launcher
[5.711s] copying system_launcher/launch_all.py -> /home/foka/ros2_humble2/build/system_launcher/build/lib/system_launcher
[5.713s] running install
[5.716s] running install_lib
[5.717s] creating /home/foka/ros2_humble2/install/system_launcher/lib/python3.10/site-packages/system_launcher
[5.717s] copying /home/foka/ros2_humble2/build/system_launcher/build/lib/system_launcher/__init__.py -> /home/foka/ros2_humble2/install/system_launcher/lib/python3.10/site-packages/system_launcher
[5.718s] copying /home/foka/ros2_humble2/build/system_launcher/build/lib/system_launcher/launch_all.py -> /home/foka/ros2_humble2/install/system_launcher/lib/python3.10/site-packages/system_launcher
[5.720s] byte-compiling /home/foka/ros2_humble2/install/system_launcher/lib/python3.10/site-packages/system_launcher/__init__.py to __init__.cpython-310.pyc
[5.721s] byte-compiling /home/foka/ros2_humble2/install/system_launcher/lib/python3.10/site-packages/system_launcher/launch_all.py to launch_all.cpython-310.pyc
[5.723s] running install_data
[5.723s] creating /home/foka/ros2_humble2/install/system_launcher/share/ament_index
[5.724s] creating /home/foka/ros2_humble2/install/system_launcher/share/ament_index/resource_index
[5.724s] creating /home/foka/ros2_humble2/install/system_launcher/share/ament_index/resource_index/packages
[5.724s] copying resource/system_launcher -> /home/foka/ros2_humble2/install/system_launcher/share/ament_index/resource_index/packages
[5.725s] copying package.xml -> /home/foka/ros2_humble2/install/system_launcher/share/system_launcher
[5.725s] creating /home/foka/ros2_humble2/install/system_launcher/share/system_launcher/launch
[5.726s] running install_egg_info
[5.731s] Copying ../../build/system_launcher/system_launcher.egg-info to /home/foka/ros2_humble2/install/system_launcher/lib/python3.10/site-packages/system_launcher-0.0.0-py3.10.egg-info
[5.737s] running install_scripts
[5.825s] Installing system_launcher script to /home/foka/ros2_humble2/install/system_launcher/lib/system_launcher
[5.828s] writing list of installed files to '/home/foka/ros2_humble2/build/system_launcher/install.log'
[5.954s] Invoked command in '/home/foka/ros2_humble2/src/system_launcher' returned '0': PYTHONPATH=/home/foka/ros2_humble2/build/system_launcher/prefix_override:/usr/lib/python3/dist-packages/colcon_core/task/python/colcon_distutils_commands:/home/foka/ros2_humble2/install/system_launcher/lib/python3.10/site-packages:${PYTHONPATH} /usr/bin/python3 -W ignore:setup.py install is deprecated -W ignore:easy_install command is deprecated setup.py egg_info --egg-base ../../build/system_launcher build --build-base /home/foka/ros2_humble2/build/system_launcher/build install --record /home/foka/ros2_humble2/build/system_launcher/install.log --single-version-externally-managed install_data
