running egg_info
creating ../../build/autopilot/autopilot.egg-info
writing ../../build/autopilot/autopilot.egg-info/PKG-INFO
writing dependency_links to ../../build/autopilot/autopilot.egg-info/dependency_links.txt
writing entry points to ../../build/autopilot/autopilot.egg-info/entry_points.txt
writing requirements to ../../build/autopilot/autopilot.egg-info/requires.txt
writing top-level names to ../../build/autopilot/autopilot.egg-info/top_level.txt
writing manifest file '../../build/autopilot/autopilot.egg-info/SOURCES.txt'
reading manifest file '../../build/autopilot/autopilot.egg-info/SOURCES.txt'
writing manifest file '../../build/autopilot/autopilot.egg-info/SOURCES.txt'
running build
running build_py
creating /home/foka/ros2_humble2/build/autopilot/build
creating /home/foka/ros2_humble2/build/autopilot/build/lib
creating /home/foka/ros2_humble2/build/autopilot/build/lib/autopilot
copying autopilot/__init__.py -> /home/foka/ros2_humble2/build/autopilot/build/lib/autopilot
copying autopilot/compass.py -> /home/foka/ros2_humble2/build/autopilot/build/lib/autopilot
running install
running install_lib
creating /home/foka/ros2_humble2/install/autopilot/lib/python3.10/site-packages/autopilot
copying /home/foka/ros2_humble2/build/autopilot/build/lib/autopilot/__init__.py -> /home/foka/ros2_humble2/install/autopilot/lib/python3.10/site-packages/autopilot
copying /home/foka/ros2_humble2/build/autopilot/build/lib/autopilot/compass.py -> /home/foka/ros2_humble2/install/autopilot/lib/python3.10/site-packages/autopilot
byte-compiling /home/foka/ros2_humble2/install/autopilot/lib/python3.10/site-packages/autopilot/__init__.py to __init__.cpython-310.pyc
byte-compiling /home/foka/ros2_humble2/install/autopilot/lib/python3.10/site-packages/autopilot/compass.py to compass.cpython-310.pyc
running install_data
creating /home/foka/ros2_humble2/install/autopilot/share/ament_index
creating /home/foka/ros2_humble2/install/autopilot/share/ament_index/resource_index
creating /home/foka/ros2_humble2/install/autopilot/share/ament_index/resource_index/packages
copying resource/autopilot -> /home/foka/ros2_humble2/install/autopilot/share/ament_index/resource_index/packages
copying package.xml -> /home/foka/ros2_humble2/install/autopilot/share/autopilot
running install_egg_info
Copying ../../build/autopilot/autopilot.egg-info to /home/foka/ros2_humble2/install/autopilot/lib/python3.10/site-packages/autopilot-0.0.0-py3.10.egg-info
running install_scripts
Installing compass script to /home/foka/ros2_humble2/install/autopilot/lib/autopilot
writing list of installed files to '/home/foka/ros2_humble2/build/autopilot/install.log'
