[3.434s] Invoking command in '/home/foka/ros2_humble2/src/autopilot': PYTHONPATH=/home/foka/ros2_humble2/build/autopilot/prefix_override:/usr/lib/python3/dist-packages/colcon_core/task/python/colcon_distutils_commands:/home/foka/ros2_humble2/install/autopilot/lib/python3.10/site-packages:${PYTHONPATH} /usr/bin/python3 -W ignore:setup.py install is deprecated -W ignore:easy_install command is deprecated setup.py egg_info --egg-base ../../build/autopilot build --build-base /home/foka/ros2_humble2/build/autopilot/build install --record /home/foka/ros2_humble2/build/autopilot/install.log --single-version-externally-managed install_data
[4.721s] running egg_info
[4.724s] writing ../../build/autopilot/autopilot.egg-info/PKG-INFO
[4.725s] writing dependency_links to ../../build/autopilot/autopilot.egg-info/dependency_links.txt
[4.726s] writing entry points to ../../build/autopilot/autopilot.egg-info/entry_points.txt
[4.727s] writing requirements to ../../build/autopilot/autopilot.egg-info/requires.txt
[4.728s] writing top-level names to ../../build/autopilot/autopilot.egg-info/top_level.txt
[4.735s] reading manifest file '../../build/autopilot/autopilot.egg-info/SOURCES.txt'
[4.739s] writing manifest file '../../build/autopilot/autopilot.egg-info/SOURCES.txt'
[4.740s] running build
[4.741s] running build_py
[4.742s] copying autopilot/compass.py -> /home/foka/ros2_humble2/build/autopilot/build/lib/autopilot
[4.742s] running install
[4.744s] running install_lib
[4.747s] copying /home/foka/ros2_humble2/build/autopilot/build/lib/autopilot/compass.py -> /home/foka/ros2_humble2/install/autopilot/lib/python3.10/site-packages/autopilot
[4.751s] byte-compiling /home/foka/ros2_humble2/install/autopilot/lib/python3.10/site-packages/autopilot/compass.py to compass.cpython-310.pyc
[4.754s] running install_data
[4.755s] running install_egg_info
[4.763s] removing '/home/foka/ros2_humble2/install/autopilot/lib/python3.10/site-packages/autopilot-0.0.0-py3.10.egg-info' (and everything under it)
[4.765s] Copying ../../build/autopilot/autopilot.egg-info to /home/foka/ros2_humble2/install/autopilot/lib/python3.10/site-packages/autopilot-0.0.0-py3.10.egg-info
[4.771s] running install_scripts
[4.861s] Installing compass script to /home/foka/ros2_humble2/install/autopilot/lib/autopilot
[4.862s] writing list of installed files to '/home/foka/ros2_humble2/build/autopilot/install.log'
[4.982s] Invoked command in '/home/foka/ros2_humble2/src/autopilot' returned '0': PYTHONPATH=/home/foka/ros2_humble2/build/autopilot/prefix_override:/usr/lib/python3/dist-packages/colcon_core/task/python/colcon_distutils_commands:/home/foka/ros2_humble2/install/autopilot/lib/python3.10/site-packages:${PYTHONPATH} /usr/bin/python3 -W ignore:setup.py install is deprecated -W ignore:easy_install command is deprecated setup.py egg_info --egg-base ../../build/autopilot build --build-base /home/foka/ros2_humble2/build/autopilot/build install --record /home/foka/ros2_humble2/build/autopilot/install.log --single-version-externally-managed install_data
