[9.975s] Invoking command in '/home/foka/ros2_humble2/build/telemetry': PYTHONPATH=/home/foka/ros2_humble2/build/telemetry/prefix_override:/usr/lib/python3/dist-packages/colcon_core/task/python/colcon_distutils_commands:/home/foka/ros2_humble2/install/telemetry/lib/python3.10/site-packages:${PYTHONPATH} /usr/bin/python3 -W ignore:setup.py install is deprecated -W ignore:easy_install command is deprecated setup.py develop --editable --build-directory /home/foka/ros2_humble2/build/telemetry/build --no-deps symlink_data
[15.583s] running develop
[19.505s] running egg_info
[19.509s] creating telemetry.egg-info
[19.510s] writing telemetry.egg-info/PKG-INFO
[19.516s] writing dependency_links to telemetry.egg-info/dependency_links.txt
[19.517s] writing entry points to telemetry.egg-info/entry_points.txt
[19.517s] writing requirements to telemetry.egg-info/requires.txt
[19.518s] writing top-level names to telemetry.egg-info/top_level.txt
[19.519s] writing manifest file 'telemetry.egg-info/SOURCES.txt'
[19.552s] reading manifest file 'telemetry.egg-info/SOURCES.txt'
[19.557s] writing manifest file 'telemetry.egg-info/SOURCES.txt'
[19.567s] running build_ext
[19.578s] Creating /home/foka/ros2_humble2/install/telemetry/lib/python3.10/site-packages/telemetry.egg-link (link to .)
[19.584s] Installing telemetry script to /home/foka/ros2_humble2/install/telemetry/lib/telemetry
[19.595s] 
[19.596s] Installed /home/foka/ros2_humble2/build/telemetry
[19.601s] running symlink_data
[19.603s] creating /home/foka/ros2_humble2/install/telemetry/share/ament_index
[19.609s] creating /home/foka/ros2_humble2/install/telemetry/share/ament_index/resource_index
[19.611s] creating /home/foka/ros2_humble2/install/telemetry/share/ament_index/resource_index/packages
[19.613s] symbolically linking /home/foka/ros2_humble2/build/telemetry/resource/telemetry -> /home/foka/ros2_humble2/install/telemetry/share/ament_index/resource_index/packages
[19.618s] symbolically linking /home/foka/ros2_humble2/build/telemetry/package.xml -> /home/foka/ros2_humble2/install/telemetry/share/telemetry
[22.142s] Invoked command in '/home/foka/ros2_humble2/build/telemetry' returned '0': PYTHONPATH=/home/foka/ros2_humble2/build/telemetry/prefix_override:/usr/lib/python3/dist-packages/colcon_core/task/python/colcon_distutils_commands:/home/foka/ros2_humble2/install/telemetry/lib/python3.10/site-packages:${PYTHONPATH} /usr/bin/python3 -W ignore:setup.py install is deprecated -W ignore:easy_install command is deprecated setup.py develop --editable --build-directory /home/foka/ros2_humble2/build/telemetry/build --no-deps symlink_data
