running egg_info
writing ../../build/py_talker/py_talker.egg-info/PKG-INFO
writing dependency_links to ../../build/py_talker/py_talker.egg-info/dependency_links.txt
writing entry points to ../../build/py_talker/py_talker.egg-info/entry_points.txt
writing requirements to ../../build/py_talker/py_talker.egg-info/requires.txt
writing top-level names to ../../build/py_talker/py_talker.egg-info/top_level.txt
reading manifest file '../../build/py_talker/py_talker.egg-info/SOURCES.txt'
writing manifest file '../../build/py_talker/py_talker.egg-info/SOURCES.txt'
running build
running build_py
copying py_talker/listener.py -> /home/foka/ros2_humble2/build/py_talker/build/lib/py_talker
running install
running install_lib
copying /home/foka/ros2_humble2/build/py_talker/build/lib/py_talker/listener.py -> /home/foka/ros2_humble2/install/py_talker/lib/python3.10/site-packages/py_talker
byte-compiling /home/foka/ros2_humble2/install/py_talker/lib/python3.10/site-packages/py_talker/listener.py to listener.cpython-310.pyc
running install_data
running install_egg_info
removing '/home/foka/ros2_humble2/install/py_talker/lib/python3.10/site-packages/py_talker-0.0.0-py3.10.egg-info' (and everything under it)
Copying ../../build/py_talker/py_talker.egg-info to /home/foka/ros2_humble2/install/py_talker/lib/python3.10/site-packages/py_talker-0.0.0-py3.10.egg-info
running install_scripts
Installing listener script to /home/foka/ros2_humble2/install/py_talker/lib/py_talker
Installing talker script to /home/foka/ros2_humble2/install/py_talker/lib/py_talker
writing list of installed files to '/home/foka/ros2_humble2/build/py_talker/install.log'
