[2.838s] Invoking command in '/home/foka/ros2_humble2/src/py_talker': PYTHONPATH=/home/foka/ros2_humble2/build/py_talker/prefix_override:/usr/lib/python3/dist-packages/colcon_core/task/python/colcon_distutils_commands:/home/foka/ros2_humble2/install/py_talker/lib/python3.10/site-packages:${PYTHONPATH} /usr/bin/python3 -W ignore:setup.py install is deprecated -W ignore:easy_install command is deprecated setup.py egg_info --egg-base ../../build/py_talker build --build-base /home/foka/ros2_humble2/build/py_talker/build install --record /home/foka/ros2_humble2/build/py_talker/install.log --single-version-externally-managed install_data
[3.889s] running egg_info
[3.892s] writing ../../build/py_talker/py_talker.egg-info/PKG-INFO
[3.893s] writing dependency_links to ../../build/py_talker/py_talker.egg-info/dependency_links.txt
[3.893s] writing entry points to ../../build/py_talker/py_talker.egg-info/entry_points.txt
[3.894s] writing requirements to ../../build/py_talker/py_talker.egg-info/requires.txt
[3.895s] writing top-level names to ../../build/py_talker/py_talker.egg-info/top_level.txt
[3.903s] reading manifest file '../../build/py_talker/py_talker.egg-info/SOURCES.txt'
[3.906s] writing manifest file '../../build/py_talker/py_talker.egg-info/SOURCES.txt'
[3.907s] running build
[3.907s] running build_py
[3.908s] copying py_talker/listener.py -> /home/foka/ros2_humble2/build/py_talker/build/lib/py_talker
[3.909s] running install
[3.911s] running install_lib
[3.931s] copying /home/foka/ros2_humble2/build/py_talker/build/lib/py_talker/listener.py -> /home/foka/ros2_humble2/install/py_talker/lib/python3.10/site-packages/py_talker
[3.936s] byte-compiling /home/foka/ros2_humble2/install/py_talker/lib/python3.10/site-packages/py_talker/listener.py to listener.cpython-310.pyc
[3.941s] running install_data
[3.943s] running install_egg_info
[3.950s] removing '/home/foka/ros2_humble2/install/py_talker/lib/python3.10/site-packages/py_talker-0.0.0-py3.10.egg-info' (and everything under it)
[3.951s] Copying ../../build/py_talker/py_talker.egg-info to /home/foka/ros2_humble2/install/py_talker/lib/python3.10/site-packages/py_talker-0.0.0-py3.10.egg-info
[3.956s] running install_scripts
[4.034s] Installing listener script to /home/foka/ros2_humble2/install/py_talker/lib/py_talker
[4.035s] Installing talker script to /home/foka/ros2_humble2/install/py_talker/lib/py_talker
[4.036s] writing list of installed files to '/home/foka/ros2_humble2/build/py_talker/install.log'
[4.153s] Invoked command in '/home/foka/ros2_humble2/src/py_talker' returned '0': PYTHONPATH=/home/foka/ros2_humble2/build/py_talker/prefix_override:/usr/lib/python3/dist-packages/colcon_core/task/python/colcon_distutils_commands:/home/foka/ros2_humble2/install/py_talker/lib/python3.10/site-packages:${PYTHONPATH} /usr/bin/python3 -W ignore:setup.py install is deprecated -W ignore:easy_install command is deprecated setup.py egg_info --egg-base ../../build/py_talker build --build-base /home/foka/ros2_humble2/build/py_talker/build install --record /home/foka/ros2_humble2/build/py_talker/install.log --single-version-externally-managed install_data
