running egg_info
writing ../../build/sensor_voltage/sensor_voltage.egg-info/PKG-INFO
writing dependency_links to ../../build/sensor_voltage/sensor_voltage.egg-info/dependency_links.txt
writing entry points to ../../build/sensor_voltage/sensor_voltage.egg-info/entry_points.txt
writing requirements to ../../build/sensor_voltage/sensor_voltage.egg-info/requires.txt
writing top-level names to ../../build/sensor_voltage/sensor_voltage.egg-info/top_level.txt
reading manifest file '../../build/sensor_voltage/sensor_voltage.egg-info/SOURCES.txt'
writing manifest file '../../build/sensor_voltage/sensor_voltage.egg-info/SOURCES.txt'
running build
running build_py
copying sensor_voltage/sensor_voltage.py -> /home/foka/ros2_humble2/build/sensor_voltage/build/lib/sensor_voltage
running install
running install_lib
copying /home/foka/ros2_humble2/build/sensor_voltage/build/lib/sensor_voltage/sensor_voltage.py -> /home/foka/ros2_humble2/install/sensor_voltage/lib/python3.10/site-packages/sensor_voltage
byte-compiling /home/foka/ros2_humble2/install/sensor_voltage/lib/python3.10/site-packages/sensor_voltage/sensor_voltage.py to sensor_voltage.cpython-310.pyc
running install_data
running install_egg_info
removing '/home/foka/ros2_humble2/install/sensor_voltage/lib/python3.10/site-packages/sensor_voltage-0.0.0-py3.10.egg-info' (and everything under it)
Copying ../../build/sensor_voltage/sensor_voltage.egg-info to /home/foka/ros2_humble2/install/sensor_voltage/lib/python3.10/site-packages/sensor_voltage-0.0.0-py3.10.egg-info
running install_scripts
Installing sensor_voltage script to /home/foka/ros2_humble2/install/sensor_voltage/lib/sensor_voltage
writing list of installed files to '/home/foka/ros2_humble2/build/sensor_voltage/install.log'
