[1.506s] DEBUG:colcon:Command line arguments: ['/usr/bin/colcon', 'build', '--packages-select', 'sensor_depth']
[1.507s] DEBUG:colcon:Parsed command line arguments: Namespace(log_base=None, log_level=None, verb_name='build', build_base='build', install_base='install', merge_install=False, symlink_install=False, test_result_base=None, continue_on_error=False, executor='parallel', parallel_workers=4, event_handlers=None, ignore_user_meta=False, metas=['./colcon.meta'], base_paths=['.'], packages_ignore=None, packages_ignore_regex=None, paths=None, packages_up_to=None, packages_up_to_regex=None, packages_above=None, packages_above_and_dependencies=None, packages_above_depth=None, packages_select_by_dep=None, packages_skip_by_dep=None, packages_skip_up_to=None, packages_select_build_failed=False, packages_skip_build_finished=False, packages_select_test_failures=False, packages_skip_test_passed=False, packages_select=['sensor_depth'], packages_skip=None, packages_select_regex=None, packages_skip_regex=None, packages_start=None, packages_end=None, allow_overriding=[], cmake_args=None, cmake_target=None, cmake_target_skip_unavailable=False, cmake_clean_cache=False, cmake_clean_first=False, cmake_force_configure=False, ament_cmake_args=None, catkin_cmake_args=None, catkin_skip_building_tests=False, verb_parser=<colcon_defaults.argument_parser.defaults.DefaultArgumentsDecorator object at 0xffff805daaa0>, verb_extension=<colcon_core.verb.build.BuildVerb object at 0xffff8079c910>, main=<bound method BuildVerb.main of <colcon_core.verb.build.BuildVerb object at 0xffff8079c910>>)
[4.510s] Level 1:colcon.colcon_core.package_discovery:discover_packages(colcon_meta) check parameters
[4.511s] Level 1:colcon.colcon_core.package_discovery:discover_packages(recursive) check parameters
[4.511s] Level 1:colcon.colcon_core.package_discovery:discover_packages(ignore) check parameters
[4.512s] Level 1:colcon.colcon_core.package_discovery:discover_packages(path) check parameters
[4.512s] Level 1:colcon.colcon_core.package_discovery:discover_packages(colcon_meta) discover
[4.513s] Level 1:colcon.colcon_core.package_discovery:discover_packages(recursive) discover
[4.513s] INFO:colcon.colcon_core.package_discovery:Crawling recursively for packages in '/home/foka/ros2_humble2'
[4.516s] Level 1:colcon.colcon_core.package_identification:_identify(.) by extensions ['ignore', 'ignore_ament_install']
[4.517s] Level 1:colcon.colcon_core.package_identification:_identify(.) by extension 'ignore'
[4.517s] Level 1:colcon.colcon_core.package_identification:_identify(.) by extension 'ignore_ament_install'
[4.518s] Level 1:colcon.colcon_core.package_identification:_identify(.) by extensions ['colcon_pkg']
[4.518s] Level 1:colcon.colcon_core.package_identification:_identify(.) by extension 'colcon_pkg'
[4.519s] Level 1:colcon.colcon_core.package_identification:_identify(.) by extensions ['colcon_meta']
[4.519s] Level 1:colcon.colcon_core.package_identification:_identify(.) by extension 'colcon_meta'
[4.520s] Level 1:colcon.colcon_core.package_identification:_identify(.) by extensions ['ros']
[4.520s] Level 1:colcon.colcon_core.package_identification:_identify(.) by extension 'ros'
[4.661s] Level 1:colcon.colcon_core.package_identification:_identify(.) by extensions ['cmake', 'python']
[4.662s] Level 1:colcon.colcon_core.package_identification:_identify(.) by extension 'cmake'
[4.662s] Level 1:colcon.colcon_core.package_identification:_identify(.) by extension 'python'
[4.663s] Level 1:colcon.colcon_core.package_identification:_identify(.) by extensions ['python_setup_py']
[4.663s] Level 1:colcon.colcon_core.package_identification:_identify(.) by extension 'python_setup_py'
[4.665s] Level 1:colcon.colcon_core.package_identification:_identify(build) by extensions ['ignore', 'ignore_ament_install']
[4.666s] Level 1:colcon.colcon_core.package_identification:_identify(build) by extension 'ignore'
[4.667s] Level 1:colcon.colcon_core.package_identification:_identify(build) ignored
[4.668s] Level 1:colcon.colcon_core.package_identification:_identify(data) by extensions ['ignore', 'ignore_ament_install']
[4.669s] Level 1:colcon.colcon_core.package_identification:_identify(data) by extension 'ignore'
[4.670s] Level 1:colcon.colcon_core.package_identification:_identify(data) by extension 'ignore_ament_install'
[4.670s] Level 1:colcon.colcon_core.package_identification:_identify(data) by extensions ['colcon_pkg']
[4.671s] Level 1:colcon.colcon_core.package_identification:_identify(data) by extension 'colcon_pkg'
[4.671s] Level 1:colcon.colcon_core.package_identification:_identify(data) by extensions ['colcon_meta']
[4.672s] Level 1:colcon.colcon_core.package_identification:_identify(data) by extension 'colcon_meta'
[4.672s] Level 1:colcon.colcon_core.package_identification:_identify(data) by extensions ['ros']
[4.673s] Level 1:colcon.colcon_core.package_identification:_identify(data) by extension 'ros'
[4.674s] Level 1:colcon.colcon_core.package_identification:_identify(data) by extensions ['cmake', 'python']
[4.674s] Level 1:colcon.colcon_core.package_identification:_identify(data) by extension 'cmake'
[4.675s] Level 1:colcon.colcon_core.package_identification:_identify(data) by extension 'python'
[4.675s] Level 1:colcon.colcon_core.package_identification:_identify(data) by extensions ['python_setup_py']
[4.676s] Level 1:colcon.colcon_core.package_identification:_identify(data) by extension 'python_setup_py'
[4.678s] Level 1:colcon.colcon_core.package_identification:_identify(install) by extensions ['ignore', 'ignore_ament_install']
[4.678s] Level 1:colcon.colcon_core.package_identification:_identify(install) by extension 'ignore'
[4.679s] Level 1:colcon.colcon_core.package_identification:_identify(install) ignored
[4.685s] Level 1:colcon.colcon_core.package_identification:_identify(log) by extensions ['ignore', 'ignore_ament_install']
[4.686s] Level 1:colcon.colcon_core.package_identification:_identify(log) by extension 'ignore'
[4.687s] Level 1:colcon.colcon_core.package_identification:_identify(log) ignored
[4.688s] Level 1:colcon.colcon_core.package_identification:_identify(src) by extensions ['ignore', 'ignore_ament_install']
[4.689s] Level 1:colcon.colcon_core.package_identification:_identify(src) by extension 'ignore'
[4.690s] Level 1:colcon.colcon_core.package_identification:_identify(src) by extension 'ignore_ament_install'
[4.690s] Level 1:colcon.colcon_core.package_identification:_identify(src) by extensions ['colcon_pkg']
[4.691s] Level 1:colcon.colcon_core.package_identification:_identify(src) by extension 'colcon_pkg'
[4.691s] Level 1:colcon.colcon_core.package_identification:_identify(src) by extensions ['colcon_meta']
[4.692s] Level 1:colcon.colcon_core.package_identification:_identify(src) by extension 'colcon_meta'
[4.692s] Level 1:colcon.colcon_core.package_identification:_identify(src) by extensions ['ros']
[4.693s] Level 1:colcon.colcon_core.package_identification:_identify(src) by extension 'ros'
[4.694s] Level 1:colcon.colcon_core.package_identification:_identify(src) by extensions ['cmake', 'python']
[4.694s] Level 1:colcon.colcon_core.package_identification:_identify(src) by extension 'cmake'
[4.695s] Level 1:colcon.colcon_core.package_identification:_identify(src) by extension 'python'
[4.695s] Level 1:colcon.colcon_core.package_identification:_identify(src) by extensions ['python_setup_py']
[4.696s] Level 1:colcon.colcon_core.package_identification:_identify(src) by extension 'python_setup_py'
[4.697s] Level 1:colcon.colcon_core.package_identification:_identify(src/aggregator) by extensions ['ignore', 'ignore_ament_install']
[4.698s] Level 1:colcon.colcon_core.package_identification:_identify(src/aggregator) by extension 'ignore'
[4.699s] Level 1:colcon.colcon_core.package_identification:_identify(src/aggregator) by extension 'ignore_ament_install'
[4.699s] Level 1:colcon.colcon_core.package_identification:_identify(src/aggregator) by extensions ['colcon_pkg']
[4.700s] Level 1:colcon.colcon_core.package_identification:_identify(src/aggregator) by extension 'colcon_pkg'
[4.700s] Level 1:colcon.colcon_core.package_identification:_identify(src/aggregator) by extensions ['colcon_meta']
[4.701s] Level 1:colcon.colcon_core.package_identification:_identify(src/aggregator) by extension 'colcon_meta'
[4.701s] Level 1:colcon.colcon_core.package_identification:_identify(src/aggregator) by extensions ['ros']
[4.702s] Level 1:colcon.colcon_core.package_identification:_identify(src/aggregator) by extension 'ros'
[4.728s] DEBUG:colcon.colcon_core.package_identification:Package 'src/aggregator' with type 'ros.ament_python' and name 'aggregator'
[4.730s] Level 1:colcon.colcon_core.package_identification:_identify(src/autopilot) by extensions ['ignore', 'ignore_ament_install']
[4.731s] Level 1:colcon.colcon_core.package_identification:_identify(src/autopilot) by extension 'ignore'
[4.732s] Level 1:colcon.colcon_core.package_identification:_identify(src/autopilot) by extension 'ignore_ament_install'
[4.732s] Level 1:colcon.colcon_core.package_identification:_identify(src/autopilot) by extensions ['colcon_pkg']
[4.733s] Level 1:colcon.colcon_core.package_identification:_identify(src/autopilot) by extension 'colcon_pkg'
[4.733s] Level 1:colcon.colcon_core.package_identification:_identify(src/autopilot) by extensions ['colcon_meta']
[4.734s] Level 1:colcon.colcon_core.package_identification:_identify(src/autopilot) by extension 'colcon_meta'
[4.734s] Level 1:colcon.colcon_core.package_identification:_identify(src/autopilot) by extensions ['ros']
[4.735s] Level 1:colcon.colcon_core.package_identification:_identify(src/autopilot) by extension 'ros'
[4.741s] DEBUG:colcon.colcon_core.package_identification:Package 'src/autopilot' with type 'ros.ament_python' and name 'autopilot'
[4.743s] Level 1:colcon.colcon_core.package_identification:_identify(src/msg_interfaces) by extensions ['ignore', 'ignore_ament_install']
[4.744s] Level 1:colcon.colcon_core.package_identification:_identify(src/msg_interfaces) by extension 'ignore'
[4.745s] Level 1:colcon.colcon_core.package_identification:_identify(src/msg_interfaces) by extension 'ignore_ament_install'
[4.745s] Level 1:colcon.colcon_core.package_identification:_identify(src/msg_interfaces) by extensions ['colcon_pkg']
[4.746s] Level 1:colcon.colcon_core.package_identification:_identify(src/msg_interfaces) by extension 'colcon_pkg'
[4.746s] Level 1:colcon.colcon_core.package_identification:_identify(src/msg_interfaces) by extensions ['colcon_meta']
[4.747s] Level 1:colcon.colcon_core.package_identification:_identify(src/msg_interfaces) by extension 'colcon_meta'
[4.748s] Level 1:colcon.colcon_core.package_identification:_identify(src/msg_interfaces) by extensions ['ros']
[4.748s] Level 1:colcon.colcon_core.package_identification:_identify(src/msg_interfaces) by extension 'ros'
[4.757s] DEBUG:colcon.colcon_core.package_identification:Package 'src/msg_interfaces' with type 'ros.ament_cmake' and name 'msg_interfaces'
[4.759s] Level 1:colcon.colcon_core.package_identification:_identify(src/saver) by extensions ['ignore', 'ignore_ament_install']
[4.760s] Level 1:colcon.colcon_core.package_identification:_identify(src/saver) by extension 'ignore'
[4.761s] Level 1:colcon.colcon_core.package_identification:_identify(src/saver) by extension 'ignore_ament_install'
[4.762s] Level 1:colcon.colcon_core.package_identification:_identify(src/saver) by extensions ['colcon_pkg']
[4.762s] Level 1:colcon.colcon_core.package_identification:_identify(src/saver) by extension 'colcon_pkg'
[4.763s] Level 1:colcon.colcon_core.package_identification:_identify(src/saver) by extensions ['colcon_meta']
[4.763s] Level 1:colcon.colcon_core.package_identification:_identify(src/saver) by extension 'colcon_meta'
[4.764s] Level 1:colcon.colcon_core.package_identification:_identify(src/saver) by extensions ['ros']
[4.764s] Level 1:colcon.colcon_core.package_identification:_identify(src/saver) by extension 'ros'
[4.771s] DEBUG:colcon.colcon_core.package_identification:Package 'src/saver' with type 'ros.ament_python' and name 'saver'
[4.772s] Level 1:colcon.colcon_core.package_identification:_identify(src/sensor_current) by extensions ['ignore', 'ignore_ament_install']
[4.773s] Level 1:colcon.colcon_core.package_identification:_identify(src/sensor_current) by extension 'ignore'
[4.774s] Level 1:colcon.colcon_core.package_identification:_identify(src/sensor_current) by extension 'ignore_ament_install'
[4.774s] Level 1:colcon.colcon_core.package_identification:_identify(src/sensor_current) by extensions ['colcon_pkg']
[4.775s] Level 1:colcon.colcon_core.package_identification:_identify(src/sensor_current) by extension 'colcon_pkg'
[4.776s] Level 1:colcon.colcon_core.package_identification:_identify(src/sensor_current) by extensions ['colcon_meta']
[4.776s] Level 1:colcon.colcon_core.package_identification:_identify(src/sensor_current) by extension 'colcon_meta'
[4.777s] Level 1:colcon.colcon_core.package_identification:_identify(src/sensor_current) by extensions ['ros']
[4.777s] Level 1:colcon.colcon_core.package_identification:_identify(src/sensor_current) by extension 'ros'
[4.784s] DEBUG:colcon.colcon_core.package_identification:Package 'src/sensor_current' with type 'ros.ament_python' and name 'sensor_current'
[4.785s] Level 1:colcon.colcon_core.package_identification:_identify(src/sensor_depth) by extensions ['ignore', 'ignore_ament_install']
[4.786s] Level 1:colcon.colcon_core.package_identification:_identify(src/sensor_depth) by extension 'ignore'
[4.787s] Level 1:colcon.colcon_core.package_identification:_identify(src/sensor_depth) by extension 'ignore_ament_install'
[4.787s] Level 1:colcon.colcon_core.package_identification:_identify(src/sensor_depth) by extensions ['colcon_pkg']
[4.788s] Level 1:colcon.colcon_core.package_identification:_identify(src/sensor_depth) by extension 'colcon_pkg'
[4.788s] Level 1:colcon.colcon_core.package_identification:_identify(src/sensor_depth) by extensions ['colcon_meta']
[4.789s] Level 1:colcon.colcon_core.package_identification:_identify(src/sensor_depth) by extension 'colcon_meta'
[4.789s] Level 1:colcon.colcon_core.package_identification:_identify(src/sensor_depth) by extensions ['ros']
[4.790s] Level 1:colcon.colcon_core.package_identification:_identify(src/sensor_depth) by extension 'ros'
[4.796s] DEBUG:colcon.colcon_core.package_identification:Package 'src/sensor_depth' with type 'ros.ament_python' and name 'sensor_depth'
[4.798s] Level 1:colcon.colcon_core.package_identification:_identify(src/sensor_gps) by extensions ['ignore', 'ignore_ament_install']
[4.799s] Level 1:colcon.colcon_core.package_identification:_identify(src/sensor_gps) by extension 'ignore'
[4.800s] Level 1:colcon.colcon_core.package_identification:_identify(src/sensor_gps) by extension 'ignore_ament_install'
[4.800s] Level 1:colcon.colcon_core.package_identification:_identify(src/sensor_gps) by extensions ['colcon_pkg']
[4.801s] Level 1:colcon.colcon_core.package_identification:_identify(src/sensor_gps) by extension 'colcon_pkg'
[4.801s] Level 1:colcon.colcon_core.package_identification:_identify(src/sensor_gps) by extensions ['colcon_meta']
[4.802s] Level 1:colcon.colcon_core.package_identification:_identify(src/sensor_gps) by extension 'colcon_meta'
[4.802s] Level 1:colcon.colcon_core.package_identification:_identify(src/sensor_gps) by extensions ['ros']
[4.803s] Level 1:colcon.colcon_core.package_identification:_identify(src/sensor_gps) by extension 'ros'
[4.809s] DEBUG:colcon.colcon_core.package_identification:Package 'src/sensor_gps' with type 'ros.ament_python' and name 'sensor_gps'
[4.811s] Level 1:colcon.colcon_core.package_identification:_identify(src/sensor_imu_mag) by extensions ['ignore', 'ignore_ament_install']
[4.812s] Level 1:colcon.colcon_core.package_identification:_identify(src/sensor_imu_mag) by extension 'ignore'
[4.812s] Level 1:colcon.colcon_core.package_identification:_identify(src/sensor_imu_mag) by extension 'ignore_ament_install'
[4.813s] Level 1:colcon.colcon_core.package_identification:_identify(src/sensor_imu_mag) by extensions ['colcon_pkg']
[4.814s] Level 1:colcon.colcon_core.package_identification:_identify(src/sensor_imu_mag) by extension 'colcon_pkg'
[4.814s] Level 1:colcon.colcon_core.package_identification:_identify(src/sensor_imu_mag) by extensions ['colcon_meta']
[4.814s] Level 1:colcon.colcon_core.package_identification:_identify(src/sensor_imu_mag) by extension 'colcon_meta'
[4.815s] Level 1:colcon.colcon_core.package_identification:_identify(src/sensor_imu_mag) by extensions ['ros']
[4.816s] Level 1:colcon.colcon_core.package_identification:_identify(src/sensor_imu_mag) by extension 'ros'
[4.822s] DEBUG:colcon.colcon_core.package_identification:Package 'src/sensor_imu_mag' with type 'ros.ament_python' and name 'sensor_imu_mag'
[4.824s] Level 1:colcon.colcon_core.package_identification:_identify(src/sensor_ph) by extensions ['ignore', 'ignore_ament_install']
[4.825s] Level 1:colcon.colcon_core.package_identification:_identify(src/sensor_ph) by extension 'ignore'
[4.825s] Level 1:colcon.colcon_core.package_identification:_identify(src/sensor_ph) by extension 'ignore_ament_install'
[4.826s] Level 1:colcon.colcon_core.package_identification:_identify(src/sensor_ph) by extensions ['colcon_pkg']
[4.827s] Level 1:colcon.colcon_core.package_identification:_identify(src/sensor_ph) by extension 'colcon_pkg'
[4.827s] Level 1:colcon.colcon_core.package_identification:_identify(src/sensor_ph) by extensions ['colcon_meta']
[4.828s] Level 1:colcon.colcon_core.package_identification:_identify(src/sensor_ph) by extension 'colcon_meta'
[4.828s] Level 1:colcon.colcon_core.package_identification:_identify(src/sensor_ph) by extensions ['ros']
[4.829s] Level 1:colcon.colcon_core.package_identification:_identify(src/sensor_ph) by extension 'ros'
[4.835s] DEBUG:colcon.colcon_core.package_identification:Package 'src/sensor_ph' with type 'ros.ament_python' and name 'sensor_ph'
[4.837s] Level 1:colcon.colcon_core.package_identification:_identify(src/sensor_tds) by extensions ['ignore', 'ignore_ament_install']
[4.838s] Level 1:colcon.colcon_core.package_identification:_identify(src/sensor_tds) by extension 'ignore'
[4.838s] Level 1:colcon.colcon_core.package_identification:_identify(src/sensor_tds) by extension 'ignore_ament_install'
[4.839s] Level 1:colcon.colcon_core.package_identification:_identify(src/sensor_tds) by extensions ['colcon_pkg']
[4.840s] Level 1:colcon.colcon_core.package_identification:_identify(src/sensor_tds) by extension 'colcon_pkg'
[4.840s] Level 1:colcon.colcon_core.package_identification:_identify(src/sensor_tds) by extensions ['colcon_meta']
[4.840s] Level 1:colcon.colcon_core.package_identification:_identify(src/sensor_tds) by extension 'colcon_meta'
[4.841s] Level 1:colcon.colcon_core.package_identification:_identify(src/sensor_tds) by extensions ['ros']
[4.841s] Level 1:colcon.colcon_core.package_identification:_identify(src/sensor_tds) by extension 'ros'
[4.851s] DEBUG:colcon.colcon_core.package_identification:Package 'src/sensor_tds' with type 'ros.ament_python' and name 'sensor_tds'
[4.852s] Level 1:colcon.colcon_core.package_identification:_identify(src/sensor_thermometer) by extensions ['ignore', 'ignore_ament_install']
[4.853s] Level 1:colcon.colcon_core.package_identification:_identify(src/sensor_thermometer) by extension 'ignore'
[4.854s] Level 1:colcon.colcon_core.package_identification:_identify(src/sensor_thermometer) by extension 'ignore_ament_install'
[4.855s] Level 1:colcon.colcon_core.package_identification:_identify(src/sensor_thermometer) by extensions ['colcon_pkg']
[4.855s] Level 1:colcon.colcon_core.package_identification:_identify(src/sensor_thermometer) by extension 'colcon_pkg'
[4.856s] Level 1:colcon.colcon_core.package_identification:_identify(src/sensor_thermometer) by extensions ['colcon_meta']
[4.856s] Level 1:colcon.colcon_core.package_identification:_identify(src/sensor_thermometer) by extension 'colcon_meta'
[4.857s] Level 1:colcon.colcon_core.package_identification:_identify(src/sensor_thermometer) by extensions ['ros']
[4.857s] Level 1:colcon.colcon_core.package_identification:_identify(src/sensor_thermometer) by extension 'ros'
[4.864s] DEBUG:colcon.colcon_core.package_identification:Package 'src/sensor_thermometer' with type 'ros.ament_python' and name 'sensor_thermometer'
[4.865s] Level 1:colcon.colcon_core.package_identification:_identify(src/sensor_turbidity) by extensions ['ignore', 'ignore_ament_install']
[4.866s] Level 1:colcon.colcon_core.package_identification:_identify(src/sensor_turbidity) by extension 'ignore'
[4.867s] Level 1:colcon.colcon_core.package_identification:_identify(src/sensor_turbidity) by extension 'ignore_ament_install'
[4.868s] Level 1:colcon.colcon_core.package_identification:_identify(src/sensor_turbidity) by extensions ['colcon_pkg']
[4.868s] Level 1:colcon.colcon_core.package_identification:_identify(src/sensor_turbidity) by extension 'colcon_pkg'
[4.869s] Level 1:colcon.colcon_core.package_identification:_identify(src/sensor_turbidity) by extensions ['colcon_meta']
[4.869s] Level 1:colcon.colcon_core.package_identification:_identify(src/sensor_turbidity) by extension 'colcon_meta'
[4.870s] Level 1:colcon.colcon_core.package_identification:_identify(src/sensor_turbidity) by extensions ['ros']
[4.870s] Level 1:colcon.colcon_core.package_identification:_identify(src/sensor_turbidity) by extension 'ros'
[4.879s] DEBUG:colcon.colcon_core.package_identification:Package 'src/sensor_turbidity' with type 'ros.ament_python' and name 'sensor_turbidity'
[4.880s] Level 1:colcon.colcon_core.package_identification:_identify(src/sensor_voltage) by extensions ['ignore', 'ignore_ament_install']
[4.881s] Level 1:colcon.colcon_core.package_identification:_identify(src/sensor_voltage) by extension 'ignore'
[4.882s] Level 1:colcon.colcon_core.package_identification:_identify(src/sensor_voltage) by extension 'ignore_ament_install'
[4.883s] Level 1:colcon.colcon_core.package_identification:_identify(src/sensor_voltage) by extensions ['colcon_pkg']
[4.883s] Level 1:colcon.colcon_core.package_identification:_identify(src/sensor_voltage) by extension 'colcon_pkg'
[4.884s] Level 1:colcon.colcon_core.package_identification:_identify(src/sensor_voltage) by extensions ['colcon_meta']
[4.884s] Level 1:colcon.colcon_core.package_identification:_identify(src/sensor_voltage) by extension 'colcon_meta'
[4.885s] Level 1:colcon.colcon_core.package_identification:_identify(src/sensor_voltage) by extensions ['ros']
[4.885s] Level 1:colcon.colcon_core.package_identification:_identify(src/sensor_voltage) by extension 'ros'
[4.893s] DEBUG:colcon.colcon_core.package_identification:Package 'src/sensor_voltage' with type 'ros.ament_python' and name 'sensor_voltage'
[4.895s] Level 1:colcon.colcon_core.package_identification:_identify(src/system_launcher) by extensions ['ignore', 'ignore_ament_install']
[4.896s] Level 1:colcon.colcon_core.package_identification:_identify(src/system_launcher) by extension 'ignore'
[4.897s] Level 1:colcon.colcon_core.package_identification:_identify(src/system_launcher) by extension 'ignore_ament_install'
[4.897s] Level 1:colcon.colcon_core.package_identification:_identify(src/system_launcher) by extensions ['colcon_pkg']
[4.898s] Level 1:colcon.colcon_core.package_identification:_identify(src/system_launcher) by extension 'colcon_pkg'
[4.898s] Level 1:colcon.colcon_core.package_identification:_identify(src/system_launcher) by extensions ['colcon_meta']
[4.899s] Level 1:colcon.colcon_core.package_identification:_identify(src/system_launcher) by extension 'colcon_meta'
[4.899s] Level 1:colcon.colcon_core.package_identification:_identify(src/system_launcher) by extensions ['ros']
[4.900s] Level 1:colcon.colcon_core.package_identification:_identify(src/system_launcher) by extension 'ros'
[4.906s] DEBUG:colcon.colcon_core.package_identification:Package 'src/system_launcher' with type 'ros.ament_python' and name 'system_launcher'
[4.908s] Level 1:colcon.colcon_core.package_identification:_identify(src/telemetry) by extensions ['ignore', 'ignore_ament_install']
[4.909s] Level 1:colcon.colcon_core.package_identification:_identify(src/telemetry) by extension 'ignore'
[4.909s] Level 1:colcon.colcon_core.package_identification:_identify(src/telemetry) by extension 'ignore_ament_install'
[4.910s] Level 1:colcon.colcon_core.package_identification:_identify(src/telemetry) by extensions ['colcon_pkg']
[4.911s] Level 1:colcon.colcon_core.package_identification:_identify(src/telemetry) by extension 'colcon_pkg'
[4.911s] Level 1:colcon.colcon_core.package_identification:_identify(src/telemetry) by extensions ['colcon_meta']
[4.912s] Level 1:colcon.colcon_core.package_identification:_identify(src/telemetry) by extension 'colcon_meta'
[4.912s] Level 1:colcon.colcon_core.package_identification:_identify(src/telemetry) by extensions ['ros']
[4.913s] Level 1:colcon.colcon_core.package_identification:_identify(src/telemetry) by extension 'ros'
[4.919s] DEBUG:colcon.colcon_core.package_identification:Package 'src/telemetry' with type 'ros.ament_python' and name 'telemetry'
[4.921s] Level 1:colcon.colcon_core.package_identification:_identify(src/thruster_driver) by extensions ['ignore', 'ignore_ament_install']
[4.922s] Level 1:colcon.colcon_core.package_identification:_identify(src/thruster_driver) by extension 'ignore'
[4.922s] Level 1:colcon.colcon_core.package_identification:_identify(src/thruster_driver) by extension 'ignore_ament_install'
[4.923s] Level 1:colcon.colcon_core.package_identification:_identify(src/thruster_driver) by extensions ['colcon_pkg']
[4.924s] Level 1:colcon.colcon_core.package_identification:_identify(src/thruster_driver) by extension 'colcon_pkg'
[4.924s] Level 1:colcon.colcon_core.package_identification:_identify(src/thruster_driver) by extensions ['colcon_meta']
[4.925s] Level 1:colcon.colcon_core.package_identification:_identify(src/thruster_driver) by extension 'colcon_meta'
[4.925s] Level 1:colcon.colcon_core.package_identification:_identify(src/thruster_driver) by extensions ['ros']
[4.926s] Level 1:colcon.colcon_core.package_identification:_identify(src/thruster_driver) by extension 'ros'
[4.932s] DEBUG:colcon.colcon_core.package_identification:Package 'src/thruster_driver' with type 'ros.ament_python' and name 'thruster_driver'
[4.933s] Level 1:colcon.colcon_core.package_discovery:discover_packages(recursive) using defaults
[4.933s] Level 1:colcon.colcon_core.package_discovery:discover_packages(ignore) discover
[4.934s] Level 1:colcon.colcon_core.package_discovery:discover_packages(ignore) using defaults
[4.934s] Level 1:colcon.colcon_core.package_discovery:discover_packages(path) discover
[4.934s] Level 1:colcon.colcon_core.package_discovery:discover_packages(path) using defaults
[5.245s] INFO:colcon.colcon_core.package_selection:Skipping not selected package 'aggregator' in 'src/aggregator'
[5.245s] INFO:colcon.colcon_core.package_selection:Skipping not selected package 'autopilot' in 'src/autopilot'
[5.246s] INFO:colcon.colcon_core.package_selection:Skipping not selected package 'msg_interfaces' in 'src/msg_interfaces'
[5.246s] INFO:colcon.colcon_core.package_selection:Skipping not selected package 'saver' in 'src/saver'
[5.246s] INFO:colcon.colcon_core.package_selection:Skipping not selected package 'sensor_current' in 'src/sensor_current'
[5.247s] INFO:colcon.colcon_core.package_selection:Skipping not selected package 'sensor_gps' in 'src/sensor_gps'
[5.247s] INFO:colcon.colcon_core.package_selection:Skipping not selected package 'sensor_imu_mag' in 'src/sensor_imu_mag'
[5.247s] INFO:colcon.colcon_core.package_selection:Skipping not selected package 'sensor_thermometer' in 'src/sensor_thermometer'
[5.248s] INFO:colcon.colcon_core.package_selection:Skipping not selected package 'system_launcher' in 'src/system_launcher'
[5.248s] INFO:colcon.colcon_core.package_selection:Skipping not selected package 'telemetry' in 'src/telemetry'
[5.248s] INFO:colcon.colcon_core.package_selection:Skipping not selected package 'thruster_driver' in 'src/thruster_driver'
[5.249s] INFO:colcon.colcon_core.package_selection:Skipping not selected package 'sensor_ph' in 'src/sensor_ph'
[5.249s] INFO:colcon.colcon_core.package_selection:Skipping not selected package 'sensor_tds' in 'src/sensor_tds'
[5.249s] INFO:colcon.colcon_core.package_selection:Skipping not selected package 'sensor_turbidity' in 'src/sensor_turbidity'
[5.250s] INFO:colcon.colcon_core.package_selection:Skipping not selected package 'sensor_voltage' in 'src/sensor_voltage'
[5.255s] Level 1:colcon.colcon_core.package_discovery:discover_packages(prefix_path) check parameters
[5.256s] Level 1:colcon.colcon_core.package_discovery:discover_packages(prefix_path) discover
[5.301s] DEBUG:colcon.colcon_installed_package_information.package_discovery:Found 16 installed packages in /home/foka/ros2_humble2/install
[5.321s] DEBUG:colcon.colcon_installed_package_information.package_discovery:Found 181 installed packages in /opt/ros/humble
[5.333s] Level 1:colcon.colcon_core.package_discovery:discover_packages(prefix_path) using defaults
[5.677s] Level 5:colcon.colcon_core.verb:set package 'sensor_depth' build argument 'cmake_args' from command line to 'None'
[5.678s] Level 5:colcon.colcon_core.verb:set package 'sensor_depth' build argument 'cmake_target' from command line to 'None'
[5.678s] Level 5:colcon.colcon_core.verb:set package 'sensor_depth' build argument 'cmake_target_skip_unavailable' from command line to 'False'
[5.679s] Level 5:colcon.colcon_core.verb:set package 'sensor_depth' build argument 'cmake_clean_cache' from command line to 'False'
[5.679s] Level 5:colcon.colcon_core.verb:set package 'sensor_depth' build argument 'cmake_clean_first' from command line to 'False'
[5.679s] Level 5:colcon.colcon_core.verb:set package 'sensor_depth' build argument 'cmake_force_configure' from command line to 'False'
[5.680s] Level 5:colcon.colcon_core.verb:set package 'sensor_depth' build argument 'ament_cmake_args' from command line to 'None'
[5.680s] Level 5:colcon.colcon_core.verb:set package 'sensor_depth' build argument 'catkin_cmake_args' from command line to 'None'
[5.680s] Level 5:colcon.colcon_core.verb:set package 'sensor_depth' build argument 'catkin_skip_building_tests' from command line to 'False'
[5.681s] DEBUG:colcon.colcon_core.verb:Building package 'sensor_depth' with the following arguments: {'ament_cmake_args': None, 'build_base': '/home/foka/ros2_humble2/build/sensor_depth', 'catkin_cmake_args': None, 'catkin_skip_building_tests': False, 'cmake_args': None, 'cmake_clean_cache': False, 'cmake_clean_first': False, 'cmake_force_configure': False, 'cmake_target': None, 'cmake_target_skip_unavailable': False, 'install_base': '/home/foka/ros2_humble2/install/sensor_depth', 'merge_install': False, 'path': '/home/foka/ros2_humble2/src/sensor_depth', 'symlink_install': False, 'test_result_base': None}
[5.682s] INFO:colcon.colcon_core.executor:Executing jobs using 'parallel' executor
[5.690s] DEBUG:colcon.colcon_parallel_executor.executor.parallel:run_until_complete
[5.692s] INFO:colcon.colcon_ros.task.ament_python.build:Building ROS package in '/home/foka/ros2_humble2/src/sensor_depth' with build type 'ament_python'
[5.693s] Level 1:colcon.colcon_core.shell:create_environment_hook('sensor_depth', 'ament_prefix_path')
[5.737s] INFO:colcon.colcon_core.plugin_system:Skipping extension 'colcon_core.shell.bat': Not used on non-Windows systems
[5.740s] INFO:colcon.colcon_core.shell:Creating environment hook '/home/foka/ros2_humble2/install/sensor_depth/share/sensor_depth/hook/ament_prefix_path.ps1'
[5.748s] INFO:colcon.colcon_core.shell:Creating environment descriptor '/home/foka/ros2_humble2/install/sensor_depth/share/sensor_depth/hook/ament_prefix_path.dsv'
[5.756s] INFO:colcon.colcon_core.shell:Creating environment hook '/home/foka/ros2_humble2/install/sensor_depth/share/sensor_depth/hook/ament_prefix_path.sh'
[5.767s] INFO:colcon.colcon_core.shell:Skip shell extension 'powershell' for command environment: Not usable outside of PowerShell
[5.767s] DEBUG:colcon.colcon_core.shell:Skip shell extension 'dsv' for command environment
[9.531s] INFO:colcon.colcon_core.task.python.build:Building Python package in '/home/foka/ros2_humble2/src/sensor_depth'
[9.535s] INFO:colcon.colcon_core.shell:Skip shell extension 'powershell' for command environment: Not usable outside of PowerShell
[9.535s] DEBUG:colcon.colcon_core.shell:Skip shell extension 'dsv' for command environment
[15.410s] DEBUG:colcon.colcon_core.event_handler.log_command:Invoking command in '/home/foka/ros2_humble2/build/sensor_depth': PYTHONPATH=/home/foka/ros2_humble2/build/sensor_depth/prefix_override:/usr/lib/python3/dist-packages/colcon_core/task/python/colcon_distutils_commands:/home/foka/ros2_humble2/install/sensor_depth/lib/python3.10/site-packages:${PYTHONPATH} /usr/bin/python3 -W ignore:setup.py install is deprecated -W ignore:easy_install command is deprecated setup.py develop --uninstall --editable --build-directory /home/foka/ros2_humble2/build/sensor_depth/build
[21.904s] DEBUG:colcon.colcon_core.event_handler.log_command:Invoked command in '/home/foka/ros2_humble2/build/sensor_depth' returned '0': PYTHONPATH=/home/foka/ros2_humble2/build/sensor_depth/prefix_override:/usr/lib/python3/dist-packages/colcon_core/task/python/colcon_distutils_commands:/home/foka/ros2_humble2/install/sensor_depth/lib/python3.10/site-packages:${PYTHONPATH} /usr/bin/python3 -W ignore:setup.py install is deprecated -W ignore:easy_install command is deprecated setup.py develop --uninstall --editable --build-directory /home/foka/ros2_humble2/build/sensor_depth/build
[21.927s] DEBUG:colcon.colcon_core.event_handler.log_command:Invoking command in '/home/foka/ros2_humble2/src/sensor_depth': PYTHONPATH=/home/foka/ros2_humble2/build/sensor_depth/prefix_override:/usr/lib/python3/dist-packages/colcon_core/task/python/colcon_distutils_commands:/home/foka/ros2_humble2/install/sensor_depth/lib/python3.10/site-packages:${PYTHONPATH} /usr/bin/python3 -W ignore:setup.py install is deprecated -W ignore:easy_install command is deprecated setup.py egg_info --egg-base ../../build/sensor_depth build --build-base /home/foka/ros2_humble2/build/sensor_depth/build install --record /home/foka/ros2_humble2/build/sensor_depth/install.log --single-version-externally-managed install_data --force
[26.075s] DEBUG:colcon.colcon_core.event_handler.log_command:Invoked command in '/home/foka/ros2_humble2/src/sensor_depth' returned '0': PYTHONPATH=/home/foka/ros2_humble2/build/sensor_depth/prefix_override:/usr/lib/python3/dist-packages/colcon_core/task/python/colcon_distutils_commands:/home/foka/ros2_humble2/install/sensor_depth/lib/python3.10/site-packages:${PYTHONPATH} /usr/bin/python3 -W ignore:setup.py install is deprecated -W ignore:easy_install command is deprecated setup.py egg_info --egg-base ../../build/sensor_depth build --build-base /home/foka/ros2_humble2/build/sensor_depth/build install --record /home/foka/ros2_humble2/build/sensor_depth/install.log --single-version-externally-managed install_data --force
[26.128s] Level 1:colcon.colcon_core.environment:checking '/home/foka/ros2_humble2/install/sensor_depth' for CMake module files
[26.134s] Level 1:colcon.colcon_core.environment:checking '/home/foka/ros2_humble2/install/sensor_depth' for CMake config files
[26.145s] Level 1:colcon.colcon_core.environment:checking '/home/foka/ros2_humble2/install/sensor_depth/lib'
[26.147s] Level 1:colcon.colcon_core.environment:checking '/home/foka/ros2_humble2/install/sensor_depth/bin'
[26.147s] Level 1:colcon.colcon_core.environment:checking '/home/foka/ros2_humble2/install/sensor_depth/lib/pkgconfig/sensor_depth.pc'
[26.150s] Level 1:colcon.colcon_core.environment:checking '/home/foka/ros2_humble2/install/sensor_depth/lib/python3.10/site-packages'
[26.150s] Level 1:colcon.colcon_core.shell:create_environment_hook('sensor_depth', 'pythonpath')
[26.153s] INFO:colcon.colcon_core.shell:Creating environment hook '/home/foka/ros2_humble2/install/sensor_depth/share/sensor_depth/hook/pythonpath.ps1'
[26.157s] INFO:colcon.colcon_core.shell:Creating environment descriptor '/home/foka/ros2_humble2/install/sensor_depth/share/sensor_depth/hook/pythonpath.dsv'
[26.162s] INFO:colcon.colcon_core.shell:Creating environment hook '/home/foka/ros2_humble2/install/sensor_depth/share/sensor_depth/hook/pythonpath.sh'
[26.170s] Level 1:colcon.colcon_core.environment:checking '/home/foka/ros2_humble2/install/sensor_depth/bin'
[26.170s] Level 1:colcon.colcon_core.environment:create_environment_scripts_only(sensor_depth)
[26.174s] INFO:colcon.colcon_core.shell:Creating package script '/home/foka/ros2_humble2/install/sensor_depth/share/sensor_depth/package.ps1'
[26.185s] INFO:colcon.colcon_core.shell:Creating package descriptor '/home/foka/ros2_humble2/install/sensor_depth/share/sensor_depth/package.dsv'
[26.198s] INFO:colcon.colcon_core.shell:Creating package script '/home/foka/ros2_humble2/install/sensor_depth/share/sensor_depth/package.sh'
[26.212s] INFO:colcon.colcon_core.shell:Creating package script '/home/foka/ros2_humble2/install/sensor_depth/share/sensor_depth/package.bash'
[26.225s] INFO:colcon.colcon_core.shell:Creating package script '/home/foka/ros2_humble2/install/sensor_depth/share/sensor_depth/package.zsh'
[26.233s] Level 1:colcon.colcon_core.environment:create_file_with_runtime_dependencies(/home/foka/ros2_humble2/install/sensor_depth/share/colcon-core/packages/sensor_depth)
[26.236s] DEBUG:colcon.colcon_parallel_executor.executor.parallel:closing loop
[26.239s] DEBUG:colcon.colcon_parallel_executor.executor.parallel:loop closed
[26.240s] DEBUG:colcon.colcon_parallel_executor.executor.parallel:run_until_complete finished with '0'
[26.241s] DEBUG:colcon.colcon_core.event_reactor:joining thread
[26.305s] INFO:colcon.colcon_core.plugin_system:Skipping extension 'colcon_notification.desktop_notification.notify_send': Could not find 'notify-send'
[26.306s] INFO:colcon.colcon_core.plugin_system:Skipping extension 'colcon_notification.desktop_notification.terminal_notifier': Not used on non-Darwin systems
[26.307s] INFO:colcon.colcon_core.plugin_system:Skipping extension 'colcon_notification.desktop_notification.win32': Not used on non-Windows systems
[26.308s] INFO:colcon.colcon_notification.desktop_notification:Sending desktop notification using 'notify2'
[26.369s] DEBUG:colcon.colcon_notification.desktop_notification.notify2:Failed to initialize notify2: org.freedesktop.DBus.Error.ServiceUnknown: The name org.freedesktop.Notifications was not provided by any .service files
[26.370s] DEBUG:colcon.colcon_core.event_reactor:joined thread
[26.373s] INFO:colcon.colcon_core.shell:Creating prefix script '/home/foka/ros2_humble2/install/local_setup.ps1'
[26.384s] INFO:colcon.colcon_core.shell:Creating prefix util module '/home/foka/ros2_humble2/install/_local_setup_util_ps1.py'
[26.401s] INFO:colcon.colcon_core.shell:Creating prefix chain script '/home/foka/ros2_humble2/install/setup.ps1'
[26.430s] INFO:colcon.colcon_core.shell:Creating prefix script '/home/foka/ros2_humble2/install/local_setup.sh'
[26.441s] INFO:colcon.colcon_core.shell:Creating prefix util module '/home/foka/ros2_humble2/install/_local_setup_util_sh.py'
[26.448s] INFO:colcon.colcon_core.shell:Creating prefix chain script '/home/foka/ros2_humble2/install/setup.sh'
[26.474s] INFO:colcon.colcon_core.shell:Creating prefix script '/home/foka/ros2_humble2/install/local_setup.bash'
[26.480s] INFO:colcon.colcon_core.shell:Creating prefix chain script '/home/foka/ros2_humble2/install/setup.bash'
[26.504s] INFO:colcon.colcon_core.shell:Creating prefix script '/home/foka/ros2_humble2/install/local_setup.zsh'
[26.511s] INFO:colcon.colcon_core.shell:Creating prefix chain script '/home/foka/ros2_humble2/install/setup.zsh'
