[10.169s] Invoking command in '/home/foka/ros2_humble2/build/aggregator': PYTHONPATH=/home/foka/ros2_humble2/build/aggregator/prefix_override:/usr/lib/python3/dist-packages/colcon_core/task/python/colcon_distutils_commands:/home/foka/ros2_humble2/install/aggregator/lib/python3.10/site-packages:${PYTHONPATH} /usr/bin/python3 -W ignore:setup.py install is deprecated -W ignore:easy_install command is deprecated setup.py develop --editable --build-directory /home/foka/ros2_humble2/build/aggregator/build --no-deps symlink_data
[13.895s] running develop
[15.281s] running egg_info
[15.282s] creating aggregator.egg-info
[15.283s] writing aggregator.egg-info/PKG-INFO
[15.288s] writing dependency_links to aggregator.egg-info/dependency_links.txt
[15.292s] writing entry points to aggregator.egg-info/entry_points.txt
[15.295s] writing requirements to aggregator.egg-info/requires.txt
[15.296s] writing top-level names to aggregator.egg-info/top_level.txt
[15.298s] writing manifest file 'aggregator.egg-info/SOURCES.txt'
[15.308s] reading manifest file 'aggregator.egg-info/SOURCES.txt'
[15.312s] writing manifest file 'aggregator.egg-info/SOURCES.txt'
[15.321s] running build_ext
[15.323s] Creating /home/foka/ros2_humble2/install/aggregator/lib/python3.10/site-packages/aggregator.egg-link (link to .)
[15.330s] Installing aggregator script to /home/foka/ros2_humble2/install/aggregator/lib/aggregator
[15.333s] 
[15.334s] Installed /home/foka/ros2_humble2/build/aggregator
[15.335s] running symlink_data
[15.336s] creating /home/foka/ros2_humble2/install/aggregator/share/ament_index
[15.336s] creating /home/foka/ros2_humble2/install/aggregator/share/ament_index/resource_index
[15.338s] creating /home/foka/ros2_humble2/install/aggregator/share/ament_index/resource_index/packages
[15.339s] symbolically linking /home/foka/ros2_humble2/build/aggregator/resource/aggregator -> /home/foka/ros2_humble2/install/aggregator/share/ament_index/resource_index/packages
[15.340s] symbolically linking /home/foka/ros2_humble2/build/aggregator/package.xml -> /home/foka/ros2_humble2/install/aggregator/share/aggregator
[15.638s] Invoked command in '/home/foka/ros2_humble2/build/aggregator' returned '0': PYTHONPATH=/home/foka/ros2_humble2/build/aggregator/prefix_override:/usr/lib/python3/dist-packages/colcon_core/task/python/colcon_distutils_commands:/home/foka/ros2_humble2/install/aggregator/lib/python3.10/site-packages:${PYTHONPATH} /usr/bin/python3 -W ignore:setup.py install is deprecated -W ignore:easy_install command is deprecated setup.py develop --editable --build-directory /home/foka/ros2_humble2/build/aggregator/build --no-deps symlink_data
