[3.028s] Invoking command in '/home/foka/ros2_humble2/src/system_launcher': PYTHONPATH=/home/foka/ros2_humble2/build/system_launcher/prefix_override:/usr/lib/python3/dist-packages/colcon_core/task/python/colcon_distutils_commands:/home/foka/ros2_humble2/install/system_launcher/lib/python3.10/site-packages:${PYTHONPATH} /usr/bin/python3 -W ignore:setup.py install is deprecated -W ignore:easy_install command is deprecated setup.py egg_info --egg-base ../../build/system_launcher build --build-base /home/foka/ros2_humble2/build/system_launcher/build install --record /home/foka/ros2_humble2/build/system_launcher/install.log --single-version-externally-managed install_data
[4.182s] running egg_info
[4.185s] writing ../../build/system_launcher/system_launcher.egg-info/PKG-INFO
[4.186s] writing dependency_links to ../../build/system_launcher/system_launcher.egg-info/dependency_links.txt
[4.187s] writing entry points to ../../build/system_launcher/system_launcher.egg-info/entry_points.txt
[4.188s] writing requirements to ../../build/system_launcher/system_launcher.egg-info/requires.txt
[4.189s] writing top-level names to ../../build/system_launcher/system_launcher.egg-info/top_level.txt
[4.196s] reading manifest file '../../build/system_launcher/system_launcher.egg-info/SOURCES.txt'
[4.200s] writing manifest file '../../build/system_launcher/system_launcher.egg-info/SOURCES.txt'
[4.201s] running build
[4.201s] running build_py
[4.202s] running install
[4.203s] running install_lib
[4.209s] running install_data
[4.209s] copying launch/launch_all.py -> /home/foka/ros2_humble2/install/system_launcher/share/system_launcher/launch
[4.211s] running install_egg_info
[4.218s] removing '/home/foka/ros2_humble2/install/system_launcher/lib/python3.10/site-packages/system_launcher-0.0.0-py3.10.egg-info' (and everything under it)
[4.220s] Copying ../../build/system_launcher/system_launcher.egg-info to /home/foka/ros2_humble2/install/system_launcher/lib/python3.10/site-packages/system_launcher-0.0.0-py3.10.egg-info
[4.226s] running install_scripts
[4.312s] writing list of installed files to '/home/foka/ros2_humble2/build/system_launcher/install.log'
[4.439s] Invoked command in '/home/foka/ros2_humble2/src/system_launcher' returned '0': PYTHONPATH=/home/foka/ros2_humble2/build/system_launcher/prefix_override:/usr/lib/python3/dist-packages/colcon_core/task/python/colcon_distutils_commands:/home/foka/ros2_humble2/install/system_launcher/lib/python3.10/site-packages:${PYTHONPATH} /usr/bin/python3 -W ignore:setup.py install is deprecated -W ignore:easy_install command is deprecated setup.py egg_info --egg-base ../../build/system_launcher build --build-base /home/foka/ros2_humble2/build/system_launcher/build install --record /home/foka/ros2_humble2/build/system_launcher/install.log --single-version-externally-managed install_data
