[0.420s] DEBUG:colcon:Command line arguments: ['/usr/bin/colcon', 'build', '--symlink-install']
[0.420s] DEBUG:colcon:Parsed command line arguments: Namespace(log_base=None, log_level=None, verb_name='build', build_base='build', install_base='install', merge_install=False, symlink_install=True, test_result_base=None, continue_on_error=False, executor='parallel', parallel_workers=4, event_handlers=None, ignore_user_meta=False, metas=['./colcon.meta'], base_paths=['.'], packages_ignore=None, packages_ignore_regex=None, paths=None, packages_up_to=None, packages_up_to_regex=None, packages_above=None, packages_above_and_dependencies=None, packages_above_depth=None, packages_select_by_dep=None, packages_skip_by_dep=None, packages_skip_up_to=None, packages_select_build_failed=False, packages_skip_build_finished=False, packages_select_test_failures=False, packages_skip_test_passed=False, packages_select=None, packages_skip=None, packages_select_regex=None, packages_skip_regex=None, packages_start=None, packages_end=None, allow_overriding=[], cmake_args=None, cmake_target=None, cmake_target_skip_unavailable=False, cmake_clean_cache=False, cmake_clean_first=False, cmake_force_configure=False, ament_cmake_args=None, catkin_cmake_args=None, catkin_skip_building_tests=False, verb_parser=<colcon_defaults.argument_parser.defaults.DefaultArgumentsDecorator object at 0xffffb82242b0>, verb_extension=<colcon_core.verb.build.BuildVerb object at 0xffffb8325870>, main=<bound method BuildVerb.main of <colcon_core.verb.build.BuildVerb object at 0xffffb8325870>>)
[1.445s] Level 1:colcon.colcon_core.package_discovery:discover_packages(colcon_meta) check parameters
[1.446s] Level 1:colcon.colcon_core.package_discovery:discover_packages(recursive) check parameters
[1.446s] Level 1:colcon.colcon_core.package_discovery:discover_packages(ignore) check parameters
[1.447s] Level 1:colcon.colcon_core.package_discovery:discover_packages(path) check parameters
[1.447s] Level 1:colcon.colcon_core.package_discovery:discover_packages(colcon_meta) discover
[1.448s] Level 1:colcon.colcon_core.package_discovery:discover_packages(recursive) discover
[1.448s] INFO:colcon.colcon_core.package_discovery:Crawling recursively for packages in '/home/foka/ros2_humble2'
[1.450s] Level 1:colcon.colcon_core.package_identification:_identify(.) by extensions ['ignore', 'ignore_ament_install']
[1.451s] Level 1:colcon.colcon_core.package_identification:_identify(.) by extension 'ignore'
[1.452s] Level 1:colcon.colcon_core.package_identification:_identify(.) by extension 'ignore_ament_install'
[1.452s] Level 1:colcon.colcon_core.package_identification:_identify(.) by extensions ['colcon_pkg']
[1.453s] Level 1:colcon.colcon_core.package_identification:_identify(.) by extension 'colcon_pkg'
[1.454s] Level 1:colcon.colcon_core.package_identification:_identify(.) by extensions ['colcon_meta']
[1.455s] Level 1:colcon.colcon_core.package_identification:_identify(.) by extension 'colcon_meta'
[1.456s] Level 1:colcon.colcon_core.package_identification:_identify(.) by extensions ['ros']
[1.456s] Level 1:colcon.colcon_core.package_identification:_identify(.) by extension 'ros'
[1.537s] Level 1:colcon.colcon_core.package_identification:_identify(.) by extensions ['cmake', 'python']
[1.538s] Level 1:colcon.colcon_core.package_identification:_identify(.) by extension 'cmake'
[1.538s] Level 1:colcon.colcon_core.package_identification:_identify(.) by extension 'python'
[1.539s] Level 1:colcon.colcon_core.package_identification:_identify(.) by extensions ['python_setup_py']
[1.540s] Level 1:colcon.colcon_core.package_identification:_identify(.) by extension 'python_setup_py'
[1.542s] Level 1:colcon.colcon_core.package_identification:_identify(build) by extensions ['ignore', 'ignore_ament_install']
[1.543s] Level 1:colcon.colcon_core.package_identification:_identify(build) by extension 'ignore'
[1.544s] Level 1:colcon.colcon_core.package_identification:_identify(build) ignored
[1.545s] Level 1:colcon.colcon_core.package_identification:_identify(data) by extensions ['ignore', 'ignore_ament_install']
[1.546s] Level 1:colcon.colcon_core.package_identification:_identify(data) by extension 'ignore'
[1.547s] Level 1:colcon.colcon_core.package_identification:_identify(data) by extension 'ignore_ament_install'
[1.547s] Level 1:colcon.colcon_core.package_identification:_identify(data) by extensions ['colcon_pkg']
[1.548s] Level 1:colcon.colcon_core.package_identification:_identify(data) by extension 'colcon_pkg'
[1.548s] Level 1:colcon.colcon_core.package_identification:_identify(data) by extensions ['colcon_meta']
[1.549s] Level 1:colcon.colcon_core.package_identification:_identify(data) by extension 'colcon_meta'
[1.549s] Level 1:colcon.colcon_core.package_identification:_identify(data) by extensions ['ros']
[1.550s] Level 1:colcon.colcon_core.package_identification:_identify(data) by extension 'ros'
[1.550s] Level 1:colcon.colcon_core.package_identification:_identify(data) by extensions ['cmake', 'python']
[1.551s] Level 1:colcon.colcon_core.package_identification:_identify(data) by extension 'cmake'
[1.552s] Level 1:colcon.colcon_core.package_identification:_identify(data) by extension 'python'
[1.553s] Level 1:colcon.colcon_core.package_identification:_identify(data) by extensions ['python_setup_py']
[1.553s] Level 1:colcon.colcon_core.package_identification:_identify(data) by extension 'python_setup_py'
[1.554s] Level 1:colcon.colcon_core.package_identification:_identify(install) by extensions ['ignore', 'ignore_ament_install']
[1.556s] Level 1:colcon.colcon_core.package_identification:_identify(install) by extension 'ignore'
[1.556s] Level 1:colcon.colcon_core.package_identification:_identify(install) ignored
[1.557s] Level 1:colcon.colcon_core.package_identification:_identify(log) by extensions ['ignore', 'ignore_ament_install']
[1.558s] Level 1:colcon.colcon_core.package_identification:_identify(log) by extension 'ignore'
[1.559s] Level 1:colcon.colcon_core.package_identification:_identify(log) ignored
[1.560s] Level 1:colcon.colcon_core.package_identification:_identify(src) by extensions ['ignore', 'ignore_ament_install']
[1.561s] Level 1:colcon.colcon_core.package_identification:_identify(src) by extension 'ignore'
[1.561s] Level 1:colcon.colcon_core.package_identification:_identify(src) by extension 'ignore_ament_install'
[1.562s] Level 1:colcon.colcon_core.package_identification:_identify(src) by extensions ['colcon_pkg']
[1.562s] Level 1:colcon.colcon_core.package_identification:_identify(src) by extension 'colcon_pkg'
[1.562s] Level 1:colcon.colcon_core.package_identification:_identify(src) by extensions ['colcon_meta']
[1.562s] Level 1:colcon.colcon_core.package_identification:_identify(src) by extension 'colcon_meta'
[1.563s] Level 1:colcon.colcon_core.package_identification:_identify(src) by extensions ['ros']
[1.563s] Level 1:colcon.colcon_core.package_identification:_identify(src) by extension 'ros'
[1.564s] Level 1:colcon.colcon_core.package_identification:_identify(src) by extensions ['cmake', 'python']
[1.564s] Level 1:colcon.colcon_core.package_identification:_identify(src) by extension 'cmake'
[1.564s] Level 1:colcon.colcon_core.package_identification:_identify(src) by extension 'python'
[1.565s] Level 1:colcon.colcon_core.package_identification:_identify(src) by extensions ['python_setup_py']
[1.565s] Level 1:colcon.colcon_core.package_identification:_identify(src) by extension 'python_setup_py'
[1.566s] Level 1:colcon.colcon_core.package_identification:_identify(src/aggregator) by extensions ['ignore', 'ignore_ament_install']
[1.567s] Level 1:colcon.colcon_core.package_identification:_identify(src/aggregator) by extension 'ignore'
[1.568s] Level 1:colcon.colcon_core.package_identification:_identify(src/aggregator) by extension 'ignore_ament_install'
[1.568s] Level 1:colcon.colcon_core.package_identification:_identify(src/aggregator) by extensions ['colcon_pkg']
[1.569s] Level 1:colcon.colcon_core.package_identification:_identify(src/aggregator) by extension 'colcon_pkg'
[1.569s] Level 1:colcon.colcon_core.package_identification:_identify(src/aggregator) by extensions ['colcon_meta']
[1.570s] Level 1:colcon.colcon_core.package_identification:_identify(src/aggregator) by extension 'colcon_meta'
[1.570s] Level 1:colcon.colcon_core.package_identification:_identify(src/aggregator) by extensions ['ros']
[1.571s] Level 1:colcon.colcon_core.package_identification:_identify(src/aggregator) by extension 'ros'
[1.586s] DEBUG:colcon.colcon_core.package_identification:Package 'src/aggregator' with type 'ros.ament_python' and name 'aggregator'
[1.587s] Level 1:colcon.colcon_core.package_identification:_identify(src/msg_interfaces) by extensions ['ignore', 'ignore_ament_install']
[1.588s] Level 1:colcon.colcon_core.package_identification:_identify(src/msg_interfaces) by extension 'ignore'
[1.589s] Level 1:colcon.colcon_core.package_identification:_identify(src/msg_interfaces) by extension 'ignore_ament_install'
[1.590s] Level 1:colcon.colcon_core.package_identification:_identify(src/msg_interfaces) by extensions ['colcon_pkg']
[1.590s] Level 1:colcon.colcon_core.package_identification:_identify(src/msg_interfaces) by extension 'colcon_pkg'
[1.591s] Level 1:colcon.colcon_core.package_identification:_identify(src/msg_interfaces) by extensions ['colcon_meta']
[1.591s] Level 1:colcon.colcon_core.package_identification:_identify(src/msg_interfaces) by extension 'colcon_meta'
[1.592s] Level 1:colcon.colcon_core.package_identification:_identify(src/msg_interfaces) by extensions ['ros']
[1.593s] Level 1:colcon.colcon_core.package_identification:_identify(src/msg_interfaces) by extension 'ros'
[1.596s] DEBUG:colcon.colcon_core.package_identification:Package 'src/msg_interfaces' with type 'ros.ament_cmake' and name 'msg_interfaces'
[1.597s] Level 1:colcon.colcon_core.package_identification:_identify(src/saver) by extensions ['ignore', 'ignore_ament_install']
[1.599s] Level 1:colcon.colcon_core.package_identification:_identify(src/saver) by extension 'ignore'
[1.600s] Level 1:colcon.colcon_core.package_identification:_identify(src/saver) by extension 'ignore_ament_install'
[1.601s] Level 1:colcon.colcon_core.package_identification:_identify(src/saver) by extensions ['colcon_pkg']
[1.601s] Level 1:colcon.colcon_core.package_identification:_identify(src/saver) by extension 'colcon_pkg'
[1.602s] Level 1:colcon.colcon_core.package_identification:_identify(src/saver) by extensions ['colcon_meta']
[1.603s] Level 1:colcon.colcon_core.package_identification:_identify(src/saver) by extension 'colcon_meta'
[1.604s] Level 1:colcon.colcon_core.package_identification:_identify(src/saver) by extensions ['ros']
[1.604s] Level 1:colcon.colcon_core.package_identification:_identify(src/saver) by extension 'ros'
[1.609s] DEBUG:colcon.colcon_core.package_identification:Package 'src/saver' with type 'ros.ament_python' and name 'saver'
[1.610s] Level 1:colcon.colcon_core.package_identification:_identify(src/sensor_ph) by extensions ['ignore', 'ignore_ament_install']
[1.611s] Level 1:colcon.colcon_core.package_identification:_identify(src/sensor_ph) by extension 'ignore'
[1.611s] Level 1:colcon.colcon_core.package_identification:_identify(src/sensor_ph) by extension 'ignore_ament_install'
[1.612s] Level 1:colcon.colcon_core.package_identification:_identify(src/sensor_ph) by extensions ['colcon_pkg']
[1.612s] Level 1:colcon.colcon_core.package_identification:_identify(src/sensor_ph) by extension 'colcon_pkg'
[1.613s] Level 1:colcon.colcon_core.package_identification:_identify(src/sensor_ph) by extensions ['colcon_meta']
[1.613s] Level 1:colcon.colcon_core.package_identification:_identify(src/sensor_ph) by extension 'colcon_meta'
[1.614s] Level 1:colcon.colcon_core.package_identification:_identify(src/sensor_ph) by extensions ['ros']
[1.614s] Level 1:colcon.colcon_core.package_identification:_identify(src/sensor_ph) by extension 'ros'
[1.618s] DEBUG:colcon.colcon_core.package_identification:Package 'src/sensor_ph' with type 'ros.ament_python' and name 'sensor_ph'
[1.619s] Level 1:colcon.colcon_core.package_identification:_identify(src/sensor_tds) by extensions ['ignore', 'ignore_ament_install']
[1.621s] Level 1:colcon.colcon_core.package_identification:_identify(src/sensor_tds) by extension 'ignore'
[1.622s] Level 1:colcon.colcon_core.package_identification:_identify(src/sensor_tds) by extension 'ignore_ament_install'
[1.623s] Level 1:colcon.colcon_core.package_identification:_identify(src/sensor_tds) by extensions ['colcon_pkg']
[1.624s] Level 1:colcon.colcon_core.package_identification:_identify(src/sensor_tds) by extension 'colcon_pkg'
[1.625s] Level 1:colcon.colcon_core.package_identification:_identify(src/sensor_tds) by extensions ['colcon_meta']
[1.625s] Level 1:colcon.colcon_core.package_identification:_identify(src/sensor_tds) by extension 'colcon_meta'
[1.626s] Level 1:colcon.colcon_core.package_identification:_identify(src/sensor_tds) by extensions ['ros']
[1.627s] Level 1:colcon.colcon_core.package_identification:_identify(src/sensor_tds) by extension 'ros'
[1.631s] DEBUG:colcon.colcon_core.package_identification:Package 'src/sensor_tds' with type 'ros.ament_python' and name 'sensor_tds'
[1.632s] Level 1:colcon.colcon_core.package_identification:_identify(src/sensor_thermometer) by extensions ['ignore', 'ignore_ament_install']
[1.633s] Level 1:colcon.colcon_core.package_identification:_identify(src/sensor_thermometer) by extension 'ignore'
[1.634s] Level 1:colcon.colcon_core.package_identification:_identify(src/sensor_thermometer) by extension 'ignore_ament_install'
[1.635s] Level 1:colcon.colcon_core.package_identification:_identify(src/sensor_thermometer) by extensions ['colcon_pkg']
[1.635s] Level 1:colcon.colcon_core.package_identification:_identify(src/sensor_thermometer) by extension 'colcon_pkg'
[1.636s] Level 1:colcon.colcon_core.package_identification:_identify(src/sensor_thermometer) by extensions ['colcon_meta']
[1.636s] Level 1:colcon.colcon_core.package_identification:_identify(src/sensor_thermometer) by extension 'colcon_meta'
[1.637s] Level 1:colcon.colcon_core.package_identification:_identify(src/sensor_thermometer) by extensions ['ros']
[1.637s] Level 1:colcon.colcon_core.package_identification:_identify(src/sensor_thermometer) by extension 'ros'
[1.641s] DEBUG:colcon.colcon_core.package_identification:Package 'src/sensor_thermometer' with type 'ros.ament_python' and name 'sensor_thermometer'
[1.642s] Level 1:colcon.colcon_core.package_identification:_identify(src/system_launcher) by extensions ['ignore', 'ignore_ament_install']
[1.642s] Level 1:colcon.colcon_core.package_identification:_identify(src/system_launcher) by extension 'ignore'
[1.643s] Level 1:colcon.colcon_core.package_identification:_identify(src/system_launcher) by extension 'ignore_ament_install'
[1.645s] Level 1:colcon.colcon_core.package_identification:_identify(src/system_launcher) by extensions ['colcon_pkg']
[1.645s] Level 1:colcon.colcon_core.package_identification:_identify(src/system_launcher) by extension 'colcon_pkg'
[1.646s] Level 1:colcon.colcon_core.package_identification:_identify(src/system_launcher) by extensions ['colcon_meta']
[1.647s] Level 1:colcon.colcon_core.package_identification:_identify(src/system_launcher) by extension 'colcon_meta'
[1.648s] Level 1:colcon.colcon_core.package_identification:_identify(src/system_launcher) by extensions ['ros']
[1.648s] Level 1:colcon.colcon_core.package_identification:_identify(src/system_launcher) by extension 'ros'
[1.651s] DEBUG:colcon.colcon_core.package_identification:Package 'src/system_launcher' with type 'ros.ament_python' and name 'system_launcher'
[1.652s] Level 1:colcon.colcon_core.package_identification:_identify(src/telemetry) by extensions ['ignore', 'ignore_ament_install']
[1.653s] Level 1:colcon.colcon_core.package_identification:_identify(src/telemetry) by extension 'ignore'
[1.653s] Level 1:colcon.colcon_core.package_identification:_identify(src/telemetry) by extension 'ignore_ament_install'
[1.654s] Level 1:colcon.colcon_core.package_identification:_identify(src/telemetry) by extensions ['colcon_pkg']
[1.654s] Level 1:colcon.colcon_core.package_identification:_identify(src/telemetry) by extension 'colcon_pkg'
[1.655s] Level 1:colcon.colcon_core.package_identification:_identify(src/telemetry) by extensions ['colcon_meta']
[1.655s] Level 1:colcon.colcon_core.package_identification:_identify(src/telemetry) by extension 'colcon_meta'
[1.656s] Level 1:colcon.colcon_core.package_identification:_identify(src/telemetry) by extensions ['ros']
[1.656s] Level 1:colcon.colcon_core.package_identification:_identify(src/telemetry) by extension 'ros'
[1.659s] DEBUG:colcon.colcon_core.package_identification:Package 'src/telemetry' with type 'ros.ament_python' and name 'telemetry'
[1.659s] Level 1:colcon.colcon_core.package_discovery:discover_packages(recursive) using defaults
[1.660s] Level 1:colcon.colcon_core.package_discovery:discover_packages(ignore) discover
[1.660s] Level 1:colcon.colcon_core.package_discovery:discover_packages(ignore) using defaults
[1.660s] Level 1:colcon.colcon_core.package_discovery:discover_packages(path) discover
[1.661s] Level 1:colcon.colcon_core.package_discovery:discover_packages(path) using defaults
[1.822s] Level 1:colcon.colcon_core.package_discovery:discover_packages(prefix_path) check parameters
[1.822s] Level 1:colcon.colcon_core.package_discovery:discover_packages(prefix_path) discover
[1.830s] WARNING:colcon.colcon_ros.prefix_path.ament:The path '/home/foka/ros2_humble2/install/telemetry' in the environment variable AMENT_PREFIX_PATH doesn't exist
[1.831s] WARNING:colcon.colcon_ros.prefix_path.ament:The path '/home/foka/ros2_humble2/install/sensor_ph' in the environment variable AMENT_PREFIX_PATH doesn't exist
[1.831s] WARNING:colcon.colcon_ros.prefix_path.ament:The path '/home/foka/ros2_humble2/install/system_launcher' in the environment variable AMENT_PREFIX_PATH doesn't exist
[1.832s] WARNING:colcon.colcon_ros.prefix_path.ament:The path '/home/foka/ros2_humble2/install/sensor_thermometer' in the environment variable AMENT_PREFIX_PATH doesn't exist
[1.832s] WARNING:colcon.colcon_ros.prefix_path.ament:The path '/home/foka/ros2_humble2/install/saver' in the environment variable AMENT_PREFIX_PATH doesn't exist
[1.833s] WARNING:colcon.colcon_ros.prefix_path.ament:The path '/home/foka/ros2_humble2/install/py_talker' in the environment variable AMENT_PREFIX_PATH doesn't exist
[1.833s] WARNING:colcon.colcon_ros.prefix_path.ament:The path '/home/foka/ros2_humble2/install/msg_interfaces' in the environment variable AMENT_PREFIX_PATH doesn't exist
[1.834s] WARNING:colcon.colcon_ros.prefix_path.ament:The path '/home/foka/ros2_humble2/install/aggregator' in the environment variable AMENT_PREFIX_PATH doesn't exist
[1.834s] WARNING:colcon.colcon_ros.prefix_path.catkin:The path '/home/foka/ros2_humble2/install/msg_interfaces' in the environment variable CMAKE_PREFIX_PATH doesn't exist
[1.839s] DEBUG:colcon.colcon_installed_package_information.package_discovery:Found 0 installed packages in /home/foka/ros2_humble2/install
[1.847s] DEBUG:colcon.colcon_installed_package_information.package_discovery:Found 181 installed packages in /opt/ros/humble
[1.857s] Level 1:colcon.colcon_core.package_discovery:discover_packages(prefix_path) using defaults
[2.129s] Level 5:colcon.colcon_core.verb:set package 'aggregator' build argument 'cmake_args' from command line to 'None'
[2.130s] Level 5:colcon.colcon_core.verb:set package 'aggregator' build argument 'cmake_target' from command line to 'None'
[2.130s] Level 5:colcon.colcon_core.verb:set package 'aggregator' build argument 'cmake_target_skip_unavailable' from command line to 'False'
[2.130s] Level 5:colcon.colcon_core.verb:set package 'aggregator' build argument 'cmake_clean_cache' from command line to 'False'
[2.130s] Level 5:colcon.colcon_core.verb:set package 'aggregator' build argument 'cmake_clean_first' from command line to 'False'
[2.130s] Level 5:colcon.colcon_core.verb:set package 'aggregator' build argument 'cmake_force_configure' from command line to 'False'
[2.131s] Level 5:colcon.colcon_core.verb:set package 'aggregator' build argument 'ament_cmake_args' from command line to 'None'
[2.131s] Level 5:colcon.colcon_core.verb:set package 'aggregator' build argument 'catkin_cmake_args' from command line to 'None'
[2.131s] Level 5:colcon.colcon_core.verb:set package 'aggregator' build argument 'catkin_skip_building_tests' from command line to 'False'
[2.131s] DEBUG:colcon.colcon_core.verb:Building package 'aggregator' with the following arguments: {'ament_cmake_args': None, 'build_base': '/home/foka/ros2_humble2/build/aggregator', 'catkin_cmake_args': None, 'catkin_skip_building_tests': False, 'cmake_args': None, 'cmake_clean_cache': False, 'cmake_clean_first': False, 'cmake_force_configure': False, 'cmake_target': None, 'cmake_target_skip_unavailable': False, 'install_base': '/home/foka/ros2_humble2/install/aggregator', 'merge_install': False, 'path': '/home/foka/ros2_humble2/src/aggregator', 'symlink_install': True, 'test_result_base': None}
[2.133s] Level 5:colcon.colcon_core.verb:set package 'msg_interfaces' build argument 'cmake_args' from command line to 'None'
[2.134s] Level 5:colcon.colcon_core.verb:set package 'msg_interfaces' build argument 'cmake_target' from command line to 'None'
[2.134s] Level 5:colcon.colcon_core.verb:set package 'msg_interfaces' build argument 'cmake_target_skip_unavailable' from command line to 'False'
[2.134s] Level 5:colcon.colcon_core.verb:set package 'msg_interfaces' build argument 'cmake_clean_cache' from command line to 'False'
[2.134s] Level 5:colcon.colcon_core.verb:set package 'msg_interfaces' build argument 'cmake_clean_first' from command line to 'False'
[2.136s] Level 5:colcon.colcon_core.verb:set package 'msg_interfaces' build argument 'cmake_force_configure' from command line to 'False'
[2.136s] Level 5:colcon.colcon_core.verb:set package 'msg_interfaces' build argument 'ament_cmake_args' from command line to 'None'
[2.137s] Level 5:colcon.colcon_core.verb:set package 'msg_interfaces' build argument 'catkin_cmake_args' from command line to 'None'
[2.137s] Level 5:colcon.colcon_core.verb:set package 'msg_interfaces' build argument 'catkin_skip_building_tests' from command line to 'False'
[2.137s] DEBUG:colcon.colcon_core.verb:Building package 'msg_interfaces' with the following arguments: {'ament_cmake_args': None, 'build_base': '/home/foka/ros2_humble2/build/msg_interfaces', 'catkin_cmake_args': None, 'catkin_skip_building_tests': False, 'cmake_args': None, 'cmake_clean_cache': False, 'cmake_clean_first': False, 'cmake_force_configure': False, 'cmake_target': None, 'cmake_target_skip_unavailable': False, 'install_base': '/home/foka/ros2_humble2/install/msg_interfaces', 'merge_install': False, 'path': '/home/foka/ros2_humble2/src/msg_interfaces', 'symlink_install': True, 'test_result_base': None}
[2.139s] Level 5:colcon.colcon_core.verb:set package 'saver' build argument 'cmake_args' from command line to 'None'
[2.139s] Level 5:colcon.colcon_core.verb:set package 'saver' build argument 'cmake_target' from command line to 'None'
[2.139s] Level 5:colcon.colcon_core.verb:set package 'saver' build argument 'cmake_target_skip_unavailable' from command line to 'False'
[2.139s] Level 5:colcon.colcon_core.verb:set package 'saver' build argument 'cmake_clean_cache' from command line to 'False'
[2.140s] Level 5:colcon.colcon_core.verb:set package 'saver' build argument 'cmake_clean_first' from command line to 'False'
[2.140s] Level 5:colcon.colcon_core.verb:set package 'saver' build argument 'cmake_force_configure' from command line to 'False'
[2.140s] Level 5:colcon.colcon_core.verb:set package 'saver' build argument 'ament_cmake_args' from command line to 'None'
[2.140s] Level 5:colcon.colcon_core.verb:set package 'saver' build argument 'catkin_cmake_args' from command line to 'None'
[2.140s] Level 5:colcon.colcon_core.verb:set package 'saver' build argument 'catkin_skip_building_tests' from command line to 'False'
[2.140s] DEBUG:colcon.colcon_core.verb:Building package 'saver' with the following arguments: {'ament_cmake_args': None, 'build_base': '/home/foka/ros2_humble2/build/saver', 'catkin_cmake_args': None, 'catkin_skip_building_tests': False, 'cmake_args': None, 'cmake_clean_cache': False, 'cmake_clean_first': False, 'cmake_force_configure': False, 'cmake_target': None, 'cmake_target_skip_unavailable': False, 'install_base': '/home/foka/ros2_humble2/install/saver', 'merge_install': False, 'path': '/home/foka/ros2_humble2/src/saver', 'symlink_install': True, 'test_result_base': None}
[2.142s] Level 5:colcon.colcon_core.verb:set package 'sensor_thermometer' build argument 'cmake_args' from command line to 'None'
[2.143s] Level 5:colcon.colcon_core.verb:set package 'sensor_thermometer' build argument 'cmake_target' from command line to 'None'
[2.143s] Level 5:colcon.colcon_core.verb:set package 'sensor_thermometer' build argument 'cmake_target_skip_unavailable' from command line to 'False'
[2.143s] Level 5:colcon.colcon_core.verb:set package 'sensor_thermometer' build argument 'cmake_clean_cache' from command line to 'False'
[2.143s] Level 5:colcon.colcon_core.verb:set package 'sensor_thermometer' build argument 'cmake_clean_first' from command line to 'False'
[2.144s] Level 5:colcon.colcon_core.verb:set package 'sensor_thermometer' build argument 'cmake_force_configure' from command line to 'False'
[2.144s] Level 5:colcon.colcon_core.verb:set package 'sensor_thermometer' build argument 'ament_cmake_args' from command line to 'None'
[2.144s] Level 5:colcon.colcon_core.verb:set package 'sensor_thermometer' build argument 'catkin_cmake_args' from command line to 'None'
[2.144s] Level 5:colcon.colcon_core.verb:set package 'sensor_thermometer' build argument 'catkin_skip_building_tests' from command line to 'False'
[2.144s] DEBUG:colcon.colcon_core.verb:Building package 'sensor_thermometer' with the following arguments: {'ament_cmake_args': None, 'build_base': '/home/foka/ros2_humble2/build/sensor_thermometer', 'catkin_cmake_args': None, 'catkin_skip_building_tests': False, 'cmake_args': None, 'cmake_clean_cache': False, 'cmake_clean_first': False, 'cmake_force_configure': False, 'cmake_target': None, 'cmake_target_skip_unavailable': False, 'install_base': '/home/foka/ros2_humble2/install/sensor_thermometer', 'merge_install': False, 'path': '/home/foka/ros2_humble2/src/sensor_thermometer', 'symlink_install': True, 'test_result_base': None}
[2.146s] Level 5:colcon.colcon_core.verb:set package 'system_launcher' build argument 'cmake_args' from command line to 'None'
[2.147s] Level 5:colcon.colcon_core.verb:set package 'system_launcher' build argument 'cmake_target' from command line to 'None'
[2.147s] Level 5:colcon.colcon_core.verb:set package 'system_launcher' build argument 'cmake_target_skip_unavailable' from command line to 'False'
[2.147s] Level 5:colcon.colcon_core.verb:set package 'system_launcher' build argument 'cmake_clean_cache' from command line to 'False'
[2.147s] Level 5:colcon.colcon_core.verb:set package 'system_launcher' build argument 'cmake_clean_first' from command line to 'False'
[2.147s] Level 5:colcon.colcon_core.verb:set package 'system_launcher' build argument 'cmake_force_configure' from command line to 'False'
[2.148s] Level 5:colcon.colcon_core.verb:set package 'system_launcher' build argument 'ament_cmake_args' from command line to 'None'
[2.148s] Level 5:colcon.colcon_core.verb:set package 'system_launcher' build argument 'catkin_cmake_args' from command line to 'None'
[2.148s] Level 5:colcon.colcon_core.verb:set package 'system_launcher' build argument 'catkin_skip_building_tests' from command line to 'False'
[2.148s] DEBUG:colcon.colcon_core.verb:Building package 'system_launcher' with the following arguments: {'ament_cmake_args': None, 'build_base': '/home/foka/ros2_humble2/build/system_launcher', 'catkin_cmake_args': None, 'catkin_skip_building_tests': False, 'cmake_args': None, 'cmake_clean_cache': False, 'cmake_clean_first': False, 'cmake_force_configure': False, 'cmake_target': None, 'cmake_target_skip_unavailable': False, 'install_base': '/home/foka/ros2_humble2/install/system_launcher', 'merge_install': False, 'path': '/home/foka/ros2_humble2/src/system_launcher', 'symlink_install': True, 'test_result_base': None}
[2.151s] Level 5:colcon.colcon_core.verb:set package 'telemetry' build argument 'cmake_args' from command line to 'None'
[2.151s] Level 5:colcon.colcon_core.verb:set package 'telemetry' build argument 'cmake_target' from command line to 'None'
[2.151s] Level 5:colcon.colcon_core.verb:set package 'telemetry' build argument 'cmake_target_skip_unavailable' from command line to 'False'
[2.152s] Level 5:colcon.colcon_core.verb:set package 'telemetry' build argument 'cmake_clean_cache' from command line to 'False'
[2.152s] Level 5:colcon.colcon_core.verb:set package 'telemetry' build argument 'cmake_clean_first' from command line to 'False'
[2.152s] Level 5:colcon.colcon_core.verb:set package 'telemetry' build argument 'cmake_force_configure' from command line to 'False'
[2.153s] Level 5:colcon.colcon_core.verb:set package 'telemetry' build argument 'ament_cmake_args' from command line to 'None'
[2.153s] Level 5:colcon.colcon_core.verb:set package 'telemetry' build argument 'catkin_cmake_args' from command line to 'None'
[2.153s] Level 5:colcon.colcon_core.verb:set package 'telemetry' build argument 'catkin_skip_building_tests' from command line to 'False'
[2.153s] DEBUG:colcon.colcon_core.verb:Building package 'telemetry' with the following arguments: {'ament_cmake_args': None, 'build_base': '/home/foka/ros2_humble2/build/telemetry', 'catkin_cmake_args': None, 'catkin_skip_building_tests': False, 'cmake_args': None, 'cmake_clean_cache': False, 'cmake_clean_first': False, 'cmake_force_configure': False, 'cmake_target': None, 'cmake_target_skip_unavailable': False, 'install_base': '/home/foka/ros2_humble2/install/telemetry', 'merge_install': False, 'path': '/home/foka/ros2_humble2/src/telemetry', 'symlink_install': True, 'test_result_base': None}
[2.156s] Level 5:colcon.colcon_core.verb:set package 'sensor_ph' build argument 'cmake_args' from command line to 'None'
[2.156s] Level 5:colcon.colcon_core.verb:set package 'sensor_ph' build argument 'cmake_target' from command line to 'None'
[2.156s] Level 5:colcon.colcon_core.verb:set package 'sensor_ph' build argument 'cmake_target_skip_unavailable' from command line to 'False'
[2.156s] Level 5:colcon.colcon_core.verb:set package 'sensor_ph' build argument 'cmake_clean_cache' from command line to 'False'
[2.156s] Level 5:colcon.colcon_core.verb:set package 'sensor_ph' build argument 'cmake_clean_first' from command line to 'False'
[2.157s] Level 5:colcon.colcon_core.verb:set package 'sensor_ph' build argument 'cmake_force_configure' from command line to 'False'
[2.157s] Level 5:colcon.colcon_core.verb:set package 'sensor_ph' build argument 'ament_cmake_args' from command line to 'None'
[2.157s] Level 5:colcon.colcon_core.verb:set package 'sensor_ph' build argument 'catkin_cmake_args' from command line to 'None'
[2.157s] Level 5:colcon.colcon_core.verb:set package 'sensor_ph' build argument 'catkin_skip_building_tests' from command line to 'False'
[2.157s] DEBUG:colcon.colcon_core.verb:Building package 'sensor_ph' with the following arguments: {'ament_cmake_args': None, 'build_base': '/home/foka/ros2_humble2/build/sensor_ph', 'catkin_cmake_args': None, 'catkin_skip_building_tests': False, 'cmake_args': None, 'cmake_clean_cache': False, 'cmake_clean_first': False, 'cmake_force_configure': False, 'cmake_target': None, 'cmake_target_skip_unavailable': False, 'install_base': '/home/foka/ros2_humble2/install/sensor_ph', 'merge_install': False, 'path': '/home/foka/ros2_humble2/src/sensor_ph', 'symlink_install': True, 'test_result_base': None}
[2.159s] Level 5:colcon.colcon_core.verb:set package 'sensor_tds' build argument 'cmake_args' from command line to 'None'
[2.159s] Level 5:colcon.colcon_core.verb:set package 'sensor_tds' build argument 'cmake_target' from command line to 'None'
[2.160s] Level 5:colcon.colcon_core.verb:set package 'sensor_tds' build argument 'cmake_target_skip_unavailable' from command line to 'False'
[2.160s] Level 5:colcon.colcon_core.verb:set package 'sensor_tds' build argument 'cmake_clean_cache' from command line to 'False'
[2.160s] Level 5:colcon.colcon_core.verb:set package 'sensor_tds' build argument 'cmake_clean_first' from command line to 'False'
[2.160s] Level 5:colcon.colcon_core.verb:set package 'sensor_tds' build argument 'cmake_force_configure' from command line to 'False'
[2.160s] Level 5:colcon.colcon_core.verb:set package 'sensor_tds' build argument 'ament_cmake_args' from command line to 'None'
[2.160s] Level 5:colcon.colcon_core.verb:set package 'sensor_tds' build argument 'catkin_cmake_args' from command line to 'None'
[2.161s] Level 5:colcon.colcon_core.verb:set package 'sensor_tds' build argument 'catkin_skip_building_tests' from command line to 'False'
[2.161s] DEBUG:colcon.colcon_core.verb:Building package 'sensor_tds' with the following arguments: {'ament_cmake_args': None, 'build_base': '/home/foka/ros2_humble2/build/sensor_tds', 'catkin_cmake_args': None, 'catkin_skip_building_tests': False, 'cmake_args': None, 'cmake_clean_cache': False, 'cmake_clean_first': False, 'cmake_force_configure': False, 'cmake_target': None, 'cmake_target_skip_unavailable': False, 'install_base': '/home/foka/ros2_humble2/install/sensor_tds', 'merge_install': False, 'path': '/home/foka/ros2_humble2/src/sensor_tds', 'symlink_install': True, 'test_result_base': None}
[2.162s] INFO:colcon.colcon_core.executor:Executing jobs using 'parallel' executor
[2.166s] DEBUG:colcon.colcon_parallel_executor.executor.parallel:run_until_complete
[2.168s] INFO:colcon.colcon_ros.task.ament_python.build:Building ROS package in '/home/foka/ros2_humble2/src/system_launcher' with build type 'ament_python'
[2.169s] Level 1:colcon.colcon_core.shell:create_environment_hook('system_launcher', 'ament_prefix_path')
[2.188s] INFO:colcon.colcon_core.plugin_system:Skipping extension 'colcon_core.shell.bat': Not used on non-Windows systems
[2.189s] INFO:colcon.colcon_core.shell:Creating environment hook '/home/foka/ros2_humble2/install/system_launcher/share/system_launcher/hook/ament_prefix_path.ps1'
[2.196s] INFO:colcon.colcon_core.shell:Creating environment descriptor '/home/foka/ros2_humble2/install/system_launcher/share/system_launcher/hook/ament_prefix_path.dsv'
[2.200s] INFO:colcon.colcon_core.shell:Creating environment hook '/home/foka/ros2_humble2/install/system_launcher/share/system_launcher/hook/ament_prefix_path.sh'
[2.205s] INFO:colcon.colcon_core.shell:Skip shell extension 'powershell' for command environment: Not usable outside of PowerShell
[2.206s] DEBUG:colcon.colcon_core.shell:Skip shell extension 'dsv' for command environment
[2.234s] INFO:colcon.colcon_ros.task.ament_python.build:Building ROS package in '/home/foka/ros2_humble2/src/aggregator' with build type 'ament_python'
[2.235s] Level 1:colcon.colcon_core.shell:create_environment_hook('aggregator', 'ament_prefix_path')
[2.236s] INFO:colcon.colcon_core.shell:Creating environment hook '/home/foka/ros2_humble2/install/aggregator/share/aggregator/hook/ament_prefix_path.ps1'
[2.244s] INFO:colcon.colcon_core.shell:Creating environment descriptor '/home/foka/ros2_humble2/install/aggregator/share/aggregator/hook/ament_prefix_path.dsv'
[2.248s] INFO:colcon.colcon_core.shell:Creating environment hook '/home/foka/ros2_humble2/install/aggregator/share/aggregator/hook/ament_prefix_path.sh'
[2.253s] INFO:colcon.colcon_core.shell:Skip shell extension 'powershell' for command environment: Not usable outside of PowerShell
[2.254s] DEBUG:colcon.colcon_core.shell:Skip shell extension 'dsv' for command environment
[2.277s] INFO:colcon.colcon_ros.task.ament_cmake.build:Building ROS package in '/home/foka/ros2_humble2/src/msg_interfaces' with build type 'ament_cmake'
[2.278s] INFO:colcon.colcon_cmake.task.cmake.build:Building CMake package in '/home/foka/ros2_humble2/src/msg_interfaces'
[2.279s] INFO:colcon.colcon_core.shell:Skip shell extension 'powershell' for command environment: Not usable outside of PowerShell
[2.280s] DEBUG:colcon.colcon_core.shell:Skip shell extension 'dsv' for command environment
[2.319s] INFO:colcon.colcon_ros.task.ament_python.build:Building ROS package in '/home/foka/ros2_humble2/src/saver' with build type 'ament_python'
[2.320s] Level 1:colcon.colcon_core.shell:create_environment_hook('saver', 'ament_prefix_path')
[2.322s] INFO:colcon.colcon_core.shell:Creating environment hook '/home/foka/ros2_humble2/install/saver/share/saver/hook/ament_prefix_path.ps1'
[2.330s] INFO:colcon.colcon_core.shell:Creating environment descriptor '/home/foka/ros2_humble2/install/saver/share/saver/hook/ament_prefix_path.dsv'
[2.334s] INFO:colcon.colcon_core.shell:Creating environment hook '/home/foka/ros2_humble2/install/saver/share/saver/hook/ament_prefix_path.sh'
[2.339s] INFO:colcon.colcon_core.shell:Skip shell extension 'powershell' for command environment: Not usable outside of PowerShell
[2.339s] DEBUG:colcon.colcon_core.shell:Skip shell extension 'dsv' for command environment
[4.496s] INFO:colcon.colcon_core.task.python.build:Building Python package in '/home/foka/ros2_humble2/src/system_launcher'
[4.497s] INFO:colcon.colcon_core.shell:Skip shell extension 'powershell' for command environment: Not usable outside of PowerShell
[4.497s] DEBUG:colcon.colcon_core.shell:Skip shell extension 'dsv' for command environment
[6.280s] INFO:colcon.colcon_core.task.python.build:Building Python package in '/home/foka/ros2_humble2/src/aggregator'
[6.282s] INFO:colcon.colcon_core.shell:Skip shell extension 'powershell' for command environment: Not usable outside of PowerShell
[6.282s] DEBUG:colcon.colcon_core.shell:Skip shell extension 'dsv' for command environment
[6.322s] DEBUG:colcon.colcon_core.event_handler.log_command:Invoking command in '/home/foka/ros2_humble2/build/msg_interfaces': CMAKE_PREFIX_PATH=${CMAKE_PREFIX_PATH}:/home/foka/ros2_humble2/install/telemetry:/home/foka/ros2_humble2/install/sensor_ph:/home/foka/ros2_humble2/install/system_launcher:/home/foka/ros2_humble2/install/sensor_thermometer:/home/foka/ros2_humble2/install/saver:/home/foka/ros2_humble2/install/py_talker:/home/foka/ros2_humble2/install/aggregator:/opt/ros/humble /usr/bin/cmake /home/foka/ros2_humble2/src/msg_interfaces -DAMENT_CMAKE_SYMLINK_INSTALL=1 -DCMAKE_INSTALL_PREFIX=/home/foka/ros2_humble2/install/msg_interfaces
[8.251s] INFO:colcon.colcon_core.task.python.build:Building Python package in '/home/foka/ros2_humble2/src/saver'
[8.252s] INFO:colcon.colcon_core.shell:Skip shell extension 'powershell' for command environment: Not usable outside of PowerShell
[8.253s] DEBUG:colcon.colcon_core.shell:Skip shell extension 'dsv' for command environment
[11.600s] DEBUG:colcon.colcon_core.event_handler.log_command:Invoking command in '/home/foka/ros2_humble2/build/saver': PYTHONPATH=/home/foka/ros2_humble2/build/saver/prefix_override:/usr/lib/python3/dist-packages/colcon_core/task/python/colcon_distutils_commands:/home/foka/ros2_humble2/install/saver/lib/python3.10/site-packages:${PYTHONPATH} /usr/bin/python3 -W ignore:setup.py install is deprecated -W ignore:easy_install command is deprecated setup.py develop --editable --build-directory /home/foka/ros2_humble2/build/saver/build --no-deps symlink_data
[12.404s] DEBUG:colcon.colcon_core.event_handler.log_command:Invoking command in '/home/foka/ros2_humble2/build/aggregator': PYTHONPATH=/home/foka/ros2_humble2/build/aggregator/prefix_override:/usr/lib/python3/dist-packages/colcon_core/task/python/colcon_distutils_commands:/home/foka/ros2_humble2/install/aggregator/lib/python3.10/site-packages:${PYTHONPATH} /usr/bin/python3 -W ignore:setup.py install is deprecated -W ignore:easy_install command is deprecated setup.py develop --editable --build-directory /home/foka/ros2_humble2/build/aggregator/build --no-deps symlink_data
[13.996s] DEBUG:colcon.colcon_core.event_handler.log_command:Invoking command in '/home/foka/ros2_humble2/build/system_launcher': PYTHONPATH=/home/foka/ros2_humble2/build/system_launcher/prefix_override:/usr/lib/python3/dist-packages/colcon_core/task/python/colcon_distutils_commands:/home/foka/ros2_humble2/install/system_launcher/lib/python3.10/site-packages:${PYTHONPATH} /usr/bin/python3 -W ignore:setup.py install is deprecated -W ignore:easy_install command is deprecated setup.py develop --editable --build-directory /home/foka/ros2_humble2/build/system_launcher/build --no-deps symlink_data
[17.870s] Level 1:colcon.colcon_core.shell:create_environment_hook('aggregator', 'pythonpath_develop')
[17.871s] INFO:colcon.colcon_core.shell:Creating environment hook '/home/foka/ros2_humble2/build/aggregator/share/aggregator/hook/pythonpath_develop.ps1'
[17.874s] DEBUG:colcon.colcon_core.event_handler.log_command:Invoked command in '/home/foka/ros2_humble2/build/aggregator' returned '0': PYTHONPATH=/home/foka/ros2_humble2/build/aggregator/prefix_override:/usr/lib/python3/dist-packages/colcon_core/task/python/colcon_distutils_commands:/home/foka/ros2_humble2/install/aggregator/lib/python3.10/site-packages:${PYTHONPATH} /usr/bin/python3 -W ignore:setup.py install is deprecated -W ignore:easy_install command is deprecated setup.py develop --editable --build-directory /home/foka/ros2_humble2/build/aggregator/build --no-deps symlink_data
[17.884s] INFO:colcon.colcon_core.shell:Creating environment descriptor '/home/foka/ros2_humble2/build/aggregator/share/aggregator/hook/pythonpath_develop.dsv'
[17.888s] INFO:colcon.colcon_core.shell:Creating environment hook '/home/foka/ros2_humble2/build/aggregator/share/aggregator/hook/pythonpath_develop.sh'
[17.912s] Level 1:colcon.colcon_core.environment:checking '/home/foka/ros2_humble2/install/aggregator' for CMake module files
[17.915s] Level 1:colcon.colcon_core.environment:checking '/home/foka/ros2_humble2/install/aggregator' for CMake config files
[17.919s] Level 1:colcon.colcon_core.environment:checking '/home/foka/ros2_humble2/install/aggregator/lib'
[17.920s] Level 1:colcon.colcon_core.environment:checking '/home/foka/ros2_humble2/install/aggregator/bin'
[17.921s] Level 1:colcon.colcon_core.environment:checking '/home/foka/ros2_humble2/install/aggregator/lib/pkgconfig/aggregator.pc'
[17.922s] Level 1:colcon.colcon_core.environment:checking '/home/foka/ros2_humble2/install/aggregator/lib/python3.10/site-packages'
[17.922s] Level 1:colcon.colcon_core.shell:create_environment_hook('aggregator', 'pythonpath')
[17.924s] INFO:colcon.colcon_core.shell:Creating environment hook '/home/foka/ros2_humble2/install/aggregator/share/aggregator/hook/pythonpath.ps1'
[17.927s] INFO:colcon.colcon_core.shell:Creating environment descriptor '/home/foka/ros2_humble2/install/aggregator/share/aggregator/hook/pythonpath.dsv'
[17.930s] INFO:colcon.colcon_core.shell:Creating environment hook '/home/foka/ros2_humble2/install/aggregator/share/aggregator/hook/pythonpath.sh'
[17.935s] Level 1:colcon.colcon_core.environment:checking '/home/foka/ros2_humble2/install/aggregator/bin'
[17.936s] Level 1:colcon.colcon_core.environment:create_environment_scripts_only(aggregator)
[17.937s] INFO:colcon.colcon_core.shell:Creating package script '/home/foka/ros2_humble2/install/aggregator/share/aggregator/package.ps1'
[17.945s] INFO:colcon.colcon_core.shell:Creating package descriptor '/home/foka/ros2_humble2/install/aggregator/share/aggregator/package.dsv'
[17.951s] INFO:colcon.colcon_core.shell:Creating package script '/home/foka/ros2_humble2/install/aggregator/share/aggregator/package.sh'
[17.958s] INFO:colcon.colcon_core.shell:Creating package script '/home/foka/ros2_humble2/install/aggregator/share/aggregator/package.bash'
[17.965s] INFO:colcon.colcon_core.shell:Creating package script '/home/foka/ros2_humble2/install/aggregator/share/aggregator/package.zsh'
[17.984s] Level 1:colcon.colcon_core.environment:create_file_with_runtime_dependencies(/home/foka/ros2_humble2/install/aggregator/share/colcon-core/packages/aggregator)
[17.990s] INFO:colcon.colcon_ros.task.ament_python.build:Building ROS package in '/home/foka/ros2_humble2/src/sensor_thermometer' with build type 'ament_python'
[17.991s] Level 1:colcon.colcon_core.shell:create_environment_hook('sensor_thermometer', 'ament_prefix_path')
[17.992s] INFO:colcon.colcon_core.shell:Creating environment hook '/home/foka/ros2_humble2/install/sensor_thermometer/share/sensor_thermometer/hook/ament_prefix_path.ps1'
[17.996s] INFO:colcon.colcon_core.shell:Creating environment descriptor '/home/foka/ros2_humble2/install/sensor_thermometer/share/sensor_thermometer/hook/ament_prefix_path.dsv'
[18.007s] INFO:colcon.colcon_core.shell:Creating environment hook '/home/foka/ros2_humble2/install/sensor_thermometer/share/sensor_thermometer/hook/ament_prefix_path.sh'
[18.013s] INFO:colcon.colcon_core.shell:Skip shell extension 'powershell' for command environment: Not usable outside of PowerShell
[18.014s] DEBUG:colcon.colcon_core.shell:Skip shell extension 'dsv' for command environment
[18.039s] Level 1:colcon.colcon_core.shell:create_environment_hook('saver', 'pythonpath_develop')
[18.042s] INFO:colcon.colcon_core.shell:Creating environment hook '/home/foka/ros2_humble2/build/saver/share/saver/hook/pythonpath_develop.ps1'
[18.041s] DEBUG:colcon.colcon_core.event_handler.log_command:Invoked command in '/home/foka/ros2_humble2/build/saver' returned '0': PYTHONPATH=/home/foka/ros2_humble2/build/saver/prefix_override:/usr/lib/python3/dist-packages/colcon_core/task/python/colcon_distutils_commands:/home/foka/ros2_humble2/install/saver/lib/python3.10/site-packages:${PYTHONPATH} /usr/bin/python3 -W ignore:setup.py install is deprecated -W ignore:easy_install command is deprecated setup.py develop --editable --build-directory /home/foka/ros2_humble2/build/saver/build --no-deps symlink_data
[18.047s] INFO:colcon.colcon_core.shell:Creating environment descriptor '/home/foka/ros2_humble2/build/saver/share/saver/hook/pythonpath_develop.dsv'
[18.053s] INFO:colcon.colcon_core.shell:Creating environment hook '/home/foka/ros2_humble2/build/saver/share/saver/hook/pythonpath_develop.sh'
[18.057s] Level 1:colcon.colcon_core.environment:checking '/home/foka/ros2_humble2/install/saver' for CMake module files
[18.061s] Level 1:colcon.colcon_core.environment:checking '/home/foka/ros2_humble2/install/saver' for CMake config files
[18.065s] Level 1:colcon.colcon_core.environment:checking '/home/foka/ros2_humble2/install/saver/lib'
[18.066s] Level 1:colcon.colcon_core.environment:checking '/home/foka/ros2_humble2/install/saver/bin'
[18.067s] Level 1:colcon.colcon_core.environment:checking '/home/foka/ros2_humble2/install/saver/lib/pkgconfig/saver.pc'
[18.068s] Level 1:colcon.colcon_core.environment:checking '/home/foka/ros2_humble2/install/saver/lib/python3.10/site-packages'
[18.069s] Level 1:colcon.colcon_core.shell:create_environment_hook('saver', 'pythonpath')
[18.070s] INFO:colcon.colcon_core.shell:Creating environment hook '/home/foka/ros2_humble2/install/saver/share/saver/hook/pythonpath.ps1'
[18.073s] INFO:colcon.colcon_core.shell:Creating environment descriptor '/home/foka/ros2_humble2/install/saver/share/saver/hook/pythonpath.dsv'
[18.080s] INFO:colcon.colcon_core.shell:Creating environment hook '/home/foka/ros2_humble2/install/saver/share/saver/hook/pythonpath.sh'
[18.085s] Level 1:colcon.colcon_core.environment:checking '/home/foka/ros2_humble2/install/saver/bin'
[18.085s] Level 1:colcon.colcon_core.environment:create_environment_scripts_only(saver)
[18.087s] INFO:colcon.colcon_core.shell:Creating package script '/home/foka/ros2_humble2/install/saver/share/saver/package.ps1'
[18.091s] INFO:colcon.colcon_core.shell:Creating package descriptor '/home/foka/ros2_humble2/install/saver/share/saver/package.dsv'
[18.096s] INFO:colcon.colcon_core.shell:Creating package script '/home/foka/ros2_humble2/install/saver/share/saver/package.sh'
[18.100s] INFO:colcon.colcon_core.shell:Creating package script '/home/foka/ros2_humble2/install/saver/share/saver/package.bash'
[18.103s] INFO:colcon.colcon_core.shell:Creating package script '/home/foka/ros2_humble2/install/saver/share/saver/package.zsh'
[18.107s] Level 1:colcon.colcon_core.environment:create_file_with_runtime_dependencies(/home/foka/ros2_humble2/install/saver/share/colcon-core/packages/saver)
[18.115s] INFO:colcon.colcon_ros.task.ament_python.build:Building ROS package in '/home/foka/ros2_humble2/src/telemetry' with build type 'ament_python'
[18.116s] Level 1:colcon.colcon_core.shell:create_environment_hook('telemetry', 'ament_prefix_path')
[18.118s] INFO:colcon.colcon_core.shell:Creating environment hook '/home/foka/ros2_humble2/install/telemetry/share/telemetry/hook/ament_prefix_path.ps1'
[18.123s] INFO:colcon.colcon_core.shell:Creating environment descriptor '/home/foka/ros2_humble2/install/telemetry/share/telemetry/hook/ament_prefix_path.dsv'
[18.127s] INFO:colcon.colcon_core.shell:Creating environment hook '/home/foka/ros2_humble2/install/telemetry/share/telemetry/hook/ament_prefix_path.sh'
[18.132s] INFO:colcon.colcon_core.shell:Skip shell extension 'powershell' for command environment: Not usable outside of PowerShell
[18.132s] DEBUG:colcon.colcon_core.shell:Skip shell extension 'dsv' for command environment
[20.774s] INFO:colcon.colcon_core.task.python.build:Building Python package in '/home/foka/ros2_humble2/src/sensor_thermometer'
[20.775s] INFO:colcon.colcon_core.shell:Skip shell extension 'powershell' for command environment: Not usable outside of PowerShell
[20.776s] DEBUG:colcon.colcon_core.shell:Skip shell extension 'dsv' for command environment
[22.702s] INFO:colcon.colcon_core.task.python.build:Building Python package in '/home/foka/ros2_humble2/src/telemetry'
[22.703s] INFO:colcon.colcon_core.shell:Skip shell extension 'powershell' for command environment: Not usable outside of PowerShell
[22.704s] DEBUG:colcon.colcon_core.shell:Skip shell extension 'dsv' for command environment
[22.731s] Level 1:colcon.colcon_core.shell:create_environment_hook('system_launcher', 'pythonpath_develop')
[22.733s] INFO:colcon.colcon_core.shell:Creating environment hook '/home/foka/ros2_humble2/build/system_launcher/share/system_launcher/hook/pythonpath_develop.ps1'
[22.736s] DEBUG:colcon.colcon_core.event_handler.log_command:Invoked command in '/home/foka/ros2_humble2/build/system_launcher' returned '0': PYTHONPATH=/home/foka/ros2_humble2/build/system_launcher/prefix_override:/usr/lib/python3/dist-packages/colcon_core/task/python/colcon_distutils_commands:/home/foka/ros2_humble2/install/system_launcher/lib/python3.10/site-packages:${PYTHONPATH} /usr/bin/python3 -W ignore:setup.py install is deprecated -W ignore:easy_install command is deprecated setup.py develop --editable --build-directory /home/foka/ros2_humble2/build/system_launcher/build --no-deps symlink_data
[22.739s] INFO:colcon.colcon_core.shell:Creating environment descriptor '/home/foka/ros2_humble2/build/system_launcher/share/system_launcher/hook/pythonpath_develop.dsv'
[22.747s] INFO:colcon.colcon_core.shell:Creating environment hook '/home/foka/ros2_humble2/build/system_launcher/share/system_launcher/hook/pythonpath_develop.sh'
[22.764s] Level 1:colcon.colcon_core.environment:checking '/home/foka/ros2_humble2/install/system_launcher' for CMake module files
[22.766s] Level 1:colcon.colcon_core.environment:checking '/home/foka/ros2_humble2/install/system_launcher' for CMake config files
[22.770s] Level 1:colcon.colcon_core.environment:checking '/home/foka/ros2_humble2/install/system_launcher/lib'
[22.770s] Level 1:colcon.colcon_core.environment:checking '/home/foka/ros2_humble2/install/system_launcher/bin'
[22.771s] Level 1:colcon.colcon_core.environment:checking '/home/foka/ros2_humble2/install/system_launcher/lib/pkgconfig/system_launcher.pc'
[22.772s] Level 1:colcon.colcon_core.environment:checking '/home/foka/ros2_humble2/install/system_launcher/lib/python3.10/site-packages'
[22.773s] Level 1:colcon.colcon_core.shell:create_environment_hook('system_launcher', 'pythonpath')
[22.774s] INFO:colcon.colcon_core.shell:Creating environment hook '/home/foka/ros2_humble2/install/system_launcher/share/system_launcher/hook/pythonpath.ps1'
[22.777s] INFO:colcon.colcon_core.shell:Creating environment descriptor '/home/foka/ros2_humble2/install/system_launcher/share/system_launcher/hook/pythonpath.dsv'
[22.781s] INFO:colcon.colcon_core.shell:Creating environment hook '/home/foka/ros2_humble2/install/system_launcher/share/system_launcher/hook/pythonpath.sh'
[22.788s] Level 1:colcon.colcon_core.environment:checking '/home/foka/ros2_humble2/install/system_launcher/bin'
[22.792s] Level 1:colcon.colcon_core.environment:create_environment_scripts_only(system_launcher)
[22.794s] INFO:colcon.colcon_core.shell:Creating package script '/home/foka/ros2_humble2/install/system_launcher/share/system_launcher/package.ps1'
[22.803s] INFO:colcon.colcon_core.shell:Creating package descriptor '/home/foka/ros2_humble2/install/system_launcher/share/system_launcher/package.dsv'
[22.807s] INFO:colcon.colcon_core.shell:Creating package script '/home/foka/ros2_humble2/install/system_launcher/share/system_launcher/package.sh'
[22.811s] INFO:colcon.colcon_core.shell:Creating package script '/home/foka/ros2_humble2/install/system_launcher/share/system_launcher/package.bash'
[22.814s] INFO:colcon.colcon_core.shell:Creating package script '/home/foka/ros2_humble2/install/system_launcher/share/system_launcher/package.zsh'
[22.817s] Level 1:colcon.colcon_core.environment:create_file_with_runtime_dependencies(/home/foka/ros2_humble2/install/system_launcher/share/colcon-core/packages/system_launcher)
[22.832s] INFO:colcon.colcon_ros.task.ament_python.build:Building ROS package in '/home/foka/ros2_humble2/src/sensor_ph' with build type 'ament_python'
[22.836s] Level 1:colcon.colcon_core.shell:create_environment_hook('sensor_ph', 'ament_prefix_path')
[22.837s] INFO:colcon.colcon_core.shell:Creating environment hook '/home/foka/ros2_humble2/install/sensor_ph/share/sensor_ph/hook/ament_prefix_path.ps1'
[22.843s] INFO:colcon.colcon_core.shell:Creating environment descriptor '/home/foka/ros2_humble2/install/sensor_ph/share/sensor_ph/hook/ament_prefix_path.dsv'
[22.846s] INFO:colcon.colcon_core.shell:Creating environment hook '/home/foka/ros2_humble2/install/sensor_ph/share/sensor_ph/hook/ament_prefix_path.sh'
[22.851s] INFO:colcon.colcon_core.shell:Skip shell extension 'powershell' for command environment: Not usable outside of PowerShell
[22.852s] DEBUG:colcon.colcon_core.shell:Skip shell extension 'dsv' for command environment
[25.722s] INFO:colcon.colcon_core.task.python.build:Building Python package in '/home/foka/ros2_humble2/src/sensor_ph'
[25.723s] INFO:colcon.colcon_core.shell:Skip shell extension 'powershell' for command environment: Not usable outside of PowerShell
[25.724s] DEBUG:colcon.colcon_core.shell:Skip shell extension 'dsv' for command environment
[26.741s] DEBUG:colcon.colcon_core.event_handler.log_command:Invoked command in '/home/foka/ros2_humble2/build/msg_interfaces' returned '0': CMAKE_PREFIX_PATH=${CMAKE_PREFIX_PATH}:/home/foka/ros2_humble2/install/telemetry:/home/foka/ros2_humble2/install/sensor_ph:/home/foka/ros2_humble2/install/system_launcher:/home/foka/ros2_humble2/install/sensor_thermometer:/home/foka/ros2_humble2/install/saver:/home/foka/ros2_humble2/install/py_talker:/home/foka/ros2_humble2/install/aggregator:/opt/ros/humble /usr/bin/cmake /home/foka/ros2_humble2/src/msg_interfaces -DAMENT_CMAKE_SYMLINK_INSTALL=1 -DCMAKE_INSTALL_PREFIX=/home/foka/ros2_humble2/install/msg_interfaces
[26.748s] DEBUG:colcon.colcon_core.event_handler.log_command:Invoking command in '/home/foka/ros2_humble2/build/msg_interfaces': CMAKE_PREFIX_PATH=${CMAKE_PREFIX_PATH}:/home/foka/ros2_humble2/install/telemetry:/home/foka/ros2_humble2/install/sensor_ph:/home/foka/ros2_humble2/install/system_launcher:/home/foka/ros2_humble2/install/sensor_thermometer:/home/foka/ros2_humble2/install/saver:/home/foka/ros2_humble2/install/py_talker:/home/foka/ros2_humble2/install/aggregator:/opt/ros/humble /usr/bin/cmake --build /home/foka/ros2_humble2/build/msg_interfaces -- -j4 -l4
[27.008s] DEBUG:colcon.colcon_core.event_handler.log_command:Invoking command in '/home/foka/ros2_humble2/build/sensor_thermometer': PYTHONPATH=/home/foka/ros2_humble2/build/sensor_thermometer/prefix_override:/usr/lib/python3/dist-packages/colcon_core/task/python/colcon_distutils_commands:/home/foka/ros2_humble2/install/sensor_thermometer/lib/python3.10/site-packages:${PYTHONPATH} /usr/bin/python3 -W ignore:setup.py install is deprecated -W ignore:easy_install command is deprecated setup.py develop --editable --build-directory /home/foka/ros2_humble2/build/sensor_thermometer/build --no-deps symlink_data
[28.091s] DEBUG:colcon.colcon_core.event_handler.log_command:Invoking command in '/home/foka/ros2_humble2/build/telemetry': PYTHONPATH=/home/foka/ros2_humble2/build/telemetry/prefix_override:/usr/lib/python3/dist-packages/colcon_core/task/python/colcon_distutils_commands:/home/foka/ros2_humble2/install/telemetry/lib/python3.10/site-packages:${PYTHONPATH} /usr/bin/python3 -W ignore:setup.py install is deprecated -W ignore:easy_install command is deprecated setup.py develop --editable --build-directory /home/foka/ros2_humble2/build/telemetry/build --no-deps symlink_data
[31.901s] DEBUG:colcon.colcon_core.event_handler.log_command:Invoking command in '/home/foka/ros2_humble2/build/sensor_ph': AMENT_PREFIX_PATH=/home/foka/ros2_humble2/install/system_launcher:/home/foka/ros2_humble2/install/telemetry:/home/foka/ros2_humble2/install/sensor_ph:/home/foka/ros2_humble2/install/sensor_thermometer:/home/foka/ros2_humble2/install/saver:/home/foka/ros2_humble2/install/py_talker:/home/foka/ros2_humble2/install/msg_interfaces:/home/foka/ros2_humble2/install/aggregator:/opt/ros/humble PYTHONPATH=/home/foka/ros2_humble2/build/sensor_ph/prefix_override:/usr/lib/python3/dist-packages/colcon_core/task/python/colcon_distutils_commands:/home/foka/ros2_humble2/install/sensor_ph/lib/python3.10/site-packages:/home/foka/ros2_humble2/build/system_launcher:/home/foka/ros2_humble2/install/system_launcher/lib/python3.10/site-packages:/home/foka/ros2_humble2/install/telemetry/lib/python3.10/site-packages:/home/foka/ros2_humble2/install/sensor_ph/lib/python3.10/site-packages:/home/foka/ros2_humble2/install/sensor_thermometer/lib/python3.10/site-packages:/home/foka/ros2_humble2/install/saver/lib/python3.10/site-packages:/home/foka/ros2_humble2/install/py_talker/lib/python3.10/site-packages:/home/foka/ros2_humble2/install/msg_interfaces/local/lib/python3.10/dist-packages:/home/foka/ros2_humble2/install/aggregator/lib/python3.10/site-packages:/opt/ros/humble/lib/python3.10/site-packages:/opt/ros/humble/local/lib/python3.10/dist-packages /usr/bin/python3 -W ignore:setup.py install is deprecated -W ignore:easy_install command is deprecated setup.py develop --editable --build-directory /home/foka/ros2_humble2/build/sensor_ph/build --no-deps symlink_data
[35.077s] Level 1:colcon.colcon_core.shell:create_environment_hook('sensor_thermometer', 'pythonpath_develop')
[35.079s] INFO:colcon.colcon_core.shell:Creating environment hook '/home/foka/ros2_humble2/build/sensor_thermometer/share/sensor_thermometer/hook/pythonpath_develop.ps1'
[35.081s] DEBUG:colcon.colcon_core.event_handler.log_command:Invoked command in '/home/foka/ros2_humble2/build/sensor_thermometer' returned '0': PYTHONPATH=/home/foka/ros2_humble2/build/sensor_thermometer/prefix_override:/usr/lib/python3/dist-packages/colcon_core/task/python/colcon_distutils_commands:/home/foka/ros2_humble2/install/sensor_thermometer/lib/python3.10/site-packages:${PYTHONPATH} /usr/bin/python3 -W ignore:setup.py install is deprecated -W ignore:easy_install command is deprecated setup.py develop --editable --build-directory /home/foka/ros2_humble2/build/sensor_thermometer/build --no-deps symlink_data
[35.088s] INFO:colcon.colcon_core.shell:Creating environment descriptor '/home/foka/ros2_humble2/build/sensor_thermometer/share/sensor_thermometer/hook/pythonpath_develop.dsv'
[35.092s] INFO:colcon.colcon_core.shell:Creating environment hook '/home/foka/ros2_humble2/build/sensor_thermometer/share/sensor_thermometer/hook/pythonpath_develop.sh'
[35.105s] Level 1:colcon.colcon_core.environment:checking '/home/foka/ros2_humble2/install/sensor_thermometer' for CMake module files
[35.107s] Level 1:colcon.colcon_core.environment:checking '/home/foka/ros2_humble2/install/sensor_thermometer' for CMake config files
[35.143s] Level 1:colcon.colcon_core.environment:checking '/home/foka/ros2_humble2/install/sensor_thermometer/lib'
[35.144s] Level 1:colcon.colcon_core.environment:checking '/home/foka/ros2_humble2/install/sensor_thermometer/bin'
[35.144s] Level 1:colcon.colcon_core.environment:checking '/home/foka/ros2_humble2/install/sensor_thermometer/lib/pkgconfig/sensor_thermometer.pc'
[35.146s] Level 1:colcon.colcon_core.environment:checking '/home/foka/ros2_humble2/install/sensor_thermometer/lib/python3.10/site-packages'
[35.146s] Level 1:colcon.colcon_core.shell:create_environment_hook('sensor_thermometer', 'pythonpath')
[35.148s] INFO:colcon.colcon_core.shell:Creating environment hook '/home/foka/ros2_humble2/install/sensor_thermometer/share/sensor_thermometer/hook/pythonpath.ps1'
[35.150s] INFO:colcon.colcon_core.shell:Creating environment descriptor '/home/foka/ros2_humble2/install/sensor_thermometer/share/sensor_thermometer/hook/pythonpath.dsv'
[35.178s] INFO:colcon.colcon_core.shell:Creating environment hook '/home/foka/ros2_humble2/install/sensor_thermometer/share/sensor_thermometer/hook/pythonpath.sh'
[35.181s] Level 1:colcon.colcon_core.environment:checking '/home/foka/ros2_humble2/install/sensor_thermometer/bin'
[35.182s] Level 1:colcon.colcon_core.environment:create_environment_scripts_only(sensor_thermometer)
[35.200s] INFO:colcon.colcon_core.shell:Creating package script '/home/foka/ros2_humble2/install/sensor_thermometer/share/sensor_thermometer/package.ps1'
[35.203s] INFO:colcon.colcon_core.shell:Creating package descriptor '/home/foka/ros2_humble2/install/sensor_thermometer/share/sensor_thermometer/package.dsv'
[35.221s] INFO:colcon.colcon_core.shell:Creating package script '/home/foka/ros2_humble2/install/sensor_thermometer/share/sensor_thermometer/package.sh'
[35.224s] INFO:colcon.colcon_core.shell:Creating package script '/home/foka/ros2_humble2/install/sensor_thermometer/share/sensor_thermometer/package.bash'
[35.239s] INFO:colcon.colcon_core.shell:Creating package script '/home/foka/ros2_humble2/install/sensor_thermometer/share/sensor_thermometer/package.zsh'
[35.241s] Level 1:colcon.colcon_core.environment:create_file_with_runtime_dependencies(/home/foka/ros2_humble2/install/sensor_thermometer/share/colcon-core/packages/sensor_thermometer)
[35.251s] INFO:colcon.colcon_ros.task.ament_python.build:Building ROS package in '/home/foka/ros2_humble2/src/sensor_tds' with build type 'ament_python'
[35.253s] Level 1:colcon.colcon_core.shell:create_environment_hook('sensor_tds', 'ament_prefix_path')
[35.254s] INFO:colcon.colcon_core.shell:Creating environment hook '/home/foka/ros2_humble2/install/sensor_tds/share/sensor_tds/hook/ament_prefix_path.ps1'
[35.283s] INFO:colcon.colcon_core.shell:Creating environment descriptor '/home/foka/ros2_humble2/install/sensor_tds/share/sensor_tds/hook/ament_prefix_path.dsv'
[35.287s] INFO:colcon.colcon_core.shell:Creating environment hook '/home/foka/ros2_humble2/install/sensor_tds/share/sensor_tds/hook/ament_prefix_path.sh'
[35.305s] INFO:colcon.colcon_core.shell:Skip shell extension 'powershell' for command environment: Not usable outside of PowerShell
[35.305s] DEBUG:colcon.colcon_core.shell:Skip shell extension 'dsv' for command environment
[40.170s] INFO:colcon.colcon_core.task.python.build:Building Python package in '/home/foka/ros2_humble2/src/sensor_tds'
[40.172s] INFO:colcon.colcon_core.shell:Skip shell extension 'powershell' for command environment: Not usable outside of PowerShell
[40.172s] DEBUG:colcon.colcon_core.shell:Skip shell extension 'dsv' for command environment
[40.256s] Level 1:colcon.colcon_core.shell:create_environment_hook('telemetry', 'pythonpath_develop')
[40.259s] INFO:colcon.colcon_core.shell:Creating environment hook '/home/foka/ros2_humble2/build/telemetry/share/telemetry/hook/pythonpath_develop.ps1'
[40.258s] DEBUG:colcon.colcon_core.event_handler.log_command:Invoked command in '/home/foka/ros2_humble2/build/telemetry' returned '0': PYTHONPATH=/home/foka/ros2_humble2/build/telemetry/prefix_override:/usr/lib/python3/dist-packages/colcon_core/task/python/colcon_distutils_commands:/home/foka/ros2_humble2/install/telemetry/lib/python3.10/site-packages:${PYTHONPATH} /usr/bin/python3 -W ignore:setup.py install is deprecated -W ignore:easy_install command is deprecated setup.py develop --editable --build-directory /home/foka/ros2_humble2/build/telemetry/build --no-deps symlink_data
[40.266s] INFO:colcon.colcon_core.shell:Creating environment descriptor '/home/foka/ros2_humble2/build/telemetry/share/telemetry/hook/pythonpath_develop.dsv'
[40.270s] INFO:colcon.colcon_core.shell:Creating environment hook '/home/foka/ros2_humble2/build/telemetry/share/telemetry/hook/pythonpath_develop.sh'
[40.281s] Level 1:colcon.colcon_core.environment:checking '/home/foka/ros2_humble2/install/telemetry' for CMake module files
[40.284s] Level 1:colcon.colcon_core.environment:checking '/home/foka/ros2_humble2/install/telemetry' for CMake config files
[40.288s] Level 1:colcon.colcon_core.environment:checking '/home/foka/ros2_humble2/install/telemetry/lib'
[40.289s] Level 1:colcon.colcon_core.environment:checking '/home/foka/ros2_humble2/install/telemetry/bin'
[40.290s] Level 1:colcon.colcon_core.environment:checking '/home/foka/ros2_humble2/install/telemetry/lib/pkgconfig/telemetry.pc'
[40.291s] Level 1:colcon.colcon_core.environment:checking '/home/foka/ros2_humble2/install/telemetry/lib/python3.10/site-packages'
[40.292s] Level 1:colcon.colcon_core.shell:create_environment_hook('telemetry', 'pythonpath')
[40.293s] INFO:colcon.colcon_core.shell:Creating environment hook '/home/foka/ros2_humble2/install/telemetry/share/telemetry/hook/pythonpath.ps1'
[40.312s] INFO:colcon.colcon_core.shell:Creating environment descriptor '/home/foka/ros2_humble2/install/telemetry/share/telemetry/hook/pythonpath.dsv'
[40.328s] INFO:colcon.colcon_core.shell:Creating environment hook '/home/foka/ros2_humble2/install/telemetry/share/telemetry/hook/pythonpath.sh'
[40.333s] Level 1:colcon.colcon_core.environment:checking '/home/foka/ros2_humble2/install/telemetry/bin'
[40.334s] Level 1:colcon.colcon_core.environment:create_environment_scripts_only(telemetry)
[40.336s] INFO:colcon.colcon_core.shell:Creating package script '/home/foka/ros2_humble2/install/telemetry/share/telemetry/package.ps1'
[40.348s] INFO:colcon.colcon_core.shell:Creating package descriptor '/home/foka/ros2_humble2/install/telemetry/share/telemetry/package.dsv'
[40.353s] INFO:colcon.colcon_core.shell:Creating package script '/home/foka/ros2_humble2/install/telemetry/share/telemetry/package.sh'
[40.366s] INFO:colcon.colcon_core.shell:Creating package script '/home/foka/ros2_humble2/install/telemetry/share/telemetry/package.bash'
[40.370s] INFO:colcon.colcon_core.shell:Creating package script '/home/foka/ros2_humble2/install/telemetry/share/telemetry/package.zsh'
[40.380s] Level 1:colcon.colcon_core.environment:create_file_with_runtime_dependencies(/home/foka/ros2_humble2/install/telemetry/share/colcon-core/packages/telemetry)
[40.384s] Level 1:colcon.colcon_core.shell:create_environment_hook('sensor_ph', 'pythonpath_develop')
[40.388s] INFO:colcon.colcon_core.shell:Creating environment hook '/home/foka/ros2_humble2/build/sensor_ph/share/sensor_ph/hook/pythonpath_develop.ps1'
[40.391s] DEBUG:colcon.colcon_core.event_handler.log_command:Invoked command in '/home/foka/ros2_humble2/build/sensor_ph' returned '0': AMENT_PREFIX_PATH=/home/foka/ros2_humble2/install/system_launcher:/home/foka/ros2_humble2/install/telemetry:/home/foka/ros2_humble2/install/sensor_ph:/home/foka/ros2_humble2/install/sensor_thermometer:/home/foka/ros2_humble2/install/saver:/home/foka/ros2_humble2/install/py_talker:/home/foka/ros2_humble2/install/msg_interfaces:/home/foka/ros2_humble2/install/aggregator:/opt/ros/humble PYTHONPATH=/home/foka/ros2_humble2/build/sensor_ph/prefix_override:/usr/lib/python3/dist-packages/colcon_core/task/python/colcon_distutils_commands:/home/foka/ros2_humble2/install/sensor_ph/lib/python3.10/site-packages:/home/foka/ros2_humble2/build/system_launcher:/home/foka/ros2_humble2/install/system_launcher/lib/python3.10/site-packages:/home/foka/ros2_humble2/install/telemetry/lib/python3.10/site-packages:/home/foka/ros2_humble2/install/sensor_ph/lib/python3.10/site-packages:/home/foka/ros2_humble2/install/sensor_thermometer/lib/python3.10/site-packages:/home/foka/ros2_humble2/install/saver/lib/python3.10/site-packages:/home/foka/ros2_humble2/install/py_talker/lib/python3.10/site-packages:/home/foka/ros2_humble2/install/msg_interfaces/local/lib/python3.10/dist-packages:/home/foka/ros2_humble2/install/aggregator/lib/python3.10/site-packages:/opt/ros/humble/lib/python3.10/site-packages:/opt/ros/humble/local/lib/python3.10/dist-packages /usr/bin/python3 -W ignore:setup.py install is deprecated -W ignore:easy_install command is deprecated setup.py develop --editable --build-directory /home/foka/ros2_humble2/build/sensor_ph/build --no-deps symlink_data
[40.404s] INFO:colcon.colcon_core.shell:Creating environment descriptor '/home/foka/ros2_humble2/build/sensor_ph/share/sensor_ph/hook/pythonpath_develop.dsv'
[40.416s] INFO:colcon.colcon_core.shell:Creating environment hook '/home/foka/ros2_humble2/build/sensor_ph/share/sensor_ph/hook/pythonpath_develop.sh'
[40.427s] Level 1:colcon.colcon_core.environment:checking '/home/foka/ros2_humble2/install/sensor_ph' for CMake module files
[40.431s] Level 1:colcon.colcon_core.environment:checking '/home/foka/ros2_humble2/install/sensor_ph' for CMake config files
[40.448s] Level 1:colcon.colcon_core.environment:checking '/home/foka/ros2_humble2/install/sensor_ph/lib'
[40.449s] Level 1:colcon.colcon_core.environment:checking '/home/foka/ros2_humble2/install/sensor_ph/bin'
[40.450s] Level 1:colcon.colcon_core.environment:checking '/home/foka/ros2_humble2/install/sensor_ph/lib/pkgconfig/sensor_ph.pc'
[40.452s] Level 1:colcon.colcon_core.environment:checking '/home/foka/ros2_humble2/install/sensor_ph/lib/python3.10/site-packages'
[40.452s] Level 1:colcon.colcon_core.shell:create_environment_hook('sensor_ph', 'pythonpath')
[40.454s] INFO:colcon.colcon_core.shell:Creating environment hook '/home/foka/ros2_humble2/install/sensor_ph/share/sensor_ph/hook/pythonpath.ps1'
[40.466s] INFO:colcon.colcon_core.shell:Creating environment descriptor '/home/foka/ros2_humble2/install/sensor_ph/share/sensor_ph/hook/pythonpath.dsv'
[40.479s] INFO:colcon.colcon_core.shell:Creating environment hook '/home/foka/ros2_humble2/install/sensor_ph/share/sensor_ph/hook/pythonpath.sh'
[40.492s] Level 1:colcon.colcon_core.environment:checking '/home/foka/ros2_humble2/install/sensor_ph/bin'
[40.493s] Level 1:colcon.colcon_core.environment:create_environment_scripts_only(sensor_ph)
[40.495s] INFO:colcon.colcon_core.shell:Creating package script '/home/foka/ros2_humble2/install/sensor_ph/share/sensor_ph/package.ps1'
[40.515s] INFO:colcon.colcon_core.shell:Creating package descriptor '/home/foka/ros2_humble2/install/sensor_ph/share/sensor_ph/package.dsv'
[40.521s] INFO:colcon.colcon_core.shell:Creating package script '/home/foka/ros2_humble2/install/sensor_ph/share/sensor_ph/package.sh'
[40.527s] INFO:colcon.colcon_core.shell:Creating package script '/home/foka/ros2_humble2/install/sensor_ph/share/sensor_ph/package.bash'
[40.544s] INFO:colcon.colcon_core.shell:Creating package script '/home/foka/ros2_humble2/install/sensor_ph/share/sensor_ph/package.zsh'
[40.548s] Level 1:colcon.colcon_core.environment:create_file_with_runtime_dependencies(/home/foka/ros2_humble2/install/sensor_ph/share/colcon-core/packages/sensor_ph)
[45.451s] DEBUG:colcon.colcon_core.event_handler.log_command:Invoking command in '/home/foka/ros2_humble2/build/sensor_tds': AMENT_PREFIX_PATH=/home/foka/ros2_humble2/install/system_launcher:/home/foka/ros2_humble2/install/telemetry:/home/foka/ros2_humble2/install/sensor_ph:/home/foka/ros2_humble2/install/sensor_thermometer:/home/foka/ros2_humble2/install/saver:/home/foka/ros2_humble2/install/py_talker:/home/foka/ros2_humble2/install/msg_interfaces:/home/foka/ros2_humble2/install/aggregator:/opt/ros/humble PYTHONPATH=/home/foka/ros2_humble2/build/sensor_tds/prefix_override:/usr/lib/python3/dist-packages/colcon_core/task/python/colcon_distutils_commands:/home/foka/ros2_humble2/install/sensor_tds/lib/python3.10/site-packages:/home/foka/ros2_humble2/build/system_launcher:/home/foka/ros2_humble2/install/system_launcher/lib/python3.10/site-packages:/home/foka/ros2_humble2/install/telemetry/lib/python3.10/site-packages:/home/foka/ros2_humble2/install/sensor_ph/lib/python3.10/site-packages:/home/foka/ros2_humble2/install/sensor_thermometer/lib/python3.10/site-packages:/home/foka/ros2_humble2/install/saver/lib/python3.10/site-packages:/home/foka/ros2_humble2/install/py_talker/lib/python3.10/site-packages:/home/foka/ros2_humble2/install/msg_interfaces/local/lib/python3.10/dist-packages:/home/foka/ros2_humble2/install/aggregator/lib/python3.10/site-packages:/opt/ros/humble/lib/python3.10/site-packages:/opt/ros/humble/local/lib/python3.10/dist-packages /usr/bin/python3 -W ignore:setup.py install is deprecated -W ignore:easy_install command is deprecated setup.py develop --editable --build-directory /home/foka/ros2_humble2/build/sensor_tds/build --no-deps symlink_data
[49.971s] Level 1:colcon.colcon_core.shell:create_environment_hook('sensor_tds', 'pythonpath_develop')
[49.972s] INFO:colcon.colcon_core.shell:Creating environment hook '/home/foka/ros2_humble2/build/sensor_tds/share/sensor_tds/hook/pythonpath_develop.ps1'
[49.977s] DEBUG:colcon.colcon_core.event_handler.log_command:Invoked command in '/home/foka/ros2_humble2/build/sensor_tds' returned '0': AMENT_PREFIX_PATH=/home/foka/ros2_humble2/install/system_launcher:/home/foka/ros2_humble2/install/telemetry:/home/foka/ros2_humble2/install/sensor_ph:/home/foka/ros2_humble2/install/sensor_thermometer:/home/foka/ros2_humble2/install/saver:/home/foka/ros2_humble2/install/py_talker:/home/foka/ros2_humble2/install/msg_interfaces:/home/foka/ros2_humble2/install/aggregator:/opt/ros/humble PYTHONPATH=/home/foka/ros2_humble2/build/sensor_tds/prefix_override:/usr/lib/python3/dist-packages/colcon_core/task/python/colcon_distutils_commands:/home/foka/ros2_humble2/install/sensor_tds/lib/python3.10/site-packages:/home/foka/ros2_humble2/build/system_launcher:/home/foka/ros2_humble2/install/system_launcher/lib/python3.10/site-packages:/home/foka/ros2_humble2/install/telemetry/lib/python3.10/site-packages:/home/foka/ros2_humble2/install/sensor_ph/lib/python3.10/site-packages:/home/foka/ros2_humble2/install/sensor_thermometer/lib/python3.10/site-packages:/home/foka/ros2_humble2/install/saver/lib/python3.10/site-packages:/home/foka/ros2_humble2/install/py_talker/lib/python3.10/site-packages:/home/foka/ros2_humble2/install/msg_interfaces/local/lib/python3.10/dist-packages:/home/foka/ros2_humble2/install/aggregator/lib/python3.10/site-packages:/opt/ros/humble/lib/python3.10/site-packages:/opt/ros/humble/local/lib/python3.10/dist-packages /usr/bin/python3 -W ignore:setup.py install is deprecated -W ignore:easy_install command is deprecated setup.py develop --editable --build-directory /home/foka/ros2_humble2/build/sensor_tds/build --no-deps symlink_data
[49.980s] INFO:colcon.colcon_core.shell:Creating environment descriptor '/home/foka/ros2_humble2/build/sensor_tds/share/sensor_tds/hook/pythonpath_develop.dsv'
[49.985s] INFO:colcon.colcon_core.shell:Creating environment hook '/home/foka/ros2_humble2/build/sensor_tds/share/sensor_tds/hook/pythonpath_develop.sh'
[49.992s] Level 1:colcon.colcon_core.environment:checking '/home/foka/ros2_humble2/install/sensor_tds' for CMake module files
[49.994s] Level 1:colcon.colcon_core.environment:checking '/home/foka/ros2_humble2/install/sensor_tds' for CMake config files
[49.998s] Level 1:colcon.colcon_core.environment:checking '/home/foka/ros2_humble2/install/sensor_tds/lib'
[49.998s] Level 1:colcon.colcon_core.environment:checking '/home/foka/ros2_humble2/install/sensor_tds/bin'
[49.999s] Level 1:colcon.colcon_core.environment:checking '/home/foka/ros2_humble2/install/sensor_tds/lib/pkgconfig/sensor_tds.pc'
[50.000s] Level 1:colcon.colcon_core.environment:checking '/home/foka/ros2_humble2/install/sensor_tds/lib/python3.10/site-packages'
[50.001s] Level 1:colcon.colcon_core.shell:create_environment_hook('sensor_tds', 'pythonpath')
[50.002s] INFO:colcon.colcon_core.shell:Creating environment hook '/home/foka/ros2_humble2/install/sensor_tds/share/sensor_tds/hook/pythonpath.ps1'
[50.005s] INFO:colcon.colcon_core.shell:Creating environment descriptor '/home/foka/ros2_humble2/install/sensor_tds/share/sensor_tds/hook/pythonpath.dsv'
[50.009s] INFO:colcon.colcon_core.shell:Creating environment hook '/home/foka/ros2_humble2/install/sensor_tds/share/sensor_tds/hook/pythonpath.sh'
[50.013s] Level 1:colcon.colcon_core.environment:checking '/home/foka/ros2_humble2/install/sensor_tds/bin'
[50.013s] Level 1:colcon.colcon_core.environment:create_environment_scripts_only(sensor_tds)
[50.015s] INFO:colcon.colcon_core.shell:Creating package script '/home/foka/ros2_humble2/install/sensor_tds/share/sensor_tds/package.ps1'
[50.019s] INFO:colcon.colcon_core.shell:Creating package descriptor '/home/foka/ros2_humble2/install/sensor_tds/share/sensor_tds/package.dsv'
[50.023s] INFO:colcon.colcon_core.shell:Creating package script '/home/foka/ros2_humble2/install/sensor_tds/share/sensor_tds/package.sh'
[50.027s] INFO:colcon.colcon_core.shell:Creating package script '/home/foka/ros2_humble2/install/sensor_tds/share/sensor_tds/package.bash'
[50.030s] INFO:colcon.colcon_core.shell:Creating package script '/home/foka/ros2_humble2/install/sensor_tds/share/sensor_tds/package.zsh'
[50.033s] Level 1:colcon.colcon_core.environment:create_file_with_runtime_dependencies(/home/foka/ros2_humble2/install/sensor_tds/share/colcon-core/packages/sensor_tds)
[54.883s] DEBUG:colcon.colcon_core.event_handler.log_command:Invoked command in '/home/foka/ros2_humble2/build/msg_interfaces' returned '0': CMAKE_PREFIX_PATH=${CMAKE_PREFIX_PATH}:/home/foka/ros2_humble2/install/telemetry:/home/foka/ros2_humble2/install/sensor_ph:/home/foka/ros2_humble2/install/system_launcher:/home/foka/ros2_humble2/install/sensor_thermometer:/home/foka/ros2_humble2/install/saver:/home/foka/ros2_humble2/install/py_talker:/home/foka/ros2_humble2/install/aggregator:/opt/ros/humble /usr/bin/cmake --build /home/foka/ros2_humble2/build/msg_interfaces -- -j4 -l4
[54.924s] DEBUG:colcon.colcon_core.event_handler.log_command:Invoking command in '/home/foka/ros2_humble2/build/msg_interfaces': CMAKE_PREFIX_PATH=${CMAKE_PREFIX_PATH}:/home/foka/ros2_humble2/install/telemetry:/home/foka/ros2_humble2/install/sensor_ph:/home/foka/ros2_humble2/install/system_launcher:/home/foka/ros2_humble2/install/sensor_thermometer:/home/foka/ros2_humble2/install/saver:/home/foka/ros2_humble2/install/py_talker:/home/foka/ros2_humble2/install/aggregator:/opt/ros/humble /usr/bin/cmake --install /home/foka/ros2_humble2/build/msg_interfaces
[57.679s] Level 1:colcon.colcon_core.environment:create_environment_scripts_only(msg_interfaces)
[57.680s] Level 1:colcon.colcon_core.environment:checking '/home/foka/ros2_humble2/install/msg_interfaces' for CMake module files
[57.685s] Level 1:colcon.colcon_core.environment:checking '/home/foka/ros2_humble2/install/msg_interfaces' for CMake config files
[57.690s] Level 1:colcon.colcon_core.shell:create_environment_hook('msg_interfaces', 'cmake_prefix_path')
[57.691s] INFO:colcon.colcon_core.shell:Creating environment hook '/home/foka/ros2_humble2/install/msg_interfaces/share/msg_interfaces/hook/cmake_prefix_path.ps1'
[57.693s] DEBUG:colcon.colcon_core.event_handler.log_command:Invoked command in '/home/foka/ros2_humble2/build/msg_interfaces' returned '0': CMAKE_PREFIX_PATH=${CMAKE_PREFIX_PATH}:/home/foka/ros2_humble2/install/telemetry:/home/foka/ros2_humble2/install/sensor_ph:/home/foka/ros2_humble2/install/system_launcher:/home/foka/ros2_humble2/install/sensor_thermometer:/home/foka/ros2_humble2/install/saver:/home/foka/ros2_humble2/install/py_talker:/home/foka/ros2_humble2/install/aggregator:/opt/ros/humble /usr/bin/cmake --install /home/foka/ros2_humble2/build/msg_interfaces
[57.697s] INFO:colcon.colcon_core.shell:Creating environment descriptor '/home/foka/ros2_humble2/install/msg_interfaces/share/msg_interfaces/hook/cmake_prefix_path.dsv'
[57.699s] INFO:colcon.colcon_core.shell:Creating environment hook '/home/foka/ros2_humble2/install/msg_interfaces/share/msg_interfaces/hook/cmake_prefix_path.sh'
[57.703s] Level 1:colcon.colcon_core.environment:checking '/home/foka/ros2_humble2/install/msg_interfaces/lib'
[57.704s] Level 1:colcon.colcon_core.shell:create_environment_hook('msg_interfaces', 'ld_library_path_lib')
[57.705s] INFO:colcon.colcon_core.shell:Creating environment hook '/home/foka/ros2_humble2/install/msg_interfaces/share/msg_interfaces/hook/ld_library_path_lib.ps1'
[57.707s] INFO:colcon.colcon_core.shell:Creating environment descriptor '/home/foka/ros2_humble2/install/msg_interfaces/share/msg_interfaces/hook/ld_library_path_lib.dsv'
[57.710s] INFO:colcon.colcon_core.shell:Creating environment hook '/home/foka/ros2_humble2/install/msg_interfaces/share/msg_interfaces/hook/ld_library_path_lib.sh'
[57.720s] Level 1:colcon.colcon_core.environment:checking '/home/foka/ros2_humble2/install/msg_interfaces/bin'
[57.720s] Level 1:colcon.colcon_core.environment:checking '/home/foka/ros2_humble2/install/msg_interfaces/lib/pkgconfig/msg_interfaces.pc'
[57.722s] Level 1:colcon.colcon_core.environment:checking '/home/foka/ros2_humble2/install/msg_interfaces/lib/python3.10/site-packages'
[57.724s] Level 1:colcon.colcon_core.environment:checking '/home/foka/ros2_humble2/install/msg_interfaces/bin'
[57.740s] INFO:colcon.colcon_core.shell:Creating package script '/home/foka/ros2_humble2/install/msg_interfaces/share/msg_interfaces/package.ps1'
[57.742s] INFO:colcon.colcon_core.shell:Creating package descriptor '/home/foka/ros2_humble2/install/msg_interfaces/share/msg_interfaces/package.dsv'
[57.745s] INFO:colcon.colcon_core.shell:Creating package script '/home/foka/ros2_humble2/install/msg_interfaces/share/msg_interfaces/package.sh'
[57.747s] INFO:colcon.colcon_core.shell:Creating package script '/home/foka/ros2_humble2/install/msg_interfaces/share/msg_interfaces/package.bash'
[57.750s] INFO:colcon.colcon_core.shell:Creating package script '/home/foka/ros2_humble2/install/msg_interfaces/share/msg_interfaces/package.zsh'
[57.752s] Level 1:colcon.colcon_core.environment:create_file_with_runtime_dependencies(/home/foka/ros2_humble2/install/msg_interfaces/share/colcon-core/packages/msg_interfaces)
[57.756s] Level 1:colcon.colcon_core.environment:create_environment_scripts_only(msg_interfaces)
[57.757s] Level 1:colcon.colcon_core.environment:checking '/home/foka/ros2_humble2/install/msg_interfaces' for CMake module files
[57.762s] Level 1:colcon.colcon_core.environment:checking '/home/foka/ros2_humble2/install/msg_interfaces' for CMake config files
[57.772s] Level 1:colcon.colcon_core.shell:create_environment_hook('msg_interfaces', 'cmake_prefix_path')
[57.773s] INFO:colcon.colcon_core.shell:Creating environment hook '/home/foka/ros2_humble2/install/msg_interfaces/share/msg_interfaces/hook/cmake_prefix_path.ps1'
[57.776s] INFO:colcon.colcon_core.shell:Creating environment descriptor '/home/foka/ros2_humble2/install/msg_interfaces/share/msg_interfaces/hook/cmake_prefix_path.dsv'
[57.779s] INFO:colcon.colcon_core.shell:Creating environment hook '/home/foka/ros2_humble2/install/msg_interfaces/share/msg_interfaces/hook/cmake_prefix_path.sh'
[57.782s] Level 1:colcon.colcon_core.environment:checking '/home/foka/ros2_humble2/install/msg_interfaces/lib'
[57.783s] Level 1:colcon.colcon_core.shell:create_environment_hook('msg_interfaces', 'ld_library_path_lib')
[57.784s] INFO:colcon.colcon_core.shell:Creating environment hook '/home/foka/ros2_humble2/install/msg_interfaces/share/msg_interfaces/hook/ld_library_path_lib.ps1'
[57.787s] INFO:colcon.colcon_core.shell:Creating environment descriptor '/home/foka/ros2_humble2/install/msg_interfaces/share/msg_interfaces/hook/ld_library_path_lib.dsv'
[57.789s] INFO:colcon.colcon_core.shell:Creating environment hook '/home/foka/ros2_humble2/install/msg_interfaces/share/msg_interfaces/hook/ld_library_path_lib.sh'
[57.792s] Level 1:colcon.colcon_core.environment:checking '/home/foka/ros2_humble2/install/msg_interfaces/bin'
[57.792s] Level 1:colcon.colcon_core.environment:checking '/home/foka/ros2_humble2/install/msg_interfaces/lib/pkgconfig/msg_interfaces.pc'
[57.794s] Level 1:colcon.colcon_core.environment:checking '/home/foka/ros2_humble2/install/msg_interfaces/lib/python3.10/site-packages'
[57.795s] Level 1:colcon.colcon_core.environment:checking '/home/foka/ros2_humble2/install/msg_interfaces/bin'
[57.797s] INFO:colcon.colcon_core.shell:Creating package script '/home/foka/ros2_humble2/install/msg_interfaces/share/msg_interfaces/package.ps1'
[57.802s] INFO:colcon.colcon_core.shell:Creating package descriptor '/home/foka/ros2_humble2/install/msg_interfaces/share/msg_interfaces/package.dsv'
[57.806s] INFO:colcon.colcon_core.shell:Creating package script '/home/foka/ros2_humble2/install/msg_interfaces/share/msg_interfaces/package.sh'
[57.814s] INFO:colcon.colcon_core.shell:Creating package script '/home/foka/ros2_humble2/install/msg_interfaces/share/msg_interfaces/package.bash'
[57.818s] INFO:colcon.colcon_core.shell:Creating package script '/home/foka/ros2_humble2/install/msg_interfaces/share/msg_interfaces/package.zsh'
[57.822s] Level 1:colcon.colcon_core.environment:create_file_with_runtime_dependencies(/home/foka/ros2_humble2/install/msg_interfaces/share/colcon-core/packages/msg_interfaces)
[57.824s] DEBUG:colcon.colcon_parallel_executor.executor.parallel:closing loop
[57.826s] DEBUG:colcon.colcon_parallel_executor.executor.parallel:loop closed
[57.826s] DEBUG:colcon.colcon_parallel_executor.executor.parallel:run_until_complete finished with '0'
[57.831s] DEBUG:colcon.colcon_core.event_reactor:joining thread
[57.896s] INFO:colcon.colcon_core.plugin_system:Skipping extension 'colcon_notification.desktop_notification.notify_send': Could not find 'notify-send'
[57.897s] INFO:colcon.colcon_core.plugin_system:Skipping extension 'colcon_notification.desktop_notification.terminal_notifier': Not used on non-Darwin systems
[57.898s] INFO:colcon.colcon_core.plugin_system:Skipping extension 'colcon_notification.desktop_notification.win32': Not used on non-Windows systems
[57.899s] INFO:colcon.colcon_notification.desktop_notification:Sending desktop notification using 'notify2'
[57.907s] DEBUG:colcon.colcon_notification.desktop_notification.notify2:Failed to initialize notify2: org.freedesktop.DBus.Error.ServiceUnknown: The name org.freedesktop.Notifications was not provided by any .service files
[57.907s] DEBUG:colcon.colcon_core.event_reactor:joined thread
[57.909s] INFO:colcon.colcon_core.shell:Creating prefix script '/home/foka/ros2_humble2/install/local_setup.ps1'
[57.914s] INFO:colcon.colcon_core.shell:Creating prefix util module '/home/foka/ros2_humble2/install/_local_setup_util_ps1.py'
[57.924s] INFO:colcon.colcon_core.shell:Creating prefix chain script '/home/foka/ros2_humble2/install/setup.ps1'
[57.935s] INFO:colcon.colcon_core.shell:Creating prefix script '/home/foka/ros2_humble2/install/local_setup.sh'
[57.939s] INFO:colcon.colcon_core.shell:Creating prefix util module '/home/foka/ros2_humble2/install/_local_setup_util_sh.py'
[57.942s] INFO:colcon.colcon_core.shell:Creating prefix chain script '/home/foka/ros2_humble2/install/setup.sh'
[57.950s] INFO:colcon.colcon_core.shell:Creating prefix script '/home/foka/ros2_humble2/install/local_setup.bash'
[57.952s] INFO:colcon.colcon_core.shell:Creating prefix chain script '/home/foka/ros2_humble2/install/setup.bash'
[57.961s] INFO:colcon.colcon_core.shell:Creating prefix script '/home/foka/ros2_humble2/install/local_setup.zsh'
[57.964s] INFO:colcon.colcon_core.shell:Creating prefix chain script '/home/foka/ros2_humble2/install/setup.zsh'
