[10.383s] Invoking command in '/home/foka/ros2_humble2/build/system_launcher': PYTHONPATH=/home/foka/ros2_humble2/build/system_launcher/prefix_override:/usr/lib/python3/dist-packages/colcon_core/task/python/colcon_distutils_commands:/home/foka/ros2_humble2/install/system_launcher/lib/python3.10/site-packages:${PYTHONPATH} /usr/bin/python3 -W ignore:setup.py install is deprecated -W ignore:easy_install command is deprecated setup.py develop --editable --build-directory /home/foka/ros2_humble2/build/system_launcher/build --no-deps symlink_data
[13.541s] running develop
[14.990s] running egg_info
[14.992s] creating system_launcher.egg-info
[14.992s] writing system_launcher.egg-info/PKG-INFO
[14.993s] writing dependency_links to system_launcher.egg-info/dependency_links.txt
[14.996s] writing entry points to system_launcher.egg-info/entry_points.txt
[14.997s] writing requirements to system_launcher.egg-info/requires.txt
[14.997s] writing top-level names to system_launcher.egg-info/top_level.txt
[15.002s] writing manifest file 'system_launcher.egg-info/SOURCES.txt'
[15.004s] reading manifest file 'system_launcher.egg-info/SOURCES.txt'
[15.009s] writing manifest file 'system_launcher.egg-info/SOURCES.txt'
[15.017s] running build_ext
[15.018s] Creating /home/foka/ros2_humble2/install/system_launcher/lib/python3.10/site-packages/system-launcher.egg-link (link to .)
[15.025s] 
[15.027s] Installed /home/foka/ros2_humble2/build/system_launcher
[15.031s] running symlink_data
[15.033s] creating /home/foka/ros2_humble2/install/system_launcher/share/ament_index
[15.034s] creating /home/foka/ros2_humble2/install/system_launcher/share/ament_index/resource_index
[15.035s] creating /home/foka/ros2_humble2/install/system_launcher/share/ament_index/resource_index/packages
[15.036s] symbolically linking /home/foka/ros2_humble2/build/system_launcher/resource/system_launcher -> /home/foka/ros2_humble2/install/system_launcher/share/ament_index/resource_index/packages
[15.038s] symbolically linking /home/foka/ros2_humble2/build/system_launcher/package.xml -> /home/foka/ros2_humble2/install/system_launcher/share/system_launcher
[15.039s] creating /home/foka/ros2_humble2/install/system_launcher/share/system_launcher/launch
[15.040s] symbolically linking /home/foka/ros2_humble2/build/system_launcher/launch/launch_all.py -> /home/foka/ros2_humble2/install/system_launcher/share/system_launcher/launch
[15.060s] creating /home/foka/ros2_humble2/install/system_launcher/share/system_launcher/config
[15.064s] symbolically linking /home/foka/ros2_humble2/build/system_launcher/config/system_config.yaml -> /home/foka/ros2_humble2/install/system_launcher/share/system_launcher/config
[17.240s] Invoked command in '/home/foka/ros2_humble2/build/system_launcher' returned '0': PYTHONPATH=/home/foka/ros2_humble2/build/system_launcher/prefix_override:/usr/lib/python3/dist-packages/colcon_core/task/python/colcon_distutils_commands:/home/foka/ros2_humble2/install/system_launcher/lib/python3.10/site-packages:${PYTHONPATH} /usr/bin/python3 -W ignore:setup.py install is deprecated -W ignore:easy_install command is deprecated setup.py develop --editable --build-directory /home/foka/ros2_humble2/build/system_launcher/build --no-deps symlink_data
