running develop
running egg_info
creating sensor_turbidity.egg-info
writing sensor_turbidity.egg-info/PKG-INFO
writing dependency_links to sensor_turbidity.egg-info/dependency_links.txt
writing entry points to sensor_turbidity.egg-info/entry_points.txt
writing requirements to sensor_turbidity.egg-info/requires.txt
writing top-level names to sensor_turbidity.egg-info/top_level.txt
writing manifest file 'sensor_turbidity.egg-info/SOURCES.txt'
reading manifest file 'sensor_turbidity.egg-info/SOURCES.txt'
writing manifest file 'sensor_turbidity.egg-info/SOURCES.txt'
running build_ext
Creating /home/foka/ros2_humble2/install/sensor_turbidity/lib/python3.10/site-packages/sensor-turbidity.egg-link (link to .)
Installing sensor_turbidity script to /home/foka/ros2_humble2/install/sensor_turbidity/lib/sensor_turbidity

Installed /home/foka/ros2_humble2/build/sensor_turbidity
running symlink_data
creating /home/foka/ros2_humble2/install/sensor_turbidity/share/ament_index
creating /home/foka/ros2_humble2/install/sensor_turbidity/share/ament_index/resource_index
creating /home/foka/ros2_humble2/install/sensor_turbidity/share/ament_index/resource_index/packages
symbolically linking /home/foka/ros2_humble2/build/sensor_turbidity/resource/sensor_turbidity -> /home/foka/ros2_humble2/install/sensor_turbidity/share/ament_index/resource_index/packages
symbolically linking /home/foka/ros2_humble2/build/sensor_turbidity/package.xml -> /home/foka/ros2_humble2/install/sensor_turbidity/share/sensor_turbidity
