[3.204s] Invoking command in '/home/foka/ros2_humble2/build/sensor_turbidity': AMENT_PREFIX_PATH=/home/foka/ros2_humble2/install/system_launcher:/home/foka/ros2_humble2/install/sensor_voltage:/home/foka/ros2_humble2/install/sensor_tds:/home/foka/ros2_humble2/install/telemetry:/home/foka/ros2_humble2/install/sensor_ph:/home/foka/ros2_humble2/install/sensor_thermometer:/home/foka/ros2_humble2/install/saver:/home/foka/ros2_humble2/install/py_talker:/home/foka/ros2_humble2/install/msg_interfaces:/home/foka/ros2_humble2/install/aggregator:/opt/ros/humble PYTHONPATH=/home/foka/ros2_humble2/build/sensor_turbidity/prefix_override:/usr/lib/python3/dist-packages/colcon_core/task/python/colcon_distutils_commands:/home/foka/ros2_humble2/install/sensor_turbidity/lib/python3.10/site-packages:/home/foka/ros2_humble2/build/system_launcher:/home/foka/ros2_humble2/install/system_launcher/lib/python3.10/site-packages:/home/foka/ros2_humble2/build/sensor_voltage:/home/foka/ros2_humble2/install/sensor_voltage/lib/python3.10/site-packages:/home/foka/ros2_humble2/build/telemetry:/home/foka/ros2_humble2/build/sensor_ph:/home/foka/ros2_humble2/build/sensor_thermometer:/home/foka/ros2_humble2/build/saver:/home/foka/ros2_humble2/build/aggregator:/home/foka/ros2_humble2/build/sensor_tds:/home/foka/ros2_humble2/install/sensor_tds/lib/python3.10/site-packages:/home/foka/ros2_humble2/install/telemetry/lib/python3.10/site-packages:/home/foka/ros2_humble2/install/sensor_ph/lib/python3.10/site-packages:/home/foka/ros2_humble2/install/sensor_thermometer/lib/python3.10/site-packages:/home/foka/ros2_humble2/install/saver/lib/python3.10/site-packages:/home/foka/ros2_humble2/install/py_talker/lib/python3.10/site-packages:/home/foka/ros2_humble2/install/msg_interfaces/local/lib/python3.10/dist-packages:/home/foka/ros2_humble2/install/aggregator/lib/python3.10/site-packages:/opt/ros/humble/lib/python3.10/site-packages:/opt/ros/humble/local/lib/python3.10/dist-packages /usr/bin/python3 -W ignore:setup.py install is deprecated -W ignore:easy_install command is deprecated setup.py develop --editable --build-directory /home/foka/ros2_humble2/build/sensor_turbidity/build --no-deps symlink_data
[4.538s] running develop
[5.326s] running egg_info
[5.327s] creating sensor_turbidity.egg-info
[5.327s] writing sensor_turbidity.egg-info/PKG-INFO
[5.328s] writing dependency_links to sensor_turbidity.egg-info/dependency_links.txt
[5.329s] writing entry points to sensor_turbidity.egg-info/entry_points.txt
[5.330s] writing requirements to sensor_turbidity.egg-info/requires.txt
[5.330s] writing top-level names to sensor_turbidity.egg-info/top_level.txt
[5.331s] writing manifest file 'sensor_turbidity.egg-info/SOURCES.txt'
[5.338s] reading manifest file 'sensor_turbidity.egg-info/SOURCES.txt'
[5.341s] writing manifest file 'sensor_turbidity.egg-info/SOURCES.txt'
[5.348s] running build_ext
[5.349s] Creating /home/foka/ros2_humble2/install/sensor_turbidity/lib/python3.10/site-packages/sensor-turbidity.egg-link (link to .)
[5.352s] Installing sensor_turbidity script to /home/foka/ros2_humble2/install/sensor_turbidity/lib/sensor_turbidity
[5.354s] 
[5.354s] Installed /home/foka/ros2_humble2/build/sensor_turbidity
[5.355s] running symlink_data
[5.356s] creating /home/foka/ros2_humble2/install/sensor_turbidity/share/ament_index
[5.356s] creating /home/foka/ros2_humble2/install/sensor_turbidity/share/ament_index/resource_index
[5.357s] creating /home/foka/ros2_humble2/install/sensor_turbidity/share/ament_index/resource_index/packages
[5.358s] symbolically linking /home/foka/ros2_humble2/build/sensor_turbidity/resource/sensor_turbidity -> /home/foka/ros2_humble2/install/sensor_turbidity/share/ament_index/resource_index/packages
[5.359s] symbolically linking /home/foka/ros2_humble2/build/sensor_turbidity/package.xml -> /home/foka/ros2_humble2/install/sensor_turbidity/share/sensor_turbidity
[5.491s] Invoked command in '/home/foka/ros2_humble2/build/sensor_turbidity' returned '0': AMENT_PREFIX_PATH=/home/foka/ros2_humble2/install/system_launcher:/home/foka/ros2_humble2/install/sensor_voltage:/home/foka/ros2_humble2/install/sensor_tds:/home/foka/ros2_humble2/install/telemetry:/home/foka/ros2_humble2/install/sensor_ph:/home/foka/ros2_humble2/install/sensor_thermometer:/home/foka/ros2_humble2/install/saver:/home/foka/ros2_humble2/install/py_talker:/home/foka/ros2_humble2/install/msg_interfaces:/home/foka/ros2_humble2/install/aggregator:/opt/ros/humble PYTHONPATH=/home/foka/ros2_humble2/build/sensor_turbidity/prefix_override:/usr/lib/python3/dist-packages/colcon_core/task/python/colcon_distutils_commands:/home/foka/ros2_humble2/install/sensor_turbidity/lib/python3.10/site-packages:/home/foka/ros2_humble2/build/system_launcher:/home/foka/ros2_humble2/install/system_launcher/lib/python3.10/site-packages:/home/foka/ros2_humble2/build/sensor_voltage:/home/foka/ros2_humble2/install/sensor_voltage/lib/python3.10/site-packages:/home/foka/ros2_humble2/build/telemetry:/home/foka/ros2_humble2/build/sensor_ph:/home/foka/ros2_humble2/build/sensor_thermometer:/home/foka/ros2_humble2/build/saver:/home/foka/ros2_humble2/build/aggregator:/home/foka/ros2_humble2/build/sensor_tds:/home/foka/ros2_humble2/install/sensor_tds/lib/python3.10/site-packages:/home/foka/ros2_humble2/install/telemetry/lib/python3.10/site-packages:/home/foka/ros2_humble2/install/sensor_ph/lib/python3.10/site-packages:/home/foka/ros2_humble2/install/sensor_thermometer/lib/python3.10/site-packages:/home/foka/ros2_humble2/install/saver/lib/python3.10/site-packages:/home/foka/ros2_humble2/install/py_talker/lib/python3.10/site-packages:/home/foka/ros2_humble2/install/msg_interfaces/local/lib/python3.10/dist-packages:/home/foka/ros2_humble2/install/aggregator/lib/python3.10/site-packages:/opt/ros/humble/lib/python3.10/site-packages:/opt/ros/humble/local/lib/python3.10/dist-packages /usr/bin/python3 -W ignore:setup.py install is deprecated -W ignore:easy_install command is deprecated setup.py develop --editable --build-directory /home/foka/ros2_humble2/build/sensor_turbidity/build --no-deps symlink_data
