[0.085s] Invoking command in '/home/foka/ros2_humble2/build/msg_interfaces': CMAKE_PREFIX_PATH=/home/foka/ros2_humble2/install/py_talker:/opt/ros/humble /usr/bin/cmake /home/foka/ros2_humble2/src/msg_interfaces -DCMAKE_INSTALL_PREFIX=/home/foka/ros2_humble2/install/msg_interfaces
[0.917s] -- The C compiler identification is GNU 11.4.0
[1.690s] -- The CXX compiler identification is GNU 11.4.0
[1.870s] -- Detecting C compiler ABI info
[2.203s] -- Detecting C compiler ABI info - done
[2.228s] -- Check for working C compiler: /usr/bin/cc - skipped
[2.231s] -- Detecting C compile features
[2.233s] -- Detecting C compile features - done
[2.248s] -- Detecting CXX compiler ABI info
[2.600s] -- Detecting CXX compiler ABI info - done
[2.627s] -- Check for working CXX compiler: /usr/bin/c++ - skipped
[2.628s] -- Detecting CXX compile features
[2.629s] -- Detecting CXX compile features - done
[2.668s] -- Found ament_cmake: 1.3.11 (/opt/ros/humble/share/ament_cmake/cmake)
[3.461s] -- Found Python3: /usr/bin/python3 (found version "3.10.12") found components: Interpreter 
[4.121s] -- Found std_msgs: 4.8.0 (/opt/ros/humble/share/std_msgs/cmake)
[4.421s] -- Found rosidl_generator_c: 3.1.6 (/opt/ros/humble/share/rosidl_generator_c/cmake)
[4.467s] -- Found rosidl_adapter: 3.1.6 (/opt/ros/humble/share/rosidl_adapter/cmake)
[4.531s] -- Found rosidl_generator_cpp: 3.1.6 (/opt/ros/humble/share/rosidl_generator_cpp/cmake)
[4.621s] -- Using all available rosidl_typesupport_c: rosidl_typesupport_fastrtps_c;rosidl_typesupport_introspection_c
[4.735s] -- Using all available rosidl_typesupport_cpp: rosidl_typesupport_fastrtps_cpp;rosidl_typesupport_introspection_cpp
[4.912s] -- Found rosidl_default_generators: 1.2.0 (/opt/ros/humble/share/rosidl_default_generators/cmake)
[5.854s] [31mCMake Error at /opt/ros/humble/share/rosidl_cmake/cmake/rosidl_generate_interfaces.cmake:229 (message):
[5.854s]   Packages installing interfaces must include
[5.855s]   '<member_of_group>rosidl_interface_packages</member_of_group>' in their
[5.855s]   package.xml
[5.855s] Call Stack (most recent call first):
[5.856s]   CMakeLists.txt:14 (rosidl_generate_interfaces)
[5.856s] 
[5.856s] [0m
[5.856s] -- Configuring incomplete, errors occurred!
[5.857s] See also "/home/foka/ros2_humble2/build/msg_interfaces/CMakeFiles/CMakeOutput.log".
[5.875s] Invoked command in '/home/foka/ros2_humble2/build/msg_interfaces' returned '1': CMAKE_PREFIX_PATH=/home/foka/ros2_humble2/install/py_talker:/opt/ros/humble /usr/bin/cmake /home/foka/ros2_humble2/src/msg_interfaces -DCMAKE_INSTALL_PREFIX=/home/foka/ros2_humble2/install/msg_interfaces
