running develop
running egg_info
creating thruster_driver.egg-info
writing thruster_driver.egg-info/PKG-INFO
writing dependency_links to thruster_driver.egg-info/dependency_links.txt
writing entry points to thruster_driver.egg-info/entry_points.txt
writing requirements to thruster_driver.egg-info/requires.txt
writing top-level names to thruster_driver.egg-info/top_level.txt
writing manifest file 'thruster_driver.egg-info/SOURCES.txt'
reading manifest file 'thruster_driver.egg-info/SOURCES.txt'
writing manifest file 'thruster_driver.egg-info/SOURCES.txt'
running build_ext
Creating /home/foka/ros2_humble2/install/thruster_driver/lib/python3.10/site-packages/thruster-driver.egg-link (link to .)
Installing keyboard_controller script to /home/foka/ros2_humble2/install/thruster_driver/lib/thruster_driver
Installing thruster_driver script to /home/foka/ros2_humble2/install/thruster_driver/lib/thruster_driver

Installed /home/foka/ros2_humble2/build/thruster_driver
running symlink_data
creating /home/foka/ros2_humble2/install/thruster_driver/share/ament_index
creating /home/foka/ros2_humble2/install/thruster_driver/share/ament_index/resource_index
creating /home/foka/ros2_humble2/install/thruster_driver/share/ament_index/resource_index/packages
symbolically linking /home/foka/ros2_humble2/build/thruster_driver/resource/thruster_driver -> /home/foka/ros2_humble2/install/thruster_driver/share/ament_index/resource_index/packages
symbolically linking /home/foka/ros2_humble2/build/thruster_driver/package.xml -> /home/foka/ros2_humble2/install/thruster_driver/share/thruster_driver
