running egg_info
writing ../../build/sensor_current/sensor_current.egg-info/PKG-INFO
writing dependency_links to ../../build/sensor_current/sensor_current.egg-info/dependency_links.txt
writing entry points to ../../build/sensor_current/sensor_current.egg-info/entry_points.txt
writing requirements to ../../build/sensor_current/sensor_current.egg-info/requires.txt
writing top-level names to ../../build/sensor_current/sensor_current.egg-info/top_level.txt
reading manifest file '../../build/sensor_current/sensor_current.egg-info/SOURCES.txt'
writing manifest file '../../build/sensor_current/sensor_current.egg-info/SOURCES.txt'
running build
running build_py
copying sensor_current/sensor_current_driver.py -> /home/foka/ros2_humble2/build/sensor_current/build/lib/sensor_current
running install
running install_lib
copying /home/foka/ros2_humble2/build/sensor_current/build/lib/sensor_current/sensor_current_driver.py -> /home/foka/ros2_humble2/install/sensor_current/lib/python3.10/site-packages/sensor_current
byte-compiling /home/foka/ros2_humble2/install/sensor_current/lib/python3.10/site-packages/sensor_current/sensor_current_driver.py to sensor_current_driver.cpython-310.pyc
running install_data
running install_egg_info
removing '/home/foka/ros2_humble2/install/sensor_current/lib/python3.10/site-packages/sensor_current-0.0.0-py3.10.egg-info' (and everything under it)
Copying ../../build/sensor_current/sensor_current.egg-info to /home/foka/ros2_humble2/install/sensor_current/lib/python3.10/site-packages/sensor_current-0.0.0-py3.10.egg-info
running install_scripts
Installing sensor_current script to /home/foka/ros2_humble2/install/sensor_current/lib/sensor_current
writing list of installed files to '/home/foka/ros2_humble2/build/sensor_current/install.log'
