[0.931s] DEBUG:colcon:Command line arguments: ['/usr/bin/colcon', 'build', '--packages-select', 'sensor_gps']
[0.931s] DEBUG:colcon:Parsed command line arguments: Namespace(log_base=None, log_level=None, verb_name='build', build_base='build', install_base='install', merge_install=False, symlink_install=False, test_result_base=None, continue_on_error=False, executor='parallel', parallel_workers=4, event_handlers=None, ignore_user_meta=False, metas=['./colcon.meta'], base_paths=['.'], packages_ignore=None, packages_ignore_regex=None, paths=None, packages_up_to=None, packages_up_to_regex=None, packages_above=None, packages_above_and_dependencies=None, packages_above_depth=None, packages_select_by_dep=None, packages_skip_by_dep=None, packages_skip_up_to=None, packages_select_build_failed=False, packages_skip_build_finished=False, packages_select_test_failures=False, packages_skip_test_passed=False, packages_select=['sensor_gps'], packages_skip=None, packages_select_regex=None, packages_skip_regex=None, packages_start=None, packages_end=None, allow_overriding=[], cmake_args=None, cmake_target=None, cmake_target_skip_unavailable=False, cmake_clean_cache=False, cmake_clean_first=False, cmake_force_configure=False, ament_cmake_args=None, catkin_cmake_args=None, catkin_skip_building_tests=False, verb_parser=<colcon_defaults.argument_parser.defaults.DefaultArgumentsDecorator object at 0xffff8e0b6d40>, verb_extension=<colcon_core.verb.build.BuildVerb object at 0xffff8e274bb0>, main=<bound method BuildVerb.main of <colcon_core.verb.build.BuildVerb object at 0xffff8e274bb0>>)
[3.438s] Level 1:colcon.colcon_core.package_discovery:discover_packages(colcon_meta) check parameters
[3.439s] Level 1:colcon.colcon_core.package_discovery:discover_packages(recursive) check parameters
[3.440s] Level 1:colcon.colcon_core.package_discovery:discover_packages(ignore) check parameters
[3.440s] Level 1:colcon.colcon_core.package_discovery:discover_packages(path) check parameters
[3.440s] Level 1:colcon.colcon_core.package_discovery:discover_packages(colcon_meta) discover
[3.441s] Level 1:colcon.colcon_core.package_discovery:discover_packages(recursive) discover
[3.442s] INFO:colcon.colcon_core.package_discovery:Crawling recursively for packages in '/home/foka/ros2_humble2'
[3.444s] Level 1:colcon.colcon_core.package_identification:_identify(.) by extensions ['ignore', 'ignore_ament_install']
[3.445s] Level 1:colcon.colcon_core.package_identification:_identify(.) by extension 'ignore'
[3.446s] Level 1:colcon.colcon_core.package_identification:_identify(.) by extension 'ignore_ament_install'
[3.447s] Level 1:colcon.colcon_core.package_identification:_identify(.) by extensions ['colcon_pkg']
[3.447s] Level 1:colcon.colcon_core.package_identification:_identify(.) by extension 'colcon_pkg'
[3.448s] Level 1:colcon.colcon_core.package_identification:_identify(.) by extensions ['colcon_meta']
[3.448s] Level 1:colcon.colcon_core.package_identification:_identify(.) by extension 'colcon_meta'
[3.449s] Level 1:colcon.colcon_core.package_identification:_identify(.) by extensions ['ros']
[3.449s] Level 1:colcon.colcon_core.package_identification:_identify(.) by extension 'ros'
[3.541s] Level 1:colcon.colcon_core.package_identification:_identify(.) by extensions ['cmake', 'python']
[3.541s] Level 1:colcon.colcon_core.package_identification:_identify(.) by extension 'cmake'
[3.541s] Level 1:colcon.colcon_core.package_identification:_identify(.) by extension 'python'
[3.542s] Level 1:colcon.colcon_core.package_identification:_identify(.) by extensions ['python_setup_py']
[3.542s] Level 1:colcon.colcon_core.package_identification:_identify(.) by extension 'python_setup_py'
[3.542s] Level 1:colcon.colcon_core.package_identification:_identify(build) by extensions ['ignore', 'ignore_ament_install']
[3.543s] Level 1:colcon.colcon_core.package_identification:_identify(build) by extension 'ignore'
[3.543s] Level 1:colcon.colcon_core.package_identification:_identify(build) ignored
[3.544s] Level 1:colcon.colcon_core.package_identification:_identify(data) by extensions ['ignore', 'ignore_ament_install']
[3.544s] Level 1:colcon.colcon_core.package_identification:_identify(data) by extension 'ignore'
[3.545s] Level 1:colcon.colcon_core.package_identification:_identify(data) by extension 'ignore_ament_install'
[3.545s] Level 1:colcon.colcon_core.package_identification:_identify(data) by extensions ['colcon_pkg']
[3.545s] Level 1:colcon.colcon_core.package_identification:_identify(data) by extension 'colcon_pkg'
[3.545s] Level 1:colcon.colcon_core.package_identification:_identify(data) by extensions ['colcon_meta']
[3.545s] Level 1:colcon.colcon_core.package_identification:_identify(data) by extension 'colcon_meta'
[3.546s] Level 1:colcon.colcon_core.package_identification:_identify(data) by extensions ['ros']
[3.546s] Level 1:colcon.colcon_core.package_identification:_identify(data) by extension 'ros'
[3.546s] Level 1:colcon.colcon_core.package_identification:_identify(data) by extensions ['cmake', 'python']
[3.546s] Level 1:colcon.colcon_core.package_identification:_identify(data) by extension 'cmake'
[3.546s] Level 1:colcon.colcon_core.package_identification:_identify(data) by extension 'python'
[3.547s] Level 1:colcon.colcon_core.package_identification:_identify(data) by extensions ['python_setup_py']
[3.547s] Level 1:colcon.colcon_core.package_identification:_identify(data) by extension 'python_setup_py'
[3.547s] Level 1:colcon.colcon_core.package_identification:_identify(install) by extensions ['ignore', 'ignore_ament_install']
[3.548s] Level 1:colcon.colcon_core.package_identification:_identify(install) by extension 'ignore'
[3.548s] Level 1:colcon.colcon_core.package_identification:_identify(install) ignored
[3.550s] Level 1:colcon.colcon_core.package_identification:_identify(log) by extensions ['ignore', 'ignore_ament_install']
[3.550s] Level 1:colcon.colcon_core.package_identification:_identify(log) by extension 'ignore'
[3.550s] Level 1:colcon.colcon_core.package_identification:_identify(log) ignored
[3.551s] Level 1:colcon.colcon_core.package_identification:_identify(src) by extensions ['ignore', 'ignore_ament_install']
[3.551s] Level 1:colcon.colcon_core.package_identification:_identify(src) by extension 'ignore'
[3.551s] Level 1:colcon.colcon_core.package_identification:_identify(src) by extension 'ignore_ament_install'
[3.552s] Level 1:colcon.colcon_core.package_identification:_identify(src) by extensions ['colcon_pkg']
[3.552s] Level 1:colcon.colcon_core.package_identification:_identify(src) by extension 'colcon_pkg'
[3.552s] Level 1:colcon.colcon_core.package_identification:_identify(src) by extensions ['colcon_meta']
[3.552s] Level 1:colcon.colcon_core.package_identification:_identify(src) by extension 'colcon_meta'
[3.552s] Level 1:colcon.colcon_core.package_identification:_identify(src) by extensions ['ros']
[3.553s] Level 1:colcon.colcon_core.package_identification:_identify(src) by extension 'ros'
[3.553s] Level 1:colcon.colcon_core.package_identification:_identify(src) by extensions ['cmake', 'python']
[3.553s] Level 1:colcon.colcon_core.package_identification:_identify(src) by extension 'cmake'
[3.553s] Level 1:colcon.colcon_core.package_identification:_identify(src) by extension 'python'
[3.553s] Level 1:colcon.colcon_core.package_identification:_identify(src) by extensions ['python_setup_py']
[3.554s] Level 1:colcon.colcon_core.package_identification:_identify(src) by extension 'python_setup_py'
[3.554s] Level 1:colcon.colcon_core.package_identification:_identify(src/aggregator) by extensions ['ignore', 'ignore_ament_install']
[3.554s] Level 1:colcon.colcon_core.package_identification:_identify(src/aggregator) by extension 'ignore'
[3.555s] Level 1:colcon.colcon_core.package_identification:_identify(src/aggregator) by extension 'ignore_ament_install'
[3.555s] Level 1:colcon.colcon_core.package_identification:_identify(src/aggregator) by extensions ['colcon_pkg']
[3.555s] Level 1:colcon.colcon_core.package_identification:_identify(src/aggregator) by extension 'colcon_pkg'
[3.555s] Level 1:colcon.colcon_core.package_identification:_identify(src/aggregator) by extensions ['colcon_meta']
[3.555s] Level 1:colcon.colcon_core.package_identification:_identify(src/aggregator) by extension 'colcon_meta'
[3.556s] Level 1:colcon.colcon_core.package_identification:_identify(src/aggregator) by extensions ['ros']
[3.556s] Level 1:colcon.colcon_core.package_identification:_identify(src/aggregator) by extension 'ros'
[3.573s] DEBUG:colcon.colcon_core.package_identification:Package 'src/aggregator' with type 'ros.ament_python' and name 'aggregator'
[3.575s] Level 1:colcon.colcon_core.package_identification:_identify(src/autopilot) by extensions ['ignore', 'ignore_ament_install']
[3.576s] Level 1:colcon.colcon_core.package_identification:_identify(src/autopilot) by extension 'ignore'
[3.577s] Level 1:colcon.colcon_core.package_identification:_identify(src/autopilot) by extension 'ignore_ament_install'
[3.577s] Level 1:colcon.colcon_core.package_identification:_identify(src/autopilot) by extensions ['colcon_pkg']
[3.578s] Level 1:colcon.colcon_core.package_identification:_identify(src/autopilot) by extension 'colcon_pkg'
[3.578s] Level 1:colcon.colcon_core.package_identification:_identify(src/autopilot) by extensions ['colcon_meta']
[3.579s] Level 1:colcon.colcon_core.package_identification:_identify(src/autopilot) by extension 'colcon_meta'
[3.579s] Level 1:colcon.colcon_core.package_identification:_identify(src/autopilot) by extensions ['ros']
[3.580s] Level 1:colcon.colcon_core.package_identification:_identify(src/autopilot) by extension 'ros'
[3.587s] DEBUG:colcon.colcon_core.package_identification:Package 'src/autopilot' with type 'ros.ament_python' and name 'autopilot'
[3.588s] Level 1:colcon.colcon_core.package_identification:_identify(src/msg_interfaces) by extensions ['ignore', 'ignore_ament_install']
[3.589s] Level 1:colcon.colcon_core.package_identification:_identify(src/msg_interfaces) by extension 'ignore'
[3.590s] Level 1:colcon.colcon_core.package_identification:_identify(src/msg_interfaces) by extension 'ignore_ament_install'
[3.591s] Level 1:colcon.colcon_core.package_identification:_identify(src/msg_interfaces) by extensions ['colcon_pkg']
[3.591s] Level 1:colcon.colcon_core.package_identification:_identify(src/msg_interfaces) by extension 'colcon_pkg'
[3.592s] Level 1:colcon.colcon_core.package_identification:_identify(src/msg_interfaces) by extensions ['colcon_meta']
[3.592s] Level 1:colcon.colcon_core.package_identification:_identify(src/msg_interfaces) by extension 'colcon_meta'
[3.593s] Level 1:colcon.colcon_core.package_identification:_identify(src/msg_interfaces) by extensions ['ros']
[3.593s] Level 1:colcon.colcon_core.package_identification:_identify(src/msg_interfaces) by extension 'ros'
[3.602s] DEBUG:colcon.colcon_core.package_identification:Package 'src/msg_interfaces' with type 'ros.ament_cmake' and name 'msg_interfaces'
[3.603s] Level 1:colcon.colcon_core.package_identification:_identify(src/saver) by extensions ['ignore', 'ignore_ament_install']
[3.604s] Level 1:colcon.colcon_core.package_identification:_identify(src/saver) by extension 'ignore'
[3.605s] Level 1:colcon.colcon_core.package_identification:_identify(src/saver) by extension 'ignore_ament_install'
[3.605s] Level 1:colcon.colcon_core.package_identification:_identify(src/saver) by extensions ['colcon_pkg']
[3.606s] Level 1:colcon.colcon_core.package_identification:_identify(src/saver) by extension 'colcon_pkg'
[3.606s] Level 1:colcon.colcon_core.package_identification:_identify(src/saver) by extensions ['colcon_meta']
[3.607s] Level 1:colcon.colcon_core.package_identification:_identify(src/saver) by extension 'colcon_meta'
[3.607s] Level 1:colcon.colcon_core.package_identification:_identify(src/saver) by extensions ['ros']
[3.608s] Level 1:colcon.colcon_core.package_identification:_identify(src/saver) by extension 'ros'
[3.614s] DEBUG:colcon.colcon_core.package_identification:Package 'src/saver' with type 'ros.ament_python' and name 'saver'
[3.616s] Level 1:colcon.colcon_core.package_identification:_identify(src/sensor_current) by extensions ['ignore', 'ignore_ament_install']
[3.617s] Level 1:colcon.colcon_core.package_identification:_identify(src/sensor_current) by extension 'ignore'
[3.618s] Level 1:colcon.colcon_core.package_identification:_identify(src/sensor_current) by extension 'ignore_ament_install'
[3.618s] Level 1:colcon.colcon_core.package_identification:_identify(src/sensor_current) by extensions ['colcon_pkg']
[3.619s] Level 1:colcon.colcon_core.package_identification:_identify(src/sensor_current) by extension 'colcon_pkg'
[3.619s] Level 1:colcon.colcon_core.package_identification:_identify(src/sensor_current) by extensions ['colcon_meta']
[3.620s] Level 1:colcon.colcon_core.package_identification:_identify(src/sensor_current) by extension 'colcon_meta'
[3.620s] Level 1:colcon.colcon_core.package_identification:_identify(src/sensor_current) by extensions ['ros']
[3.621s] Level 1:colcon.colcon_core.package_identification:_identify(src/sensor_current) by extension 'ros'
[3.627s] DEBUG:colcon.colcon_core.package_identification:Package 'src/sensor_current' with type 'ros.ament_python' and name 'sensor_current'
[3.629s] Level 1:colcon.colcon_core.package_identification:_identify(src/sensor_depth) by extensions ['ignore', 'ignore_ament_install']
[3.630s] Level 1:colcon.colcon_core.package_identification:_identify(src/sensor_depth) by extension 'ignore'
[3.630s] Level 1:colcon.colcon_core.package_identification:_identify(src/sensor_depth) by extension 'ignore_ament_install'
[3.631s] Level 1:colcon.colcon_core.package_identification:_identify(src/sensor_depth) by extensions ['colcon_pkg']
[3.631s] Level 1:colcon.colcon_core.package_identification:_identify(src/sensor_depth) by extension 'colcon_pkg'
[3.632s] Level 1:colcon.colcon_core.package_identification:_identify(src/sensor_depth) by extensions ['colcon_meta']
[3.632s] Level 1:colcon.colcon_core.package_identification:_identify(src/sensor_depth) by extension 'colcon_meta'
[3.633s] Level 1:colcon.colcon_core.package_identification:_identify(src/sensor_depth) by extensions ['ros']
[3.633s] Level 1:colcon.colcon_core.package_identification:_identify(src/sensor_depth) by extension 'ros'
[3.640s] DEBUG:colcon.colcon_core.package_identification:Package 'src/sensor_depth' with type 'ros.ament_python' and name 'sensor_depth'
[3.642s] Level 1:colcon.colcon_core.package_identification:_identify(src/sensor_gps) by extensions ['ignore', 'ignore_ament_install']
[3.643s] Level 1:colcon.colcon_core.package_identification:_identify(src/sensor_gps) by extension 'ignore'
[3.643s] Level 1:colcon.colcon_core.package_identification:_identify(src/sensor_gps) by extension 'ignore_ament_install'
[3.644s] Level 1:colcon.colcon_core.package_identification:_identify(src/sensor_gps) by extensions ['colcon_pkg']
[3.644s] Level 1:colcon.colcon_core.package_identification:_identify(src/sensor_gps) by extension 'colcon_pkg'
[3.645s] Level 1:colcon.colcon_core.package_identification:_identify(src/sensor_gps) by extensions ['colcon_meta']
[3.645s] Level 1:colcon.colcon_core.package_identification:_identify(src/sensor_gps) by extension 'colcon_meta'
[3.646s] Level 1:colcon.colcon_core.package_identification:_identify(src/sensor_gps) by extensions ['ros']
[3.646s] Level 1:colcon.colcon_core.package_identification:_identify(src/sensor_gps) by extension 'ros'
[3.653s] DEBUG:colcon.colcon_core.package_identification:Package 'src/sensor_gps' with type 'ros.ament_python' and name 'sensor_gps'
[3.654s] Level 1:colcon.colcon_core.package_identification:_identify(src/sensor_imu_mag) by extensions ['ignore', 'ignore_ament_install']
[3.655s] Level 1:colcon.colcon_core.package_identification:_identify(src/sensor_imu_mag) by extension 'ignore'
[3.656s] Level 1:colcon.colcon_core.package_identification:_identify(src/sensor_imu_mag) by extension 'ignore_ament_install'
[3.657s] Level 1:colcon.colcon_core.package_identification:_identify(src/sensor_imu_mag) by extensions ['colcon_pkg']
[3.657s] Level 1:colcon.colcon_core.package_identification:_identify(src/sensor_imu_mag) by extension 'colcon_pkg'
[3.658s] Level 1:colcon.colcon_core.package_identification:_identify(src/sensor_imu_mag) by extensions ['colcon_meta']
[3.658s] Level 1:colcon.colcon_core.package_identification:_identify(src/sensor_imu_mag) by extension 'colcon_meta'
[3.659s] Level 1:colcon.colcon_core.package_identification:_identify(src/sensor_imu_mag) by extensions ['ros']
[3.659s] Level 1:colcon.colcon_core.package_identification:_identify(src/sensor_imu_mag) by extension 'ros'
[3.666s] DEBUG:colcon.colcon_core.package_identification:Package 'src/sensor_imu_mag' with type 'ros.ament_python' and name 'sensor_imu_mag'
[3.667s] Level 1:colcon.colcon_core.package_identification:_identify(src/sensor_ph) by extensions ['ignore', 'ignore_ament_install']
[3.669s] Level 1:colcon.colcon_core.package_identification:_identify(src/sensor_ph) by extension 'ignore'
[3.669s] Level 1:colcon.colcon_core.package_identification:_identify(src/sensor_ph) by extension 'ignore_ament_install'
[3.670s] Level 1:colcon.colcon_core.package_identification:_identify(src/sensor_ph) by extensions ['colcon_pkg']
[3.670s] Level 1:colcon.colcon_core.package_identification:_identify(src/sensor_ph) by extension 'colcon_pkg'
[3.671s] Level 1:colcon.colcon_core.package_identification:_identify(src/sensor_ph) by extensions ['colcon_meta']
[3.671s] Level 1:colcon.colcon_core.package_identification:_identify(src/sensor_ph) by extension 'colcon_meta'
[3.672s] Level 1:colcon.colcon_core.package_identification:_identify(src/sensor_ph) by extensions ['ros']
[3.672s] Level 1:colcon.colcon_core.package_identification:_identify(src/sensor_ph) by extension 'ros'
[3.679s] DEBUG:colcon.colcon_core.package_identification:Package 'src/sensor_ph' with type 'ros.ament_python' and name 'sensor_ph'
[3.681s] Level 1:colcon.colcon_core.package_identification:_identify(src/sensor_tds) by extensions ['ignore', 'ignore_ament_install']
[3.682s] Level 1:colcon.colcon_core.package_identification:_identify(src/sensor_tds) by extension 'ignore'
[3.682s] Level 1:colcon.colcon_core.package_identification:_identify(src/sensor_tds) by extension 'ignore_ament_install'
[3.683s] Level 1:colcon.colcon_core.package_identification:_identify(src/sensor_tds) by extensions ['colcon_pkg']
[3.683s] Level 1:colcon.colcon_core.package_identification:_identify(src/sensor_tds) by extension 'colcon_pkg'
[3.684s] Level 1:colcon.colcon_core.package_identification:_identify(src/sensor_tds) by extensions ['colcon_meta']
[3.684s] Level 1:colcon.colcon_core.package_identification:_identify(src/sensor_tds) by extension 'colcon_meta'
[3.685s] Level 1:colcon.colcon_core.package_identification:_identify(src/sensor_tds) by extensions ['ros']
[3.685s] Level 1:colcon.colcon_core.package_identification:_identify(src/sensor_tds) by extension 'ros'
[3.695s] DEBUG:colcon.colcon_core.package_identification:Package 'src/sensor_tds' with type 'ros.ament_python' and name 'sensor_tds'
[3.696s] Level 1:colcon.colcon_core.package_identification:_identify(src/sensor_thermometer) by extensions ['ignore', 'ignore_ament_install']
[3.697s] Level 1:colcon.colcon_core.package_identification:_identify(src/sensor_thermometer) by extension 'ignore'
[3.698s] Level 1:colcon.colcon_core.package_identification:_identify(src/sensor_thermometer) by extension 'ignore_ament_install'
[3.699s] Level 1:colcon.colcon_core.package_identification:_identify(src/sensor_thermometer) by extensions ['colcon_pkg']
[3.699s] Level 1:colcon.colcon_core.package_identification:_identify(src/sensor_thermometer) by extension 'colcon_pkg'
[3.700s] Level 1:colcon.colcon_core.package_identification:_identify(src/sensor_thermometer) by extensions ['colcon_meta']
[3.700s] Level 1:colcon.colcon_core.package_identification:_identify(src/sensor_thermometer) by extension 'colcon_meta'
[3.701s] Level 1:colcon.colcon_core.package_identification:_identify(src/sensor_thermometer) by extensions ['ros']
[3.701s] Level 1:colcon.colcon_core.package_identification:_identify(src/sensor_thermometer) by extension 'ros'
[3.708s] DEBUG:colcon.colcon_core.package_identification:Package 'src/sensor_thermometer' with type 'ros.ament_python' and name 'sensor_thermometer'
[3.709s] Level 1:colcon.colcon_core.package_identification:_identify(src/sensor_turbidity) by extensions ['ignore', 'ignore_ament_install']
[3.710s] Level 1:colcon.colcon_core.package_identification:_identify(src/sensor_turbidity) by extension 'ignore'
[3.711s] Level 1:colcon.colcon_core.package_identification:_identify(src/sensor_turbidity) by extension 'ignore_ament_install'
[3.712s] Level 1:colcon.colcon_core.package_identification:_identify(src/sensor_turbidity) by extensions ['colcon_pkg']
[3.712s] Level 1:colcon.colcon_core.package_identification:_identify(src/sensor_turbidity) by extension 'colcon_pkg'
[3.713s] Level 1:colcon.colcon_core.package_identification:_identify(src/sensor_turbidity) by extensions ['colcon_meta']
[3.713s] Level 1:colcon.colcon_core.package_identification:_identify(src/sensor_turbidity) by extension 'colcon_meta'
[3.714s] Level 1:colcon.colcon_core.package_identification:_identify(src/sensor_turbidity) by extensions ['ros']
[3.714s] Level 1:colcon.colcon_core.package_identification:_identify(src/sensor_turbidity) by extension 'ros'
[3.722s] DEBUG:colcon.colcon_core.package_identification:Package 'src/sensor_turbidity' with type 'ros.ament_python' and name 'sensor_turbidity'
[3.724s] Level 1:colcon.colcon_core.package_identification:_identify(src/sensor_voltage) by extensions ['ignore', 'ignore_ament_install']
[3.725s] Level 1:colcon.colcon_core.package_identification:_identify(src/sensor_voltage) by extension 'ignore'
[3.725s] Level 1:colcon.colcon_core.package_identification:_identify(src/sensor_voltage) by extension 'ignore_ament_install'
[3.726s] Level 1:colcon.colcon_core.package_identification:_identify(src/sensor_voltage) by extensions ['colcon_pkg']
[3.726s] Level 1:colcon.colcon_core.package_identification:_identify(src/sensor_voltage) by extension 'colcon_pkg'
[3.727s] Level 1:colcon.colcon_core.package_identification:_identify(src/sensor_voltage) by extensions ['colcon_meta']
[3.727s] Level 1:colcon.colcon_core.package_identification:_identify(src/sensor_voltage) by extension 'colcon_meta'
[3.728s] Level 1:colcon.colcon_core.package_identification:_identify(src/sensor_voltage) by extensions ['ros']
[3.728s] Level 1:colcon.colcon_core.package_identification:_identify(src/sensor_voltage) by extension 'ros'
[3.737s] DEBUG:colcon.colcon_core.package_identification:Package 'src/sensor_voltage' with type 'ros.ament_python' and name 'sensor_voltage'
[3.738s] Level 1:colcon.colcon_core.package_identification:_identify(src/system_launcher) by extensions ['ignore', 'ignore_ament_install']
[3.739s] Level 1:colcon.colcon_core.package_identification:_identify(src/system_launcher) by extension 'ignore'
[3.740s] Level 1:colcon.colcon_core.package_identification:_identify(src/system_launcher) by extension 'ignore_ament_install'
[3.740s] Level 1:colcon.colcon_core.package_identification:_identify(src/system_launcher) by extensions ['colcon_pkg']
[3.741s] Level 1:colcon.colcon_core.package_identification:_identify(src/system_launcher) by extension 'colcon_pkg'
[3.741s] Level 1:colcon.colcon_core.package_identification:_identify(src/system_launcher) by extensions ['colcon_meta']
[3.742s] Level 1:colcon.colcon_core.package_identification:_identify(src/system_launcher) by extension 'colcon_meta'
[3.742s] Level 1:colcon.colcon_core.package_identification:_identify(src/system_launcher) by extensions ['ros']
[3.743s] Level 1:colcon.colcon_core.package_identification:_identify(src/system_launcher) by extension 'ros'
[3.749s] DEBUG:colcon.colcon_core.package_identification:Package 'src/system_launcher' with type 'ros.ament_python' and name 'system_launcher'
[3.751s] Level 1:colcon.colcon_core.package_identification:_identify(src/telemetry) by extensions ['ignore', 'ignore_ament_install']
[3.752s] Level 1:colcon.colcon_core.package_identification:_identify(src/telemetry) by extension 'ignore'
[3.752s] Level 1:colcon.colcon_core.package_identification:_identify(src/telemetry) by extension 'ignore_ament_install'
[3.753s] Level 1:colcon.colcon_core.package_identification:_identify(src/telemetry) by extensions ['colcon_pkg']
[3.754s] Level 1:colcon.colcon_core.package_identification:_identify(src/telemetry) by extension 'colcon_pkg'
[3.754s] Level 1:colcon.colcon_core.package_identification:_identify(src/telemetry) by extensions ['colcon_meta']
[3.755s] Level 1:colcon.colcon_core.package_identification:_identify(src/telemetry) by extension 'colcon_meta'
[3.755s] Level 1:colcon.colcon_core.package_identification:_identify(src/telemetry) by extensions ['ros']
[3.756s] Level 1:colcon.colcon_core.package_identification:_identify(src/telemetry) by extension 'ros'
[3.762s] DEBUG:colcon.colcon_core.package_identification:Package 'src/telemetry' with type 'ros.ament_python' and name 'telemetry'
[3.764s] Level 1:colcon.colcon_core.package_identification:_identify(src/thruster_driver) by extensions ['ignore', 'ignore_ament_install']
[3.765s] Level 1:colcon.colcon_core.package_identification:_identify(src/thruster_driver) by extension 'ignore'
[3.765s] Level 1:colcon.colcon_core.package_identification:_identify(src/thruster_driver) by extension 'ignore_ament_install'
[3.766s] Level 1:colcon.colcon_core.package_identification:_identify(src/thruster_driver) by extensions ['colcon_pkg']
[3.767s] Level 1:colcon.colcon_core.package_identification:_identify(src/thruster_driver) by extension 'colcon_pkg'
[3.767s] Level 1:colcon.colcon_core.package_identification:_identify(src/thruster_driver) by extensions ['colcon_meta']
[3.767s] Level 1:colcon.colcon_core.package_identification:_identify(src/thruster_driver) by extension 'colcon_meta'
[3.768s] Level 1:colcon.colcon_core.package_identification:_identify(src/thruster_driver) by extensions ['ros']
[3.769s] Level 1:colcon.colcon_core.package_identification:_identify(src/thruster_driver) by extension 'ros'
[3.775s] DEBUG:colcon.colcon_core.package_identification:Package 'src/thruster_driver' with type 'ros.ament_python' and name 'thruster_driver'
[3.776s] Level 1:colcon.colcon_core.package_discovery:discover_packages(recursive) using defaults
[3.776s] Level 1:colcon.colcon_core.package_discovery:discover_packages(ignore) discover
[3.777s] Level 1:colcon.colcon_core.package_discovery:discover_packages(ignore) using defaults
[3.777s] Level 1:colcon.colcon_core.package_discovery:discover_packages(path) discover
[3.777s] Level 1:colcon.colcon_core.package_discovery:discover_packages(path) using defaults
[4.154s] INFO:colcon.colcon_core.package_selection:Skipping not selected package 'aggregator' in 'src/aggregator'
[4.155s] INFO:colcon.colcon_core.package_selection:Skipping not selected package 'autopilot' in 'src/autopilot'
[4.155s] INFO:colcon.colcon_core.package_selection:Skipping not selected package 'msg_interfaces' in 'src/msg_interfaces'
[4.156s] INFO:colcon.colcon_core.package_selection:Skipping not selected package 'saver' in 'src/saver'
[4.156s] INFO:colcon.colcon_core.package_selection:Skipping not selected package 'sensor_current' in 'src/sensor_current'
[4.156s] INFO:colcon.colcon_core.package_selection:Skipping not selected package 'sensor_depth' in 'src/sensor_depth'
[4.157s] INFO:colcon.colcon_core.package_selection:Skipping not selected package 'sensor_imu_mag' in 'src/sensor_imu_mag'
[4.157s] INFO:colcon.colcon_core.package_selection:Skipping not selected package 'sensor_thermometer' in 'src/sensor_thermometer'
[4.157s] INFO:colcon.colcon_core.package_selection:Skipping not selected package 'system_launcher' in 'src/system_launcher'
[4.158s] INFO:colcon.colcon_core.package_selection:Skipping not selected package 'telemetry' in 'src/telemetry'
[4.158s] INFO:colcon.colcon_core.package_selection:Skipping not selected package 'thruster_driver' in 'src/thruster_driver'
[4.158s] INFO:colcon.colcon_core.package_selection:Skipping not selected package 'sensor_ph' in 'src/sensor_ph'
[4.159s] INFO:colcon.colcon_core.package_selection:Skipping not selected package 'sensor_tds' in 'src/sensor_tds'
[4.159s] INFO:colcon.colcon_core.package_selection:Skipping not selected package 'sensor_turbidity' in 'src/sensor_turbidity'
[4.159s] INFO:colcon.colcon_core.package_selection:Skipping not selected package 'sensor_voltage' in 'src/sensor_voltage'
[4.165s] Level 1:colcon.colcon_core.package_discovery:discover_packages(prefix_path) check parameters
[4.166s] Level 1:colcon.colcon_core.package_discovery:discover_packages(prefix_path) discover
[4.212s] DEBUG:colcon.colcon_installed_package_information.package_discovery:Found 16 installed packages in /home/foka/ros2_humble2/install
[4.220s] DEBUG:colcon.colcon_installed_package_information.package_discovery:Found 181 installed packages in /opt/ros/humble
[4.224s] Level 1:colcon.colcon_core.package_discovery:discover_packages(prefix_path) using defaults
[4.355s] Level 5:colcon.colcon_core.verb:set package 'sensor_gps' build argument 'cmake_args' from command line to 'None'
[4.355s] Level 5:colcon.colcon_core.verb:set package 'sensor_gps' build argument 'cmake_target' from command line to 'None'
[4.356s] Level 5:colcon.colcon_core.verb:set package 'sensor_gps' build argument 'cmake_target_skip_unavailable' from command line to 'False'
[4.356s] Level 5:colcon.colcon_core.verb:set package 'sensor_gps' build argument 'cmake_clean_cache' from command line to 'False'
[4.356s] Level 5:colcon.colcon_core.verb:set package 'sensor_gps' build argument 'cmake_clean_first' from command line to 'False'
[4.356s] Level 5:colcon.colcon_core.verb:set package 'sensor_gps' build argument 'cmake_force_configure' from command line to 'False'
[4.356s] Level 5:colcon.colcon_core.verb:set package 'sensor_gps' build argument 'ament_cmake_args' from command line to 'None'
[4.356s] Level 5:colcon.colcon_core.verb:set package 'sensor_gps' build argument 'catkin_cmake_args' from command line to 'None'
[4.356s] Level 5:colcon.colcon_core.verb:set package 'sensor_gps' build argument 'catkin_skip_building_tests' from command line to 'False'
[4.356s] DEBUG:colcon.colcon_core.verb:Building package 'sensor_gps' with the following arguments: {'ament_cmake_args': None, 'build_base': '/home/foka/ros2_humble2/build/sensor_gps', 'catkin_cmake_args': None, 'catkin_skip_building_tests': False, 'cmake_args': None, 'cmake_clean_cache': False, 'cmake_clean_first': False, 'cmake_force_configure': False, 'cmake_target': None, 'cmake_target_skip_unavailable': False, 'install_base': '/home/foka/ros2_humble2/install/sensor_gps', 'merge_install': False, 'path': '/home/foka/ros2_humble2/src/sensor_gps', 'symlink_install': False, 'test_result_base': None}
[4.357s] INFO:colcon.colcon_core.executor:Executing jobs using 'parallel' executor
[4.360s] DEBUG:colcon.colcon_parallel_executor.executor.parallel:run_until_complete
[4.361s] INFO:colcon.colcon_ros.task.ament_python.build:Building ROS package in '/home/foka/ros2_humble2/src/sensor_gps' with build type 'ament_python'
[4.362s] Level 1:colcon.colcon_core.shell:create_environment_hook('sensor_gps', 'ament_prefix_path')
[4.395s] INFO:colcon.colcon_core.plugin_system:Skipping extension 'colcon_core.shell.bat': Not used on non-Windows systems
[4.397s] INFO:colcon.colcon_core.shell:Creating environment hook '/home/foka/ros2_humble2/install/sensor_gps/share/sensor_gps/hook/ament_prefix_path.ps1'
[4.406s] INFO:colcon.colcon_core.shell:Creating environment descriptor '/home/foka/ros2_humble2/install/sensor_gps/share/sensor_gps/hook/ament_prefix_path.dsv'
[4.414s] INFO:colcon.colcon_core.shell:Creating environment hook '/home/foka/ros2_humble2/install/sensor_gps/share/sensor_gps/hook/ament_prefix_path.sh'
[4.424s] INFO:colcon.colcon_core.shell:Skip shell extension 'powershell' for command environment: Not usable outside of PowerShell
[4.425s] DEBUG:colcon.colcon_core.shell:Skip shell extension 'dsv' for command environment
[7.978s] INFO:colcon.colcon_core.task.python.build:Building Python package in '/home/foka/ros2_humble2/src/sensor_gps'
[7.980s] INFO:colcon.colcon_core.shell:Skip shell extension 'powershell' for command environment: Not usable outside of PowerShell
[7.981s] DEBUG:colcon.colcon_core.shell:Skip shell extension 'dsv' for command environment
[13.026s] DEBUG:colcon.colcon_core.event_handler.log_command:Invoking command in '/home/foka/ros2_humble2/src/sensor_gps': PYTHONPATH=/home/foka/ros2_humble2/build/sensor_gps/prefix_override:/usr/lib/python3/dist-packages/colcon_core/task/python/colcon_distutils_commands:/home/foka/ros2_humble2/install/sensor_gps/lib/python3.10/site-packages:${PYTHONPATH} /usr/bin/python3 -W ignore:setup.py install is deprecated -W ignore:easy_install command is deprecated setup.py egg_info --egg-base ../../build/sensor_gps build --build-base /home/foka/ros2_humble2/build/sensor_gps/build install --record /home/foka/ros2_humble2/build/sensor_gps/install.log --single-version-externally-managed install_data
[16.989s] DEBUG:colcon.colcon_core.event_handler.log_command:Invoked command in '/home/foka/ros2_humble2/src/sensor_gps' returned '0': PYTHONPATH=/home/foka/ros2_humble2/build/sensor_gps/prefix_override:/usr/lib/python3/dist-packages/colcon_core/task/python/colcon_distutils_commands:/home/foka/ros2_humble2/install/sensor_gps/lib/python3.10/site-packages:${PYTHONPATH} /usr/bin/python3 -W ignore:setup.py install is deprecated -W ignore:easy_install command is deprecated setup.py egg_info --egg-base ../../build/sensor_gps build --build-base /home/foka/ros2_humble2/build/sensor_gps/build install --record /home/foka/ros2_humble2/build/sensor_gps/install.log --single-version-externally-managed install_data
[17.042s] Level 1:colcon.colcon_core.environment:checking '/home/foka/ros2_humble2/install/sensor_gps' for CMake module files
[17.049s] Level 1:colcon.colcon_core.environment:checking '/home/foka/ros2_humble2/install/sensor_gps' for CMake config files
[17.062s] Level 1:colcon.colcon_core.environment:checking '/home/foka/ros2_humble2/install/sensor_gps/lib'
[17.065s] Level 1:colcon.colcon_core.environment:checking '/home/foka/ros2_humble2/install/sensor_gps/bin'
[17.066s] Level 1:colcon.colcon_core.environment:checking '/home/foka/ros2_humble2/install/sensor_gps/lib/pkgconfig/sensor_gps.pc'
[17.069s] Level 1:colcon.colcon_core.environment:checking '/home/foka/ros2_humble2/install/sensor_gps/lib/python3.10/site-packages'
[17.070s] Level 1:colcon.colcon_core.shell:create_environment_hook('sensor_gps', 'pythonpath')
[17.073s] INFO:colcon.colcon_core.shell:Creating environment hook '/home/foka/ros2_humble2/install/sensor_gps/share/sensor_gps/hook/pythonpath.ps1'
[17.078s] INFO:colcon.colcon_core.shell:Creating environment descriptor '/home/foka/ros2_humble2/install/sensor_gps/share/sensor_gps/hook/pythonpath.dsv'
[17.083s] INFO:colcon.colcon_core.shell:Creating environment hook '/home/foka/ros2_humble2/install/sensor_gps/share/sensor_gps/hook/pythonpath.sh'
[17.091s] Level 1:colcon.colcon_core.environment:checking '/home/foka/ros2_humble2/install/sensor_gps/bin'
[17.092s] Level 1:colcon.colcon_core.environment:create_environment_scripts_only(sensor_gps)
[17.095s] INFO:colcon.colcon_core.shell:Creating package script '/home/foka/ros2_humble2/install/sensor_gps/share/sensor_gps/package.ps1'
[17.106s] INFO:colcon.colcon_core.shell:Creating package descriptor '/home/foka/ros2_humble2/install/sensor_gps/share/sensor_gps/package.dsv'
[17.115s] INFO:colcon.colcon_core.shell:Creating package script '/home/foka/ros2_humble2/install/sensor_gps/share/sensor_gps/package.sh'
[17.125s] INFO:colcon.colcon_core.shell:Creating package script '/home/foka/ros2_humble2/install/sensor_gps/share/sensor_gps/package.bash'
[17.136s] INFO:colcon.colcon_core.shell:Creating package script '/home/foka/ros2_humble2/install/sensor_gps/share/sensor_gps/package.zsh'
[17.147s] Level 1:colcon.colcon_core.environment:create_file_with_runtime_dependencies(/home/foka/ros2_humble2/install/sensor_gps/share/colcon-core/packages/sensor_gps)
[17.150s] DEBUG:colcon.colcon_parallel_executor.executor.parallel:closing loop
[17.153s] DEBUG:colcon.colcon_parallel_executor.executor.parallel:loop closed
[17.155s] DEBUG:colcon.colcon_parallel_executor.executor.parallel:run_until_complete finished with '0'
[17.155s] DEBUG:colcon.colcon_core.event_reactor:joining thread
[17.214s] INFO:colcon.colcon_core.plugin_system:Skipping extension 'colcon_notification.desktop_notification.notify_send': Could not find 'notify-send'
[17.214s] INFO:colcon.colcon_core.plugin_system:Skipping extension 'colcon_notification.desktop_notification.terminal_notifier': Not used on non-Darwin systems
[17.215s] INFO:colcon.colcon_core.plugin_system:Skipping extension 'colcon_notification.desktop_notification.win32': Not used on non-Windows systems
[17.215s] INFO:colcon.colcon_notification.desktop_notification:Sending desktop notification using 'notify2'
[17.271s] DEBUG:colcon.colcon_notification.desktop_notification.notify2:Failed to initialize notify2: org.freedesktop.DBus.Error.ServiceUnknown: The name org.freedesktop.Notifications was not provided by any .service files
[17.273s] DEBUG:colcon.colcon_core.event_reactor:joined thread
[17.276s] INFO:colcon.colcon_core.shell:Creating prefix script '/home/foka/ros2_humble2/install/local_setup.ps1'
[17.296s] INFO:colcon.colcon_core.shell:Creating prefix util module '/home/foka/ros2_humble2/install/_local_setup_util_ps1.py'
[17.320s] INFO:colcon.colcon_core.shell:Creating prefix chain script '/home/foka/ros2_humble2/install/setup.ps1'
[17.361s] INFO:colcon.colcon_core.shell:Creating prefix script '/home/foka/ros2_humble2/install/local_setup.sh'
[17.372s] INFO:colcon.colcon_core.shell:Creating prefix util module '/home/foka/ros2_humble2/install/_local_setup_util_sh.py'
[17.381s] INFO:colcon.colcon_core.shell:Creating prefix chain script '/home/foka/ros2_humble2/install/setup.sh'
[17.406s] INFO:colcon.colcon_core.shell:Creating prefix script '/home/foka/ros2_humble2/install/local_setup.bash'
[17.413s] INFO:colcon.colcon_core.shell:Creating prefix chain script '/home/foka/ros2_humble2/install/setup.bash'
[17.437s] INFO:colcon.colcon_core.shell:Creating prefix script '/home/foka/ros2_humble2/install/local_setup.zsh'
[17.444s] INFO:colcon.colcon_core.shell:Creating prefix chain script '/home/foka/ros2_humble2/install/setup.zsh'
