running egg_info
writing ../../build/sensor_gps/sensor_gps.egg-info/PKG-INFO
writing dependency_links to ../../build/sensor_gps/sensor_gps.egg-info/dependency_links.txt
writing entry points to ../../build/sensor_gps/sensor_gps.egg-info/entry_points.txt
writing requirements to ../../build/sensor_gps/sensor_gps.egg-info/requires.txt
writing top-level names to ../../build/sensor_gps/sensor_gps.egg-info/top_level.txt
reading manifest file '../../build/sensor_gps/sensor_gps.egg-info/SOURCES.txt'
writing manifest file '../../build/sensor_gps/sensor_gps.egg-info/SOURCES.txt'
running build
running build_py
running install
running install_lib
byte-compiling /home/foka/ros2_humble2/install/sensor_gps/lib/python3.10/site-packages/sensor_gps/config.py to config.cpython-310.pyc
running install_data
running install_egg_info
removing '/home/foka/ros2_humble2/install/sensor_gps/lib/python3.10/site-packages/sensor_gps-0.0.0-py3.10.egg-info' (and everything under it)
Copying ../../build/sensor_gps/sensor_gps.egg-info to /home/foka/ros2_humble2/install/sensor_gps/lib/python3.10/site-packages/sensor_gps-0.0.0-py3.10.egg-info
running install_scripts
Installing sensor_gps script to /home/foka/ros2_humble2/install/sensor_gps/lib/sensor_gps
writing list of installed files to '/home/foka/ros2_humble2/build/sensor_gps/install.log'
