[3.185s] Invoking command in '/home/foka/ros2_humble2/build/sensor_voltage': AMENT_PREFIX_PATH=/home/foka/ros2_humble2/install/system_launcher:/home/foka/ros2_humble2/install/sensor_tds:/home/foka/ros2_humble2/install/telemetry:/home/foka/ros2_humble2/install/sensor_ph:/home/foka/ros2_humble2/install/sensor_thermometer:/home/foka/ros2_humble2/install/saver:/home/foka/ros2_humble2/install/py_talker:/home/foka/ros2_humble2/install/msg_interfaces:/home/foka/ros2_humble2/install/aggregator:/opt/ros/humble PYTHONPATH=/home/foka/ros2_humble2/build/sensor_voltage/prefix_override:/usr/lib/python3/dist-packages/colcon_core/task/python/colcon_distutils_commands:/home/foka/ros2_humble2/install/sensor_voltage/lib/python3.10/site-packages:/home/foka/ros2_humble2/build/system_launcher:/home/foka/ros2_humble2/install/system_launcher/lib/python3.10/site-packages:/home/foka/ros2_humble2/build/telemetry:/home/foka/ros2_humble2/build/sensor_ph:/home/foka/ros2_humble2/build/sensor_thermometer:/home/foka/ros2_humble2/build/saver:/home/foka/ros2_humble2/build/aggregator:/home/foka/ros2_humble2/build/sensor_tds:/home/foka/ros2_humble2/install/sensor_tds/lib/python3.10/site-packages:/home/foka/ros2_humble2/install/telemetry/lib/python3.10/site-packages:/home/foka/ros2_humble2/install/sensor_ph/lib/python3.10/site-packages:/home/foka/ros2_humble2/install/sensor_thermometer/lib/python3.10/site-packages:/home/foka/ros2_humble2/install/saver/lib/python3.10/site-packages:/home/foka/ros2_humble2/install/py_talker/lib/python3.10/site-packages:/home/foka/ros2_humble2/install/msg_interfaces/local/lib/python3.10/dist-packages:/home/foka/ros2_humble2/install/aggregator/lib/python3.10/site-packages:/opt/ros/humble/lib/python3.10/site-packages:/opt/ros/humble/local/lib/python3.10/dist-packages /usr/bin/python3 -W ignore:setup.py install is deprecated -W ignore:easy_install command is deprecated setup.py develop --editable --build-directory /home/foka/ros2_humble2/build/sensor_voltage/build --no-deps symlink_data
[4.482s] running develop
[5.264s] running egg_info
[5.264s] creating sensor_voltage.egg-info
[5.265s] writing sensor_voltage.egg-info/PKG-INFO
[5.266s] writing dependency_links to sensor_voltage.egg-info/dependency_links.txt
[5.267s] writing entry points to sensor_voltage.egg-info/entry_points.txt
[5.267s] writing requirements to sensor_voltage.egg-info/requires.txt
[5.268s] writing top-level names to sensor_voltage.egg-info/top_level.txt
[5.269s] writing manifest file 'sensor_voltage.egg-info/SOURCES.txt'
[5.275s] reading manifest file 'sensor_voltage.egg-info/SOURCES.txt'
[5.277s] writing manifest file 'sensor_voltage.egg-info/SOURCES.txt'
[5.285s] running build_ext
[5.285s] Creating /home/foka/ros2_humble2/install/sensor_voltage/lib/python3.10/site-packages/sensor-voltage.egg-link (link to .)
[5.289s] Installing sensor_voltage script to /home/foka/ros2_humble2/install/sensor_voltage/lib/sensor_voltage
[5.290s] 
[5.291s] Installed /home/foka/ros2_humble2/build/sensor_voltage
[5.291s] running symlink_data
[5.292s] creating /home/foka/ros2_humble2/install/sensor_voltage/share/ament_index
[5.292s] creating /home/foka/ros2_humble2/install/sensor_voltage/share/ament_index/resource_index
[5.293s] creating /home/foka/ros2_humble2/install/sensor_voltage/share/ament_index/resource_index/packages
[5.294s] symbolically linking /home/foka/ros2_humble2/build/sensor_voltage/resource/sensor_voltage -> /home/foka/ros2_humble2/install/sensor_voltage/share/ament_index/resource_index/packages
[5.295s] symbolically linking /home/foka/ros2_humble2/build/sensor_voltage/package.xml -> /home/foka/ros2_humble2/install/sensor_voltage/share/sensor_voltage
[5.427s] Invoked command in '/home/foka/ros2_humble2/build/sensor_voltage' returned '0': AMENT_PREFIX_PATH=/home/foka/ros2_humble2/install/system_launcher:/home/foka/ros2_humble2/install/sensor_tds:/home/foka/ros2_humble2/install/telemetry:/home/foka/ros2_humble2/install/sensor_ph:/home/foka/ros2_humble2/install/sensor_thermometer:/home/foka/ros2_humble2/install/saver:/home/foka/ros2_humble2/install/py_talker:/home/foka/ros2_humble2/install/msg_interfaces:/home/foka/ros2_humble2/install/aggregator:/opt/ros/humble PYTHONPATH=/home/foka/ros2_humble2/build/sensor_voltage/prefix_override:/usr/lib/python3/dist-packages/colcon_core/task/python/colcon_distutils_commands:/home/foka/ros2_humble2/install/sensor_voltage/lib/python3.10/site-packages:/home/foka/ros2_humble2/build/system_launcher:/home/foka/ros2_humble2/install/system_launcher/lib/python3.10/site-packages:/home/foka/ros2_humble2/build/telemetry:/home/foka/ros2_humble2/build/sensor_ph:/home/foka/ros2_humble2/build/sensor_thermometer:/home/foka/ros2_humble2/build/saver:/home/foka/ros2_humble2/build/aggregator:/home/foka/ros2_humble2/build/sensor_tds:/home/foka/ros2_humble2/install/sensor_tds/lib/python3.10/site-packages:/home/foka/ros2_humble2/install/telemetry/lib/python3.10/site-packages:/home/foka/ros2_humble2/install/sensor_ph/lib/python3.10/site-packages:/home/foka/ros2_humble2/install/sensor_thermometer/lib/python3.10/site-packages:/home/foka/ros2_humble2/install/saver/lib/python3.10/site-packages:/home/foka/ros2_humble2/install/py_talker/lib/python3.10/site-packages:/home/foka/ros2_humble2/install/msg_interfaces/local/lib/python3.10/dist-packages:/home/foka/ros2_humble2/install/aggregator/lib/python3.10/site-packages:/opt/ros/humble/lib/python3.10/site-packages:/opt/ros/humble/local/lib/python3.10/dist-packages /usr/bin/python3 -W ignore:setup.py install is deprecated -W ignore:easy_install command is deprecated setup.py develop --editable --build-directory /home/foka/ros2_humble2/build/sensor_voltage/build --no-deps symlink_data
