/home/foka/ros2_humble2/install/sensor_gps/lib/python3.10/site-packages/sensor_gps/__init__.py
/home/foka/ros2_humble2/install/sensor_gps/lib/python3.10/site-packages/sensor_gps/sensor_gps_driver.py
/home/foka/ros2_humble2/install/sensor_gps/lib/python3.10/site-packages/sensor_gps/L76X.py
/home/foka/ros2_humble2/install/sensor_gps/lib/python3.10/site-packages/sensor_gps/main.py
/home/foka/ros2_humble2/install/sensor_gps/lib/python3.10/site-packages/sensor_gps/config.py
/home/foka/ros2_humble2/install/sensor_gps/lib/python3.10/site-packages/sensor_gps/sensor_gps.py
/home/foka/ros2_humble2/install/sensor_gps/lib/python3.10/site-packages/sensor_gps/__pycache__/__init__.cpython-310.pyc
/home/foka/ros2_humble2/install/sensor_gps/lib/python3.10/site-packages/sensor_gps/__pycache__/sensor_gps_driver.cpython-310.pyc
/home/foka/ros2_humble2/install/sensor_gps/lib/python3.10/site-packages/sensor_gps/__pycache__/L76X.cpython-310.pyc
/home/foka/ros2_humble2/install/sensor_gps/lib/python3.10/site-packages/sensor_gps/__pycache__/main.cpython-310.pyc
/home/foka/ros2_humble2/install/sensor_gps/lib/python3.10/site-packages/sensor_gps/__pycache__/config.cpython-310.pyc
/home/foka/ros2_humble2/install/sensor_gps/lib/python3.10/site-packages/sensor_gps/__pycache__/sensor_gps.cpython-310.pyc
/home/foka/ros2_humble2/install/sensor_gps/share/ament_index/resource_index/packages/sensor_gps
/home/foka/ros2_humble2/install/sensor_gps/share/sensor_gps/package.xml
/home/foka/ros2_humble2/install/sensor_gps/lib/python3.10/site-packages/sensor_gps-0.0.0-py3.10.egg-info/PKG-INFO
/home/foka/ros2_humble2/install/sensor_gps/lib/python3.10/site-packages/sensor_gps-0.0.0-py3.10.egg-info/top_level.txt
/home/foka/ros2_humble2/install/sensor_gps/lib/python3.10/site-packages/sensor_gps-0.0.0-py3.10.egg-info/SOURCES.txt
/home/foka/ros2_humble2/install/sensor_gps/lib/python3.10/site-packages/sensor_gps-0.0.0-py3.10.egg-info/entry_points.txt
/home/foka/ros2_humble2/install/sensor_gps/lib/python3.10/site-packages/sensor_gps-0.0.0-py3.10.egg-info/requires.txt
/home/foka/ros2_humble2/install/sensor_gps/lib/python3.10/site-packages/sensor_gps-0.0.0-py3.10.egg-info/dependency_links.txt
/home/foka/ros2_humble2/install/sensor_gps/lib/python3.10/site-packages/sensor_gps-0.0.0-py3.10.egg-info/zip-safe
/home/foka/ros2_humble2/install/sensor_gps/lib/sensor_gps/sensor_gps
