[2.929s] Invoking command in '/home/foka/ros2_humble2/src/sensor_ph': PYTHONPATH=/home/foka/ros2_humble2/build/sensor_ph/prefix_override:/usr/lib/python3/dist-packages/colcon_core/task/python/colcon_distutils_commands:/home/foka/ros2_humble2/install/sensor_ph/lib/python3.10/site-packages:${PYTHONPATH} /usr/bin/python3 -W ignore:setup.py install is deprecated -W ignore:easy_install command is deprecated setup.py egg_info --egg-base ../../build/sensor_ph build --build-base /home/foka/ros2_humble2/build/sensor_ph/build install --record /home/foka/ros2_humble2/build/sensor_ph/install.log --single-version-externally-managed install_data
[4.031s] running egg_info
[4.033s] creating ../../build/sensor_ph/sensor_ph.egg-info
[4.034s] writing ../../build/sensor_ph/sensor_ph.egg-info/PKG-INFO
[4.035s] writing dependency_links to ../../build/sensor_ph/sensor_ph.egg-info/dependency_links.txt
[4.035s] writing entry points to ../../build/sensor_ph/sensor_ph.egg-info/entry_points.txt
[4.036s] writing requirements to ../../build/sensor_ph/sensor_ph.egg-info/requires.txt
[4.036s] writing top-level names to ../../build/sensor_ph/sensor_ph.egg-info/top_level.txt
[4.037s] writing manifest file '../../build/sensor_ph/sensor_ph.egg-info/SOURCES.txt'
[4.045s] reading manifest file '../../build/sensor_ph/sensor_ph.egg-info/SOURCES.txt'
[4.047s] writing manifest file '../../build/sensor_ph/sensor_ph.egg-info/SOURCES.txt'
[4.048s] running build
[4.049s] running build_py
[4.049s] creating /home/foka/ros2_humble2/build/sensor_ph/build
[4.050s] creating /home/foka/ros2_humble2/build/sensor_ph/build/lib
[4.051s] creating /home/foka/ros2_humble2/build/sensor_ph/build/lib/sensor_ph
[4.051s] copying sensor_ph/__init__.py -> /home/foka/ros2_humble2/build/sensor_ph/build/lib/sensor_ph
[4.052s] copying sensor_ph/sensor_ph.py -> /home/foka/ros2_humble2/build/sensor_ph/build/lib/sensor_ph
[4.053s] running install
[4.053s] running install_lib
[4.056s] creating /home/foka/ros2_humble2/install/sensor_ph/lib/python3.10/site-packages/sensor_ph
[4.057s] copying /home/foka/ros2_humble2/build/sensor_ph/build/lib/sensor_ph/__init__.py -> /home/foka/ros2_humble2/install/sensor_ph/lib/python3.10/site-packages/sensor_ph
[4.057s] copying /home/foka/ros2_humble2/build/sensor_ph/build/lib/sensor_ph/sensor_ph.py -> /home/foka/ros2_humble2/install/sensor_ph/lib/python3.10/site-packages/sensor_ph
[4.060s] byte-compiling /home/foka/ros2_humble2/install/sensor_ph/lib/python3.10/site-packages/sensor_ph/__init__.py to __init__.cpython-310.pyc
[4.061s] byte-compiling /home/foka/ros2_humble2/install/sensor_ph/lib/python3.10/site-packages/sensor_ph/sensor_ph.py to sensor_ph.cpython-310.pyc
[4.063s] running install_data
[4.064s] creating /home/foka/ros2_humble2/install/sensor_ph/share/ament_index
[4.064s] creating /home/foka/ros2_humble2/install/sensor_ph/share/ament_index/resource_index
[4.065s] creating /home/foka/ros2_humble2/install/sensor_ph/share/ament_index/resource_index/packages
[4.065s] copying resource/sensor_ph -> /home/foka/ros2_humble2/install/sensor_ph/share/ament_index/resource_index/packages
[4.066s] copying package.xml -> /home/foka/ros2_humble2/install/sensor_ph/share/sensor_ph
[4.066s] running install_egg_info
[4.073s] Copying ../../build/sensor_ph/sensor_ph.egg-info to /home/foka/ros2_humble2/install/sensor_ph/lib/python3.10/site-packages/sensor_ph-0.0.0-py3.10.egg-info
[4.078s] running install_scripts
[4.158s] Installing sensor_ph script to /home/foka/ros2_humble2/install/sensor_ph/lib/sensor_ph
[4.160s] writing list of installed files to '/home/foka/ros2_humble2/build/sensor_ph/install.log'
[4.274s] Invoked command in '/home/foka/ros2_humble2/src/sensor_ph' returned '0': PYTHONPATH=/home/foka/ros2_humble2/build/sensor_ph/prefix_override:/usr/lib/python3/dist-packages/colcon_core/task/python/colcon_distutils_commands:/home/foka/ros2_humble2/install/sensor_ph/lib/python3.10/site-packages:${PYTHONPATH} /usr/bin/python3 -W ignore:setup.py install is deprecated -W ignore:easy_install command is deprecated setup.py egg_info --egg-base ../../build/sensor_ph build --build-base /home/foka/ros2_humble2/build/sensor_ph/build install --record /home/foka/ros2_humble2/build/sensor_ph/install.log --single-version-externally-managed install_data
