[3.302s] Invoking command in '/home/foka/ros2_humble2/src/sensor_depth': PYTHONPATH=/home/foka/ros2_humble2/build/sensor_depth/prefix_override:/usr/lib/python3/dist-packages/colcon_core/task/python/colcon_distutils_commands:/home/foka/ros2_humble2/install/sensor_depth/lib/python3.10/site-packages:${PYTHONPATH} /usr/bin/python3 -W ignore:setup.py install is deprecated -W ignore:easy_install command is deprecated setup.py egg_info --egg-base ../../build/sensor_depth build --build-base /home/foka/ros2_humble2/build/sensor_depth/build install --record /home/foka/ros2_humble2/build/sensor_depth/install.log --single-version-externally-managed install_data
[4.532s] running egg_info
[4.535s] writing ../../build/sensor_depth/sensor_depth.egg-info/PKG-INFO
[4.536s] writing dependency_links to ../../build/sensor_depth/sensor_depth.egg-info/dependency_links.txt
[4.537s] writing entry points to ../../build/sensor_depth/sensor_depth.egg-info/entry_points.txt
[4.538s] writing requirements to ../../build/sensor_depth/sensor_depth.egg-info/requires.txt
[4.539s] writing top-level names to ../../build/sensor_depth/sensor_depth.egg-info/top_level.txt
[4.547s] reading manifest file '../../build/sensor_depth/sensor_depth.egg-info/SOURCES.txt'
[4.551s] writing manifest file '../../build/sensor_depth/sensor_depth.egg-info/SOURCES.txt'
[4.552s] running build
[4.552s] running build_py
[4.554s] running install
[4.555s] running install_lib
[4.561s] running install_data
[4.562s] running install_egg_info
[4.570s] removing '/home/foka/ros2_humble2/install/sensor_depth/lib/python3.10/site-packages/sensor_depth-0.0.0-py3.10.egg-info' (and everything under it)
[4.571s] Copying ../../build/sensor_depth/sensor_depth.egg-info to /home/foka/ros2_humble2/install/sensor_depth/lib/python3.10/site-packages/sensor_depth-0.0.0-py3.10.egg-info
[4.576s] running install_scripts
[4.665s] Installing sensor_ph script to /home/foka/ros2_humble2/install/sensor_depth/lib/sensor_depth
[4.667s] writing list of installed files to '/home/foka/ros2_humble2/build/sensor_depth/install.log'
[4.784s] Invoked command in '/home/foka/ros2_humble2/src/sensor_depth' returned '0': PYTHONPATH=/home/foka/ros2_humble2/build/sensor_depth/prefix_override:/usr/lib/python3/dist-packages/colcon_core/task/python/colcon_distutils_commands:/home/foka/ros2_humble2/install/sensor_depth/lib/python3.10/site-packages:${PYTHONPATH} /usr/bin/python3 -W ignore:setup.py install is deprecated -W ignore:easy_install command is deprecated setup.py egg_info --egg-base ../../build/sensor_depth build --build-base /home/foka/ros2_humble2/build/sensor_depth/build install --record /home/foka/ros2_humble2/build/sensor_depth/install.log --single-version-externally-managed install_data
