[2.966s] Invoking command in '/home/foka/ros2_humble2/src/aggregator': PYTHONPATH=/home/foka/ros2_humble2/build/aggregator/prefix_override:/usr/lib/python3/dist-packages/colcon_core/task/python/colcon_distutils_commands:/home/foka/ros2_humble2/install/aggregator/lib/python3.10/site-packages:${PYTHONPATH} /usr/bin/python3 -W ignore:setup.py install is deprecated -W ignore:easy_install command is deprecated setup.py egg_info --egg-base ../../build/aggregator build --build-base /home/foka/ros2_humble2/build/aggregator/build install --record /home/foka/ros2_humble2/build/aggregator/install.log --single-version-externally-managed install_data
[4.065s] running egg_info
[4.067s] creating ../../build/aggregator/aggregator.egg-info
[4.068s] writing ../../build/aggregator/aggregator.egg-info/PKG-INFO
[4.069s] writing dependency_links to ../../build/aggregator/aggregator.egg-info/dependency_links.txt
[4.069s] writing entry points to ../../build/aggregator/aggregator.egg-info/entry_points.txt
[4.070s] writing requirements to ../../build/aggregator/aggregator.egg-info/requires.txt
[4.071s] writing top-level names to ../../build/aggregator/aggregator.egg-info/top_level.txt
[4.072s] writing manifest file '../../build/aggregator/aggregator.egg-info/SOURCES.txt'
[4.079s] reading manifest file '../../build/aggregator/aggregator.egg-info/SOURCES.txt'
[4.082s] writing manifest file '../../build/aggregator/aggregator.egg-info/SOURCES.txt'
[4.083s] running build
[4.083s] running build_py
[4.084s] creating /home/foka/ros2_humble2/build/aggregator/build
[4.084s] creating /home/foka/ros2_humble2/build/aggregator/build/lib
[4.085s] creating /home/foka/ros2_humble2/build/aggregator/build/lib/aggregator
[4.085s] copying aggregator/__init__.py -> /home/foka/ros2_humble2/build/aggregator/build/lib/aggregator
[4.086s] copying aggregator/aggregator.py -> /home/foka/ros2_humble2/build/aggregator/build/lib/aggregator
[4.086s] running install
[4.088s] running install_lib
[4.090s] creating /home/foka/ros2_humble2/install/aggregator/lib/python3.10/site-packages/aggregator
[4.091s] copying /home/foka/ros2_humble2/build/aggregator/build/lib/aggregator/__init__.py -> /home/foka/ros2_humble2/install/aggregator/lib/python3.10/site-packages/aggregator
[4.092s] copying /home/foka/ros2_humble2/build/aggregator/build/lib/aggregator/aggregator.py -> /home/foka/ros2_humble2/install/aggregator/lib/python3.10/site-packages/aggregator
[4.094s] byte-compiling /home/foka/ros2_humble2/install/aggregator/lib/python3.10/site-packages/aggregator/__init__.py to __init__.cpython-310.pyc
[4.096s] byte-compiling /home/foka/ros2_humble2/install/aggregator/lib/python3.10/site-packages/aggregator/aggregator.py to aggregator.cpython-310.pyc
[4.098s] running install_data
[4.099s] creating /home/foka/ros2_humble2/install/aggregator/share/ament_index
[4.099s] creating /home/foka/ros2_humble2/install/aggregator/share/ament_index/resource_index
[4.100s] creating /home/foka/ros2_humble2/install/aggregator/share/ament_index/resource_index/packages
[4.100s] copying resource/aggregator -> /home/foka/ros2_humble2/install/aggregator/share/ament_index/resource_index/packages
[4.101s] copying package.xml -> /home/foka/ros2_humble2/install/aggregator/share/aggregator
[4.101s] running install_egg_info
[4.108s] Copying ../../build/aggregator/aggregator.egg-info to /home/foka/ros2_humble2/install/aggregator/lib/python3.10/site-packages/aggregator-0.0.0-py3.10.egg-info
[4.113s] running install_scripts
[4.196s] Installing aggregator script to /home/foka/ros2_humble2/install/aggregator/lib/aggregator
[4.197s] writing list of installed files to '/home/foka/ros2_humble2/build/aggregator/install.log'
[4.318s] Invoked command in '/home/foka/ros2_humble2/src/aggregator' returned '0': PYTHONPATH=/home/foka/ros2_humble2/build/aggregator/prefix_override:/usr/lib/python3/dist-packages/colcon_core/task/python/colcon_distutils_commands:/home/foka/ros2_humble2/install/aggregator/lib/python3.10/site-packages:${PYTHONPATH} /usr/bin/python3 -W ignore:setup.py install is deprecated -W ignore:easy_install command is deprecated setup.py egg_info --egg-base ../../build/aggregator build --build-base /home/foka/ros2_humble2/build/aggregator/build install --record /home/foka/ros2_humble2/build/aggregator/install.log --single-version-externally-managed install_data
