[4.169s] Invoking command in '/home/foka/ros2_humble2/src/aggregator': PYTHONPATH=/home/foka/ros2_humble2/build/aggregator/prefix_override:/usr/lib/python3/dist-packages/colcon_core/task/python/colcon_distutils_commands:/home/foka/ros2_humble2/install/aggregator/lib/python3.10/site-packages:${PYTHONPATH} /usr/bin/python3 -W ignore:setup.py install is deprecated -W ignore:easy_install command is deprecated setup.py egg_info --egg-base ../../build/aggregator build --build-base /home/foka/ros2_humble2/build/aggregator/build install --record /home/foka/ros2_humble2/build/aggregator/install.log --single-version-externally-managed install_data
[6.586s] running egg_info
[6.589s] writing ../../build/aggregator/aggregator.egg-info/PKG-INFO
[6.593s] writing dependency_links to ../../build/aggregator/aggregator.egg-info/dependency_links.txt
[6.594s] writing entry points to ../../build/aggregator/aggregator.egg-info/entry_points.txt
[6.597s] writing requirements to ../../build/aggregator/aggregator.egg-info/requires.txt
[6.597s] writing top-level names to ../../build/aggregator/aggregator.egg-info/top_level.txt
[6.606s] reading manifest file '../../build/aggregator/aggregator.egg-info/SOURCES.txt'
[6.617s] writing manifest file '../../build/aggregator/aggregator.egg-info/SOURCES.txt'
[6.619s] running build
[6.619s] running build_py
[6.620s] copying aggregator/aggregator.py -> /home/foka/ros2_humble2/build/aggregator/build/lib/aggregator
[6.621s] running install
[6.621s] running install_lib
[6.630s] copying /home/foka/ros2_humble2/build/aggregator/build/lib/aggregator/aggregator.py -> /home/foka/ros2_humble2/install/aggregator/lib/python3.10/site-packages/aggregator
[6.633s] byte-compiling /home/foka/ros2_humble2/install/aggregator/lib/python3.10/site-packages/aggregator/aggregator.py to aggregator.cpython-310.pyc
[6.638s] running install_data
[6.638s] running install_egg_info
[6.644s] removing '/home/foka/ros2_humble2/install/aggregator/lib/python3.10/site-packages/aggregator-0.0.0-py3.10.egg-info' (and everything under it)
[6.651s] Copying ../../build/aggregator/aggregator.egg-info to /home/foka/ros2_humble2/install/aggregator/lib/python3.10/site-packages/aggregator-0.0.0-py3.10.egg-info
[6.655s] running install_scripts
[6.831s] Installing aggregator script to /home/foka/ros2_humble2/install/aggregator/lib/aggregator
[6.834s] writing list of installed files to '/home/foka/ros2_humble2/build/aggregator/install.log'
[7.167s] Invoked command in '/home/foka/ros2_humble2/src/aggregator' returned '0': PYTHONPATH=/home/foka/ros2_humble2/build/aggregator/prefix_override:/usr/lib/python3/dist-packages/colcon_core/task/python/colcon_distutils_commands:/home/foka/ros2_humble2/install/aggregator/lib/python3.10/site-packages:${PYTHONPATH} /usr/bin/python3 -W ignore:setup.py install is deprecated -W ignore:easy_install command is deprecated setup.py egg_info --egg-base ../../build/aggregator build --build-base /home/foka/ros2_humble2/build/aggregator/build install --record /home/foka/ros2_humble2/build/aggregator/install.log --single-version-externally-managed install_data
