[8.525s] Invoking command in '/home/foka/ros2_humble2/src/autopilot': PYTHONPATH=/home/foka/ros2_humble2/build/autopilot/prefix_override:/usr/lib/python3/dist-packages/colcon_core/task/python/colcon_distutils_commands:/home/foka/ros2_humble2/install/autopilot/lib/python3.10/site-packages:${PYTHONPATH} /usr/bin/python3 -W ignore:setup.py install is deprecated -W ignore:easy_install command is deprecated setup.py egg_info --egg-base ../../build/autopilot build --build-base /home/foka/ros2_humble2/build/autopilot/build install --record /home/foka/ros2_humble2/build/autopilot/install.log --single-version-externally-managed install_data
[13.197s] running egg_info
[13.204s] writing ../../build/autopilot/autopilot.egg-info/PKG-INFO
[13.207s] writing dependency_links to ../../build/autopilot/autopilot.egg-info/dependency_links.txt
[13.209s] writing entry points to ../../build/autopilot/autopilot.egg-info/entry_points.txt
[13.211s] writing requirements to ../../build/autopilot/autopilot.egg-info/requires.txt
[13.212s] writing top-level names to ../../build/autopilot/autopilot.egg-info/top_level.txt
[13.231s] reading manifest file '../../build/autopilot/autopilot.egg-info/SOURCES.txt'
[13.241s] writing manifest file '../../build/autopilot/autopilot.egg-info/SOURCES.txt'
[13.243s] running build
[13.244s] running build_py
[13.246s] copying autopilot/compass.py -> /home/foka/ros2_humble2/build/autopilot/build/lib/autopilot
[13.251s] running install
[13.254s] running install_lib
[13.262s] copying /home/foka/ros2_humble2/build/autopilot/build/lib/autopilot/compass.py -> /home/foka/ros2_humble2/install/autopilot/lib/python3.10/site-packages/autopilot
[13.272s] byte-compiling /home/foka/ros2_humble2/install/autopilot/lib/python3.10/site-packages/autopilot/compass.py to compass.cpython-310.pyc
[13.282s] running install_data
[13.284s] running install_egg_info
[13.304s] removing '/home/foka/ros2_humble2/install/autopilot/lib/python3.10/site-packages/autopilot-0.0.0-py3.10.egg-info' (and everything under it)
[13.309s] Copying ../../build/autopilot/autopilot.egg-info to /home/foka/ros2_humble2/install/autopilot/lib/python3.10/site-packages/autopilot-0.0.0-py3.10.egg-info
[13.326s] running install_scripts
[13.558s] Installing azimuth script to /home/foka/ros2_humble2/install/autopilot/lib/autopilot
[13.560s] Installing checkpoints script to /home/foka/ros2_humble2/install/autopilot/lib/autopilot
[13.562s] Installing compass script to /home/foka/ros2_humble2/install/autopilot/lib/autopilot
[13.566s] writing list of installed files to '/home/foka/ros2_humble2/build/autopilot/install.log'
[13.783s] Invoked command in '/home/foka/ros2_humble2/src/autopilot' returned '0': PYTHONPATH=/home/foka/ros2_humble2/build/autopilot/prefix_override:/usr/lib/python3/dist-packages/colcon_core/task/python/colcon_distutils_commands:/home/foka/ros2_humble2/install/autopilot/lib/python3.10/site-packages:${PYTHONPATH} /usr/bin/python3 -W ignore:setup.py install is deprecated -W ignore:easy_install command is deprecated setup.py egg_info --egg-base ../../build/autopilot build --build-base /home/foka/ros2_humble2/build/autopilot/build install --record /home/foka/ros2_humble2/build/autopilot/install.log --single-version-externally-managed install_data
