[3.731s] Invoking command in '/home/foka/ros2_humble2/src/system_launcher': PYTHONPATH=/home/foka/ros2_humble2/build/system_launcher/prefix_override:/usr/lib/python3/dist-packages/colcon_core/task/python/colcon_distutils_commands:/home/foka/ros2_humble2/install/system_launcher/lib/python3.10/site-packages:${PYTHONPATH} /usr/bin/python3 -W ignore:setup.py install is deprecated -W ignore:easy_install command is deprecated setup.py egg_info --egg-base ../../build/system_launcher build --build-base /home/foka/ros2_humble2/build/system_launcher/build install --record /home/foka/ros2_humble2/build/system_launcher/install.log --single-version-externally-managed install_data
[5.133s] running egg_info
[5.135s] writing ../../build/system_launcher/system_launcher.egg-info/PKG-INFO
[5.138s] writing dependency_links to ../../build/system_launcher/system_launcher.egg-info/dependency_links.txt
[5.139s] writing entry points to ../../build/system_launcher/system_launcher.egg-info/entry_points.txt
[5.140s] writing requirements to ../../build/system_launcher/system_launcher.egg-info/requires.txt
[5.140s] writing top-level names to ../../build/system_launcher/system_launcher.egg-info/top_level.txt
[5.149s] reading manifest file '../../build/system_launcher/system_launcher.egg-info/SOURCES.txt'
[5.153s] writing manifest file '../../build/system_launcher/system_launcher.egg-info/SOURCES.txt'
[5.155s] running build
[5.156s] running build_py
[5.157s] running install
[5.158s] running install_lib
[5.163s] running install_data
[5.163s] copying launch/launch_all.py -> /home/foka/ros2_humble2/install/system_launcher/share/system_launcher/launch
[5.165s] running install_egg_info
[5.172s] removing '/home/foka/ros2_humble2/install/system_launcher/lib/python3.10/site-packages/system_launcher-0.0.0-py3.10.egg-info' (and everything under it)
[5.174s] Copying ../../build/system_launcher/system_launcher.egg-info to /home/foka/ros2_humble2/install/system_launcher/lib/python3.10/site-packages/system_launcher-0.0.0-py3.10.egg-info
[5.182s] running install_scripts
[5.290s] writing list of installed files to '/home/foka/ros2_humble2/build/system_launcher/install.log'
[5.442s] Invoked command in '/home/foka/ros2_humble2/src/system_launcher' returned '0': PYTHONPATH=/home/foka/ros2_humble2/build/system_launcher/prefix_override:/usr/lib/python3/dist-packages/colcon_core/task/python/colcon_distutils_commands:/home/foka/ros2_humble2/install/system_launcher/lib/python3.10/site-packages:${PYTHONPATH} /usr/bin/python3 -W ignore:setup.py install is deprecated -W ignore:easy_install command is deprecated setup.py egg_info --egg-base ../../build/system_launcher build --build-base /home/foka/ros2_humble2/build/system_launcher/build install --record /home/foka/ros2_humble2/build/system_launcher/install.log --single-version-externally-managed install_data
