[6.642s] Invoking command in '/home/foka/ros2_humble2/src/aggregator': PYTHONPATH=/home/foka/ros2_humble2/build/aggregator/prefix_override:/usr/lib/python3/dist-packages/colcon_core/task/python/colcon_distutils_commands:/home/foka/ros2_humble2/install/aggregator/lib/python3.10/site-packages:${PYTHONPATH} /usr/bin/python3 -W ignore:setup.py install is deprecated -W ignore:easy_install command is deprecated setup.py egg_info --egg-base ../../build/aggregator build --build-base /home/foka/ros2_humble2/build/aggregator/build install --record /home/foka/ros2_humble2/build/aggregator/install.log --single-version-externally-managed install_data
[8.160s] running egg_info
[8.166s] writing ../../build/aggregator/aggregator.egg-info/PKG-INFO
[8.170s] writing dependency_links to ../../build/aggregator/aggregator.egg-info/dependency_links.txt
[8.173s] writing entry points to ../../build/aggregator/aggregator.egg-info/entry_points.txt
[8.179s] writing requirements to ../../build/aggregator/aggregator.egg-info/requires.txt
[8.182s] writing top-level names to ../../build/aggregator/aggregator.egg-info/top_level.txt
[8.195s] reading manifest file '../../build/aggregator/aggregator.egg-info/SOURCES.txt'
[8.203s] writing manifest file '../../build/aggregator/aggregator.egg-info/SOURCES.txt'
[8.206s] running build
[8.208s] running build_py
[8.211s] copying aggregator/aggregator.py -> /home/foka/ros2_humble2/build/aggregator/build/lib/aggregator
[8.217s] running install
[8.222s] running install_lib
[8.227s] copying /home/foka/ros2_humble2/build/aggregator/build/lib/aggregator/aggregator.py -> /home/foka/ros2_humble2/install/aggregator/lib/python3.10/site-packages/aggregator
[8.235s] byte-compiling /home/foka/ros2_humble2/install/aggregator/lib/python3.10/site-packages/aggregator/aggregator.py to aggregator.cpython-310.pyc
[8.249s] running install_data
[8.250s] running install_egg_info
[8.275s] removing '/home/foka/ros2_humble2/install/aggregator/lib/python3.10/site-packages/aggregator-0.0.0-py3.10.egg-info' (and everything under it)
[8.281s] Copying ../../build/aggregator/aggregator.egg-info to /home/foka/ros2_humble2/install/aggregator/lib/python3.10/site-packages/aggregator-0.0.0-py3.10.egg-info
[8.294s] running install_scripts
[8.413s] Installing aggregator script to /home/foka/ros2_humble2/install/aggregator/lib/aggregator
[8.416s] writing list of installed files to '/home/foka/ros2_humble2/build/aggregator/install.log'
[8.632s] Invoked command in '/home/foka/ros2_humble2/src/aggregator' returned '0': PYTHONPATH=/home/foka/ros2_humble2/build/aggregator/prefix_override:/usr/lib/python3/dist-packages/colcon_core/task/python/colcon_distutils_commands:/home/foka/ros2_humble2/install/aggregator/lib/python3.10/site-packages:${PYTHONPATH} /usr/bin/python3 -W ignore:setup.py install is deprecated -W ignore:easy_install command is deprecated setup.py egg_info --egg-base ../../build/aggregator build --build-base /home/foka/ros2_humble2/build/aggregator/build install --record /home/foka/ros2_humble2/build/aggregator/install.log --single-version-externally-managed install_data
