[3.394s] Invoking command in '/home/foka/ros2_humble2/src/system_launcher': PYTHONPATH=/home/foka/ros2_humble2/build/system_launcher/prefix_override:/usr/lib/python3/dist-packages/colcon_core/task/python/colcon_distutils_commands:/home/foka/ros2_humble2/install/system_launcher/lib/python3.10/site-packages:${PYTHONPATH} /usr/bin/python3 -W ignore:setup.py install is deprecated -W ignore:easy_install command is deprecated setup.py egg_info --egg-base ../../build/system_launcher build --build-base /home/foka/ros2_humble2/build/system_launcher/build install --record /home/foka/ros2_humble2/build/system_launcher/install.log --single-version-externally-managed install_data
[4.642s] running egg_info
[4.643s] writing ../../build/system_launcher/system_launcher.egg-info/PKG-INFO
[4.644s] writing dependency_links to ../../build/system_launcher/system_launcher.egg-info/dependency_links.txt
[4.645s] writing entry points to ../../build/system_launcher/system_launcher.egg-info/entry_points.txt
[4.645s] writing requirements to ../../build/system_launcher/system_launcher.egg-info/requires.txt
[4.647s] writing top-level names to ../../build/system_launcher/system_launcher.egg-info/top_level.txt
[4.658s] reading manifest file '../../build/system_launcher/system_launcher.egg-info/SOURCES.txt'
[4.666s] writing manifest file '../../build/system_launcher/system_launcher.egg-info/SOURCES.txt'
[4.667s] running build
[4.667s] running build_py
[4.669s] copying system_launcher/launch_all.py -> /home/foka/ros2_humble2/build/system_launcher/build/lib/system_launcher
[4.670s] running install
[4.671s] running install_lib
[4.674s] copying /home/foka/ros2_humble2/build/system_launcher/build/lib/system_launcher/launch_all.py -> /home/foka/ros2_humble2/install/system_launcher/lib/python3.10/site-packages/system_launcher
[4.678s] byte-compiling /home/foka/ros2_humble2/install/system_launcher/lib/python3.10/site-packages/system_launcher/launch_all.py to launch_all.cpython-310.pyc
[4.680s] running install_data
[4.681s] running install_egg_info
[4.690s] removing '/home/foka/ros2_humble2/install/system_launcher/lib/python3.10/site-packages/system_launcher-0.0.0-py3.10.egg-info' (and everything under it)
[4.692s] Copying ../../build/system_launcher/system_launcher.egg-info to /home/foka/ros2_humble2/install/system_launcher/lib/python3.10/site-packages/system_launcher-0.0.0-py3.10.egg-info
[4.700s] running install_scripts
[4.798s] Installing launch_all script to /home/foka/ros2_humble2/install/system_launcher/lib/system_launcher
[4.800s] writing list of installed files to '/home/foka/ros2_humble2/build/system_launcher/install.log'
[4.925s] Invoked command in '/home/foka/ros2_humble2/src/system_launcher' returned '0': PYTHONPATH=/home/foka/ros2_humble2/build/system_launcher/prefix_override:/usr/lib/python3/dist-packages/colcon_core/task/python/colcon_distutils_commands:/home/foka/ros2_humble2/install/system_launcher/lib/python3.10/site-packages:${PYTHONPATH} /usr/bin/python3 -W ignore:setup.py install is deprecated -W ignore:easy_install command is deprecated setup.py egg_info --egg-base ../../build/system_launcher build --build-base /home/foka/ros2_humble2/build/system_launcher/build install --record /home/foka/ros2_humble2/build/system_launcher/install.log --single-version-externally-managed install_data
