running develop
Removing /home/foka/ros2_humble2/install/telemetry/lib/python3.10/site-packages/telemetry.egg-link (link to .)
running egg_info
writing ../../build/telemetry/telemetry.egg-info/PKG-INFO
writing dependency_links to ../../build/telemetry/telemetry.egg-info/dependency_links.txt
writing entry points to ../../build/telemetry/telemetry.egg-info/entry_points.txt
writing requirements to ../../build/telemetry/telemetry.egg-info/requires.txt
writing top-level names to ../../build/telemetry/telemetry.egg-info/top_level.txt
reading manifest file '../../build/telemetry/telemetry.egg-info/SOURCES.txt'
writing manifest file '../../build/telemetry/telemetry.egg-info/SOURCES.txt'
running build
running build_py
creating /home/foka/ros2_humble2/build/telemetry/build
creating /home/foka/ros2_humble2/build/telemetry/build/lib
creating /home/foka/ros2_humble2/build/telemetry/build/lib/telemetry
copying telemetry/loraSX1278_driver.py -> /home/foka/ros2_humble2/build/telemetry/build/lib/telemetry
copying telemetry/__init__.py -> /home/foka/ros2_humble2/build/telemetry/build/lib/telemetry
copying telemetry/telemetry.py -> /home/foka/ros2_humble2/build/telemetry/build/lib/telemetry
creating /home/foka/ros2_humble2/build/telemetry/build/lib/telemetry/LoRa_RaspberryPi
copying telemetry/LoRa_RaspberryPi/__init__.py -> /home/foka/ros2_humble2/build/telemetry/build/lib/telemetry/LoRa_RaspberryPi
copying telemetry/LoRa_RaspberryPi/test.py -> /home/foka/ros2_humble2/build/telemetry/build/lib/telemetry/LoRa_RaspberryPi
running install
running install_lib
creating /home/foka/ros2_humble2/install/telemetry/lib/python3.10/site-packages/telemetry
copying /home/foka/ros2_humble2/build/telemetry/build/lib/telemetry/loraSX1278_driver.py -> /home/foka/ros2_humble2/install/telemetry/lib/python3.10/site-packages/telemetry
copying /home/foka/ros2_humble2/build/telemetry/build/lib/telemetry/__init__.py -> /home/foka/ros2_humble2/install/telemetry/lib/python3.10/site-packages/telemetry
creating /home/foka/ros2_humble2/install/telemetry/lib/python3.10/site-packages/telemetry/LoRa_RaspberryPi
copying /home/foka/ros2_humble2/build/telemetry/build/lib/telemetry/LoRa_RaspberryPi/__init__.py -> /home/foka/ros2_humble2/install/telemetry/lib/python3.10/site-packages/telemetry/LoRa_RaspberryPi
copying /home/foka/ros2_humble2/build/telemetry/build/lib/telemetry/LoRa_RaspberryPi/test.py -> /home/foka/ros2_humble2/install/telemetry/lib/python3.10/site-packages/telemetry/LoRa_RaspberryPi
copying /home/foka/ros2_humble2/build/telemetry/build/lib/telemetry/telemetry.py -> /home/foka/ros2_humble2/install/telemetry/lib/python3.10/site-packages/telemetry
byte-compiling /home/foka/ros2_humble2/install/telemetry/lib/python3.10/site-packages/telemetry/loraSX1278_driver.py to loraSX1278_driver.cpython-310.pyc
byte-compiling /home/foka/ros2_humble2/install/telemetry/lib/python3.10/site-packages/telemetry/__init__.py to __init__.cpython-310.pyc
byte-compiling /home/foka/ros2_humble2/install/telemetry/lib/python3.10/site-packages/telemetry/LoRa_RaspberryPi/__init__.py to __init__.cpython-310.pyc
byte-compiling /home/foka/ros2_humble2/install/telemetry/lib/python3.10/site-packages/telemetry/LoRa_RaspberryPi/test.py to test.cpython-310.pyc
byte-compiling /home/foka/ros2_humble2/install/telemetry/lib/python3.10/site-packages/telemetry/telemetry.py to telemetry.cpython-310.pyc
running install_data
copying resource/telemetry -> /home/foka/ros2_humble2/install/telemetry/share/ament_index/resource_index/packages
copying package.xml -> /home/foka/ros2_humble2/install/telemetry/share/telemetry
creating /home/foka/ros2_humble2/install/telemetry/share/telemetry/LoRa_RaspberryPi
copying telemetry/LoRa_RaspberryPi/loralib.so -> /home/foka/ros2_humble2/install/telemetry/share/telemetry/LoRa_RaspberryPi
running install_egg_info
Copying ../../build/telemetry/telemetry.egg-info to /home/foka/ros2_humble2/install/telemetry/lib/python3.10/site-packages/telemetry-0.0.0-py3.10.egg-info
running install_scripts
Installing telemetry script to /home/foka/ros2_humble2/install/telemetry/lib/telemetry
writing list of installed files to '/home/foka/ros2_humble2/build/telemetry/install.log'
